[ 2018-11-15T15:15:27+08:00 ] 127.0.0.1 /index.php/Admin/Login/login
INFO: [ app_init ] --START--
INFO: Run Behavior\BuildLiteBehavior [ RunTime:0.000000s ]
INFO: [ app_init ] --END-- [ RunTime:0.002000s ]
INFO: [ app_begin ] --START--
INFO: Run Behavior\ReadHtmlCacheBehavior [ RunTime:0.001000s ]
INFO: [ app_begin ] --END-- [ RunTime:0.001000s ]
INFO: [ view_parse ] --START--
INFO: [ template_filter ] --START--
INFO: Run Behavior\ContentReplaceBehavior [ RunTime:0.000000s ]
INFO: [ template_filter ] --END-- [ RunTime:0.000000s ]
INFO: Run Behavior\ParseTemplateBehavior [ RunTime:0.017000s ]
INFO: [ view_parse ] --END-- [ RunTime:0.017000s ]
INFO: [ view_filter ] --START--
INFO: Run Behavior\WriteHtmlCacheBehavior [ RunTime:0.005000s ]
INFO: [ view_filter ] --END-- [ RunTime:0.005000s ]
INFO: [ app_end ] --START--
INFO: Run Behavior\ShowPageTraceBehavior [ RunTime:0.003000s ]
INFO: [ app_end ] --END-- [ RunTime:0.003000s ]

[ 2018-11-15T15:15:28+08:00 ] 127.0.0.1 /index.php/Admin/Login/verify.html
INFO: [ app_init ] --START--
INFO: Run Behavior\BuildLiteBehavior [ RunTime:0.000000s ]
INFO: [ app_init ] --END-- [ RunTime:0.001000s ]
INFO: [ app_begin ] --START--
INFO: Run Behavior\ReadHtmlCacheBehavior [ RunTime:0.003000s ]
INFO: [ app_begin ] --END-- [ RunTime:0.004000s ]
INFO: [ app_end ] --START--
INFO: Run Behavior\ShowPageTraceBehavior [ RunTime:0.006000s ]
INFO: [ app_end ] --END-- [ RunTime:0.006000s ]

[ 2018-11-15T15:15:45+08:00 ] 127.0.0.1 /index.php/Admin/Login/login
INFO: [ app_init ] --START--
INFO: Run Behavior\BuildLiteBehavior [ RunTime:0.000000s ]
INFO: [ app_init ] --END-- [ RunTime:0.000000s ]
INFO: [ app_begin ] --START--
INFO: Run Behavior\ReadHtmlCacheBehavior [ RunTime:0.001000s ]
INFO: [ app_begin ] --END-- [ RunTime:0.001000s ]
SQL: SHOW COLUMNS FROM `zn_admin` [ RunTime:0.0070s ]
SQL: SELECT * FROM `zn_admin` WHERE `aname` = 'admin' LIMIT 1   [ RunTime:0.0010s ]
SQL: UPDATE `zn_admin` SET `aip`='127.0.0.1' WHERE `aname` = 'admin' [ RunTime:0.0000s ]
SQL: SHOW COLUMNS FROM `zn_admin_config` [ RunTime:0.0090s ]
SQL: INSERT INTO `zn_admin_config` (`ac_name`,`ac_ip`,`ac_time`) VALUES ('admin','127.0.0.1','1542266145') [ RunTime:0.0000s ]
INFO: [ view_parse ] --START--
INFO: [ template_filter ] --START--
INFO: Run Behavior\ContentReplaceBehavior [ RunTime:0.000000s ]
INFO: [ template_filter ] --END-- [ RunTime:0.000000s ]
INFO: Run Behavior\ParseTemplateBehavior [ RunTime:0.009000s ]
INFO: [ view_parse ] --END-- [ RunTime:0.009000s ]
INFO: [ view_filter ] --START--
INFO: Run Behavior\WriteHtmlCacheBehavior [ RunTime:0.001000s ]
INFO: [ view_filter ] --END-- [ RunTime:0.001000s ]

[ 2018-11-15T15:15:46+08:00 ] 127.0.0.1 /index.php/Admin/Index/index/aid/1.html
INFO: [ app_init ] --START--
INFO: Run Behavior\BuildLiteBehavior [ RunTime:0.000000s ]
INFO: [ app_init ] --END-- [ RunTime:0.001000s ]
INFO: [ app_begin ] --START--
INFO: Run Behavior\ReadHtmlCacheBehavior [ RunTime:0.001000s ]
INFO: [ app_begin ] --END-- [ RunTime:0.001000s ]
SQL: SHOW COLUMNS FROM `zn_admin_config` [ RunTime:0.0110s ]
SQL: SELECT * FROM `zn_admin_config` ORDER BY ac_id desc LIMIT 1   [ RunTime:0.0000s ]
SQL: SHOW COLUMNS FROM `zn_admin` [ RunTime:0.0120s ]
SQL: SELECT * FROM `zn_admin` WHERE `aid` = 1 LIMIT 1   [ RunTime:0.0000s ]
INFO: [ view_parse ] --START--
INFO: [ template_filter ] --START--
INFO: Run Behavior\ContentReplaceBehavior [ RunTime:0.000000s ]
INFO: [ template_filter ] --END-- [ RunTime:0.000000s ]
INFO: Run Behavior\ParseTemplateBehavior [ RunTime:0.007000s ]
INFO: [ view_parse ] --END-- [ RunTime:0.007000s ]
INFO: [ view_filter ] --START--
INFO: Run Behavior\WriteHtmlCacheBehavior [ RunTime:0.001000s ]
INFO: [ view_filter ] --END-- [ RunTime:0.001000s ]
INFO: [ app_end ] --START--
INFO: Run Behavior\ShowPageTraceBehavior [ RunTime:0.001000s ]
INFO: [ app_end ] --END-- [ RunTime:0.001000s ]

[ 2018-11-15T15:15:51+08:00 ] 127.0.0.1 /index.php/Admin/Case/casewatch
INFO: [ app_init ] --START--
INFO: Run Behavior\BuildLiteBehavior [ RunTime:0.001000s ]
INFO: [ app_init ] --END-- [ RunTime:0.001000s ]
INFO: [ app_begin ] --START--
INFO: Run Behavior\ReadHtmlCacheBehavior [ RunTime:0.001000s ]
INFO: [ app_begin ] --END-- [ RunTime:0.001000s ]
SQL: SHOW COLUMNS FROM `zn_admin_config` [ RunTime:0.0060s ]
SQL: SELECT * FROM `zn_admin_config` ORDER BY ac_id desc LIMIT 1   [ RunTime:0.0010s ]
SQL: SHOW COLUMNS FROM `zn_case` [ RunTime:0.0120s ]
SQL: SELECT * FROM `zn_case` ORDER BY sort desc LIMIT 0,10   [ RunTime:0.0000s ]
SQL: SELECT * FROM `zn_case` ORDER BY sort desc  [ RunTime:0.0010s ]
INFO: [ view_parse ] --START--
INFO: [ template_filter ] --START--
INFO: Run Behavior\ContentReplaceBehavior [ RunTime:0.000000s ]
INFO: [ template_filter ] --END-- [ RunTime:0.000000s ]
INFO: Run Behavior\ParseTemplateBehavior [ RunTime:0.010000s ]
INFO: [ view_parse ] --END-- [ RunTime:0.010000s ]
INFO: [ view_filter ] --START--
INFO: Run Behavior\WriteHtmlCacheBehavior [ RunTime:0.001000s ]
INFO: [ view_filter ] --END-- [ RunTime:0.002000s ]
INFO: [ app_end ] --START--
INFO: Run Behavior\ShowPageTraceBehavior [ RunTime:0.001000s ]
INFO: [ app_end ] --END-- [ RunTime:0.001000s ]

[ 2018-11-15T15:15:56+08:00 ] 127.0.0.1 /index.php/Admin/Case/casewatch_add/p/
INFO: [ app_init ] --START--
INFO: Run Behavior\BuildLiteBehavior [ RunTime:0.000000s ]
INFO: [ app_init ] --END-- [ RunTime:0.001000s ]
INFO: [ app_begin ] --START--
INFO: Run Behavior\ReadHtmlCacheBehavior [ RunTime:0.001000s ]
INFO: [ app_begin ] --END-- [ RunTime:0.001000s ]
SQL: SHOW COLUMNS FROM `zn_admin_config` [ RunTime:0.0080s ]
SQL: SELECT * FROM `zn_admin_config` ORDER BY ac_id desc LIMIT 1   [ RunTime:0.0000s ]
INFO: [ view_parse ] --START--
INFO: [ template_filter ] --START--
INFO: Run Behavior\ContentReplaceBehavior [ RunTime:0.000000s ]
INFO: [ template_filter ] --END-- [ RunTime:0.000000s ]
INFO: Run Behavior\ParseTemplateBehavior [ RunTime:0.005000s ]
INFO: [ view_parse ] --END-- [ RunTime:0.005000s ]
INFO: [ view_filter ] --START--
INFO: Run Behavior\WriteHtmlCacheBehavior [ RunTime:0.001000s ]
INFO: [ view_filter ] --END-- [ RunTime:0.001000s ]
INFO: [ app_end ] --START--
INFO: Run Behavior\ShowPageTraceBehavior [ RunTime:0.001000s ]
INFO: [ app_end ] --END-- [ RunTime:0.001000s ]

[ 2018-11-15T15:54:15+08:00 ] 127.0.0.1 /index.php/Admin/Case/casewatch_add/p/
INFO: [ app_init ] --START--
INFO: Run Behavior\BuildLiteBehavior [ RunTime:0.000000s ]
INFO: [ app_init ] --END-- [ RunTime:0.001000s ]
INFO: [ app_begin ] --START--
INFO: Run Behavior\ReadHtmlCacheBehavior [ RunTime:0.001000s ]
INFO: [ app_begin ] --END-- [ RunTime:0.001000s ]
SQL: SHOW COLUMNS FROM `zn_admin_config` [ RunTime:0.0070s ]
SQL: SELECT * FROM `zn_admin_config` ORDER BY ac_id desc LIMIT 1   [ RunTime:0.0000s ]
SQL: SHOW COLUMNS FROM `zn_case` [ RunTime:0.0060s ]
SQL: INSERT INTO `zn_case` (`image`,`title`,`url`,`content`,`sort`) VALUES ('/Public/editor/attached/image/20181115/20181115075359_98041.png','高的的非官方','','','0') [ RunTime:0.0000s ]
INFO: [ view_parse ] --START--
INFO: [ template_filter ] --START--
INFO: Run Behavior\ContentReplaceBehavior [ RunTime:0.000000s ]
INFO: [ template_filter ] --END-- [ RunTime:0.000000s ]
INFO: Run Behavior\ParseTemplateBehavior [ RunTime:0.005000s ]
INFO: [ view_parse ] --END-- [ RunTime:0.006000s ]
INFO: [ view_filter ] --START--
INFO: Run Behavior\WriteHtmlCacheBehavior [ RunTime:0.000000s ]
INFO: [ view_filter ] --END-- [ RunTime:0.000000s ]

[ 2018-11-15T15:54:16+08:00 ] 127.0.0.1 /index.php/Admin/Case/casewatch.html
INFO: [ app_init ] --START--
INFO: Run Behavior\BuildLiteBehavior [ RunTime:0.000000s ]
INFO: [ app_init ] --END-- [ RunTime:0.001000s ]
INFO: [ app_begin ] --START--
INFO: Run Behavior\ReadHtmlCacheBehavior [ RunTime:0.000000s ]
INFO: [ app_begin ] --END-- [ RunTime:0.000000s ]
SQL: SHOW COLUMNS FROM `zn_admin_config` [ RunTime:0.0070s ]
SQL: SELECT * FROM `zn_admin_config` ORDER BY ac_id desc LIMIT 1   [ RunTime:0.0010s ]
SQL: SHOW COLUMNS FROM `zn_case` [ RunTime:0.0050s ]
SQL: SELECT * FROM `zn_case` ORDER BY sort desc LIMIT 0,10   [ RunTime:0.0000s ]
SQL: SELECT * FROM `zn_case` ORDER BY sort desc  [ RunTime:0.0000s ]
INFO: [ view_parse ] --START--
INFO: [ template_filter ] --START--
INFO: Run Behavior\ContentReplaceBehavior [ RunTime:0.001000s ]
INFO: [ template_filter ] --END-- [ RunTime:0.001000s ]
INFO: Run Behavior\ParseTemplateBehavior [ RunTime:0.008000s ]
INFO: [ view_parse ] --END-- [ RunTime:0.008000s ]
INFO: [ view_filter ] --START--
INFO: Run Behavior\WriteHtmlCacheBehavior [ RunTime:0.000000s ]
INFO: [ view_filter ] --END-- [ RunTime:0.000000s ]
INFO: [ app_end ] --START--
INFO: Run Behavior\ShowPageTraceBehavior [ RunTime:0.001000s ]
INFO: [ app_end ] --END-- [ RunTime:0.001000s ]

[ 2018-11-15T15:57:39+08:00 ] 127.0.0.1 /index.php/Admin/Index/background_image/p/1
INFO: [ app_init ] --START--
INFO: Run Behavior\BuildLiteBehavior [ RunTime:0.000000s ]
INFO: [ app_init ] --END-- [ RunTime:0.001000s ]
INFO: [ app_begin ] --START--
INFO: Run Behavior\ReadHtmlCacheBehavior [ RunTime:0.001000s ]
INFO: [ app_begin ] --END-- [ RunTime:0.001000s ]
SQL: SHOW COLUMNS FROM `zn_admin_config` [ RunTime:0.0090s ]
SQL: SELECT * FROM `zn_admin_config` ORDER BY ac_id desc LIMIT 1   [ RunTime:0.0000s ]
SQL: SHOW COLUMNS FROM `zn_background_image` [ RunTime:0.0060s ]
SQL: SELECT * FROM `zn_background_image` ORDER BY bi_sort desc LIMIT 0,10   [ RunTime:0.0000s ]
SQL: SHOW COLUMNS FROM `zn_nav` [ RunTime:0.0120s ]
SQL: SELECT * FROM `zn_nav` WHERE `nav_id` = 1 LIMIT 1   [ RunTime:0.0010s ]
SQL: SELECT * FROM `zn_nav` WHERE `nav_id` = 2 LIMIT 1   [ RunTime:0.0000s ]
SQL: SELECT * FROM `zn_nav` WHERE `nav_id` = 7 LIMIT 1   [ RunTime:0.0010s ]
SQL: SELECT * FROM `zn_nav` WHERE `nav_id` = 2 LIMIT 1   [ RunTime:0.0000s ]
SQL: SELECT * FROM `zn_nav` WHERE `nav_id` = 4 LIMIT 1   [ RunTime:0.0000s ]
SQL: SELECT * FROM `zn_nav` WHERE `nav_id` = 8 LIMIT 1   [ RunTime:0.0010s ]
SQL: SELECT * FROM `zn_nav` WHERE `nav_id` = 5 LIMIT 1   [ RunTime:0.0000s ]
SQL: SELECT * FROM `zn_nav` WHERE `nav_id` = 3 LIMIT 1   [ RunTime:0.0010s ]
SQL: SELECT * FROM `zn_nav` WHERE `nav_id` = 10 LIMIT 1   [ RunTime:0.0000s ]
SQL: SELECT * FROM `zn_nav` WHERE `nav_id` = 10 LIMIT 1   [ RunTime:0.0010s ]
SQL: SELECT * FROM `zn_background_image` ORDER BY bi_sort desc  [ RunTime:0.0000s ]
INFO: [ view_parse ] --START--
INFO: [ template_filter ] --START--
INFO: Run Behavior\ContentReplaceBehavior [ RunTime:0.000000s ]
INFO: [ template_filter ] --END-- [ RunTime:0.000000s ]
INFO: Run Behavior\ParseTemplateBehavior [ RunTime:0.009000s ]
INFO: [ view_parse ] --END-- [ RunTime:0.009000s ]
INFO: [ view_filter ] --START--
INFO: Run Behavior\WriteHtmlCacheBehavior [ RunTime:0.000000s ]
INFO: [ view_filter ] --END-- [ RunTime:0.000000s ]
INFO: [ app_end ] --START--
INFO: Run Behavior\ShowPageTraceBehavior [ RunTime:0.001000s ]
INFO: [ app_end ] --END-- [ RunTime:0.001000s ]

[ 2018-11-15T15:57:44+08:00 ] 127.0.0.1 /index.php/Admin/Index/background_image/p/1
INFO: [ app_init ] --START--
INFO: Run Behavior\BuildLiteBehavior [ RunTime:0.000000s ]
INFO: [ app_init ] --END-- [ RunTime:0.001000s ]
INFO: [ app_begin ] --START--
INFO: Run Behavior\ReadHtmlCacheBehavior [ RunTime:0.000000s ]
INFO: [ app_begin ] --END-- [ RunTime:0.000000s ]
SQL: SHOW COLUMNS FROM `zn_admin_config` [ RunTime:0.0080s ]
SQL: SELECT * FROM `zn_admin_config` ORDER BY ac_id desc LIMIT 1   [ RunTime:0.0000s ]
SQL: SHOW COLUMNS FROM `zn_background_image` [ RunTime:0.0070s ]
SQL: SELECT * FROM `zn_background_image` ORDER BY bi_sort desc LIMIT 0,10   [ RunTime:0.0000s ]
SQL: SHOW COLUMNS FROM `zn_nav` [ RunTime:0.0060s ]
SQL: SELECT * FROM `zn_nav` WHERE `nav_id` = 1 LIMIT 1   [ RunTime:0.0000s ]
SQL: SELECT * FROM `zn_nav` WHERE `nav_id` = 2 LIMIT 1   [ RunTime:0.0010s ]
SQL: SELECT * FROM `zn_nav` WHERE `nav_id` = 7 LIMIT 1   [ RunTime:0.0000s ]
SQL: SELECT * FROM `zn_nav` WHERE `nav_id` = 2 LIMIT 1   [ RunTime:0.0010s ]
SQL: SELECT * FROM `zn_nav` WHERE `nav_id` = 4 LIMIT 1   [ RunTime:0.0000s ]
SQL: SELECT * FROM `zn_nav` WHERE `nav_id` = 8 LIMIT 1   [ RunTime:0.0010s ]
SQL: SELECT * FROM `zn_nav` WHERE `nav_id` = 5 LIMIT 1   [ RunTime:0.0000s ]
SQL: SELECT * FROM `zn_nav` WHERE `nav_id` = 3 LIMIT 1   [ RunTime:0.0000s ]
SQL: SELECT * FROM `zn_nav` WHERE `nav_id` = 10 LIMIT 1   [ RunTime:0.0000s ]
SQL: SELECT * FROM `zn_nav` WHERE `nav_id` = 10 LIMIT 1   [ RunTime:0.0000s ]
SQL: SELECT * FROM `zn_background_image` ORDER BY bi_sort desc  [ RunTime:0.0010s ]
INFO: [ view_parse ] --START--
INFO: [ template_filter ] --START--
INFO: Run Behavior\ContentReplaceBehavior [ RunTime:0.000000s ]
INFO: [ template_filter ] --END-- [ RunTime:0.000000s ]
INFO: Run Behavior\ParseTemplateBehavior [ RunTime:0.010000s ]
INFO: [ view_parse ] --END-- [ RunTime:0.010000s ]
INFO: [ view_filter ] --START--
INFO: Run Behavior\WriteHtmlCacheBehavior [ RunTime:0.000000s ]
INFO: [ view_filter ] --END-- [ RunTime:0.000000s ]
INFO: [ app_end ] --START--
INFO: Run Behavior\ShowPageTraceBehavior [ RunTime:0.001000s ]
INFO: [ app_end ] --END-- [ RunTime:0.002000s ]

[ 2018-11-15T15:57:45+08:00 ] 127.0.0.1 /index.php/Admin/Index/background_image/p/1
INFO: [ app_init ] --START--
INFO: Run Behavior\BuildLiteBehavior [ RunTime:0.000000s ]
INFO: [ app_init ] --END-- [ RunTime:0.001000s ]
INFO: [ app_begin ] --START--
INFO: Run Behavior\ReadHtmlCacheBehavior [ RunTime:0.001000s ]
INFO: [ app_begin ] --END-- [ RunTime:0.001000s ]
SQL: SHOW COLUMNS FROM `zn_admin_config` [ RunTime:0.0070s ]
SQL: SELECT * FROM `zn_admin_config` ORDER BY ac_id desc LIMIT 1   [ RunTime:0.0010s ]
SQL: SHOW COLUMNS FROM `zn_background_image` [ RunTime:0.0190s ]
SQL: SELECT * FROM `zn_background_image` ORDER BY bi_sort desc LIMIT 0,10   [ RunTime:0.0060s ]
SQL: SHOW COLUMNS FROM `zn_nav` [ RunTime:0.0120s ]
SQL: SELECT * FROM `zn_nav` WHERE `nav_id` = 1 LIMIT 1   [ RunTime:0.0000s ]
SQL: SELECT * FROM `zn_nav` WHERE `nav_id` = 2 LIMIT 1   [ RunTime:0.0010s ]
SQL: SELECT * FROM `zn_nav` WHERE `nav_id` = 7 LIMIT 1   [ RunTime:0.0010s ]
SQL: SELECT * FROM `zn_nav` WHERE `nav_id` = 2 LIMIT 1   [ RunTime:0.0010s ]
SQL: SELECT * FROM `zn_nav` WHERE `nav_id` = 4 LIMIT 1   [ RunTime:0.0000s ]
SQL: SELECT * FROM `zn_nav` WHERE `nav_id` = 8 LIMIT 1   [ RunTime:0.0000s ]
SQL: SELECT * FROM `zn_nav` WHERE `nav_id` = 5 LIMIT 1   [ RunTime:0.0000s ]
SQL: SELECT * FROM `zn_nav` WHERE `nav_id` = 3 LIMIT 1   [ RunTime:0.0010s ]
SQL: SELECT * FROM `zn_nav` WHERE `nav_id` = 10 LIMIT 1   [ RunTime:0.0000s ]
SQL: SELECT * FROM `zn_nav` WHERE `nav_id` = 10 LIMIT 1   [ RunTime:0.0000s ]
SQL: SELECT * FROM `zn_background_image` ORDER BY bi_sort desc  [ RunTime:0.0000s ]
INFO: [ view_parse ] --START--
INFO: [ template_filter ] --START--
INFO: Run Behavior\ContentReplaceBehavior [ RunTime:0.000000s ]
INFO: [ template_filter ] --END-- [ RunTime:0.000000s ]
INFO: Run Behavior\ParseTemplateBehavior [ RunTime:0.006000s ]
INFO: [ view_parse ] --END-- [ RunTime:0.006000s ]
INFO: [ view_filter ] --START--
INFO: Run Behavior\WriteHtmlCacheBehavior [ RunTime:0.000000s ]
INFO: [ view_filter ] --END-- [ RunTime:0.001000s ]
INFO: [ app_end ] --START--
INFO: Run Behavior\ShowPageTraceBehavior [ RunTime:0.000000s ]
INFO: [ app_end ] --END-- [ RunTime:0.000000s ]

[ 2018-11-15T15:57:46+08:00 ] 127.0.0.1 /index.php/Admin/Index/background_image/p/1
INFO: [ app_init ] --START--
INFO: Run Behavior\BuildLiteBehavior [ RunTime:0.000000s ]
INFO: [ app_init ] --END-- [ RunTime:0.001000s ]
INFO: [ app_begin ] --START--
INFO: Run Behavior\ReadHtmlCacheBehavior [ RunTime:0.001000s ]
INFO: [ app_begin ] --END-- [ RunTime:0.001000s ]
SQL: SHOW COLUMNS FROM `zn_admin_config` [ RunTime:0.0060s ]
SQL: SELECT * FROM `zn_admin_config` ORDER BY ac_id desc LIMIT 1   [ RunTime:0.0000s ]
SQL: SHOW COLUMNS FROM `zn_background_image` [ RunTime:0.0100s ]
SQL: SELECT * FROM `zn_background_image` ORDER BY bi_sort desc LIMIT 0,10   [ RunTime:0.0000s ]
SQL: SHOW COLUMNS FROM `zn_nav` [ RunTime:0.0080s ]
SQL: SELECT * FROM `zn_nav` WHERE `nav_id` = 1 LIMIT 1   [ RunTime:0.0030s ]
SQL: SELECT * FROM `zn_nav` WHERE `nav_id` = 2 LIMIT 1   [ RunTime:0.0020s ]
SQL: SELECT * FROM `zn_nav` WHERE `nav_id` = 7 LIMIT 1   [ RunTime:0.0000s ]
SQL: SELECT * FROM `zn_nav` WHERE `nav_id` = 2 LIMIT 1   [ RunTime:0.0010s ]
SQL: SELECT * FROM `zn_nav` WHERE `nav_id` = 4 LIMIT 1   [ RunTime:0.0000s ]
SQL: SELECT * FROM `zn_nav` WHERE `nav_id` = 8 LIMIT 1   [ RunTime:0.0000s ]
SQL: SELECT * FROM `zn_nav` WHERE `nav_id` = 5 LIMIT 1   [ RunTime:0.0010s ]
SQL: SELECT * FROM `zn_nav` WHERE `nav_id` = 3 LIMIT 1   [ RunTime:0.0000s ]
SQL: SELECT * FROM `zn_nav` WHERE `nav_id` = 10 LIMIT 1   [ RunTime:0.0000s ]
SQL: SELECT * FROM `zn_nav` WHERE `nav_id` = 10 LIMIT 1   [ RunTime:0.0000s ]
SQL: SELECT * FROM `zn_background_image` ORDER BY bi_sort desc  [ RunTime:0.0010s ]
INFO: [ view_parse ] --START--
INFO: [ template_filter ] --START--
INFO: Run Behavior\ContentReplaceBehavior [ RunTime:0.000000s ]
INFO: [ template_filter ] --END-- [ RunTime:0.000000s ]
INFO: Run Behavior\ParseTemplateBehavior [ RunTime:0.009000s ]
INFO: [ view_parse ] --END-- [ RunTime:0.009000s ]
INFO: [ view_filter ] --START--
INFO: Run Behavior\WriteHtmlCacheBehavior [ RunTime:0.001000s ]
INFO: [ view_filter ] --END-- [ RunTime:0.001000s ]
INFO: [ app_end ] --START--
INFO: Run Behavior\ShowPageTraceBehavior [ RunTime:0.004000s ]
INFO: [ app_end ] --END-- [ RunTime:0.005000s ]

[ 2018-11-15T15:57:48+08:00 ] 127.0.0.1 /index.php/Admin/Index/background_image/p/2
INFO: [ app_init ] --START--
INFO: Run Behavior\BuildLiteBehavior [ RunTime:0.000000s ]
INFO: [ app_init ] --END-- [ RunTime:0.001000s ]
INFO: [ app_begin ] --START--
INFO: Run Behavior\ReadHtmlCacheBehavior [ RunTime:0.001000s ]
INFO: [ app_begin ] --END-- [ RunTime:0.001000s ]
SQL: SHOW COLUMNS FROM `zn_admin_config` [ RunTime:0.0050s ]
SQL: SELECT * FROM `zn_admin_config` ORDER BY ac_id desc LIMIT 1   [ RunTime:0.0000s ]
SQL: SHOW COLUMNS FROM `zn_background_image` [ RunTime:0.0090s ]
SQL: SELECT * FROM `zn_background_image` ORDER BY bi_sort desc LIMIT 10,10   [ RunTime:0.0010s ]
SQL: SHOW COLUMNS FROM `zn_nav` [ RunTime:0.0060s ]
SQL: SELECT * FROM `zn_nav` WHERE `nav_id` = 10 LIMIT 1   [ RunTime:0.0000s ]
SQL: SELECT * FROM `zn_background_image` ORDER BY bi_sort desc  [ RunTime:0.0000s ]
INFO: [ view_parse ] --START--
INFO: [ template_filter ] --START--
INFO: Run Behavior\ContentReplaceBehavior [ RunTime:0.000000s ]
INFO: [ template_filter ] --END-- [ RunTime:0.001000s ]
INFO: Run Behavior\ParseTemplateBehavior [ RunTime:0.008000s ]
INFO: [ view_parse ] --END-- [ RunTime:0.008000s ]
INFO: [ view_filter ] --START--
INFO: Run Behavior\WriteHtmlCacheBehavior [ RunTime:0.001000s ]
INFO: [ view_filter ] --END-- [ RunTime:0.002000s ]
INFO: [ app_end ] --START--
INFO: Run Behavior\ShowPageTraceBehavior [ RunTime:0.001000s ]
INFO: [ app_end ] --END-- [ RunTime:0.001000s ]

[ 2018-11-15T15:57:52+08:00 ] 127.0.0.1 /index.php/Admin/Index/background_image/p/1
INFO: [ app_init ] --START--
INFO: Run Behavior\BuildLiteBehavior [ RunTime:0.000000s ]
INFO: [ app_init ] --END-- [ RunTime:0.002000s ]
INFO: [ app_begin ] --START--
INFO: Run Behavior\ReadHtmlCacheBehavior [ RunTime:0.001000s ]
INFO: [ app_begin ] --END-- [ RunTime:0.001000s ]
SQL: SHOW COLUMNS FROM `zn_admin_config` [ RunTime:0.0050s ]
SQL: SELECT * FROM `zn_admin_config` ORDER BY ac_id desc LIMIT 1   [ RunTime:0.0010s ]
SQL: SHOW COLUMNS FROM `zn_background_image` [ RunTime:0.0070s ]
SQL: SELECT * FROM `zn_background_image` ORDER BY bi_sort desc LIMIT 0,10   [ RunTime:0.0010s ]
SQL: SHOW COLUMNS FROM `zn_nav` [ RunTime:0.0050s ]
SQL: SELECT * FROM `zn_nav` WHERE `nav_id` = 1 LIMIT 1   [ RunTime:0.0000s ]
SQL: SELECT * FROM `zn_nav` WHERE `nav_id` = 2 LIMIT 1   [ RunTime:0.0000s ]
SQL: SELECT * FROM `zn_nav` WHERE `nav_id` = 7 LIMIT 1   [ RunTime:0.0000s ]
SQL: SELECT * FROM `zn_nav` WHERE `nav_id` = 2 LIMIT 1   [ RunTime:0.0000s ]
SQL: SELECT * FROM `zn_nav` WHERE `nav_id` = 4 LIMIT 1   [ RunTime:0.0010s ]
SQL: SELECT * FROM `zn_nav` WHERE `nav_id` = 8 LIMIT 1   [ RunTime:0.0000s ]
SQL: SELECT * FROM `zn_nav` WHERE `nav_id` = 5 LIMIT 1   [ RunTime:0.0000s ]
SQL: SELECT * FROM `zn_nav` WHERE `nav_id` = 3 LIMIT 1   [ RunTime:0.0000s ]
SQL: SELECT * FROM `zn_nav` WHERE `nav_id` = 10 LIMIT 1   [ RunTime:0.0000s ]
SQL: SELECT * FROM `zn_nav` WHERE `nav_id` = 10 LIMIT 1   [ RunTime:0.0010s ]
SQL: SELECT * FROM `zn_background_image` ORDER BY bi_sort desc  [ RunTime:0.0000s ]
INFO: [ view_parse ] --START--
INFO: [ template_filter ] --START--
INFO: Run Behavior\ContentReplaceBehavior [ RunTime:0.000000s ]
INFO: [ template_filter ] --END-- [ RunTime:0.000000s ]
INFO: Run Behavior\ParseTemplateBehavior [ RunTime:0.007000s ]
INFO: [ view_parse ] --END-- [ RunTime:0.007000s ]
INFO: [ view_filter ] --START--
INFO: Run Behavior\WriteHtmlCacheBehavior [ RunTime:0.001000s ]
INFO: [ view_filter ] --END-- [ RunTime:0.001000s ]
INFO: [ app_end ] --START--
INFO: Run Behavior\ShowPageTraceBehavior [ RunTime:0.001000s ]
INFO: [ app_end ] --END-- [ RunTime:0.001000s ]

[ 2018-11-15T15:57:54+08:00 ] 127.0.0.1 /index.php/Admin/Index/background_image/p/1
INFO: [ app_init ] --START--
INFO: Run Behavior\BuildLiteBehavior [ RunTime:0.000000s ]
INFO: [ app_init ] --END-- [ RunTime:0.000000s ]
INFO: [ app_begin ] --START--
INFO: Run Behavior\ReadHtmlCacheBehavior [ RunTime:0.001000s ]
INFO: [ app_begin ] --END-- [ RunTime:0.001000s ]
SQL: SHOW COLUMNS FROM `zn_admin_config` [ RunTime:0.0060s ]
SQL: SELECT * FROM `zn_admin_config` ORDER BY ac_id desc LIMIT 1   [ RunTime:0.0010s ]
SQL: SHOW COLUMNS FROM `zn_background_image` [ RunTime:0.0050s ]
SQL: SELECT * FROM `zn_background_image` ORDER BY bi_sort desc LIMIT 0,10   [ RunTime:0.0010s ]
SQL: SHOW COLUMNS FROM `zn_nav` [ RunTime:0.0090s ]
SQL: SELECT * FROM `zn_nav` WHERE `nav_id` = 1 LIMIT 1   [ RunTime:0.0000s ]
SQL: SELECT * FROM `zn_nav` WHERE `nav_id` = 2 LIMIT 1   [ RunTime:0.0010s ]
SQL: SELECT * FROM `zn_nav` WHERE `nav_id` = 7 LIMIT 1   [ RunTime:0.0000s ]
SQL: SELECT * FROM `zn_nav` WHERE `nav_id` = 2 LIMIT 1   [ RunTime:0.0000s ]
SQL: SELECT * FROM `zn_nav` WHERE `nav_id` = 4 LIMIT 1   [ RunTime:0.0000s ]
SQL: SELECT * FROM `zn_nav` WHERE `nav_id` = 8 LIMIT 1   [ RunTime:0.0000s ]
SQL: SELECT * FROM `zn_nav` WHERE `nav_id` = 5 LIMIT 1   [ RunTime:0.0010s ]
SQL: SELECT * FROM `zn_nav` WHERE `nav_id` = 3 LIMIT 1   [ RunTime:0.0000s ]
SQL: SELECT * FROM `zn_nav` WHERE `nav_id` = 10 LIMIT 1   [ RunTime:0.0000s ]
SQL: SELECT * FROM `zn_nav` WHERE `nav_id` = 10 LIMIT 1   [ RunTime:0.0000s ]
SQL: SELECT * FROM `zn_background_image` ORDER BY bi_sort desc  [ RunTime:0.0000s ]
INFO: [ view_parse ] --START--
INFO: [ template_filter ] --START--
INFO: Run Behavior\ContentReplaceBehavior [ RunTime:0.000000s ]
INFO: [ template_filter ] --END-- [ RunTime:0.000000s ]
INFO: Run Behavior\ParseTemplateBehavior [ RunTime:0.008000s ]
INFO: [ view_parse ] --END-- [ RunTime:0.008000s ]
INFO: [ view_filter ] --START--
INFO: Run Behavior\WriteHtmlCacheBehavior [ RunTime:0.001000s ]
INFO: [ view_filter ] --END-- [ RunTime:0.001000s ]
INFO: [ app_end ] --START--
INFO: Run Behavior\ShowPageTraceBehavior [ RunTime:0.001000s ]
INFO: [ app_end ] --END-- [ RunTime:0.001000s ]

[ 2018-11-15T15:57:55+08:00 ] 127.0.0.1 /index.php/Admin/Index/background_image/p/1
INFO: [ app_init ] --START--
INFO: Run Behavior\BuildLiteBehavior [ RunTime:0.000000s ]
INFO: [ app_init ] --END-- [ RunTime:0.001000s ]
INFO: [ app_begin ] --START--
INFO: Run Behavior\ReadHtmlCacheBehavior [ RunTime:0.001000s ]
INFO: [ app_begin ] --END-- [ RunTime:0.001000s ]
SQL: SHOW COLUMNS FROM `zn_admin_config` [ RunTime:0.0060s ]
SQL: SELECT * FROM `zn_admin_config` ORDER BY ac_id desc LIMIT 1   [ RunTime:0.0010s ]
SQL: SHOW COLUMNS FROM `zn_background_image` [ RunTime:0.0060s ]
SQL: SELECT * FROM `zn_background_image` ORDER BY bi_sort desc LIMIT 0,10   [ RunTime:0.0000s ]
SQL: SHOW COLUMNS FROM `zn_nav` [ RunTime:0.0080s ]
SQL: SELECT * FROM `zn_nav` WHERE `nav_id` = 1 LIMIT 1   [ RunTime:0.0020s ]
SQL: SELECT * FROM `zn_nav` WHERE `nav_id` = 2 LIMIT 1   [ RunTime:0.0010s ]
SQL: SELECT * FROM `zn_nav` WHERE `nav_id` = 7 LIMIT 1   [ RunTime:0.0000s ]
SQL: SELECT * FROM `zn_nav` WHERE `nav_id` = 2 LIMIT 1   [ RunTime:0.0010s ]
SQL: SELECT * FROM `zn_nav` WHERE `nav_id` = 4 LIMIT 1   [ RunTime:0.0000s ]
SQL: SELECT * FROM `zn_nav` WHERE `nav_id` = 8 LIMIT 1   [ RunTime:0.0010s ]
SQL: SELECT * FROM `zn_nav` WHERE `nav_id` = 5 LIMIT 1   [ RunTime:0.0000s ]
SQL: SELECT * FROM `zn_nav` WHERE `nav_id` = 3 LIMIT 1   [ RunTime:0.0010s ]
SQL: SELECT * FROM `zn_nav` WHERE `nav_id` = 10 LIMIT 1   [ RunTime:0.0010s ]
SQL: SELECT * FROM `zn_nav` WHERE `nav_id` = 10 LIMIT 1   [ RunTime:0.0010s ]
SQL: SELECT * FROM `zn_background_image` ORDER BY bi_sort desc  [ RunTime:0.0010s ]
INFO: [ view_parse ] --START--
INFO: [ template_filter ] --START--
INFO: Run Behavior\ContentReplaceBehavior [ RunTime:0.000000s ]
INFO: [ template_filter ] --END-- [ RunTime:0.000000s ]
INFO: Run Behavior\ParseTemplateBehavior [ RunTime:0.007000s ]
INFO: [ view_parse ] --END-- [ RunTime:0.007000s ]
INFO: [ view_filter ] --START--
INFO: Run Behavior\WriteHtmlCacheBehavior [ RunTime:0.000000s ]
INFO: [ view_filter ] --END-- [ RunTime:0.000000s ]
INFO: [ app_end ] --START--
INFO: Run Behavior\ShowPageTraceBehavior [ RunTime:0.001000s ]
INFO: [ app_end ] --END-- [ RunTime:0.001000s ]

[ 2018-11-15T15:58:07+08:00 ] 127.0.0.1 /index.php/Admin/Index/background_image/p/2
INFO: [ app_init ] --START--
INFO: Run Behavior\BuildLiteBehavior [ RunTime:0.000000s ]
INFO: [ app_init ] --END-- [ RunTime:0.001000s ]
INFO: [ app_begin ] --START--
INFO: Run Behavior\ReadHtmlCacheBehavior [ RunTime:0.001000s ]
INFO: [ app_begin ] --END-- [ RunTime:0.001000s ]
SQL: SHOW COLUMNS FROM `zn_admin_config` [ RunTime:0.0080s ]
SQL: SELECT * FROM `zn_admin_config` ORDER BY ac_id desc LIMIT 1   [ RunTime:0.0010s ]
SQL: SHOW COLUMNS FROM `zn_background_image` [ RunTime:0.0080s ]
SQL: SELECT * FROM `zn_background_image` ORDER BY bi_sort desc LIMIT 10,10   [ RunTime:0.0010s ]
SQL: SHOW COLUMNS FROM `zn_nav` [ RunTime:0.0080s ]
SQL: SELECT * FROM `zn_nav` WHERE `nav_id` = 10 LIMIT 1   [ RunTime:0.0010s ]
SQL: SELECT * FROM `zn_background_image` ORDER BY bi_sort desc  [ RunTime:0.0000s ]
INFO: [ view_parse ] --START--
INFO: [ template_filter ] --START--
INFO: Run Behavior\ContentReplaceBehavior [ RunTime:0.000000s ]
INFO: [ template_filter ] --END-- [ RunTime:0.000000s ]
INFO: Run Behavior\ParseTemplateBehavior [ RunTime:0.007000s ]
INFO: [ view_parse ] --END-- [ RunTime:0.007000s ]
INFO: [ view_filter ] --START--
INFO: Run Behavior\WriteHtmlCacheBehavior [ RunTime:0.001000s ]
INFO: [ view_filter ] --END-- [ RunTime:0.001000s ]
INFO: [ app_end ] --START--
INFO: Run Behavior\ShowPageTraceBehavior [ RunTime:0.000000s ]
INFO: [ app_end ] --END-- [ RunTime:0.000000s ]

[ 2018-11-15T15:58:09+08:00 ] 127.0.0.1 /index.php/Admin/Index/background_image/p/2
INFO: [ app_init ] --START--
INFO: Run Behavior\BuildLiteBehavior [ RunTime:0.000000s ]
INFO: [ app_init ] --END-- [ RunTime:0.001000s ]
INFO: [ app_begin ] --START--
INFO: Run Behavior\ReadHtmlCacheBehavior [ RunTime:0.001000s ]
INFO: [ app_begin ] --END-- [ RunTime:0.001000s ]
SQL: SHOW COLUMNS FROM `zn_admin_config` [ RunTime:0.0070s ]
SQL: SELECT * FROM `zn_admin_config` ORDER BY ac_id desc LIMIT 1   [ RunTime:0.0000s ]
SQL: SHOW COLUMNS FROM `zn_background_image` [ RunTime:0.0060s ]
SQL: SELECT * FROM `zn_background_image` ORDER BY bi_sort desc LIMIT 10,10   [ RunTime:0.0000s ]
SQL: SHOW COLUMNS FROM `zn_nav` [ RunTime:0.0090s ]
SQL: SELECT * FROM `zn_nav` WHERE `nav_id` = 10 LIMIT 1   [ RunTime:0.0000s ]
SQL: SELECT * FROM `zn_background_image` ORDER BY bi_sort desc  [ RunTime:0.0010s ]
INFO: [ view_parse ] --START--
INFO: [ template_filter ] --START--
INFO: Run Behavior\ContentReplaceBehavior [ RunTime:0.000000s ]
INFO: [ template_filter ] --END-- [ RunTime:0.000000s ]
INFO: Run Behavior\ParseTemplateBehavior [ RunTime:0.007000s ]
INFO: [ view_parse ] --END-- [ RunTime:0.007000s ]
INFO: [ view_filter ] --START--
INFO: Run Behavior\WriteHtmlCacheBehavior [ RunTime:0.001000s ]
INFO: [ view_filter ] --END-- [ RunTime:0.001000s ]
INFO: [ app_end ] --START--
INFO: Run Behavior\ShowPageTraceBehavior [ RunTime:0.000000s ]
INFO: [ app_end ] --END-- [ RunTime:0.000000s ]

[ 2018-11-15T16:47:06+08:00 ] 127.0.0.1 /index.php/Admin/Case/casewatch_add/p/
INFO: [ app_init ] --START--
INFO: Run Behavior\BuildLiteBehavior [ RunTime:0.000000s ]
INFO: [ app_init ] --END-- [ RunTime:0.000000s ]
INFO: [ app_begin ] --START--
INFO: Run Behavior\ReadHtmlCacheBehavior [ RunTime:0.001000s ]
INFO: [ app_begin ] --END-- [ RunTime:0.001000s ]
SQL: SHOW COLUMNS FROM `zn_admin_config` [ RunTime:0.0090s ]
SQL: SELECT * FROM `zn_admin_config` ORDER BY ac_id desc LIMIT 1   [ RunTime:0.0000s ]
INFO: [ view_parse ] --START--
INFO: [ template_filter ] --START--
INFO: Run Behavior\ContentReplaceBehavior [ RunTime:0.000000s ]
INFO: [ template_filter ] --END-- [ RunTime:0.000000s ]
INFO: Run Behavior\ParseTemplateBehavior [ RunTime:0.010000s ]
INFO: [ view_parse ] --END-- [ RunTime:0.010000s ]
INFO: [ view_filter ] --START--
INFO: Run Behavior\WriteHtmlCacheBehavior [ RunTime:0.004000s ]
INFO: [ view_filter ] --END-- [ RunTime:0.004000s ]
INFO: [ app_end ] --START--
INFO: Run Behavior\ShowPageTraceBehavior [ RunTime:0.002000s ]
INFO: [ app_end ] --END-- [ RunTime:0.002000s ]

[ 2018-11-15T17:10:26+08:00 ] 127.0.0.1 /index.php/Admin/Case/casewatch_add/p/
INFO: [ app_init ] --START--
INFO: Run Behavior\BuildLiteBehavior [ RunTime:0.000000s ]
INFO: [ app_init ] --END-- [ RunTime:0.000000s ]
INFO: [ app_begin ] --START--
INFO: Run Behavior\ReadHtmlCacheBehavior [ RunTime:0.001000s ]
INFO: [ app_begin ] --END-- [ RunTime:0.001000s ]
SQL: SHOW COLUMNS FROM `zn_admin_config` [ RunTime:0.0070s ]
SQL: SELECT * FROM `zn_admin_config` ORDER BY ac_id desc LIMIT 1   [ RunTime:0.0000s ]
SQL: SHOW COLUMNS FROM `zn_case` [ RunTime:0.0060s ]
SQL: INSERT INTO `zn_case` (`image`,`title`,`url`,`content`,`sort`) VALUES ('/Public/editor/attached/image/20181115/20181115091018_27037.png','nbfjdbfkdjfdjkgvfokvg','','','0') [ RunTime:0.0000s ]
INFO: [ view_parse ] --START--
INFO: [ template_filter ] --START--
INFO: Run Behavior\ContentReplaceBehavior [ RunTime:0.000000s ]
INFO: [ template_filter ] --END-- [ RunTime:0.000000s ]
INFO: Run Behavior\ParseTemplateBehavior [ RunTime:0.015000s ]
INFO: [ view_parse ] --END-- [ RunTime:0.015000s ]
INFO: [ view_filter ] --START--
INFO: Run Behavior\WriteHtmlCacheBehavior [ RunTime:0.000000s ]
INFO: [ view_filter ] --END-- [ RunTime:0.000000s ]

[ 2018-11-15T17:10:27+08:00 ] 127.0.0.1 /index.php/Admin/Case/casewatch.html
INFO: [ app_init ] --START--
INFO: Run Behavior\BuildLiteBehavior [ RunTime:0.000000s ]
INFO: [ app_init ] --END-- [ RunTime:0.000000s ]
INFO: [ app_begin ] --START--
INFO: Run Behavior\ReadHtmlCacheBehavior [ RunTime:0.001000s ]
INFO: [ app_begin ] --END-- [ RunTime:0.001000s ]
SQL: SHOW COLUMNS FROM `zn_admin_config` [ RunTime:0.0070s ]
SQL: SELECT * FROM `zn_admin_config` ORDER BY ac_id desc LIMIT 1   [ RunTime:0.0000s ]
SQL: SHOW COLUMNS FROM `zn_case` [ RunTime:0.0080s ]
SQL: SELECT * FROM `zn_case` ORDER BY sort desc LIMIT 0,10   [ RunTime:0.0000s ]
SQL: SELECT * FROM `zn_case` ORDER BY sort desc  [ RunTime:0.0010s ]
INFO: [ view_parse ] --START--
INFO: [ template_filter ] --START--
INFO: Run Behavior\ContentReplaceBehavior [ RunTime:0.000000s ]
INFO: [ template_filter ] --END-- [ RunTime:0.000000s ]
INFO: Run Behavior\ParseTemplateBehavior [ RunTime:0.008000s ]
INFO: [ view_parse ] --END-- [ RunTime:0.008000s ]
INFO: [ view_filter ] --START--
INFO: Run Behavior\WriteHtmlCacheBehavior [ RunTime:0.001000s ]
INFO: [ view_filter ] --END-- [ RunTime:0.001000s ]
INFO: [ app_end ] --START--
INFO: Run Behavior\ShowPageTraceBehavior [ RunTime:0.000000s ]
INFO: [ app_end ] --END-- [ RunTime:0.000000s ]

[ 2018-11-15T17:10:37+08:00 ] 127.0.0.1 /index.php/Admin/Case/casewatch_update/id/1/p/
INFO: [ app_init ] --START--
INFO: Run Behavior\BuildLiteBehavior [ RunTime:0.000000s ]
INFO: [ app_init ] --END-- [ RunTime:0.001000s ]
INFO: [ app_begin ] --START--
INFO: Run Behavior\ReadHtmlCacheBehavior [ RunTime:0.001000s ]
INFO: [ app_begin ] --END-- [ RunTime:0.001000s ]
SQL: SHOW COLUMNS FROM `zn_admin_config` [ RunTime:0.0070s ]
SQL: SELECT * FROM `zn_admin_config` ORDER BY ac_id desc LIMIT 1   [ RunTime:0.0010s ]
SQL: SHOW COLUMNS FROM `zn_case` [ RunTime:0.0150s ]
SQL: SELECT * FROM `zn_case` WHERE `id` = 1 LIMIT 1   [ RunTime:0.0020s ]
INFO: [ view_parse ] --START--
INFO: [ template_filter ] --START--
INFO: Run Behavior\ContentReplaceBehavior [ RunTime:0.000000s ]
INFO: [ template_filter ] --END-- [ RunTime:0.000000s ]
INFO: Run Behavior\ParseTemplateBehavior [ RunTime:0.030000s ]
INFO: [ view_parse ] --END-- [ RunTime:0.031000s ]
INFO: [ view_filter ] --START--
INFO: Run Behavior\WriteHtmlCacheBehavior [ RunTime:0.001000s ]
INFO: [ view_filter ] --END-- [ RunTime:0.001000s ]
INFO: [ app_end ] --START--
INFO: Run Behavior\ShowPageTraceBehavior [ RunTime:0.001000s ]
INFO: [ app_end ] --END-- [ RunTime:0.001000s ]

[ 2018-11-15T17:10:50+08:00 ] 127.0.0.1 /index.php/Admin/Case/casewatch_update/id/1/p/
INFO: [ app_init ] --START--
INFO: Run Behavior\BuildLiteBehavior [ RunTime:0.000000s ]
INFO: [ app_init ] --END-- [ RunTime:0.000000s ]
INFO: [ app_begin ] --START--
INFO: Run Behavior\ReadHtmlCacheBehavior [ RunTime:0.000000s ]
INFO: [ app_begin ] --END-- [ RunTime:0.000000s ]
SQL: SHOW COLUMNS FROM `zn_admin_config` [ RunTime:0.0070s ]
SQL: SELECT * FROM `zn_admin_config` ORDER BY ac_id desc LIMIT 1   [ RunTime:0.0000s ]
SQL: SHOW COLUMNS FROM `zn_case` [ RunTime:0.0060s ]
SQL: UPDATE `zn_case` SET `image`='/Public/editor/attached/image/20181115/20181115091049_27449.png',`title`='我是公认的',`url`='',`content`='任务HETARJYM',`sort`='0' WHERE `id` = 1 [ RunTime:0.0170s ]
INFO: [ view_parse ] --START--
INFO: [ template_filter ] --START--
INFO: Run Behavior\ContentReplaceBehavior [ RunTime:0.000000s ]
INFO: [ template_filter ] --END-- [ RunTime:0.000000s ]
INFO: Run Behavior\ParseTemplateBehavior [ RunTime:0.012000s ]
INFO: [ view_parse ] --END-- [ RunTime:0.012000s ]
INFO: [ view_filter ] --START--
INFO: Run Behavior\WriteHtmlCacheBehavior [ RunTime:0.001000s ]
INFO: [ view_filter ] --END-- [ RunTime:0.001000s ]

[ 2018-11-15T17:10:51+08:00 ] 127.0.0.1 /index.php/Admin/Case/casewatch.html
INFO: [ app_init ] --START--
INFO: Run Behavior\BuildLiteBehavior [ RunTime:0.000000s ]
INFO: [ app_init ] --END-- [ RunTime:0.001000s ]
INFO: [ app_begin ] --START--
INFO: Run Behavior\ReadHtmlCacheBehavior [ RunTime:0.001000s ]
INFO: [ app_begin ] --END-- [ RunTime:0.001000s ]
SQL: SHOW COLUMNS FROM `zn_admin_config` [ RunTime:0.0140s ]
SQL: SELECT * FROM `zn_admin_config` ORDER BY ac_id desc LIMIT 1   [ RunTime:0.0010s ]
SQL: SHOW COLUMNS FROM `zn_case` [ RunTime:0.0120s ]
SQL: SELECT * FROM `zn_case` ORDER BY sort desc LIMIT 0,10   [ RunTime:0.0000s ]
SQL: SELECT * FROM `zn_case` ORDER BY sort desc  [ RunTime:0.0010s ]
INFO: [ view_parse ] --START--
INFO: [ template_filter ] --START--
INFO: Run Behavior\ContentReplaceBehavior [ RunTime:0.000000s ]
INFO: [ template_filter ] --END-- [ RunTime:0.000000s ]
INFO: Run Behavior\ParseTemplateBehavior [ RunTime:0.010000s ]
INFO: [ view_parse ] --END-- [ RunTime:0.010000s ]
INFO: [ view_filter ] --START--
INFO: Run Behavior\WriteHtmlCacheBehavior [ RunTime:0.000000s ]
INFO: [ view_filter ] --END-- [ RunTime:0.000000s ]
INFO: [ app_end ] --START--
INFO: Run Behavior\ShowPageTraceBehavior [ RunTime:0.001000s ]
INFO: [ app_end ] --END-- [ RunTime:0.001000s ]

[ 2018-11-15T17:10:53+08:00 ] 127.0.0.1 /index.php/Admin/Case/casewatch_update/id/2/p/
INFO: [ app_init ] --START--
INFO: Run Behavior\BuildLiteBehavior [ RunTime:0.000000s ]
INFO: [ app_init ] --END-- [ RunTime:0.001000s ]
INFO: [ app_begin ] --START--
INFO: Run Behavior\ReadHtmlCacheBehavior [ RunTime:0.001000s ]
INFO: [ app_begin ] --END-- [ RunTime:0.001000s ]
SQL: SHOW COLUMNS FROM `zn_admin_config` [ RunTime:0.0080s ]
SQL: SELECT * FROM `zn_admin_config` ORDER BY ac_id desc LIMIT 1   [ RunTime:0.0050s ]
SQL: SHOW COLUMNS FROM `zn_case` [ RunTime:0.0080s ]
SQL: SELECT * FROM `zn_case` WHERE `id` = 2 LIMIT 1   [ RunTime:0.0010s ]
INFO: [ view_parse ] --START--
INFO: [ template_filter ] --START--
INFO: Run Behavior\ContentReplaceBehavior [ RunTime:0.000000s ]
INFO: [ template_filter ] --END-- [ RunTime:0.000000s ]
INFO: Run Behavior\ParseTemplateBehavior [ RunTime:0.012000s ]
INFO: [ view_parse ] --END-- [ RunTime:0.012000s ]
INFO: [ view_filter ] --START--
INFO: Run Behavior\WriteHtmlCacheBehavior [ RunTime:0.001000s ]
INFO: [ view_filter ] --END-- [ RunTime:0.001000s ]
INFO: [ app_end ] --START--
INFO: Run Behavior\ShowPageTraceBehavior [ RunTime:0.001000s ]
INFO: [ app_end ] --END-- [ RunTime:0.001000s ]

[ 2018-11-15T17:11:06+08:00 ] 127.0.0.1 /index.php/Admin/Case/casewatch_update/id/2/p/
INFO: [ app_init ] --START--
INFO: Run Behavior\BuildLiteBehavior [ RunTime:0.000000s ]
INFO: [ app_init ] --END-- [ RunTime:0.000000s ]
INFO: [ app_begin ] --START--
INFO: Run Behavior\ReadHtmlCacheBehavior [ RunTime:0.001000s ]
INFO: [ app_begin ] --END-- [ RunTime:0.001000s ]
SQL: SHOW COLUMNS FROM `zn_admin_config` [ RunTime:0.0080s ]
SQL: SELECT * FROM `zn_admin_config` ORDER BY ac_id desc LIMIT 1   [ RunTime:0.0000s ]
SQL: SHOW COLUMNS FROM `zn_case` [ RunTime:0.0090s ]
SQL: UPDATE `zn_case` SET `image`='/Public/editor/attached/image/20181115/20181115091104_25625.png',`title`='高的的非官方',`url`='',`content`='',`sort`='0' WHERE `id` = 2 [ RunTime:0.0000s ]
INFO: [ view_parse ] --START--
INFO: [ template_filter ] --START--
INFO: Run Behavior\ContentReplaceBehavior [ RunTime:0.000000s ]
INFO: [ template_filter ] --END-- [ RunTime:0.000000s ]
INFO: Run Behavior\ParseTemplateBehavior [ RunTime:0.006000s ]
INFO: [ view_parse ] --END-- [ RunTime:0.006000s ]
INFO: [ view_filter ] --START--
INFO: Run Behavior\WriteHtmlCacheBehavior [ RunTime:0.001000s ]
INFO: [ view_filter ] --END-- [ RunTime:0.001000s ]

[ 2018-11-15T17:11:07+08:00 ] 127.0.0.1 /index.php/Admin/Case/casewatch.html
INFO: [ app_init ] --START--
INFO: Run Behavior\BuildLiteBehavior [ RunTime:0.000000s ]
INFO: [ app_init ] --END-- [ RunTime:0.001000s ]
INFO: [ app_begin ] --START--
INFO: Run Behavior\ReadHtmlCacheBehavior [ RunTime:0.001000s ]
INFO: [ app_begin ] --END-- [ RunTime:0.001000s ]
SQL: SHOW COLUMNS FROM `zn_admin_config` [ RunTime:0.0090s ]
SQL: SELECT * FROM `zn_admin_config` ORDER BY ac_id desc LIMIT 1   [ RunTime:0.0000s ]
SQL: SHOW COLUMNS FROM `zn_case` [ RunTime:0.0100s ]
SQL: SELECT * FROM `zn_case` ORDER BY sort desc LIMIT 0,10   [ RunTime:0.0000s ]
SQL: SELECT * FROM `zn_case` ORDER BY sort desc  [ RunTime:0.0010s ]
INFO: [ view_parse ] --START--
INFO: [ template_filter ] --START--
INFO: Run Behavior\ContentReplaceBehavior [ RunTime:0.000000s ]
INFO: [ template_filter ] --END-- [ RunTime:0.000000s ]
INFO: Run Behavior\ParseTemplateBehavior [ RunTime:0.011000s ]
INFO: [ view_parse ] --END-- [ RunTime:0.011000s ]
INFO: [ view_filter ] --START--
INFO: Run Behavior\WriteHtmlCacheBehavior [ RunTime:0.000000s ]
INFO: [ view_filter ] --END-- [ RunTime:0.000000s ]
INFO: [ app_end ] --START--
INFO: Run Behavior\ShowPageTraceBehavior [ RunTime:0.002000s ]
INFO: [ app_end ] --END-- [ RunTime:0.002000s ]

