[ 2018-11-09T09:15:14+08:00 ] 127.0.0.1 /index.php/Admin/Login/login.html
INFO: [ app_init ] --START--
INFO: Run Behavior\BuildLiteBehavior [ RunTime:0.000010s ]
INFO: [ app_init ] --END-- [ RunTime:0.001057s ]
INFO: [ app_begin ] --START--
INFO: Run Behavior\ReadHtmlCacheBehavior [ RunTime:0.000359s ]
INFO: [ app_begin ] --END-- [ RunTime:0.000395s ]
INFO: [ view_parse ] --START--
INFO: [ template_filter ] --START--
INFO: Run Behavior\ContentReplaceBehavior [ RunTime:0.000041s ]
INFO: [ template_filter ] --END-- [ RunTime:0.000088s ]
INFO: Run Behavior\ParseTemplateBehavior [ RunTime:0.077944s ]
INFO: [ view_parse ] --END-- [ RunTime:0.077989s ]
INFO: [ view_filter ] --START--
INFO: Run Behavior\WriteHtmlCacheBehavior [ RunTime:0.000238s ]
INFO: [ view_filter ] --END-- [ RunTime:0.000270s ]
INFO: [ app_end ] --START--
INFO: Run Behavior\ShowPageTraceBehavior [ RunTime:0.000421s ]
INFO: [ app_end ] --END-- [ RunTime:0.000466s ]

[ 2018-11-09T09:15:15+08:00 ] 127.0.0.1 /index.php/Admin/Login/verify.html
INFO: [ app_init ] --START--
INFO: Run Behavior\BuildLiteBehavior [ RunTime:0.000009s ]
INFO: [ app_init ] --END-- [ RunTime:0.000289s ]
INFO: [ app_begin ] --START--
INFO: Run Behavior\ReadHtmlCacheBehavior [ RunTime:0.000396s ]
INFO: [ app_begin ] --END-- [ RunTime:0.000436s ]
INFO: [ app_end ] --START--
INFO: Run Behavior\ShowPageTraceBehavior [ RunTime:0.000611s ]
INFO: [ app_end ] --END-- [ RunTime:0.000685s ]

[ 2018-11-09T09:15:34+08:00 ] 127.0.0.1 /index.php/Admin/Login/login.html
INFO: [ app_init ] --START--
INFO: Run Behavior\BuildLiteBehavior [ RunTime:0.000019s ]
INFO: [ app_init ] --END-- [ RunTime:0.000970s ]
INFO: [ app_begin ] --START--
INFO: Run Behavior\ReadHtmlCacheBehavior [ RunTime:0.000811s ]
INFO: [ app_begin ] --END-- [ RunTime:0.000887s ]
SQL: SHOW COLUMNS FROM `zn_admin` [ RunTime:0.0427s ]
SQL: SELECT * FROM `zn_admin` WHERE `aname` = 'admin' LIMIT 1   [ RunTime:0.0112s ]
SQL: UPDATE `zn_admin` SET `aip`='127.0.0.1' WHERE `aname` = 'admin' [ RunTime:0.0082s ]
SQL: SHOW COLUMNS FROM `zn_admin_config` [ RunTime:0.0374s ]
SQL: INSERT INTO `zn_admin_config` (`ac_name`,`ac_ip`,`ac_time`) VALUES ('admin','127.0.0.1','1541726134') [ RunTime:0.0277s ]
INFO: [ view_parse ] --START--
INFO: [ template_filter ] --START--
INFO: Run Behavior\ContentReplaceBehavior [ RunTime:0.000033s ]
INFO: [ template_filter ] --END-- [ RunTime:0.000076s ]
INFO: Run Behavior\ParseTemplateBehavior [ RunTime:0.024856s ]
INFO: [ view_parse ] --END-- [ RunTime:0.024900s ]
INFO: [ view_filter ] --START--
INFO: Run Behavior\WriteHtmlCacheBehavior [ RunTime:0.000321s ]
INFO: [ view_filter ] --END-- [ RunTime:0.000357s ]

[ 2018-11-09T09:15:35+08:00 ] 127.0.0.1 /index.php/Admin/Index/index/aid/1.html
INFO: [ app_init ] --START--
INFO: Run Behavior\BuildLiteBehavior [ RunTime:0.000010s ]
INFO: [ app_init ] --END-- [ RunTime:0.000294s ]
INFO: [ app_begin ] --START--
INFO: Run Behavior\ReadHtmlCacheBehavior [ RunTime:0.000368s ]
INFO: [ app_begin ] --END-- [ RunTime:0.000404s ]
SQL: SHOW COLUMNS FROM `zn_admin_config` [ RunTime:0.0051s ]
SQL: SELECT * FROM `zn_admin_config` ORDER BY ac_id desc LIMIT 1   [ RunTime:0.0014s ]
SQL: SHOW COLUMNS FROM `zn_admin` [ RunTime:0.0054s ]
SQL: SELECT * FROM `zn_admin` WHERE `aid` = 1 LIMIT 1   [ RunTime:0.0033s ]
INFO: [ view_parse ] --START--
INFO: [ template_filter ] --START--
INFO: Run Behavior\ContentReplaceBehavior [ RunTime:0.000048s ]
INFO: [ template_filter ] --END-- [ RunTime:0.000084s ]
INFO: Run Behavior\ParseTemplateBehavior [ RunTime:0.028858s ]
INFO: [ view_parse ] --END-- [ RunTime:0.028927s ]
INFO: [ view_filter ] --START--
INFO: Run Behavior\WriteHtmlCacheBehavior [ RunTime:0.000223s ]
INFO: [ view_filter ] --END-- [ RunTime:0.000253s ]
INFO: [ app_end ] --START--
INFO: Run Behavior\ShowPageTraceBehavior [ RunTime:0.000476s ]
INFO: [ app_end ] --END-- [ RunTime:0.000504s ]

[ 2018-11-09T09:16:04+08:00 ] 127.0.0.1 /index.php/Admin/Index/lunbo
INFO: [ app_init ] --START--
INFO: Run Behavior\BuildLiteBehavior [ RunTime:0.000013s ]
INFO: [ app_init ] --END-- [ RunTime:0.000424s ]
INFO: [ app_begin ] --START--
INFO: Run Behavior\ReadHtmlCacheBehavior [ RunTime:0.000725s ]
INFO: [ app_begin ] --END-- [ RunTime:0.000809s ]
SQL: SHOW COLUMNS FROM `zn_admin_config` [ RunTime:0.0067s ]
SQL: SELECT * FROM `zn_admin_config` ORDER BY ac_id desc LIMIT 1   [ RunTime:0.0010s ]
SQL: SHOW COLUMNS FROM `zn_lunbo` [ RunTime:0.0064s ]
SQL: SELECT * FROM `zn_lunbo` ORDER BY lb_sort desc LIMIT 0,9   [ RunTime:0.0009s ]
SQL: SHOW COLUMNS FROM `zn_nav` [ RunTime:0.0050s ]
SQL: SELECT * FROM `zn_nav` WHERE `nav_id` = 1 LIMIT 1   [ RunTime:0.0009s ]
SQL: SELECT * FROM `zn_nav` WHERE `nav_id` = 2 LIMIT 1   [ RunTime:0.0007s ]
SQL: SELECT * FROM `zn_lunbo` ORDER BY lb_sort desc  [ RunTime:0.0007s ]
INFO: [ view_parse ] --START--
INFO: [ template_filter ] --START--
INFO: Run Behavior\ContentReplaceBehavior [ RunTime:0.000051s ]
INFO: [ template_filter ] --END-- [ RunTime:0.000091s ]
INFO: Run Behavior\ParseTemplateBehavior [ RunTime:0.048172s ]
INFO: [ view_parse ] --END-- [ RunTime:0.048250s ]
INFO: [ view_filter ] --START--
INFO: Run Behavior\WriteHtmlCacheBehavior [ RunTime:0.000356s ]
INFO: [ view_filter ] --END-- [ RunTime:0.000411s ]
INFO: [ app_end ] --START--
INFO: Run Behavior\ShowPageTraceBehavior [ RunTime:0.000530s ]
INFO: [ app_end ] --END-- [ RunTime:0.000568s ]

[ 2018-11-09T09:16:13+08:00 ] 127.0.0.1 /index.php/Admin/Index/lunbo
INFO: [ app_init ] --START--
INFO: Run Behavior\BuildLiteBehavior [ RunTime:0.000010s ]
INFO: [ app_init ] --END-- [ RunTime:0.000295s ]
INFO: [ app_begin ] --START--
INFO: Run Behavior\ReadHtmlCacheBehavior [ RunTime:0.000390s ]
INFO: [ app_begin ] --END-- [ RunTime:0.000438s ]
SQL: SHOW COLUMNS FROM `zn_admin_config` [ RunTime:0.0138s ]
SQL: SELECT * FROM `zn_admin_config` ORDER BY ac_id desc LIMIT 1   [ RunTime:0.0010s ]
SQL: SHOW COLUMNS FROM `zn_lunbo` [ RunTime:0.0060s ]
SQL: SELECT * FROM `zn_lunbo` ORDER BY lb_sort desc LIMIT 0,9   [ RunTime:0.0010s ]
SQL: SHOW COLUMNS FROM `zn_nav` [ RunTime:0.0049s ]
SQL: SELECT * FROM `zn_nav` WHERE `nav_id` = 1 LIMIT 1   [ RunTime:0.0010s ]
SQL: SELECT * FROM `zn_nav` WHERE `nav_id` = 2 LIMIT 1   [ RunTime:0.0007s ]
SQL: SELECT * FROM `zn_lunbo` ORDER BY lb_sort desc  [ RunTime:0.0007s ]
INFO: [ view_parse ] --START--
INFO: [ template_filter ] --START--
INFO: Run Behavior\ContentReplaceBehavior [ RunTime:0.000069s ]
INFO: [ template_filter ] --END-- [ RunTime:0.000136s ]
INFO: Run Behavior\ParseTemplateBehavior [ RunTime:0.006751s ]
INFO: [ view_parse ] --END-- [ RunTime:0.006814s ]
INFO: [ view_filter ] --START--
INFO: Run Behavior\WriteHtmlCacheBehavior [ RunTime:0.000334s ]
INFO: [ view_filter ] --END-- [ RunTime:0.000377s ]
INFO: [ app_end ] --START--
INFO: Run Behavior\ShowPageTraceBehavior [ RunTime:0.000489s ]
INFO: [ app_end ] --END-- [ RunTime:0.000532s ]

[ 2018-11-09T11:39:37+08:00 ] 127.0.0.1 /index.php/Admin/Index/nav
INFO: [ app_init ] --START--
INFO: Run Behavior\BuildLiteBehavior [ RunTime:0.000011s ]
INFO: [ app_init ] --END-- [ RunTime:0.000375s ]
INFO: [ app_begin ] --START--
INFO: Run Behavior\ReadHtmlCacheBehavior [ RunTime:0.000452s ]
INFO: [ app_begin ] --END-- [ RunTime:0.000494s ]
INFO: [ view_parse ] --START--
INFO: [ template_filter ] --START--
INFO: Run Behavior\ContentReplaceBehavior [ RunTime:0.000043s ]
INFO: [ template_filter ] --END-- [ RunTime:0.000104s ]
INFO: Run Behavior\ParseTemplateBehavior [ RunTime:0.005642s ]
INFO: [ view_parse ] --END-- [ RunTime:0.005725s ]
INFO: [ view_filter ] --START--
INFO: Run Behavior\WriteHtmlCacheBehavior [ RunTime:0.000462s ]
INFO: [ view_filter ] --END-- [ RunTime:0.000519s ]

[ 2018-11-09T11:39:42+08:00 ] 127.0.0.1 /index.php/Admin/Login/loginout
INFO: [ app_init ] --START--
INFO: Run Behavior\BuildLiteBehavior [ RunTime:0.000010s ]
INFO: [ app_init ] --END-- [ RunTime:0.000366s ]
INFO: [ app_begin ] --START--
INFO: Run Behavior\ReadHtmlCacheBehavior [ RunTime:0.000537s ]
INFO: [ app_begin ] --END-- [ RunTime:0.000597s ]
INFO: [ view_parse ] --START--
INFO: [ template_filter ] --START--
INFO: Run Behavior\ContentReplaceBehavior [ RunTime:0.000095s ]
INFO: [ template_filter ] --END-- [ RunTime:0.000238s ]
INFO: Run Behavior\ParseTemplateBehavior [ RunTime:0.007112s ]
INFO: [ view_parse ] --END-- [ RunTime:0.007202s ]
INFO: [ view_filter ] --START--
INFO: Run Behavior\WriteHtmlCacheBehavior [ RunTime:0.000360s ]
INFO: [ view_filter ] --END-- [ RunTime:0.000405s ]

[ 2018-11-09T11:39:46+08:00 ] 127.0.0.1 /index.php/Admin/Login/login.html
INFO: [ app_init ] --START--
INFO: Run Behavior\BuildLiteBehavior [ RunTime:0.000011s ]
INFO: [ app_init ] --END-- [ RunTime:0.000348s ]
INFO: [ app_begin ] --START--
INFO: Run Behavior\ReadHtmlCacheBehavior [ RunTime:0.000451s ]
INFO: [ app_begin ] --END-- [ RunTime:0.000494s ]
INFO: [ view_parse ] --START--
INFO: [ template_filter ] --START--
INFO: Run Behavior\ContentReplaceBehavior [ RunTime:0.000037s ]
INFO: [ template_filter ] --END-- [ RunTime:0.000076s ]
INFO: Run Behavior\ParseTemplateBehavior [ RunTime:0.004395s ]
INFO: [ view_parse ] --END-- [ RunTime:0.004437s ]
INFO: [ view_filter ] --START--
INFO: Run Behavior\WriteHtmlCacheBehavior [ RunTime:0.000210s ]
INFO: [ view_filter ] --END-- [ RunTime:0.000237s ]
INFO: [ app_end ] --START--
INFO: Run Behavior\ShowPageTraceBehavior [ RunTime:0.000428s ]
INFO: [ app_end ] --END-- [ RunTime:0.000460s ]

[ 2018-11-09T11:39:46+08:00 ] 127.0.0.1 /index.php/Admin/Login/verify.html
INFO: [ app_init ] --START--
INFO: Run Behavior\BuildLiteBehavior [ RunTime:0.000011s ]
INFO: [ app_init ] --END-- [ RunTime:0.000363s ]
INFO: [ app_begin ] --START--
INFO: Run Behavior\ReadHtmlCacheBehavior [ RunTime:0.000378s ]
INFO: [ app_begin ] --END-- [ RunTime:0.000420s ]
INFO: [ app_end ] --START--
INFO: Run Behavior\ShowPageTraceBehavior [ RunTime:0.001152s ]
INFO: [ app_end ] --END-- [ RunTime:0.001305s ]

[ 2018-11-09T11:40:21+08:00 ] 127.0.0.1 /index.php/Admin/Login/login.html
INFO: [ app_init ] --START--
INFO: Run Behavior\BuildLiteBehavior [ RunTime:0.000010s ]
INFO: [ app_init ] --END-- [ RunTime:0.000435s ]
INFO: [ app_begin ] --START--
INFO: Run Behavior\ReadHtmlCacheBehavior [ RunTime:0.000443s ]
INFO: [ app_begin ] --END-- [ RunTime:0.000484s ]
SQL: SHOW COLUMNS FROM `zn_admin` [ RunTime:0.0187s ]
SQL: SELECT * FROM `zn_admin` WHERE `aname` = 'admin' LIMIT 1   [ RunTime:0.0012s ]
SQL: UPDATE `zn_admin` SET `aip`='127.0.0.1' WHERE `aname` = 'admin' [ RunTime:0.0008s ]
SQL: SHOW COLUMNS FROM `zn_admin_config` [ RunTime:0.0098s ]
SQL: INSERT INTO `zn_admin_config` (`ac_name`,`ac_ip`,`ac_time`) VALUES ('admin','127.0.0.1','1541734821') [ RunTime:0.0010s ]
INFO: [ view_parse ] --START--
INFO: [ template_filter ] --START--
INFO: Run Behavior\ContentReplaceBehavior [ RunTime:0.000047s ]
INFO: [ template_filter ] --END-- [ RunTime:0.000100s ]
INFO: Run Behavior\ParseTemplateBehavior [ RunTime:0.013173s ]
INFO: [ view_parse ] --END-- [ RunTime:0.013213s ]
INFO: [ view_filter ] --START--
INFO: Run Behavior\WriteHtmlCacheBehavior [ RunTime:0.000259s ]
INFO: [ view_filter ] --END-- [ RunTime:0.000285s ]

[ 2018-11-09T11:40:22+08:00 ] 127.0.0.1 /index.php/Admin/Index/index/aid/1.html
INFO: [ app_init ] --START--
INFO: Run Behavior\BuildLiteBehavior [ RunTime:0.000011s ]
INFO: [ app_init ] --END-- [ RunTime:0.000320s ]
INFO: [ app_begin ] --START--
INFO: Run Behavior\ReadHtmlCacheBehavior [ RunTime:0.000390s ]
INFO: [ app_begin ] --END-- [ RunTime:0.000426s ]
SQL: SHOW COLUMNS FROM `zn_admin_config` [ RunTime:0.0135s ]
SQL: SELECT * FROM `zn_admin_config` ORDER BY ac_id desc LIMIT 1   [ RunTime:0.0009s ]
SQL: SHOW COLUMNS FROM `zn_admin` [ RunTime:0.0068s ]
SQL: SELECT * FROM `zn_admin` WHERE `aid` = 1 LIMIT 1   [ RunTime:0.0010s ]
INFO: [ view_parse ] --START--
INFO: [ template_filter ] --START--
INFO: Run Behavior\ContentReplaceBehavior [ RunTime:0.000054s ]
INFO: [ template_filter ] --END-- [ RunTime:0.000098s ]
INFO: Run Behavior\ParseTemplateBehavior [ RunTime:0.011757s ]
INFO: [ view_parse ] --END-- [ RunTime:0.011817s ]
INFO: [ view_filter ] --START--
INFO: Run Behavior\WriteHtmlCacheBehavior [ RunTime:0.000209s ]
INFO: [ view_filter ] --END-- [ RunTime:0.000236s ]
INFO: [ app_end ] --START--
INFO: Run Behavior\ShowPageTraceBehavior [ RunTime:0.000530s ]
INFO: [ app_end ] --END-- [ RunTime:0.000569s ]

[ 2018-11-09T11:40:27+08:00 ] 127.0.0.1 /index.php/Admin/Index/nav
INFO: [ app_init ] --START--
INFO: Run Behavior\BuildLiteBehavior [ RunTime:0.000034s ]
INFO: [ app_init ] --END-- [ RunTime:0.001293s ]
INFO: [ app_begin ] --START--
INFO: Run Behavior\ReadHtmlCacheBehavior [ RunTime:0.000458s ]
INFO: [ app_begin ] --END-- [ RunTime:0.000505s ]
SQL: SHOW COLUMNS FROM `zn_admin_config` [ RunTime:0.0137s ]
SQL: SELECT * FROM `zn_admin_config` ORDER BY ac_id desc LIMIT 1   [ RunTime:0.0010s ]
SQL: SHOW COLUMNS FROM `zn_nav` [ RunTime:0.0078s ]
SQL: SELECT * FROM `zn_nav` WHERE `nav_fid` = 0 LIMIT 0,8   [ RunTime:0.0009s ]
SQL: SELECT * FROM `zn_nav` WHERE `nav_fid` = 1  [ RunTime:0.0007s ]
SQL: SELECT * FROM `zn_nav` WHERE `nav_fid` = 2  [ RunTime:0.0014s ]
SQL: SELECT * FROM `zn_nav` WHERE `nav_fid` = 3  [ RunTime:0.0019s ]
SQL: SELECT * FROM `zn_nav` WHERE `nav_fid` = 4  [ RunTime:0.0008s ]
SQL: SELECT * FROM `zn_nav` WHERE `nav_fid` = 5  [ RunTime:0.0007s ]
SQL: SELECT * FROM `zn_nav` WHERE `nav_fid` = 6  [ RunTime:0.0006s ]
SQL: SELECT * FROM `zn_nav` WHERE `nav_fid` = 7  [ RunTime:0.0006s ]
SQL: SELECT * FROM `zn_nav` WHERE `nav_fid` = 8  [ RunTime:0.0006s ]
SQL: SELECT * FROM `zn_nav` WHERE `nav_fid` = 0  [ RunTime:0.0007s ]
INFO: [ view_parse ] --START--
INFO: [ template_filter ] --START--
INFO: Run Behavior\ContentReplaceBehavior [ RunTime:0.000070s ]
INFO: [ template_filter ] --END-- [ RunTime:0.000108s ]
INFO: Run Behavior\ParseTemplateBehavior [ RunTime:0.041782s ]
INFO: [ view_parse ] --END-- [ RunTime:0.041831s ]
INFO: [ view_filter ] --START--
INFO: Run Behavior\WriteHtmlCacheBehavior [ RunTime:0.000279s ]
INFO: [ view_filter ] --END-- [ RunTime:0.000323s ]
INFO: [ app_end ] --START--
INFO: Run Behavior\ShowPageTraceBehavior [ RunTime:0.000568s ]
INFO: [ app_end ] --END-- [ RunTime:0.000624s ]

[ 2018-11-09T11:41:10+08:00 ] 127.0.0.1 /index.php/Admin/Index/navupdate/nav_id/2
INFO: [ app_init ] --START--
INFO: Run Behavior\BuildLiteBehavior [ RunTime:0.000013s ]
INFO: [ app_init ] --END-- [ RunTime:0.000370s ]
INFO: [ app_begin ] --START--
INFO: Run Behavior\ReadHtmlCacheBehavior [ RunTime:0.000424s ]
INFO: [ app_begin ] --END-- [ RunTime:0.000463s ]
SQL: SHOW COLUMNS FROM `zn_admin_config` [ RunTime:0.0127s ]
SQL: SELECT * FROM `zn_admin_config` ORDER BY ac_id desc LIMIT 1   [ RunTime:0.0009s ]
SQL: SHOW COLUMNS FROM `zn_nav` [ RunTime:0.0055s ]
SQL: SELECT * FROM `zn_nav` WHERE `nav_id` = 2 LIMIT 1   [ RunTime:0.0007s ]
SQL: SELECT * FROM `zn_nav` WHERE `nav_id` = 0 LIMIT 1   [ RunTime:0.0006s ]
SQL: SELECT * FROM `zn_nav` WHERE `nav_fid` = 0  [ RunTime:0.0006s ]
SQL: SELECT * FROM `zn_nav` WHERE `nav_fid` = 1  [ RunTime:0.0006s ]
SQL: SELECT * FROM `zn_nav` WHERE `nav_fid` = 2  [ RunTime:0.0006s ]
SQL: SELECT * FROM `zn_nav` WHERE `nav_fid` = 3  [ RunTime:0.0007s ]
SQL: SELECT * FROM `zn_nav` WHERE `nav_fid` = 4  [ RunTime:0.0007s ]
SQL: SELECT * FROM `zn_nav` WHERE `nav_fid` = 5  [ RunTime:0.0006s ]
SQL: SELECT * FROM `zn_nav` WHERE `nav_fid` = 6  [ RunTime:0.0006s ]
SQL: SELECT * FROM `zn_nav` WHERE `nav_fid` = 7  [ RunTime:0.0006s ]
SQL: SELECT * FROM `zn_nav` WHERE `nav_fid` = 8  [ RunTime:0.0006s ]
SQL: SELECT * FROM `zn_nav` WHERE `nav_fid` = 9  [ RunTime:0.0006s ]
SQL: SELECT * FROM `zn_nav` WHERE `nav_fid` = 10  [ RunTime:0.0006s ]
INFO: [ view_parse ] --START--
INFO: [ template_filter ] --START--
INFO: Run Behavior\ContentReplaceBehavior [ RunTime:0.000039s ]
INFO: [ template_filter ] --END-- [ RunTime:0.000081s ]
NOTIC: [8] Use of undefined constant parentnav - assumed 'parentnav' E:\sunzemin\zhinengjiaju\Application\Runtime\Cache\Admin\258ad5c0e2144369d211c17800025b53.php 第 24 行.
INFO: Run Behavior\ParseTemplateBehavior [ RunTime:0.030770s ]
INFO: [ view_parse ] --END-- [ RunTime:0.030809s ]
INFO: [ view_filter ] --START--
INFO: Run Behavior\WriteHtmlCacheBehavior [ RunTime:0.000208s ]
INFO: [ view_filter ] --END-- [ RunTime:0.000234s ]
INFO: [ app_end ] --START--
INFO: Run Behavior\ShowPageTraceBehavior [ RunTime:0.000375s ]
INFO: [ app_end ] --END-- [ RunTime:0.000408s ]

[ 2018-11-09T11:41:25+08:00 ] 127.0.0.1 /index.php/Admin/Index/navupdate/nav_id/2
INFO: [ app_init ] --START--
INFO: Run Behavior\BuildLiteBehavior [ RunTime:0.000011s ]
INFO: [ app_init ] --END-- [ RunTime:0.000322s ]
INFO: [ app_begin ] --START--
INFO: Run Behavior\ReadHtmlCacheBehavior [ RunTime:0.000395s ]
INFO: [ app_begin ] --END-- [ RunTime:0.000433s ]
SQL: SHOW COLUMNS FROM `zn_admin_config` [ RunTime:0.0137s ]
SQL: SELECT * FROM `zn_admin_config` ORDER BY ac_id desc LIMIT 1   [ RunTime:0.0012s ]
SQL: SHOW COLUMNS FROM `zn_nav` [ RunTime:0.0062s ]
SQL: UPDATE `zn_nav` SET `nav_name`='品牌简介',`nav_url`='/index.php/Home/Index/pinpaijianjie',`nav_sort`='0',`nav_fid`='0' WHERE `nav_id` = 2 [ RunTime:0.0013s ]
INFO: [ view_parse ] --START--
INFO: [ template_filter ] --START--
INFO: Run Behavior\ContentReplaceBehavior [ RunTime:0.000030s ]
INFO: [ template_filter ] --END-- [ RunTime:0.000070s ]
INFO: Run Behavior\ParseTemplateBehavior [ RunTime:0.004135s ]
INFO: [ view_parse ] --END-- [ RunTime:0.004177s ]
INFO: [ view_filter ] --START--
INFO: Run Behavior\WriteHtmlCacheBehavior [ RunTime:0.000208s ]
INFO: [ view_filter ] --END-- [ RunTime:0.000236s ]

[ 2018-11-09T11:41:26+08:00 ] 127.0.0.1 /index.php/Admin/Index/nav.html
INFO: [ app_init ] --START--
INFO: Run Behavior\BuildLiteBehavior [ RunTime:0.000012s ]
INFO: [ app_init ] --END-- [ RunTime:0.000360s ]
INFO: [ app_begin ] --START--
INFO: Run Behavior\ReadHtmlCacheBehavior [ RunTime:0.000446s ]
INFO: [ app_begin ] --END-- [ RunTime:0.000490s ]
SQL: SHOW COLUMNS FROM `zn_admin_config` [ RunTime:0.0126s ]
SQL: SELECT * FROM `zn_admin_config` ORDER BY ac_id desc LIMIT 1   [ RunTime:0.0012s ]
SQL: SHOW COLUMNS FROM `zn_nav` [ RunTime:0.0054s ]
SQL: SELECT * FROM `zn_nav` WHERE `nav_fid` = 0 LIMIT 0,8   [ RunTime:0.0010s ]
SQL: SELECT * FROM `zn_nav` WHERE `nav_fid` = 1  [ RunTime:0.0007s ]
SQL: SELECT * FROM `zn_nav` WHERE `nav_fid` = 2  [ RunTime:0.0006s ]
SQL: SELECT * FROM `zn_nav` WHERE `nav_fid` = 3  [ RunTime:0.0006s ]
SQL: SELECT * FROM `zn_nav` WHERE `nav_fid` = 4  [ RunTime:0.0007s ]
SQL: SELECT * FROM `zn_nav` WHERE `nav_fid` = 5  [ RunTime:0.0008s ]
SQL: SELECT * FROM `zn_nav` WHERE `nav_fid` = 6  [ RunTime:0.0007s ]
SQL: SELECT * FROM `zn_nav` WHERE `nav_fid` = 7  [ RunTime:0.0006s ]
SQL: SELECT * FROM `zn_nav` WHERE `nav_fid` = 8  [ RunTime:0.0006s ]
SQL: SELECT * FROM `zn_nav` WHERE `nav_fid` = 0  [ RunTime:0.0006s ]
INFO: [ view_parse ] --START--
INFO: [ template_filter ] --START--
INFO: Run Behavior\ContentReplaceBehavior [ RunTime:0.000069s ]
INFO: [ template_filter ] --END-- [ RunTime:0.000102s ]
INFO: Run Behavior\ParseTemplateBehavior [ RunTime:0.008022s ]
INFO: [ view_parse ] --END-- [ RunTime:0.008061s ]
INFO: [ view_filter ] --START--
INFO: Run Behavior\WriteHtmlCacheBehavior [ RunTime:0.000197s ]
INFO: [ view_filter ] --END-- [ RunTime:0.000224s ]
INFO: [ app_end ] --START--
INFO: Run Behavior\ShowPageTraceBehavior [ RunTime:0.000403s ]
INFO: [ app_end ] --END-- [ RunTime:0.000432s ]

[ 2018-11-09T11:43:49+08:00 ] 127.0.0.1 /index.php/Admin/Index/navupdate/nav_id/5
INFO: [ app_init ] --START--
INFO: Run Behavior\BuildLiteBehavior [ RunTime:0.000009s ]
INFO: [ app_init ] --END-- [ RunTime:0.000349s ]
INFO: [ app_begin ] --START--
INFO: Run Behavior\ReadHtmlCacheBehavior [ RunTime:0.000407s ]
INFO: [ app_begin ] --END-- [ RunTime:0.000444s ]
SQL: SHOW COLUMNS FROM `zn_admin_config` [ RunTime:0.0131s ]
SQL: SELECT * FROM `zn_admin_config` ORDER BY ac_id desc LIMIT 1   [ RunTime:0.0011s ]
SQL: SHOW COLUMNS FROM `zn_nav` [ RunTime:0.0064s ]
SQL: SELECT * FROM `zn_nav` WHERE `nav_id` = 5 LIMIT 1   [ RunTime:0.0010s ]
SQL: SELECT * FROM `zn_nav` WHERE `nav_id` = 0 LIMIT 1   [ RunTime:0.0011s ]
SQL: SELECT * FROM `zn_nav` WHERE `nav_fid` = 0  [ RunTime:0.0009s ]
SQL: SELECT * FROM `zn_nav` WHERE `nav_fid` = 1  [ RunTime:0.0010s ]
SQL: SELECT * FROM `zn_nav` WHERE `nav_fid` = 2  [ RunTime:0.0014s ]
SQL: SELECT * FROM `zn_nav` WHERE `nav_fid` = 3  [ RunTime:0.0012s ]
SQL: SELECT * FROM `zn_nav` WHERE `nav_fid` = 4  [ RunTime:0.0007s ]
SQL: SELECT * FROM `zn_nav` WHERE `nav_fid` = 5  [ RunTime:0.0007s ]
SQL: SELECT * FROM `zn_nav` WHERE `nav_fid` = 6  [ RunTime:0.0006s ]
SQL: SELECT * FROM `zn_nav` WHERE `nav_fid` = 7  [ RunTime:0.0006s ]
SQL: SELECT * FROM `zn_nav` WHERE `nav_fid` = 8  [ RunTime:0.0006s ]
SQL: SELECT * FROM `zn_nav` WHERE `nav_fid` = 9  [ RunTime:0.0008s ]
SQL: SELECT * FROM `zn_nav` WHERE `nav_fid` = 10  [ RunTime:0.0012s ]
INFO: [ view_parse ] --START--
INFO: [ template_filter ] --START--
INFO: Run Behavior\ContentReplaceBehavior [ RunTime:0.000039s ]
INFO: [ template_filter ] --END-- [ RunTime:0.000074s ]
NOTIC: [8] Use of undefined constant parentnav - assumed 'parentnav' E:\sunzemin\zhinengjiaju\Application\Runtime\Cache\Admin\258ad5c0e2144369d211c17800025b53.php 第 24 行.
INFO: Run Behavior\ParseTemplateBehavior [ RunTime:0.005541s ]
INFO: [ view_parse ] --END-- [ RunTime:0.005581s ]
INFO: [ view_filter ] --START--
INFO: Run Behavior\WriteHtmlCacheBehavior [ RunTime:0.000258s ]
INFO: [ view_filter ] --END-- [ RunTime:0.000284s ]
INFO: [ app_end ] --START--
INFO: Run Behavior\ShowPageTraceBehavior [ RunTime:0.000425s ]
INFO: [ app_end ] --END-- [ RunTime:0.000458s ]

[ 2018-11-09T11:44:05+08:00 ] 127.0.0.1 /index.php/Admin/Index/navupdate/nav_id/5
INFO: [ app_init ] --START--
INFO: Run Behavior\BuildLiteBehavior [ RunTime:0.000020s ]
INFO: [ app_init ] --END-- [ RunTime:0.000347s ]
INFO: [ app_begin ] --START--
INFO: Run Behavior\ReadHtmlCacheBehavior [ RunTime:0.000392s ]
INFO: [ app_begin ] --END-- [ RunTime:0.000442s ]
SQL: SHOW COLUMNS FROM `zn_admin_config` [ RunTime:0.0175s ]
SQL: SELECT * FROM `zn_admin_config` ORDER BY ac_id desc LIMIT 1   [ RunTime:0.0019s ]
SQL: SHOW COLUMNS FROM `zn_nav` [ RunTime:0.0059s ]
SQL: UPDATE `zn_nav` SET `nav_name`='全屋智能',`nav_url`='/index.php/Home/Index/quanwuzhineng',`nav_sort`='0',`nav_fid`='0' WHERE `nav_id` = 5 [ RunTime:0.0011s ]
INFO: [ view_parse ] --START--
INFO: [ template_filter ] --START--
INFO: Run Behavior\ContentReplaceBehavior [ RunTime:0.000032s ]
INFO: [ template_filter ] --END-- [ RunTime:0.000070s ]
INFO: Run Behavior\ParseTemplateBehavior [ RunTime:0.004085s ]
INFO: [ view_parse ] --END-- [ RunTime:0.004126s ]
INFO: [ view_filter ] --START--
INFO: Run Behavior\WriteHtmlCacheBehavior [ RunTime:0.000199s ]
INFO: [ view_filter ] --END-- [ RunTime:0.000226s ]

[ 2018-11-09T11:44:06+08:00 ] 127.0.0.1 /index.php/Admin/Index/nav.html
INFO: [ app_init ] --START--
INFO: Run Behavior\BuildLiteBehavior [ RunTime:0.000009s ]
INFO: [ app_init ] --END-- [ RunTime:0.000294s ]
INFO: [ app_begin ] --START--
INFO: Run Behavior\ReadHtmlCacheBehavior [ RunTime:0.000409s ]
INFO: [ app_begin ] --END-- [ RunTime:0.000446s ]
SQL: SHOW COLUMNS FROM `zn_admin_config` [ RunTime:0.0124s ]
SQL: SELECT * FROM `zn_admin_config` ORDER BY ac_id desc LIMIT 1   [ RunTime:0.0011s ]
SQL: SHOW COLUMNS FROM `zn_nav` [ RunTime:0.0060s ]
SQL: SELECT * FROM `zn_nav` WHERE `nav_fid` = 0 LIMIT 0,8   [ RunTime:0.0011s ]
SQL: SELECT * FROM `zn_nav` WHERE `nav_fid` = 1  [ RunTime:0.0006s ]
SQL: SELECT * FROM `zn_nav` WHERE `nav_fid` = 2  [ RunTime:0.0006s ]
SQL: SELECT * FROM `zn_nav` WHERE `nav_fid` = 3  [ RunTime:0.0006s ]
SQL: SELECT * FROM `zn_nav` WHERE `nav_fid` = 4  [ RunTime:0.0006s ]
SQL: SELECT * FROM `zn_nav` WHERE `nav_fid` = 5  [ RunTime:0.0006s ]
SQL: SELECT * FROM `zn_nav` WHERE `nav_fid` = 6  [ RunTime:0.0006s ]
SQL: SELECT * FROM `zn_nav` WHERE `nav_fid` = 7  [ RunTime:0.0006s ]
SQL: SELECT * FROM `zn_nav` WHERE `nav_fid` = 8  [ RunTime:0.0006s ]
SQL: SELECT * FROM `zn_nav` WHERE `nav_fid` = 0  [ RunTime:0.0006s ]
INFO: [ view_parse ] --START--
INFO: [ template_filter ] --START--
INFO: Run Behavior\ContentReplaceBehavior [ RunTime:0.000069s ]
INFO: [ template_filter ] --END-- [ RunTime:0.000104s ]
INFO: Run Behavior\ParseTemplateBehavior [ RunTime:0.008168s ]
INFO: [ view_parse ] --END-- [ RunTime:0.008207s ]
INFO: [ view_filter ] --START--
INFO: Run Behavior\WriteHtmlCacheBehavior [ RunTime:0.000201s ]
INFO: [ view_filter ] --END-- [ RunTime:0.000227s ]
INFO: [ app_end ] --START--
INFO: Run Behavior\ShowPageTraceBehavior [ RunTime:0.000376s ]
INFO: [ app_end ] --END-- [ RunTime:0.000404s ]

[ 2018-11-09T11:44:26+08:00 ] 127.0.0.1 /index.php/Admin/Index/navupdate/nav_id/4
INFO: [ app_init ] --START--
INFO: Run Behavior\BuildLiteBehavior [ RunTime:0.000059s ]
INFO: [ app_init ] --END-- [ RunTime:0.000546s ]
INFO: [ app_begin ] --START--
INFO: Run Behavior\ReadHtmlCacheBehavior [ RunTime:0.000406s ]
INFO: [ app_begin ] --END-- [ RunTime:0.000457s ]
SQL: SHOW COLUMNS FROM `zn_admin_config` [ RunTime:0.0057s ]
SQL: SELECT * FROM `zn_admin_config` ORDER BY ac_id desc LIMIT 1   [ RunTime:0.0008s ]
SQL: SHOW COLUMNS FROM `zn_nav` [ RunTime:0.0055s ]
SQL: SELECT * FROM `zn_nav` WHERE `nav_id` = 4 LIMIT 1   [ RunTime:0.0009s ]
SQL: SELECT * FROM `zn_nav` WHERE `nav_id` = 0 LIMIT 1   [ RunTime:0.0007s ]
SQL: SELECT * FROM `zn_nav` WHERE `nav_fid` = 0  [ RunTime:0.0008s ]
SQL: SELECT * FROM `zn_nav` WHERE `nav_fid` = 1  [ RunTime:0.0006s ]
SQL: SELECT * FROM `zn_nav` WHERE `nav_fid` = 2  [ RunTime:0.0006s ]
SQL: SELECT * FROM `zn_nav` WHERE `nav_fid` = 3  [ RunTime:0.0006s ]
SQL: SELECT * FROM `zn_nav` WHERE `nav_fid` = 4  [ RunTime:0.0006s ]
SQL: SELECT * FROM `zn_nav` WHERE `nav_fid` = 5  [ RunTime:0.0006s ]
SQL: SELECT * FROM `zn_nav` WHERE `nav_fid` = 6  [ RunTime:0.0005s ]
SQL: SELECT * FROM `zn_nav` WHERE `nav_fid` = 7  [ RunTime:0.0006s ]
SQL: SELECT * FROM `zn_nav` WHERE `nav_fid` = 8  [ RunTime:0.0006s ]
SQL: SELECT * FROM `zn_nav` WHERE `nav_fid` = 9  [ RunTime:0.0005s ]
SQL: SELECT * FROM `zn_nav` WHERE `nav_fid` = 10  [ RunTime:0.0006s ]
INFO: [ view_parse ] --START--
INFO: [ template_filter ] --START--
INFO: Run Behavior\ContentReplaceBehavior [ RunTime:0.000037s ]
INFO: [ template_filter ] --END-- [ RunTime:0.000071s ]
NOTIC: [8] Use of undefined constant parentnav - assumed 'parentnav' E:\sunzemin\zhinengjiaju\Application\Runtime\Cache\Admin\258ad5c0e2144369d211c17800025b53.php 第 24 行.
INFO: Run Behavior\ParseTemplateBehavior [ RunTime:0.004874s ]
INFO: [ view_parse ] --END-- [ RunTime:0.004910s ]
INFO: [ view_filter ] --START--
INFO: Run Behavior\WriteHtmlCacheBehavior [ RunTime:0.000202s ]
INFO: [ view_filter ] --END-- [ RunTime:0.000227s ]
INFO: [ app_end ] --START--
INFO: Run Behavior\ShowPageTraceBehavior [ RunTime:0.000368s ]
INFO: [ app_end ] --END-- [ RunTime:0.000399s ]

[ 2018-11-09T11:44:38+08:00 ] 127.0.0.1 /index.php/Admin/Index/navupdate/nav_id/4
INFO: [ app_init ] --START--
INFO: Run Behavior\BuildLiteBehavior [ RunTime:0.000009s ]
INFO: [ app_init ] --END-- [ RunTime:0.000288s ]
INFO: [ app_begin ] --START--
INFO: Run Behavior\ReadHtmlCacheBehavior [ RunTime:0.000352s ]
INFO: [ app_begin ] --END-- [ RunTime:0.000387s ]
SQL: SHOW COLUMNS FROM `zn_admin_config` [ RunTime:0.0057s ]
SQL: SELECT * FROM `zn_admin_config` ORDER BY ac_id desc LIMIT 1   [ RunTime:0.0009s ]
SQL: SHOW COLUMNS FROM `zn_nav` [ RunTime:0.0056s ]
SQL: UPDATE `zn_nav` SET `nav_name`='全屋集成整装',`nav_url`='/index.php/Home/Index/quanwujichengzhengzhuang',`nav_sort`='0',`nav_fid`='0' WHERE `nav_id` = 4 [ RunTime:0.0010s ]
INFO: [ view_parse ] --START--
INFO: [ template_filter ] --START--
INFO: Run Behavior\ContentReplaceBehavior [ RunTime:0.000030s ]
INFO: [ template_filter ] --END-- [ RunTime:0.000070s ]
INFO: Run Behavior\ParseTemplateBehavior [ RunTime:0.004059s ]
INFO: [ view_parse ] --END-- [ RunTime:0.004100s ]
INFO: [ view_filter ] --START--
INFO: Run Behavior\WriteHtmlCacheBehavior [ RunTime:0.000194s ]
INFO: [ view_filter ] --END-- [ RunTime:0.000221s ]

[ 2018-11-09T11:44:39+08:00 ] 127.0.0.1 /index.php/Admin/Index/nav.html
INFO: [ app_init ] --START--
INFO: Run Behavior\BuildLiteBehavior [ RunTime:0.000013s ]
INFO: [ app_init ] --END-- [ RunTime:0.000419s ]
INFO: [ app_begin ] --START--
INFO: Run Behavior\ReadHtmlCacheBehavior [ RunTime:0.000422s ]
INFO: [ app_begin ] --END-- [ RunTime:0.000464s ]
SQL: SHOW COLUMNS FROM `zn_admin_config` [ RunTime:0.0175s ]
SQL: SELECT * FROM `zn_admin_config` ORDER BY ac_id desc LIMIT 1   [ RunTime:0.0009s ]
SQL: SHOW COLUMNS FROM `zn_nav` [ RunTime:0.0057s ]
SQL: SELECT * FROM `zn_nav` WHERE `nav_fid` = 0 LIMIT 0,8   [ RunTime:0.0009s ]
SQL: SELECT * FROM `zn_nav` WHERE `nav_fid` = 1  [ RunTime:0.0006s ]
SQL: SELECT * FROM `zn_nav` WHERE `nav_fid` = 2  [ RunTime:0.0006s ]
SQL: SELECT * FROM `zn_nav` WHERE `nav_fid` = 3  [ RunTime:0.0006s ]
SQL: SELECT * FROM `zn_nav` WHERE `nav_fid` = 4  [ RunTime:0.0006s ]
SQL: SELECT * FROM `zn_nav` WHERE `nav_fid` = 5  [ RunTime:0.0006s ]
SQL: SELECT * FROM `zn_nav` WHERE `nav_fid` = 6  [ RunTime:0.0006s ]
SQL: SELECT * FROM `zn_nav` WHERE `nav_fid` = 7  [ RunTime:0.0006s ]
SQL: SELECT * FROM `zn_nav` WHERE `nav_fid` = 8  [ RunTime:0.0006s ]
SQL: SELECT * FROM `zn_nav` WHERE `nav_fid` = 0  [ RunTime:0.0007s ]
INFO: [ view_parse ] --START--
INFO: [ template_filter ] --START--
INFO: Run Behavior\ContentReplaceBehavior [ RunTime:0.000068s ]
INFO: [ template_filter ] --END-- [ RunTime:0.000101s ]
INFO: Run Behavior\ParseTemplateBehavior [ RunTime:0.007845s ]
INFO: [ view_parse ] --END-- [ RunTime:0.007884s ]
INFO: [ view_filter ] --START--
INFO: Run Behavior\WriteHtmlCacheBehavior [ RunTime:0.000202s ]
INFO: [ view_filter ] --END-- [ RunTime:0.000227s ]
INFO: [ app_end ] --START--
INFO: Run Behavior\ShowPageTraceBehavior [ RunTime:0.000426s ]
INFO: [ app_end ] --END-- [ RunTime:0.000456s ]

[ 2018-11-09T11:52:43+08:00 ] 127.0.0.1 /index.php/Admin/Index/background_image
INFO: [ app_init ] --START--
INFO: Run Behavior\BuildLiteBehavior [ RunTime:0.000010s ]
INFO: [ app_init ] --END-- [ RunTime:0.000296s ]
INFO: [ app_begin ] --START--
INFO: Run Behavior\ReadHtmlCacheBehavior [ RunTime:0.000359s ]
INFO: [ app_begin ] --END-- [ RunTime:0.000395s ]
INFO: [ view_parse ] --START--
INFO: [ template_filter ] --START--
INFO: Run Behavior\ContentReplaceBehavior [ RunTime:0.000035s ]
INFO: [ template_filter ] --END-- [ RunTime:0.000078s ]
INFO: Run Behavior\ParseTemplateBehavior [ RunTime:0.005458s ]
INFO: [ view_parse ] --END-- [ RunTime:0.005508s ]
INFO: [ view_filter ] --START--
INFO: Run Behavior\WriteHtmlCacheBehavior [ RunTime:0.000206s ]
INFO: [ view_filter ] --END-- [ RunTime:0.000233s ]

[ 2018-11-09T11:52:46+08:00 ] 127.0.0.1 /index.php/Admin/Login/login.html
INFO: [ app_init ] --START--
INFO: Run Behavior\BuildLiteBehavior [ RunTime:0.000009s ]
INFO: [ app_init ] --END-- [ RunTime:0.000290s ]
INFO: [ app_begin ] --START--
INFO: Run Behavior\ReadHtmlCacheBehavior [ RunTime:0.000408s ]
INFO: [ app_begin ] --END-- [ RunTime:0.000444s ]
INFO: [ view_parse ] --START--
INFO: [ template_filter ] --START--
INFO: Run Behavior\ContentReplaceBehavior [ RunTime:0.000037s ]
INFO: [ template_filter ] --END-- [ RunTime:0.000077s ]
INFO: Run Behavior\ParseTemplateBehavior [ RunTime:0.005039s ]
INFO: [ view_parse ] --END-- [ RunTime:0.005103s ]
INFO: [ view_filter ] --START--
INFO: Run Behavior\WriteHtmlCacheBehavior [ RunTime:0.000216s ]
INFO: [ view_filter ] --END-- [ RunTime:0.000244s ]
INFO: [ app_end ] --START--
INFO: Run Behavior\ShowPageTraceBehavior [ RunTime:0.000420s ]
INFO: [ app_end ] --END-- [ RunTime:0.000452s ]

[ 2018-11-09T11:52:46+08:00 ] 127.0.0.1 /index.php/Admin/Login/verify.html
INFO: [ app_init ] --START--
INFO: Run Behavior\BuildLiteBehavior [ RunTime:0.000018s ]
INFO: [ app_init ] --END-- [ RunTime:0.000493s ]
INFO: [ app_begin ] --START--
INFO: Run Behavior\ReadHtmlCacheBehavior [ RunTime:0.000475s ]
INFO: [ app_begin ] --END-- [ RunTime:0.000538s ]
INFO: [ app_end ] --START--
INFO: Run Behavior\ShowPageTraceBehavior [ RunTime:0.000435s ]
INFO: [ app_end ] --END-- [ RunTime:0.000493s ]

[ 2018-11-09T11:52:49+08:00 ] 127.0.0.1 /index.php/Admin/Login/loginout
INFO: [ app_init ] --START--
INFO: Run Behavior\BuildLiteBehavior [ RunTime:0.000009s ]
INFO: [ app_init ] --END-- [ RunTime:0.000300s ]
INFO: [ app_begin ] --START--
INFO: Run Behavior\ReadHtmlCacheBehavior [ RunTime:0.000364s ]
INFO: [ app_begin ] --END-- [ RunTime:0.000403s ]
INFO: [ view_parse ] --START--
INFO: [ template_filter ] --START--
INFO: Run Behavior\ContentReplaceBehavior [ RunTime:0.000028s ]
INFO: [ template_filter ] --END-- [ RunTime:0.000070s ]
INFO: Run Behavior\ParseTemplateBehavior [ RunTime:0.004027s ]
INFO: [ view_parse ] --END-- [ RunTime:0.004068s ]
INFO: [ view_filter ] --START--
INFO: Run Behavior\WriteHtmlCacheBehavior [ RunTime:0.000219s ]
INFO: [ view_filter ] --END-- [ RunTime:0.000246s ]

[ 2018-11-09T11:52:52+08:00 ] 127.0.0.1 /index.php/Admin/Login/login.html
INFO: [ app_init ] --START--
INFO: Run Behavior\BuildLiteBehavior [ RunTime:0.000021s ]
INFO: [ app_init ] --END-- [ RunTime:0.000458s ]
INFO: [ app_begin ] --START--
INFO: Run Behavior\ReadHtmlCacheBehavior [ RunTime:0.000584s ]
INFO: [ app_begin ] --END-- [ RunTime:0.000654s ]
INFO: [ view_parse ] --START--
INFO: [ template_filter ] --START--
INFO: Run Behavior\ContentReplaceBehavior [ RunTime:0.000052s ]
INFO: [ template_filter ] --END-- [ RunTime:0.000118s ]
INFO: Run Behavior\ParseTemplateBehavior [ RunTime:0.004905s ]
INFO: [ view_parse ] --END-- [ RunTime:0.004986s ]
INFO: [ view_filter ] --START--
INFO: Run Behavior\WriteHtmlCacheBehavior [ RunTime:0.000296s ]
INFO: [ view_filter ] --END-- [ RunTime:0.000334s ]
INFO: [ app_end ] --START--
INFO: Run Behavior\ShowPageTraceBehavior [ RunTime:0.000424s ]
INFO: [ app_end ] --END-- [ RunTime:0.000464s ]

[ 2018-11-09T11:52:52+08:00 ] 127.0.0.1 /index.php/Admin/Login/verify.html
INFO: [ app_init ] --START--
INFO: Run Behavior\BuildLiteBehavior [ RunTime:0.000016s ]
INFO: [ app_init ] --END-- [ RunTime:0.000555s ]
INFO: [ app_begin ] --START--
INFO: Run Behavior\ReadHtmlCacheBehavior [ RunTime:0.000687s ]
INFO: [ app_begin ] --END-- [ RunTime:0.000765s ]
INFO: [ app_end ] --START--
INFO: Run Behavior\ShowPageTraceBehavior [ RunTime:0.001013s ]
INFO: [ app_end ] --END-- [ RunTime:0.001142s ]

[ 2018-11-09T11:53:15+08:00 ] 127.0.0.1 /index.php/Admin/Login/login.html
INFO: [ app_init ] --START--
INFO: Run Behavior\BuildLiteBehavior [ RunTime:0.000010s ]
INFO: [ app_init ] --END-- [ RunTime:0.000328s ]
INFO: [ app_begin ] --START--
INFO: Run Behavior\ReadHtmlCacheBehavior [ RunTime:0.000452s ]
INFO: [ app_begin ] --END-- [ RunTime:0.000499s ]
SQL: SHOW COLUMNS FROM `zn_admin` [ RunTime:0.0154s ]
SQL: SELECT * FROM `zn_admin` WHERE `aname` = 'admin' LIMIT 1   [ RunTime:0.0015s ]
SQL: UPDATE `zn_admin` SET `aip`='127.0.0.1' WHERE `aname` = 'admin' [ RunTime:0.0011s ]
SQL: SHOW COLUMNS FROM `zn_admin_config` [ RunTime:0.0098s ]
SQL: INSERT INTO `zn_admin_config` (`ac_name`,`ac_ip`,`ac_time`) VALUES ('admin','127.0.0.1','1541735595') [ RunTime:0.0116s ]
INFO: [ view_parse ] --START--
INFO: [ template_filter ] --START--
INFO: Run Behavior\ContentReplaceBehavior [ RunTime:0.000038s ]
INFO: [ template_filter ] --END-- [ RunTime:0.000128s ]
INFO: Run Behavior\ParseTemplateBehavior [ RunTime:0.007299s ]
INFO: [ view_parse ] --END-- [ RunTime:0.007376s ]
INFO: [ view_filter ] --START--
INFO: Run Behavior\WriteHtmlCacheBehavior [ RunTime:0.000344s ]
INFO: [ view_filter ] --END-- [ RunTime:0.000380s ]

[ 2018-11-09T11:53:16+08:00 ] 127.0.0.1 /index.php/Admin/Index/index/aid/1.html
INFO: [ app_init ] --START--
INFO: Run Behavior\BuildLiteBehavior [ RunTime:0.000009s ]
INFO: [ app_init ] --END-- [ RunTime:0.000310s ]
INFO: [ app_begin ] --START--
INFO: Run Behavior\ReadHtmlCacheBehavior [ RunTime:0.000364s ]
INFO: [ app_begin ] --END-- [ RunTime:0.000413s ]
SQL: SHOW COLUMNS FROM `zn_admin_config` [ RunTime:0.0050s ]
SQL: SELECT * FROM `zn_admin_config` ORDER BY ac_id desc LIMIT 1   [ RunTime:0.0008s ]
SQL: SHOW COLUMNS FROM `zn_admin` [ RunTime:0.0058s ]
SQL: SELECT * FROM `zn_admin` WHERE `aid` = 1 LIMIT 1   [ RunTime:0.0008s ]
INFO: [ view_parse ] --START--
INFO: [ template_filter ] --START--
INFO: Run Behavior\ContentReplaceBehavior [ RunTime:0.000049s ]
INFO: [ template_filter ] --END-- [ RunTime:0.000084s ]
INFO: Run Behavior\ParseTemplateBehavior [ RunTime:0.005186s ]
INFO: [ view_parse ] --END-- [ RunTime:0.005242s ]
INFO: [ view_filter ] --START--
INFO: Run Behavior\WriteHtmlCacheBehavior [ RunTime:0.000222s ]
INFO: [ view_filter ] --END-- [ RunTime:0.000250s ]
INFO: [ app_end ] --START--
INFO: Run Behavior\ShowPageTraceBehavior [ RunTime:0.000392s ]
INFO: [ app_end ] --END-- [ RunTime:0.000423s ]

[ 2018-11-09T11:53:24+08:00 ] 127.0.0.1 /index.php/Admin/Index/bottom
INFO: [ app_init ] --START--
INFO: Run Behavior\BuildLiteBehavior [ RunTime:0.000010s ]
INFO: [ app_init ] --END-- [ RunTime:0.000341s ]
INFO: [ app_begin ] --START--
INFO: Run Behavior\ReadHtmlCacheBehavior [ RunTime:0.000383s ]
INFO: [ app_begin ] --END-- [ RunTime:0.000422s ]
SQL: SHOW COLUMNS FROM `zn_admin_config` [ RunTime:0.0140s ]
SQL: SELECT * FROM `zn_admin_config` ORDER BY ac_id desc LIMIT 1   [ RunTime:0.0022s ]
SQL: SHOW COLUMNS FROM `zn_footer` [ RunTime:0.0060s ]
SQL: SELECT * FROM `zn_footer` LIMIT 1   [ RunTime:0.0013s ]
INFO: [ view_parse ] --START--
INFO: [ template_filter ] --START--
INFO: Run Behavior\ContentReplaceBehavior [ RunTime:0.000035s ]
INFO: [ template_filter ] --END-- [ RunTime:0.000079s ]
INFO: Run Behavior\ParseTemplateBehavior [ RunTime:0.035481s ]
INFO: [ view_parse ] --END-- [ RunTime:0.035548s ]
INFO: [ view_filter ] --START--
INFO: Run Behavior\WriteHtmlCacheBehavior [ RunTime:0.000243s ]
INFO: [ view_filter ] --END-- [ RunTime:0.000283s ]
INFO: [ app_end ] --START--
INFO: Run Behavior\ShowPageTraceBehavior [ RunTime:0.000520s ]
INFO: [ app_end ] --END-- [ RunTime:0.000559s ]

[ 2018-11-09T11:53:25+08:00 ] 127.0.0.1 /index.php/Admin/Index/background_image
INFO: [ app_init ] --START--
INFO: Run Behavior\BuildLiteBehavior [ RunTime:0.000010s ]
INFO: [ app_init ] --END-- [ RunTime:0.000314s ]
INFO: [ app_begin ] --START--
INFO: Run Behavior\ReadHtmlCacheBehavior [ RunTime:0.000529s ]
INFO: [ app_begin ] --END-- [ RunTime:0.000595s ]
SQL: SHOW COLUMNS FROM `zn_admin_config` [ RunTime:0.0152s ]
SQL: SELECT * FROM `zn_admin_config` ORDER BY ac_id desc LIMIT 1   [ RunTime:0.0010s ]
SQL: SHOW COLUMNS FROM `zn_background_image` [ RunTime:0.0061s ]
SQL: SELECT * FROM `zn_background_image` ORDER BY bi_sort desc LIMIT 0,10   [ RunTime:0.0012s ]
SQL: SHOW COLUMNS FROM `zn_nav` [ RunTime:0.0070s ]
SQL: SELECT * FROM `zn_nav` WHERE `nav_id` = 1 LIMIT 1   [ RunTime:0.0011s ]
SQL: SELECT * FROM `zn_nav` WHERE `nav_id` = 2 LIMIT 1   [ RunTime:0.0010s ]
SQL: SELECT * FROM `zn_nav` WHERE `nav_id` = 7 LIMIT 1   [ RunTime:0.0016s ]
SQL: SELECT * FROM `zn_background_image` ORDER BY bi_sort desc  [ RunTime:0.0008s ]
INFO: [ view_parse ] --START--
INFO: [ template_filter ] --START--
INFO: Run Behavior\ContentReplaceBehavior [ RunTime:0.000052s ]
INFO: [ template_filter ] --END-- [ RunTime:0.000093s ]
INFO: Run Behavior\ParseTemplateBehavior [ RunTime:0.049725s ]
INFO: [ view_parse ] --END-- [ RunTime:0.049787s ]
INFO: [ view_filter ] --START--
INFO: Run Behavior\WriteHtmlCacheBehavior [ RunTime:0.000199s ]
INFO: [ view_filter ] --END-- [ RunTime:0.000225s ]
INFO: [ app_end ] --START--
INFO: Run Behavior\ShowPageTraceBehavior [ RunTime:0.000366s ]
INFO: [ app_end ] --END-- [ RunTime:0.000393s ]

[ 2018-11-09T11:54:57+08:00 ] 127.0.0.1 /index.php/Admin/index/background_image_update/bi_id/2/p/1
INFO: [ app_init ] --START--
INFO: Run Behavior\BuildLiteBehavior [ RunTime:0.000010s ]
INFO: [ app_init ] --END-- [ RunTime:0.000307s ]
INFO: [ app_begin ] --START--
INFO: Run Behavior\ReadHtmlCacheBehavior [ RunTime:0.000370s ]
INFO: [ app_begin ] --END-- [ RunTime:0.000404s ]
SQL: SHOW COLUMNS FROM `zn_admin_config` [ RunTime:0.0122s ]
SQL: SELECT * FROM `zn_admin_config` ORDER BY ac_id desc LIMIT 1   [ RunTime:0.0017s ]
SQL: SHOW COLUMNS FROM `zn_background_image` [ RunTime:0.0054s ]
SQL: SELECT * FROM `zn_background_image` WHERE `bi_id` = 2 LIMIT 1   [ RunTime:0.0009s ]
SQL: SHOW COLUMNS FROM `zn_nav` [ RunTime:0.0060s ]
SQL: SELECT * FROM `zn_nav` WHERE `nav_id` = 2 LIMIT 1   [ RunTime:0.0008s ]
SQL: SELECT * FROM `zn_nav` WHERE `nav_fid` = 0  [ RunTime:0.0010s ]
SQL: SELECT * FROM `zn_nav` WHERE `nav_fid` = 1  [ RunTime:0.0009s ]
SQL: SELECT * FROM `zn_nav` WHERE `nav_fid` = 2  [ RunTime:0.0007s ]
SQL: SELECT * FROM `zn_nav` WHERE `nav_fid` = 3  [ RunTime:0.0006s ]
SQL: SELECT * FROM `zn_nav` WHERE `nav_fid` = 4  [ RunTime:0.0006s ]
SQL: SELECT * FROM `zn_nav` WHERE `nav_fid` = 5  [ RunTime:0.0006s ]
SQL: SELECT * FROM `zn_nav` WHERE `nav_fid` = 6  [ RunTime:0.0006s ]
SQL: SELECT * FROM `zn_nav` WHERE `nav_fid` = 7  [ RunTime:0.0006s ]
SQL: SELECT * FROM `zn_nav` WHERE `nav_fid` = 8  [ RunTime:0.0006s ]
SQL: SELECT * FROM `zn_nav` WHERE `nav_fid` = 9  [ RunTime:0.0007s ]
SQL: SELECT * FROM `zn_nav` WHERE `nav_fid` = 10  [ RunTime:0.0006s ]
INFO: [ view_parse ] --START--
INFO: [ template_filter ] --START--
INFO: Run Behavior\ContentReplaceBehavior [ RunTime:0.000067s ]
INFO: [ template_filter ] --END-- [ RunTime:0.000133s ]
INFO: Run Behavior\ParseTemplateBehavior [ RunTime:0.090266s ]
INFO: [ view_parse ] --END-- [ RunTime:0.090316s ]
INFO: [ view_filter ] --START--
INFO: Run Behavior\WriteHtmlCacheBehavior [ RunTime:0.000207s ]
INFO: [ view_filter ] --END-- [ RunTime:0.000233s ]
INFO: [ app_end ] --START--
INFO: Run Behavior\ShowPageTraceBehavior [ RunTime:0.000387s ]
INFO: [ app_end ] --END-- [ RunTime:0.000421s ]

[ 2018-11-09T11:55:08+08:00 ] 127.0.0.1 /index.php/Admin/index/background_image_update/bi_id/2/p/1
INFO: [ app_init ] --START--
INFO: Run Behavior\BuildLiteBehavior [ RunTime:0.000010s ]
INFO: [ app_init ] --END-- [ RunTime:0.000380s ]
INFO: [ app_begin ] --START--
INFO: Run Behavior\ReadHtmlCacheBehavior [ RunTime:0.000649s ]
INFO: [ app_begin ] --END-- [ RunTime:0.000697s ]
SQL: SHOW COLUMNS FROM `zn_admin_config` [ RunTime:0.0070s ]
SQL: SELECT * FROM `zn_admin_config` ORDER BY ac_id desc LIMIT 1   [ RunTime:0.0007s ]
SQL: SHOW COLUMNS FROM `zn_background_image` [ RunTime:0.0051s ]
SQL: UPDATE `zn_background_image` SET `bi_image`='/Public/editor/attached/image/20181109/20181109035506_88593.png',`nav_id`='2',`bi_sort`='0',`bi_title`='' WHERE `bi_id` = 2 [ RunTime:0.0009s ]
INFO: [ view_parse ] --START--
INFO: [ template_filter ] --START--
INFO: Run Behavior\ContentReplaceBehavior [ RunTime:0.000027s ]
INFO: [ template_filter ] --END-- [ RunTime:0.000062s ]
INFO: Run Behavior\ParseTemplateBehavior [ RunTime:0.005052s ]
INFO: [ view_parse ] --END-- [ RunTime:0.005099s ]
INFO: [ view_filter ] --START--
INFO: Run Behavior\WriteHtmlCacheBehavior [ RunTime:0.000435s ]
INFO: [ view_filter ] --END-- [ RunTime:0.000466s ]

[ 2018-11-09T11:55:09+08:00 ] 127.0.0.1 /index.php/Admin/Index/background_image/p/1.html
INFO: [ app_init ] --START--
INFO: Run Behavior\BuildLiteBehavior [ RunTime:0.000011s ]
INFO: [ app_init ] --END-- [ RunTime:0.000427s ]
INFO: [ app_begin ] --START--
INFO: Run Behavior\ReadHtmlCacheBehavior [ RunTime:0.000672s ]
INFO: [ app_begin ] --END-- [ RunTime:0.000719s ]
SQL: SHOW COLUMNS FROM `zn_admin_config` [ RunTime:0.0119s ]
SQL: SELECT * FROM `zn_admin_config` ORDER BY ac_id desc LIMIT 1   [ RunTime:0.0012s ]
SQL: SHOW COLUMNS FROM `zn_background_image` [ RunTime:0.0048s ]
SQL: SELECT * FROM `zn_background_image` ORDER BY bi_sort desc LIMIT 0,10   [ RunTime:0.0010s ]
SQL: SHOW COLUMNS FROM `zn_nav` [ RunTime:0.0050s ]
SQL: SELECT * FROM `zn_nav` WHERE `nav_id` = 1 LIMIT 1   [ RunTime:0.0008s ]
SQL: SELECT * FROM `zn_nav` WHERE `nav_id` = 2 LIMIT 1   [ RunTime:0.0007s ]
SQL: SELECT * FROM `zn_nav` WHERE `nav_id` = 7 LIMIT 1   [ RunTime:0.0007s ]
SQL: SELECT * FROM `zn_background_image` ORDER BY bi_sort desc  [ RunTime:0.0008s ]
INFO: [ view_parse ] --START--
INFO: [ template_filter ] --START--
INFO: Run Behavior\ContentReplaceBehavior [ RunTime:0.000049s ]
INFO: [ template_filter ] --END-- [ RunTime:0.000087s ]
INFO: Run Behavior\ParseTemplateBehavior [ RunTime:0.007566s ]
INFO: [ view_parse ] --END-- [ RunTime:0.007630s ]
INFO: [ view_filter ] --START--
INFO: Run Behavior\WriteHtmlCacheBehavior [ RunTime:0.000392s ]
INFO: [ view_filter ] --END-- [ RunTime:0.000420s ]
INFO: [ app_end ] --START--
INFO: Run Behavior\ShowPageTraceBehavior [ RunTime:0.000555s ]
INFO: [ app_end ] --END-- [ RunTime:0.000588s ]

[ 2018-11-09T11:57:51+08:00 ] 127.0.0.1 /index.php/Admin/index/background_image_add/p/1
INFO: [ app_init ] --START--
INFO: Run Behavior\BuildLiteBehavior [ RunTime:0.000009s ]
INFO: [ app_init ] --END-- [ RunTime:0.000349s ]
INFO: [ app_begin ] --START--
INFO: Run Behavior\ReadHtmlCacheBehavior [ RunTime:0.000545s ]
INFO: [ app_begin ] --END-- [ RunTime:0.000582s ]
SQL: SHOW COLUMNS FROM `zn_admin_config` [ RunTime:0.0122s ]
SQL: SELECT * FROM `zn_admin_config` ORDER BY ac_id desc LIMIT 1   [ RunTime:0.0013s ]
SQL: SHOW COLUMNS FROM `zn_nav` [ RunTime:0.0052s ]
SQL: SELECT * FROM `zn_nav` WHERE `nav_fid` = 0  [ RunTime:0.0008s ]
SQL: SELECT * FROM `zn_nav` WHERE `nav_fid` = 1  [ RunTime:0.0007s ]
SQL: SELECT * FROM `zn_nav` WHERE `nav_fid` = 2  [ RunTime:0.0007s ]
SQL: SELECT * FROM `zn_nav` WHERE `nav_fid` = 3  [ RunTime:0.0007s ]
SQL: SELECT * FROM `zn_nav` WHERE `nav_fid` = 4  [ RunTime:0.0006s ]
SQL: SELECT * FROM `zn_nav` WHERE `nav_fid` = 5  [ RunTime:0.0006s ]
SQL: SELECT * FROM `zn_nav` WHERE `nav_fid` = 6  [ RunTime:0.0006s ]
SQL: SELECT * FROM `zn_nav` WHERE `nav_fid` = 7  [ RunTime:0.0007s ]
SQL: SELECT * FROM `zn_nav` WHERE `nav_fid` = 8  [ RunTime:0.0006s ]
SQL: SELECT * FROM `zn_nav` WHERE `nav_fid` = 9  [ RunTime:0.0006s ]
SQL: SELECT * FROM `zn_nav` WHERE `nav_fid` = 10  [ RunTime:0.0006s ]
INFO: [ view_parse ] --START--
INFO: [ template_filter ] --START--
INFO: Run Behavior\ContentReplaceBehavior [ RunTime:0.000040s ]
INFO: [ template_filter ] --END-- [ RunTime:0.000079s ]
INFO: Run Behavior\ParseTemplateBehavior [ RunTime:0.028205s ]
INFO: [ view_parse ] --END-- [ RunTime:0.028264s ]
INFO: [ view_filter ] --START--
INFO: Run Behavior\WriteHtmlCacheBehavior [ RunTime:0.000387s ]
INFO: [ view_filter ] --END-- [ RunTime:0.000414s ]
INFO: [ app_end ] --START--
INFO: Run Behavior\ShowPageTraceBehavior [ RunTime:0.000696s ]
INFO: [ app_end ] --END-- [ RunTime:0.000734s ]

[ 2018-11-09T11:58:08+08:00 ] 127.0.0.1 /index.php/Admin/index/background_image_add/p/1
INFO: [ app_init ] --START--
INFO: Run Behavior\BuildLiteBehavior [ RunTime:0.000010s ]
INFO: [ app_init ] --END-- [ RunTime:0.000487s ]
INFO: [ app_begin ] --START--
INFO: Run Behavior\ReadHtmlCacheBehavior [ RunTime:0.000749s ]
INFO: [ app_begin ] --END-- [ RunTime:0.000802s ]
SQL: SHOW COLUMNS FROM `zn_admin_config` [ RunTime:0.0051s ]
SQL: SELECT * FROM `zn_admin_config` ORDER BY ac_id desc LIMIT 1   [ RunTime:0.0008s ]
SQL: SHOW COLUMNS FROM `zn_background_image` [ RunTime:0.0050s ]
SQL: INSERT INTO `zn_background_image` (`bi_image`,`nav_id`,`bi_sort`,`bi_title`) VALUES ('/Public/editor/attached/image/20181109/20181109035807_65148.png','2','0','') [ RunTime:0.0011s ]
INFO: [ view_parse ] --START--
INFO: [ template_filter ] --START--
INFO: Run Behavior\ContentReplaceBehavior [ RunTime:0.000029s ]
INFO: [ template_filter ] --END-- [ RunTime:0.000070s ]
INFO: Run Behavior\ParseTemplateBehavior [ RunTime:0.013967s ]
INFO: [ view_parse ] --END-- [ RunTime:0.014009s ]
INFO: [ view_filter ] --START--
INFO: Run Behavior\WriteHtmlCacheBehavior [ RunTime:0.000590s ]
INFO: [ view_filter ] --END-- [ RunTime:0.000618s ]

[ 2018-11-09T11:58:09+08:00 ] 127.0.0.1 /index.php/Admin/Index/background_image/p/1.html
INFO: [ app_init ] --START--
INFO: Run Behavior\BuildLiteBehavior [ RunTime:0.000009s ]
INFO: [ app_init ] --END-- [ RunTime:0.000483s ]
INFO: [ app_begin ] --START--
INFO: Run Behavior\ReadHtmlCacheBehavior [ RunTime:0.000725s ]
INFO: [ app_begin ] --END-- [ RunTime:0.000764s ]
SQL: SHOW COLUMNS FROM `zn_admin_config` [ RunTime:0.0118s ]
SQL: SELECT * FROM `zn_admin_config` ORDER BY ac_id desc LIMIT 1   [ RunTime:0.0010s ]
SQL: SHOW COLUMNS FROM `zn_background_image` [ RunTime:0.0065s ]
SQL: SELECT * FROM `zn_background_image` ORDER BY bi_sort desc LIMIT 0,10   [ RunTime:0.0011s ]
SQL: SHOW COLUMNS FROM `zn_nav` [ RunTime:0.0081s ]
SQL: SELECT * FROM `zn_nav` WHERE `nav_id` = 1 LIMIT 1   [ RunTime:0.0010s ]
SQL: SELECT * FROM `zn_nav` WHERE `nav_id` = 2 LIMIT 1   [ RunTime:0.0007s ]
SQL: SELECT * FROM `zn_nav` WHERE `nav_id` = 7 LIMIT 1   [ RunTime:0.0006s ]
SQL: SELECT * FROM `zn_nav` WHERE `nav_id` = 2 LIMIT 1   [ RunTime:0.0006s ]
SQL: SELECT * FROM `zn_background_image` ORDER BY bi_sort desc  [ RunTime:0.0007s ]
INFO: [ view_parse ] --START--
INFO: [ template_filter ] --START--
INFO: Run Behavior\ContentReplaceBehavior [ RunTime:0.000105s ]
INFO: [ template_filter ] --END-- [ RunTime:0.000302s ]
INFO: Run Behavior\ParseTemplateBehavior [ RunTime:0.009689s ]
INFO: [ view_parse ] --END-- [ RunTime:0.009758s ]
INFO: [ view_filter ] --START--
INFO: Run Behavior\WriteHtmlCacheBehavior [ RunTime:0.000598s ]
INFO: [ view_filter ] --END-- [ RunTime:0.000634s ]
INFO: [ app_end ] --START--
INFO: Run Behavior\ShowPageTraceBehavior [ RunTime:0.000726s ]
INFO: [ app_end ] --END-- [ RunTime:0.000756s ]

[ 2018-11-09T13:12:06+08:00 ] 127.0.0.1 /index.php/Admin/Classify/all_classify
INFO: [ app_init ] --START--
INFO: Run Behavior\BuildLiteBehavior [ RunTime:0.000010s ]
INFO: [ app_init ] --END-- [ RunTime:0.000393s ]
INFO: [ app_begin ] --START--
INFO: Run Behavior\ReadHtmlCacheBehavior [ RunTime:0.000468s ]
INFO: [ app_begin ] --END-- [ RunTime:0.000511s ]
SQL: SHOW COLUMNS FROM `zn_admin_config` [ RunTime:0.0131s ]
SQL: SELECT * FROM `zn_admin_config` ORDER BY ac_id desc LIMIT 1   [ RunTime:0.0009s ]
SQL: SHOW COLUMNS FROM `zn_all_classify` [ RunTime:0.0063s ]
SQL: SELECT * FROM `zn_all_classify` ORDER BY ac_sort desc LIMIT 0,10   [ RunTime:0.0008s ]
SQL: SELECT * FROM `zn_all_classify` ORDER BY ac_sort desc  [ RunTime:0.0007s ]
INFO: [ view_parse ] --START--
INFO: [ template_filter ] --START--
INFO: Run Behavior\ContentReplaceBehavior [ RunTime:0.000069s ]
INFO: [ template_filter ] --END-- [ RunTime:0.000112s ]
NOTIC: [8] Undefined index: ac
                            _id E:\sunzemin\zhinengjiaju\Application\Runtime\Cache\Admin\588cdf3292db0ee12194ef2d22d7f80e.php 第 58 行.
NOTIC: [8] Undefined index: ac
                            _id E:\sunzemin\zhinengjiaju\Application\Runtime\Cache\Admin\588cdf3292db0ee12194ef2d22d7f80e.php 第 58 行.
NOTIC: [8] Undefined index: ac
                            _id E:\sunzemin\zhinengjiaju\Application\Runtime\Cache\Admin\588cdf3292db0ee12194ef2d22d7f80e.php 第 58 行.
NOTIC: [8] Undefined index: ac
                            _id E:\sunzemin\zhinengjiaju\Application\Runtime\Cache\Admin\588cdf3292db0ee12194ef2d22d7f80e.php 第 58 行.
NOTIC: [8] Undefined index: ac
                            _id E:\sunzemin\zhinengjiaju\Application\Runtime\Cache\Admin\588cdf3292db0ee12194ef2d22d7f80e.php 第 58 行.
INFO: Run Behavior\ParseTemplateBehavior [ RunTime:0.020898s ]
INFO: [ view_parse ] --END-- [ RunTime:0.020934s ]
INFO: [ view_filter ] --START--
INFO: Run Behavior\WriteHtmlCacheBehavior [ RunTime:0.000269s ]
INFO: [ view_filter ] --END-- [ RunTime:0.000294s ]
INFO: [ app_end ] --START--
INFO: Run Behavior\ShowPageTraceBehavior [ RunTime:0.000439s ]
INFO: [ app_end ] --END-- [ RunTime:0.000467s ]

[ 2018-11-09T13:12:11+08:00 ] 127.0.0.1 /index.php/Admin/Classify/little_classify/ac_id/1/p/1
INFO: [ app_init ] --START--
INFO: Run Behavior\BuildLiteBehavior [ RunTime:0.000009s ]
INFO: [ app_init ] --END-- [ RunTime:0.000294s ]
INFO: [ app_begin ] --START--
INFO: Run Behavior\ReadHtmlCacheBehavior [ RunTime:0.000359s ]
INFO: [ app_begin ] --END-- [ RunTime:0.000394s ]
SQL: SHOW COLUMNS FROM `zn_admin_config` [ RunTime:0.0119s ]
SQL: SELECT * FROM `zn_admin_config` ORDER BY ac_id desc LIMIT 1   [ RunTime:0.0011s ]
SQL: SHOW COLUMNS FROM `zn_little_classify` [ RunTime:0.0060s ]
SQL: SELECT * FROM `zn_little_classify` WHERE `ac_id` = 1 ORDER BY lc_sort desc LIMIT 0,10   [ RunTime:0.0012s ]
SQL: SELECT * FROM `zn_little_classify` ORDER BY lc_sort desc  [ RunTime:0.0012s ]
INFO: [ view_parse ] --START--
INFO: [ template_filter ] --START--
INFO: Run Behavior\ContentReplaceBehavior [ RunTime:0.000051s ]
INFO: [ template_filter ] --END-- [ RunTime:0.000090s ]
INFO: Run Behavior\ParseTemplateBehavior [ RunTime:0.036403s ]
INFO: [ view_parse ] --END-- [ RunTime:0.036444s ]
INFO: [ view_filter ] --START--
INFO: Run Behavior\WriteHtmlCacheBehavior [ RunTime:0.000202s ]
INFO: [ view_filter ] --END-- [ RunTime:0.000229s ]
INFO: [ app_end ] --START--
INFO: Run Behavior\ShowPageTraceBehavior [ RunTime:0.000354s ]
INFO: [ app_end ] --END-- [ RunTime:0.000381s ]

[ 2018-11-09T13:12:13+08:00 ] 127.0.0.1 /index.php/Admin/Classify/little_classify_add/p/1/ac_id/1
INFO: [ app_init ] --START--
INFO: Run Behavior\BuildLiteBehavior [ RunTime:0.000009s ]
INFO: [ app_init ] --END-- [ RunTime:0.000292s ]
INFO: [ app_begin ] --START--
INFO: Run Behavior\ReadHtmlCacheBehavior [ RunTime:0.000358s ]
INFO: [ app_begin ] --END-- [ RunTime:0.000394s ]
SQL: SHOW COLUMNS FROM `zn_admin_config` [ RunTime:0.0129s ]
SQL: SELECT * FROM `zn_admin_config` ORDER BY ac_id desc LIMIT 1   [ RunTime:0.0010s ]
SQL: SHOW COLUMNS FROM `zn_all_classify` [ RunTime:0.0053s ]
SQL: SELECT * FROM `zn_all_classify` ORDER BY ac_sort desc LIMIT 0,10   [ RunTime:0.0009s ]
INFO: [ view_parse ] --START--
INFO: [ template_filter ] --START--
INFO: Run Behavior\ContentReplaceBehavior [ RunTime:0.000043s ]
INFO: [ template_filter ] --END-- [ RunTime:0.000081s ]
INFO: Run Behavior\ParseTemplateBehavior [ RunTime:0.031165s ]
INFO: [ view_parse ] --END-- [ RunTime:0.031207s ]
INFO: [ view_filter ] --START--
INFO: Run Behavior\WriteHtmlCacheBehavior [ RunTime:0.000198s ]
INFO: [ view_filter ] --END-- [ RunTime:0.000225s ]
INFO: [ app_end ] --START--
INFO: Run Behavior\ShowPageTraceBehavior [ RunTime:0.000375s ]
INFO: [ app_end ] --END-- [ RunTime:0.000407s ]

[ 2018-11-09T13:12:27+08:00 ] 127.0.0.1 /index.php/Admin/Classify/little_classify_add/p/1/ac_id/1
INFO: [ app_init ] --START--
INFO: Run Behavior\BuildLiteBehavior [ RunTime:0.000010s ]
INFO: [ app_init ] --END-- [ RunTime:0.000309s ]
INFO: [ app_begin ] --START--
INFO: Run Behavior\ReadHtmlCacheBehavior [ RunTime:0.000361s ]
INFO: [ app_begin ] --END-- [ RunTime:0.000397s ]
SQL: SHOW COLUMNS FROM `zn_admin_config` [ RunTime:0.0120s ]
SQL: SELECT * FROM `zn_admin_config` ORDER BY ac_id desc LIMIT 1   [ RunTime:0.0011s ]
SQL: SHOW COLUMNS FROM `zn_little_classify` [ RunTime:0.0047s ]
SQL: INSERT INTO `zn_little_classify` (`lc_name`,`ac_id`,`lc_sort`) VALUES ('品牌介绍','1','0') [ RunTime:0.0010s ]
INFO: [ view_parse ] --START--
INFO: [ template_filter ] --START--
INFO: Run Behavior\ContentReplaceBehavior [ RunTime:0.000030s ]
INFO: [ template_filter ] --END-- [ RunTime:0.000064s ]
INFO: Run Behavior\ParseTemplateBehavior [ RunTime:0.003955s ]
INFO: [ view_parse ] --END-- [ RunTime:0.003993s ]
INFO: [ view_filter ] --START--
INFO: Run Behavior\WriteHtmlCacheBehavior [ RunTime:0.000191s ]
INFO: [ view_filter ] --END-- [ RunTime:0.000217s ]

[ 2018-11-09T13:12:28+08:00 ] 127.0.0.1 /index.php/Admin/Classify/little_classify/p/1/ac_id/1.html
INFO: [ app_init ] --START--
INFO: Run Behavior\BuildLiteBehavior [ RunTime:0.000011s ]
INFO: [ app_init ] --END-- [ RunTime:0.000364s ]
INFO: [ app_begin ] --START--
INFO: Run Behavior\ReadHtmlCacheBehavior [ RunTime:0.000441s ]
INFO: [ app_begin ] --END-- [ RunTime:0.000485s ]
SQL: SHOW COLUMNS FROM `zn_admin_config` [ RunTime:0.0120s ]
SQL: SELECT * FROM `zn_admin_config` ORDER BY ac_id desc LIMIT 1   [ RunTime:0.0010s ]
SQL: SHOW COLUMNS FROM `zn_little_classify` [ RunTime:0.0049s ]
SQL: SELECT * FROM `zn_little_classify` WHERE `ac_id` = 1 ORDER BY lc_sort desc LIMIT 0,10   [ RunTime:0.0009s ]
SQL: SELECT * FROM `zn_little_classify` ORDER BY lc_sort desc  [ RunTime:0.0006s ]
INFO: [ view_parse ] --START--
INFO: [ template_filter ] --START--
INFO: Run Behavior\ContentReplaceBehavior [ RunTime:0.000053s ]
INFO: [ template_filter ] --END-- [ RunTime:0.000092s ]
INFO: Run Behavior\ParseTemplateBehavior [ RunTime:0.006011s ]
INFO: [ view_parse ] --END-- [ RunTime:0.006052s ]
INFO: [ view_filter ] --START--
INFO: Run Behavior\WriteHtmlCacheBehavior [ RunTime:0.000207s ]
INFO: [ view_filter ] --END-- [ RunTime:0.000233s ]
INFO: [ app_end ] --START--
INFO: Run Behavior\ShowPageTraceBehavior [ RunTime:0.000366s ]
INFO: [ app_end ] --END-- [ RunTime:0.000398s ]

[ 2018-11-09T13:12:30+08:00 ] 127.0.0.1 /index.php/Admin/Classify/classify_article/lc_id/10/p/1
INFO: [ app_init ] --START--
INFO: Run Behavior\BuildLiteBehavior [ RunTime:0.000012s ]
INFO: [ app_init ] --END-- [ RunTime:0.000420s ]
INFO: [ app_begin ] --START--
INFO: Run Behavior\ReadHtmlCacheBehavior [ RunTime:0.000471s ]
INFO: [ app_begin ] --END-- [ RunTime:0.000511s ]
SQL: SHOW COLUMNS FROM `zn_admin_config` [ RunTime:0.0118s ]
SQL: SELECT * FROM `zn_admin_config` ORDER BY ac_id desc LIMIT 1   [ RunTime:0.0011s ]
SQL: SHOW COLUMNS FROM `zn_classify_article` [ RunTime:0.0060s ]
SQL: SELECT * FROM `zn_classify_article` WHERE `lc_id` = 10 ORDER BY ca_sort desc LIMIT 0,10   [ RunTime:0.0008s ]
SQL: SELECT * FROM `zn_classify_article` WHERE `lc_id` = 10 ORDER BY ca_sort desc  [ RunTime:0.0008s ]
SQL: SHOW COLUMNS FROM `zn_little_classify` [ RunTime:0.0052s ]
INFO: [ view_parse ] --START--
INFO: [ template_filter ] --START--
INFO: Run Behavior\ContentReplaceBehavior [ RunTime:0.000057s ]
INFO: [ template_filter ] --END-- [ RunTime:0.000095s ]
INFO: Run Behavior\ParseTemplateBehavior [ RunTime:0.033123s ]
INFO: [ view_parse ] --END-- [ RunTime:0.033166s ]
INFO: [ view_filter ] --START--
INFO: Run Behavior\WriteHtmlCacheBehavior [ RunTime:0.000197s ]
INFO: [ view_filter ] --END-- [ RunTime:0.000223s ]
INFO: [ app_end ] --START--
INFO: Run Behavior\ShowPageTraceBehavior [ RunTime:0.000358s ]
INFO: [ app_end ] --END-- [ RunTime:0.000385s ]

[ 2018-11-09T13:12:32+08:00 ] 127.0.0.1 /index.php/Admin/Classify/classify_article_add/p/1/lc_id/10
INFO: [ app_init ] --START--
INFO: Run Behavior\BuildLiteBehavior [ RunTime:0.000010s ]
INFO: [ app_init ] --END-- [ RunTime:0.000300s ]
INFO: [ app_begin ] --START--
INFO: Run Behavior\ReadHtmlCacheBehavior [ RunTime:0.000355s ]
INFO: [ app_begin ] --END-- [ RunTime:0.000391s ]
SQL: SHOW COLUMNS FROM `zn_admin_config` [ RunTime:0.0117s ]
SQL: SELECT * FROM `zn_admin_config` ORDER BY ac_id desc LIMIT 1   [ RunTime:0.0012s ]
SQL: SHOW COLUMNS FROM `zn_nav` [ RunTime:0.0059s ]
SQL: SELECT * FROM `zn_nav` WHERE `nav_fid` = 0  [ RunTime:0.0011s ]
SQL: SELECT * FROM `zn_nav` WHERE `nav_fid` = 1  [ RunTime:0.0009s ]
SQL: SELECT * FROM `zn_nav` WHERE `nav_fid` = 2  [ RunTime:0.0008s ]
SQL: SELECT * FROM `zn_nav` WHERE `nav_fid` = 3  [ RunTime:0.0008s ]
SQL: SELECT * FROM `zn_nav` WHERE `nav_fid` = 4  [ RunTime:0.0009s ]
SQL: SELECT * FROM `zn_nav` WHERE `nav_fid` = 5  [ RunTime:0.0009s ]
SQL: SELECT * FROM `zn_nav` WHERE `nav_fid` = 6  [ RunTime:0.0007s ]
SQL: SELECT * FROM `zn_nav` WHERE `nav_fid` = 7  [ RunTime:0.0007s ]
SQL: SELECT * FROM `zn_nav` WHERE `nav_fid` = 8  [ RunTime:0.0006s ]
SQL: SELECT * FROM `zn_nav` WHERE `nav_fid` = 9  [ RunTime:0.0007s ]
SQL: SELECT * FROM `zn_nav` WHERE `nav_fid` = 10  [ RunTime:0.0007s ]
INFO: [ view_parse ] --START--
INFO: [ template_filter ] --START--
INFO: Run Behavior\ContentReplaceBehavior [ RunTime:0.000039s ]
INFO: [ template_filter ] --END-- [ RunTime:0.000086s ]
INFO: Run Behavior\ParseTemplateBehavior [ RunTime:0.017449s ]
INFO: [ view_parse ] --END-- [ RunTime:0.017492s ]
INFO: [ view_filter ] --START--
INFO: Run Behavior\WriteHtmlCacheBehavior [ RunTime:0.000200s ]
INFO: [ view_filter ] --END-- [ RunTime:0.000226s ]
INFO: [ app_end ] --START--
INFO: Run Behavior\ShowPageTraceBehavior [ RunTime:0.000365s ]
INFO: [ app_end ] --END-- [ RunTime:0.000392s ]

[ 2018-11-09T13:12:52+08:00 ] 127.0.0.1 /index.php/Admin/Classify/classify_article_add/p/1/lc_id/10
INFO: [ app_init ] --START--
INFO: Run Behavior\BuildLiteBehavior [ RunTime:0.000009s ]
INFO: [ app_init ] --END-- [ RunTime:0.000375s ]
INFO: [ app_begin ] --START--
INFO: Run Behavior\ReadHtmlCacheBehavior [ RunTime:0.000555s ]
INFO: [ app_begin ] --END-- [ RunTime:0.000593s ]
SQL: SHOW COLUMNS FROM `zn_admin_config` [ RunTime:0.0120s ]
SQL: SELECT * FROM `zn_admin_config` ORDER BY ac_id desc LIMIT 1   [ RunTime:0.0011s ]
SQL: SHOW COLUMNS FROM `zn_classify_article` [ RunTime:0.0051s ]
SQL: INSERT INTO `zn_classify_article` (`ca_image`,`ca_title`,`ca_sort`,`ca_time`,`ca_content`,`lc_id`) VALUES ('/Public/editor/attached/image/20181109/20181109051251_46979.png','','0','1541740372','','10') [ RunTime:0.0009s ]
INFO: [ view_parse ] --START--
INFO: [ template_filter ] --START--
INFO: Run Behavior\ContentReplaceBehavior [ RunTime:0.000037s ]
INFO: [ template_filter ] --END-- [ RunTime:0.000085s ]
INFO: Run Behavior\ParseTemplateBehavior [ RunTime:0.005165s ]
INFO: [ view_parse ] --END-- [ RunTime:0.005210s ]
INFO: [ view_filter ] --START--
INFO: Run Behavior\WriteHtmlCacheBehavior [ RunTime:0.000392s ]
INFO: [ view_filter ] --END-- [ RunTime:0.000421s ]

[ 2018-11-09T13:12:53+08:00 ] 127.0.0.1 /index.php/Admin/Classify/classify_article/p/1/lc_id/10.html
INFO: [ app_init ] --START--
INFO: Run Behavior\BuildLiteBehavior [ RunTime:0.000008s ]
INFO: [ app_init ] --END-- [ RunTime:0.000341s ]
INFO: [ app_begin ] --START--
INFO: Run Behavior\ReadHtmlCacheBehavior [ RunTime:0.000543s ]
INFO: [ app_begin ] --END-- [ RunTime:0.000582s ]
SQL: SHOW COLUMNS FROM `zn_admin_config` [ RunTime:0.0119s ]
SQL: SELECT * FROM `zn_admin_config` ORDER BY ac_id desc LIMIT 1   [ RunTime:0.0008s ]
SQL: SHOW COLUMNS FROM `zn_classify_article` [ RunTime:0.0049s ]
SQL: SELECT * FROM `zn_classify_article` WHERE `lc_id` = 10 ORDER BY ca_sort desc LIMIT 0,10   [ RunTime:0.0010s ]
SQL: SELECT * FROM `zn_classify_article` WHERE `lc_id` = 10 ORDER BY ca_sort desc  [ RunTime:0.0009s ]
SQL: SHOW COLUMNS FROM `zn_little_classify` [ RunTime:0.0049s ]
SQL: SELECT * FROM `zn_little_classify` WHERE `lc_id` = 10 LIMIT 1   [ RunTime:0.0008s ]
INFO: [ view_parse ] --START--
INFO: [ template_filter ] --START--
INFO: Run Behavior\ContentReplaceBehavior [ RunTime:0.000052s ]
INFO: [ template_filter ] --END-- [ RunTime:0.000087s ]
INFO: Run Behavior\ParseTemplateBehavior [ RunTime:0.007290s ]
INFO: [ view_parse ] --END-- [ RunTime:0.007344s ]
INFO: [ view_filter ] --START--
INFO: Run Behavior\WriteHtmlCacheBehavior [ RunTime:0.000388s ]
INFO: [ view_filter ] --END-- [ RunTime:0.000415s ]
INFO: [ app_end ] --START--
INFO: Run Behavior\ShowPageTraceBehavior [ RunTime:0.000545s ]
INFO: [ app_end ] --END-- [ RunTime:0.000576s ]

[ 2018-11-09T13:12:56+08:00 ] 127.0.0.1 /index.php/Admin/Classify/classify_article_add/p/1/lc_id/10
INFO: [ app_init ] --START--
INFO: Run Behavior\BuildLiteBehavior [ RunTime:0.000013s ]
INFO: [ app_init ] --END-- [ RunTime:0.000518s ]
INFO: [ app_begin ] --START--
INFO: Run Behavior\ReadHtmlCacheBehavior [ RunTime:0.000796s ]
INFO: [ app_begin ] --END-- [ RunTime:0.000857s ]
SQL: SHOW COLUMNS FROM `zn_admin_config` [ RunTime:0.0118s ]
SQL: SELECT * FROM `zn_admin_config` ORDER BY ac_id desc LIMIT 1   [ RunTime:0.0009s ]
SQL: SHOW COLUMNS FROM `zn_nav` [ RunTime:0.0052s ]
SQL: SELECT * FROM `zn_nav` WHERE `nav_fid` = 0  [ RunTime:0.0009s ]
SQL: SELECT * FROM `zn_nav` WHERE `nav_fid` = 1  [ RunTime:0.0007s ]
SQL: SELECT * FROM `zn_nav` WHERE `nav_fid` = 2  [ RunTime:0.0006s ]
SQL: SELECT * FROM `zn_nav` WHERE `nav_fid` = 3  [ RunTime:0.0006s ]
SQL: SELECT * FROM `zn_nav` WHERE `nav_fid` = 4  [ RunTime:0.0006s ]
SQL: SELECT * FROM `zn_nav` WHERE `nav_fid` = 5  [ RunTime:0.0006s ]
SQL: SELECT * FROM `zn_nav` WHERE `nav_fid` = 6  [ RunTime:0.0006s ]
SQL: SELECT * FROM `zn_nav` WHERE `nav_fid` = 7  [ RunTime:0.0006s ]
SQL: SELECT * FROM `zn_nav` WHERE `nav_fid` = 8  [ RunTime:0.0006s ]
SQL: SELECT * FROM `zn_nav` WHERE `nav_fid` = 9  [ RunTime:0.0006s ]
SQL: SELECT * FROM `zn_nav` WHERE `nav_fid` = 10  [ RunTime:0.0006s ]
INFO: [ view_parse ] --START--
INFO: [ template_filter ] --START--
INFO: Run Behavior\ContentReplaceBehavior [ RunTime:0.000066s ]
INFO: [ template_filter ] --END-- [ RunTime:0.000145s ]
INFO: Run Behavior\ParseTemplateBehavior [ RunTime:0.008816s ]
INFO: [ view_parse ] --END-- [ RunTime:0.008869s ]
INFO: [ view_filter ] --START--
INFO: Run Behavior\WriteHtmlCacheBehavior [ RunTime:0.000383s ]
INFO: [ view_filter ] --END-- [ RunTime:0.000411s ]
INFO: [ app_end ] --START--
INFO: Run Behavior\ShowPageTraceBehavior [ RunTime:0.004049s ]
INFO: [ app_end ] --END-- [ RunTime:0.004078s ]

[ 2018-11-09T13:13:11+08:00 ] 127.0.0.1 /index.php/Admin/Classify/classify_article_add/p/1/lc_id/10
INFO: [ app_init ] --START--
INFO: Run Behavior\BuildLiteBehavior [ RunTime:0.000009s ]
INFO: [ app_init ] --END-- [ RunTime:0.000359s ]
INFO: [ app_begin ] --START--
INFO: Run Behavior\ReadHtmlCacheBehavior [ RunTime:0.000540s ]
INFO: [ app_begin ] --END-- [ RunTime:0.000580s ]
SQL: SHOW COLUMNS FROM `zn_admin_config` [ RunTime:0.0118s ]
SQL: SELECT * FROM `zn_admin_config` ORDER BY ac_id desc LIMIT 1   [ RunTime:0.0009s ]
SQL: SHOW COLUMNS FROM `zn_classify_article` [ RunTime:0.0049s ]
SQL: INSERT INTO `zn_classify_article` (`ca_image`,`ca_title`,`ca_sort`,`ca_time`,`ca_content`,`lc_id`) VALUES ('/Public/editor/attached/image/20181109/20181109051310_38814.png','','0','1541740391','','10') [ RunTime:0.0008s ]
INFO: [ view_parse ] --START--
INFO: [ template_filter ] --START--
INFO: Run Behavior\ContentReplaceBehavior [ RunTime:0.000031s ]
INFO: [ template_filter ] --END-- [ RunTime:0.000071s ]
INFO: Run Behavior\ParseTemplateBehavior [ RunTime:0.007288s ]
INFO: [ view_parse ] --END-- [ RunTime:0.007327s ]
INFO: [ view_filter ] --START--
INFO: Run Behavior\WriteHtmlCacheBehavior [ RunTime:0.000390s ]
INFO: [ view_filter ] --END-- [ RunTime:0.000417s ]

[ 2018-11-09T13:13:12+08:00 ] 127.0.0.1 /index.php/Admin/Classify/classify_article/p/1/lc_id/10.html
INFO: [ app_init ] --START--
INFO: Run Behavior\BuildLiteBehavior [ RunTime:0.000009s ]
INFO: [ app_init ] --END-- [ RunTime:0.000344s ]
INFO: [ app_begin ] --START--
INFO: Run Behavior\ReadHtmlCacheBehavior [ RunTime:0.000536s ]
INFO: [ app_begin ] --END-- [ RunTime:0.000573s ]
SQL: SHOW COLUMNS FROM `zn_admin_config` [ RunTime:0.0130s ]
SQL: SELECT * FROM `zn_admin_config` ORDER BY ac_id desc LIMIT 1   [ RunTime:0.0014s ]
SQL: SHOW COLUMNS FROM `zn_classify_article` [ RunTime:0.0051s ]
SQL: SELECT * FROM `zn_classify_article` WHERE `lc_id` = 10 ORDER BY ca_sort desc LIMIT 0,10   [ RunTime:0.0010s ]
SQL: SELECT * FROM `zn_classify_article` WHERE `lc_id` = 10 ORDER BY ca_sort desc  [ RunTime:0.0007s ]
SQL: SHOW COLUMNS FROM `zn_little_classify` [ RunTime:0.0050s ]
SQL: SELECT * FROM `zn_little_classify` WHERE `lc_id` = 10 LIMIT 1   [ RunTime:0.0007s ]
SQL: SELECT * FROM `zn_little_classify` WHERE `lc_id` = 10 LIMIT 1   [ RunTime:0.0008s ]
INFO: [ view_parse ] --START--
INFO: [ template_filter ] --START--
INFO: Run Behavior\ContentReplaceBehavior [ RunTime:0.000052s ]
INFO: [ template_filter ] --END-- [ RunTime:0.000089s ]
INFO: Run Behavior\ParseTemplateBehavior [ RunTime:0.007348s ]
INFO: [ view_parse ] --END-- [ RunTime:0.007390s ]
INFO: [ view_filter ] --START--
INFO: Run Behavior\WriteHtmlCacheBehavior [ RunTime:0.000383s ]
INFO: [ view_filter ] --END-- [ RunTime:0.000411s ]
INFO: [ app_end ] --START--
INFO: Run Behavior\ShowPageTraceBehavior [ RunTime:0.000536s ]
INFO: [ app_end ] --END-- [ RunTime:0.000565s ]

[ 2018-11-09T13:13:13+08:00 ] 127.0.0.1 /index.php/Admin/Classify/classify_article_add/p/1/lc_id/10
INFO: [ app_init ] --START--
INFO: Run Behavior\BuildLiteBehavior [ RunTime:0.000012s ]
INFO: [ app_init ] --END-- [ RunTime:0.000660s ]
INFO: [ app_begin ] --START--
INFO: Run Behavior\ReadHtmlCacheBehavior [ RunTime:0.000640s ]
INFO: [ app_begin ] --END-- [ RunTime:0.000696s ]
SQL: SHOW COLUMNS FROM `zn_admin_config` [ RunTime:0.0119s ]
SQL: SELECT * FROM `zn_admin_config` ORDER BY ac_id desc LIMIT 1   [ RunTime:0.0009s ]
SQL: SHOW COLUMNS FROM `zn_nav` [ RunTime:0.0052s ]
SQL: SELECT * FROM `zn_nav` WHERE `nav_fid` = 0  [ RunTime:0.0010s ]
SQL: SELECT * FROM `zn_nav` WHERE `nav_fid` = 1  [ RunTime:0.0008s ]
SQL: SELECT * FROM `zn_nav` WHERE `nav_fid` = 2  [ RunTime:0.0008s ]
SQL: SELECT * FROM `zn_nav` WHERE `nav_fid` = 3  [ RunTime:0.0008s ]
SQL: SELECT * FROM `zn_nav` WHERE `nav_fid` = 4  [ RunTime:0.0007s ]
SQL: SELECT * FROM `zn_nav` WHERE `nav_fid` = 5  [ RunTime:0.0007s ]
SQL: SELECT * FROM `zn_nav` WHERE `nav_fid` = 6  [ RunTime:0.0006s ]
SQL: SELECT * FROM `zn_nav` WHERE `nav_fid` = 7  [ RunTime:0.0006s ]
SQL: SELECT * FROM `zn_nav` WHERE `nav_fid` = 8  [ RunTime:0.0007s ]
SQL: SELECT * FROM `zn_nav` WHERE `nav_fid` = 9  [ RunTime:0.0007s ]
SQL: SELECT * FROM `zn_nav` WHERE `nav_fid` = 10  [ RunTime:0.0007s ]
INFO: [ view_parse ] --START--
INFO: [ template_filter ] --START--
INFO: Run Behavior\ContentReplaceBehavior [ RunTime:0.000044s ]
INFO: [ template_filter ] --END-- [ RunTime:0.000089s ]
INFO: Run Behavior\ParseTemplateBehavior [ RunTime:0.010654s ]
INFO: [ view_parse ] --END-- [ RunTime:0.010704s ]
INFO: [ view_filter ] --START--
INFO: Run Behavior\WriteHtmlCacheBehavior [ RunTime:0.000411s ]
INFO: [ view_filter ] --END-- [ RunTime:0.000439s ]
INFO: [ app_end ] --START--
INFO: Run Behavior\ShowPageTraceBehavior [ RunTime:0.000606s ]
INFO: [ app_end ] --END-- [ RunTime:0.000638s ]

[ 2018-11-09T13:13:28+08:00 ] 127.0.0.1 /index.php/Admin/Classify/classify_article_add/p/1/lc_id/10
INFO: [ app_init ] --START--
INFO: Run Behavior\BuildLiteBehavior [ RunTime:0.000009s ]
INFO: [ app_init ] --END-- [ RunTime:0.000352s ]
INFO: [ app_begin ] --START--
INFO: Run Behavior\ReadHtmlCacheBehavior [ RunTime:0.000559s ]
INFO: [ app_begin ] --END-- [ RunTime:0.000598s ]
SQL: SHOW COLUMNS FROM `zn_admin_config` [ RunTime:0.0067s ]
SQL: SELECT * FROM `zn_admin_config` ORDER BY ac_id desc LIMIT 1   [ RunTime:0.0009s ]
SQL: SHOW COLUMNS FROM `zn_classify_article` [ RunTime:0.0051s ]
SQL: INSERT INTO `zn_classify_article` (`ca_image`,`ca_title`,`ca_sort`,`ca_time`,`ca_content`,`lc_id`) VALUES ('/Public/editor/attached/image/20181109/20181109051327_86138.png','','0','1541740408','','10') [ RunTime:0.0009s ]
INFO: [ view_parse ] --START--
INFO: [ template_filter ] --START--
INFO: Run Behavior\ContentReplaceBehavior [ RunTime:0.000031s ]
INFO: [ template_filter ] --END-- [ RunTime:0.000082s ]
INFO: Run Behavior\ParseTemplateBehavior [ RunTime:0.005105s ]
INFO: [ view_parse ] --END-- [ RunTime:0.005143s ]
INFO: [ view_filter ] --START--
INFO: Run Behavior\WriteHtmlCacheBehavior [ RunTime:0.000386s ]
INFO: [ view_filter ] --END-- [ RunTime:0.000414s ]

[ 2018-11-09T13:13:30+08:00 ] 127.0.0.1 /index.php/Admin/Classify/classify_article/p/1/lc_id/10.html
INFO: [ app_init ] --START--
INFO: Run Behavior\BuildLiteBehavior [ RunTime:0.000010s ]
INFO: [ app_init ] --END-- [ RunTime:0.000384s ]
INFO: [ app_begin ] --START--
INFO: Run Behavior\ReadHtmlCacheBehavior [ RunTime:0.000552s ]
INFO: [ app_begin ] --END-- [ RunTime:0.000591s ]
SQL: SHOW COLUMNS FROM `zn_admin_config` [ RunTime:0.0118s ]
SQL: SELECT * FROM `zn_admin_config` ORDER BY ac_id desc LIMIT 1   [ RunTime:0.0010s ]
SQL: SHOW COLUMNS FROM `zn_classify_article` [ RunTime:0.0052s ]
SQL: SELECT * FROM `zn_classify_article` WHERE `lc_id` = 10 ORDER BY ca_sort desc LIMIT 0,10   [ RunTime:0.0009s ]
SQL: SELECT * FROM `zn_classify_article` WHERE `lc_id` = 10 ORDER BY ca_sort desc  [ RunTime:0.0007s ]
SQL: SHOW COLUMNS FROM `zn_little_classify` [ RunTime:0.0049s ]
SQL: SELECT * FROM `zn_little_classify` WHERE `lc_id` = 10 LIMIT 1   [ RunTime:0.0012s ]
SQL: SELECT * FROM `zn_little_classify` WHERE `lc_id` = 10 LIMIT 1   [ RunTime:0.0007s ]
SQL: SELECT * FROM `zn_little_classify` WHERE `lc_id` = 10 LIMIT 1   [ RunTime:0.0006s ]
INFO: [ view_parse ] --START--
INFO: [ template_filter ] --START--
INFO: Run Behavior\ContentReplaceBehavior [ RunTime:0.000055s ]
INFO: [ template_filter ] --END-- [ RunTime:0.000093s ]
INFO: Run Behavior\ParseTemplateBehavior [ RunTime:0.014820s ]
INFO: [ view_parse ] --END-- [ RunTime:0.014862s ]
INFO: [ view_filter ] --START--
INFO: Run Behavior\WriteHtmlCacheBehavior [ RunTime:0.000394s ]
INFO: [ view_filter ] --END-- [ RunTime:0.000424s ]
INFO: [ app_end ] --START--
INFO: Run Behavior\ShowPageTraceBehavior [ RunTime:0.000572s ]
INFO: [ app_end ] --END-- [ RunTime:0.000603s ]

[ 2018-11-09T13:22:19+08:00 ] 127.0.0.1 /index.php/Admin/Classify/classify_article_update/ca_id/11/lc_id/10/p/1
INFO: [ app_init ] --START--
INFO: Run Behavior\BuildLiteBehavior [ RunTime:0.000016s ]
INFO: [ app_init ] --END-- [ RunTime:0.000486s ]
INFO: [ app_begin ] --START--
INFO: Run Behavior\ReadHtmlCacheBehavior [ RunTime:0.000871s ]
INFO: [ app_begin ] --END-- [ RunTime:0.000955s ]
SQL: SHOW COLUMNS FROM `zn_admin_config` [ RunTime:0.0067s ]
SQL: SELECT * FROM `zn_admin_config` ORDER BY ac_id desc LIMIT 1   [ RunTime:0.0010s ]
SQL: SHOW COLUMNS FROM `zn_classify_article` [ RunTime:0.0067s ]
SQL: SELECT * FROM `zn_classify_article` WHERE `ca_id` = 11 LIMIT 1   [ RunTime:0.0009s ]
SQL: SHOW COLUMNS FROM `zn_little_classify` [ RunTime:0.0074s ]
SQL: SELECT * FROM `zn_little_classify` WHERE `lc_id` = 10 LIMIT 1   [ RunTime:0.0008s ]
SQL: SHOW COLUMNS FROM `zn_nav` [ RunTime:0.0195s ]
SQL: SELECT * FROM `zn_nav` WHERE `nav_fid` = 0  [ RunTime:0.0008s ]
SQL: SELECT * FROM `zn_nav` WHERE `nav_fid` = 1  [ RunTime:0.0007s ]
SQL: SELECT * FROM `zn_nav` WHERE `nav_fid` = 2  [ RunTime:0.0007s ]
SQL: SELECT * FROM `zn_nav` WHERE `nav_fid` = 3  [ RunTime:0.0007s ]
SQL: SELECT * FROM `zn_nav` WHERE `nav_fid` = 4  [ RunTime:0.0007s ]
SQL: SELECT * FROM `zn_nav` WHERE `nav_fid` = 5  [ RunTime:0.0007s ]
SQL: SELECT * FROM `zn_nav` WHERE `nav_fid` = 6  [ RunTime:0.0007s ]
SQL: SELECT * FROM `zn_nav` WHERE `nav_fid` = 7  [ RunTime:0.0007s ]
SQL: SELECT * FROM `zn_nav` WHERE `nav_fid` = 8  [ RunTime:0.0006s ]
SQL: SELECT * FROM `zn_nav` WHERE `nav_fid` = 9  [ RunTime:0.0007s ]
SQL: SELECT * FROM `zn_nav` WHERE `nav_fid` = 10  [ RunTime:0.0008s ]
INFO: [ view_parse ] --START--
INFO: [ template_filter ] --START--
INFO: Run Behavior\ContentReplaceBehavior [ RunTime:0.000046s ]
INFO: [ template_filter ] --END-- [ RunTime:0.000089s ]
INFO: Run Behavior\ParseTemplateBehavior [ RunTime:0.036263s ]
INFO: [ view_parse ] --END-- [ RunTime:0.036346s ]
INFO: [ view_filter ] --START--
INFO: Run Behavior\WriteHtmlCacheBehavior [ RunTime:0.000219s ]
INFO: [ view_filter ] --END-- [ RunTime:0.000246s ]
INFO: [ app_end ] --START--
INFO: Run Behavior\ShowPageTraceBehavior [ RunTime:0.000421s ]
INFO: [ app_end ] --END-- [ RunTime:0.000455s ]

[ 2018-11-09T13:22:32+08:00 ] 127.0.0.1 /index.php/Admin/Classify/classify_article_update/ca_id/11/lc_id/10/p/1
INFO: [ app_init ] --START--
INFO: Run Behavior\BuildLiteBehavior [ RunTime:0.000015s ]
INFO: [ app_init ] --END-- [ RunTime:0.000599s ]
INFO: [ app_begin ] --START--
INFO: Run Behavior\ReadHtmlCacheBehavior [ RunTime:0.000687s ]
INFO: [ app_begin ] --END-- [ RunTime:0.000735s ]
SQL: SHOW COLUMNS FROM `zn_admin_config` [ RunTime:0.0121s ]
SQL: SELECT * FROM `zn_admin_config` ORDER BY ac_id desc LIMIT 1   [ RunTime:0.0009s ]
SQL: SHOW COLUMNS FROM `zn_classify_article` [ RunTime:0.0050s ]
SQL: UPDATE `zn_classify_article` SET `ca_image`='/Public/editor/attached/image/20181109/20181109052230_13905.jpg',`ca_title`='',`ca_time`='1541740952',`ca_sort`='0',`ca_content`='',`lc_id`='10' WHERE `ca_id` = 11 [ RunTime:0.0010s ]
INFO: [ view_parse ] --START--
INFO: [ template_filter ] --START--
INFO: Run Behavior\ContentReplaceBehavior [ RunTime:0.000030s ]
INFO: [ template_filter ] --END-- [ RunTime:0.000070s ]
INFO: Run Behavior\ParseTemplateBehavior [ RunTime:0.005455s ]
INFO: [ view_parse ] --END-- [ RunTime:0.005494s ]
INFO: [ view_filter ] --START--
INFO: Run Behavior\WriteHtmlCacheBehavior [ RunTime:0.000388s ]
INFO: [ view_filter ] --END-- [ RunTime:0.000417s ]

[ 2018-11-09T13:22:33+08:00 ] 127.0.0.1 /index.php/Admin/Classify/classify_article/p/1/lc_id/10.html
INFO: [ app_init ] --START--
INFO: Run Behavior\BuildLiteBehavior [ RunTime:0.000011s ]
INFO: [ app_init ] --END-- [ RunTime:0.000419s ]
INFO: [ app_begin ] --START--
INFO: Run Behavior\ReadHtmlCacheBehavior [ RunTime:0.000575s ]
INFO: [ app_begin ] --END-- [ RunTime:0.000615s ]
SQL: SHOW COLUMNS FROM `zn_admin_config` [ RunTime:0.0047s ]
SQL: SELECT * FROM `zn_admin_config` ORDER BY ac_id desc LIMIT 1   [ RunTime:0.0011s ]
SQL: SHOW COLUMNS FROM `zn_classify_article` [ RunTime:0.0052s ]
SQL: SELECT * FROM `zn_classify_article` WHERE `lc_id` = 10 ORDER BY ca_sort desc LIMIT 0,10   [ RunTime:0.0008s ]
SQL: SELECT * FROM `zn_classify_article` WHERE `lc_id` = 10 ORDER BY ca_sort desc  [ RunTime:0.0007s ]
SQL: SHOW COLUMNS FROM `zn_little_classify` [ RunTime:0.0046s ]
SQL: SELECT * FROM `zn_little_classify` WHERE `lc_id` = 10 LIMIT 1   [ RunTime:0.0010s ]
SQL: SELECT * FROM `zn_little_classify` WHERE `lc_id` = 10 LIMIT 1   [ RunTime:0.0007s ]
SQL: SELECT * FROM `zn_little_classify` WHERE `lc_id` = 10 LIMIT 1   [ RunTime:0.0006s ]
INFO: [ view_parse ] --START--
INFO: [ template_filter ] --START--
INFO: Run Behavior\ContentReplaceBehavior [ RunTime:0.000056s ]
INFO: [ template_filter ] --END-- [ RunTime:0.000097s ]
INFO: Run Behavior\ParseTemplateBehavior [ RunTime:0.014697s ]
INFO: [ view_parse ] --END-- [ RunTime:0.014737s ]
INFO: [ view_filter ] --START--
INFO: Run Behavior\WriteHtmlCacheBehavior [ RunTime:0.000390s ]
INFO: [ view_filter ] --END-- [ RunTime:0.000417s ]
INFO: [ app_end ] --START--
INFO: Run Behavior\ShowPageTraceBehavior [ RunTime:0.000541s ]
INFO: [ app_end ] --END-- [ RunTime:0.000570s ]

[ 2018-11-09T13:27:25+08:00 ] 127.0.0.1 /index.php/Admin/AboutUs/company_introduce
INFO: [ app_init ] --START--
INFO: Run Behavior\BuildLiteBehavior [ RunTime:0.000012s ]
INFO: [ app_init ] --END-- [ RunTime:0.000627s ]
INFO: [ app_begin ] --START--
INFO: Run Behavior\ReadHtmlCacheBehavior [ RunTime:0.000510s ]
INFO: [ app_begin ] --END-- [ RunTime:0.000553s ]
SQL: SHOW COLUMNS FROM `zn_admin_config` [ RunTime:0.0052s ]
SQL: SELECT * FROM `zn_admin_config` ORDER BY ac_id desc LIMIT 1   [ RunTime:0.0008s ]
SQL: SHOW COLUMNS FROM `zn_company_introduce` [ RunTime:0.0066s ]
SQL: SELECT * FROM `zn_company_introduce`  [ RunTime:0.0023s ]
INFO: [ view_parse ] --START--
INFO: [ template_filter ] --START--
INFO: Run Behavior\ContentReplaceBehavior [ RunTime:0.000042s ]
INFO: [ template_filter ] --END-- [ RunTime:0.000083s ]
INFO: Run Behavior\ParseTemplateBehavior [ RunTime:0.037142s ]
INFO: [ view_parse ] --END-- [ RunTime:0.037201s ]
INFO: [ view_filter ] --START--
INFO: Run Behavior\WriteHtmlCacheBehavior [ RunTime:0.000405s ]
INFO: [ view_filter ] --END-- [ RunTime:0.000448s ]
INFO: [ app_end ] --START--
INFO: Run Behavior\ShowPageTraceBehavior [ RunTime:0.000536s ]
INFO: [ app_end ] --END-- [ RunTime:0.000571s ]

[ 2018-11-09T13:27:30+08:00 ] 127.0.0.1 /index.php/Admin/AboutUs/company_introduce_update/ci_id/1
INFO: [ app_init ] --START--
INFO: Run Behavior\BuildLiteBehavior [ RunTime:0.000010s ]
INFO: [ app_init ] --END-- [ RunTime:0.000376s ]
INFO: [ app_begin ] --START--
INFO: Run Behavior\ReadHtmlCacheBehavior [ RunTime:0.000484s ]
INFO: [ app_begin ] --END-- [ RunTime:0.000529s ]
SQL: SHOW COLUMNS FROM `zn_admin_config` [ RunTime:0.0056s ]
SQL: SELECT * FROM `zn_admin_config` ORDER BY ac_id desc LIMIT 1   [ RunTime:0.0010s ]
SQL: SHOW COLUMNS FROM `zn_company_introduce` [ RunTime:0.0066s ]
SQL: SELECT * FROM `zn_company_introduce` WHERE `ci_id` = 1 LIMIT 1   [ RunTime:0.0012s ]
INFO: [ view_parse ] --START--
INFO: [ template_filter ] --START--
INFO: Run Behavior\ContentReplaceBehavior [ RunTime:0.000043s ]
INFO: [ template_filter ] --END-- [ RunTime:0.000087s ]
INFO: Run Behavior\ParseTemplateBehavior [ RunTime:0.008504s ]
INFO: [ view_parse ] --END-- [ RunTime:0.008553s ]
INFO: [ view_filter ] --START--
INFO: Run Behavior\WriteHtmlCacheBehavior [ RunTime:0.000327s ]
INFO: [ view_filter ] --END-- [ RunTime:0.000357s ]
INFO: [ app_end ] --START--
INFO: Run Behavior\ShowPageTraceBehavior [ RunTime:0.000506s ]
INFO: [ app_end ] --END-- [ RunTime:0.000539s ]

[ 2018-11-09T13:27:41+08:00 ] 127.0.0.1 /index.php/Admin/AboutUs/company_introduce_update/ci_id/1
INFO: [ app_init ] --START--
INFO: Run Behavior\BuildLiteBehavior [ RunTime:0.000011s ]
INFO: [ app_init ] --END-- [ RunTime:0.000369s ]
INFO: [ app_begin ] --START--
INFO: Run Behavior\ReadHtmlCacheBehavior [ RunTime:0.000567s ]
INFO: [ app_begin ] --END-- [ RunTime:0.000608s ]
SQL: SHOW COLUMNS FROM `zn_admin_config` [ RunTime:0.0058s ]
SQL: SELECT * FROM `zn_admin_config` ORDER BY ac_id desc LIMIT 1   [ RunTime:0.0011s ]
SQL: SHOW COLUMNS FROM `zn_company_introduce` [ RunTime:0.0062s ]
SQL: UPDATE `zn_company_introduce` SET `ci_name`='xxx某公司',`ci_image`='/Public/editor/attached/image/20181109/20181109052740_69900.png',`ci_title`='物权法额外热构图',`ci_content`='我VR恶不突然那一条木有问过我热图内容页面图问问吧而你他妈，㔿<span>我VR恶不突然那一条木有问过我热图内容页面图问问吧而你他妈，㔿</span><span>我VR恶不突然那一条木有问过我热图内容页面图问问吧而你他妈，㔿</span><span>我VR恶不突然那一条木有问过我热图内容页面图问问吧而你他妈，㔿</span><span>我VR恶不突然那一条木有问过我热图内容页面图问问吧而你他妈，㔿</span><span>我VR恶不突然那一条木有问过我热图内容页面图问问吧而你他妈，㔿</span><span>我VR恶不突然那一条木有问过我热图内容页面图问问吧而你他妈，㔿</span><span>我VR恶不突然那一条木有问过我热图内容页面图问问吧而你他妈，㔿</span><span>我VR恶不突然那一条木有问过我热图内容页面图问问吧而你他妈，㔿</span><span>我VR恶不突然那一条木有问过我热图内容页面图问问吧而你他妈，㔿</span><span>我VR恶不突然那一条木有问过我热图内容页面图问问吧而你他妈，㔿万色地方规划</span>',`ci_logo`='/Public/editor/attached/image/20181108/20181108093609_69087.png' WHERE `ci_id` = 1 [ RunTime:0.0011s ]
INFO: [ view_parse ] --START--
INFO: [ template_filter ] --START--
INFO: Run Behavior\ContentReplaceBehavior [ RunTime:0.000056s ]
INFO: [ template_filter ] --END-- [ RunTime:0.000137s ]
INFO: Run Behavior\ParseTemplateBehavior [ RunTime:0.013624s ]
INFO: [ view_parse ] --END-- [ RunTime:0.013700s ]
INFO: [ view_filter ] --START--
INFO: Run Behavior\WriteHtmlCacheBehavior [ RunTime:0.000574s ]
INFO: [ view_filter ] --END-- [ RunTime:0.000613s ]

[ 2018-11-09T13:27:42+08:00 ] 127.0.0.1 /index.php/Admin/AboutUs/company_introduce.html
INFO: [ app_init ] --START--
INFO: Run Behavior\BuildLiteBehavior [ RunTime:0.000029s ]
INFO: [ app_init ] --END-- [ RunTime:0.000712s ]
INFO: [ app_begin ] --START--
INFO: Run Behavior\ReadHtmlCacheBehavior [ RunTime:0.000748s ]
INFO: [ app_begin ] --END-- [ RunTime:0.000814s ]
SQL: SHOW COLUMNS FROM `zn_admin_config` [ RunTime:0.0054s ]
SQL: SELECT * FROM `zn_admin_config` ORDER BY ac_id desc LIMIT 1   [ RunTime:0.0009s ]
SQL: SHOW COLUMNS FROM `zn_company_introduce` [ RunTime:0.0060s ]
SQL: SELECT * FROM `zn_company_introduce`  [ RunTime:0.0009s ]
INFO: [ view_parse ] --START--
INFO: [ template_filter ] --START--
INFO: Run Behavior\ContentReplaceBehavior [ RunTime:0.000044s ]
INFO: [ template_filter ] --END-- [ RunTime:0.000089s ]
INFO: Run Behavior\ParseTemplateBehavior [ RunTime:0.006077s ]
INFO: [ view_parse ] --END-- [ RunTime:0.006126s ]
INFO: [ view_filter ] --START--
INFO: Run Behavior\WriteHtmlCacheBehavior [ RunTime:0.000453s ]
INFO: [ view_filter ] --END-- [ RunTime:0.000486s ]
INFO: [ app_end ] --START--
INFO: Run Behavior\ShowPageTraceBehavior [ RunTime:0.000819s ]
INFO: [ app_end ] --END-- [ RunTime:0.000870s ]

[ 2018-11-09T13:36:39+08:00 ] 127.0.0.1 /index.php/Admin/Index/index/aid/1.html
INFO: [ app_init ] --START--
INFO: Run Behavior\BuildLiteBehavior [ RunTime:0.000009s ]
INFO: [ app_init ] --END-- [ RunTime:0.000371s ]
INFO: [ app_begin ] --START--
INFO: Run Behavior\ReadHtmlCacheBehavior [ RunTime:0.000431s ]
INFO: [ app_begin ] --END-- [ RunTime:0.000468s ]
SQL: SHOW COLUMNS FROM `zn_admin_config` [ RunTime:0.0143s ]
SQL: SELECT * FROM `zn_admin_config` ORDER BY ac_id desc LIMIT 1   [ RunTime:0.0011s ]
SQL: SHOW COLUMNS FROM `zn_admin` [ RunTime:0.0064s ]
SQL: SELECT * FROM `zn_admin` WHERE `aid` = 1 LIMIT 1   [ RunTime:0.0011s ]
INFO: [ view_parse ] --START--
INFO: [ template_filter ] --START--
INFO: Run Behavior\ContentReplaceBehavior [ RunTime:0.000056s ]
INFO: [ template_filter ] --END-- [ RunTime:0.000092s ]
INFO: Run Behavior\ParseTemplateBehavior [ RunTime:0.013420s ]
INFO: [ view_parse ] --END-- [ RunTime:0.013482s ]
INFO: [ view_filter ] --START--
INFO: Run Behavior\WriteHtmlCacheBehavior [ RunTime:0.000334s ]
INFO: [ view_filter ] --END-- [ RunTime:0.000363s ]
INFO: [ app_end ] --START--
INFO: Run Behavior\ShowPageTraceBehavior [ RunTime:0.000478s ]
INFO: [ app_end ] --END-- [ RunTime:0.000508s ]

[ 2018-11-09T13:36:42+08:00 ] 127.0.0.1 /index.php/Admin/AboutUs/company_introduce
INFO: [ app_init ] --START--
INFO: Run Behavior\BuildLiteBehavior [ RunTime:0.000016s ]
INFO: [ app_init ] --END-- [ RunTime:0.000496s ]
INFO: [ app_begin ] --START--
INFO: Run Behavior\ReadHtmlCacheBehavior [ RunTime:0.001025s ]
INFO: [ app_begin ] --END-- [ RunTime:0.001108s ]
SQL: SHOW COLUMNS FROM `zn_admin_config` [ RunTime:0.0063s ]
SQL: SELECT * FROM `zn_admin_config` ORDER BY ac_id desc LIMIT 1   [ RunTime:0.0009s ]
SQL: SHOW COLUMNS FROM `zn_company_introduce` [ RunTime:0.0073s ]
SQL: SELECT * FROM `zn_company_introduce`  [ RunTime:0.0020s ]
INFO: [ view_parse ] --START--
INFO: [ template_filter ] --START--
INFO: Run Behavior\ContentReplaceBehavior [ RunTime:0.000073s ]
INFO: [ template_filter ] --END-- [ RunTime:0.000164s ]
INFO: Run Behavior\ParseTemplateBehavior [ RunTime:0.006599s ]
INFO: [ view_parse ] --END-- [ RunTime:0.006648s ]
INFO: [ view_filter ] --START--
INFO: Run Behavior\WriteHtmlCacheBehavior [ RunTime:0.000218s ]
INFO: [ view_filter ] --END-- [ RunTime:0.000247s ]
INFO: [ app_end ] --START--
INFO: Run Behavior\ShowPageTraceBehavior [ RunTime:0.000402s ]
INFO: [ app_end ] --END-- [ RunTime:0.000434s ]

[ 2018-11-09T13:58:36+08:00 ] 127.0.0.1 /index.php/Admin/Index/background_image
INFO: [ app_init ] --START--
INFO: Run Behavior\BuildLiteBehavior [ RunTime:0.000015s ]
INFO: [ app_init ] --END-- [ RunTime:0.000453s ]
INFO: [ app_begin ] --START--
INFO: Run Behavior\ReadHtmlCacheBehavior [ RunTime:0.000405s ]
INFO: [ app_begin ] --END-- [ RunTime:0.000452s ]
SQL: SHOW COLUMNS FROM `zn_admin_config` [ RunTime:0.0138s ]
SQL: SELECT * FROM `zn_admin_config` ORDER BY ac_id desc LIMIT 1   [ RunTime:0.0013s ]
SQL: SHOW COLUMNS FROM `zn_background_image` [ RunTime:0.0077s ]
SQL: SELECT * FROM `zn_background_image` ORDER BY bi_sort desc LIMIT 0,10   [ RunTime:0.0010s ]
SQL: SHOW COLUMNS FROM `zn_nav` [ RunTime:0.0053s ]
SQL: SELECT * FROM `zn_nav` WHERE `nav_id` = 1 LIMIT 1   [ RunTime:0.0223s ]
SQL: SELECT * FROM `zn_nav` WHERE `nav_id` = 2 LIMIT 1   [ RunTime:0.0021s ]
SQL: SELECT * FROM `zn_nav` WHERE `nav_id` = 7 LIMIT 1   [ RunTime:0.0010s ]
SQL: SELECT * FROM `zn_nav` WHERE `nav_id` = 2 LIMIT 1   [ RunTime:0.0007s ]
SQL: SELECT * FROM `zn_background_image` ORDER BY bi_sort desc  [ RunTime:0.0007s ]
INFO: [ view_parse ] --START--
INFO: [ template_filter ] --START--
INFO: Run Behavior\ContentReplaceBehavior [ RunTime:0.000050s ]
INFO: [ template_filter ] --END-- [ RunTime:0.000097s ]
INFO: Run Behavior\ParseTemplateBehavior [ RunTime:0.006032s ]
INFO: [ view_parse ] --END-- [ RunTime:0.006072s ]
INFO: [ view_filter ] --START--
INFO: Run Behavior\WriteHtmlCacheBehavior [ RunTime:0.000203s ]
INFO: [ view_filter ] --END-- [ RunTime:0.000229s ]
INFO: [ app_end ] --START--
INFO: Run Behavior\ShowPageTraceBehavior [ RunTime:0.000353s ]
INFO: [ app_end ] --END-- [ RunTime:0.000384s ]

[ 2018-11-09T13:58:41+08:00 ] 127.0.0.1 /index.php/Admin/index/background_image_add/p/1
INFO: [ app_init ] --START--
INFO: Run Behavior\BuildLiteBehavior [ RunTime:0.000015s ]
INFO: [ app_init ] --END-- [ RunTime:0.000410s ]
INFO: [ app_begin ] --START--
INFO: Run Behavior\ReadHtmlCacheBehavior [ RunTime:0.000398s ]
INFO: [ app_begin ] --END-- [ RunTime:0.000436s ]
SQL: SHOW COLUMNS FROM `zn_admin_config` [ RunTime:0.0119s ]
SQL: SELECT * FROM `zn_admin_config` ORDER BY ac_id desc LIMIT 1   [ RunTime:0.0011s ]
SQL: SHOW COLUMNS FROM `zn_nav` [ RunTime:0.0051s ]
SQL: SELECT * FROM `zn_nav` WHERE `nav_fid` = 0  [ RunTime:0.0009s ]
SQL: SELECT * FROM `zn_nav` WHERE `nav_fid` = 1  [ RunTime:0.0009s ]
SQL: SELECT * FROM `zn_nav` WHERE `nav_fid` = 2  [ RunTime:0.0008s ]
SQL: SELECT * FROM `zn_nav` WHERE `nav_fid` = 3  [ RunTime:0.0007s ]
SQL: SELECT * FROM `zn_nav` WHERE `nav_fid` = 4  [ RunTime:0.0007s ]
SQL: SELECT * FROM `zn_nav` WHERE `nav_fid` = 5  [ RunTime:0.0007s ]
SQL: SELECT * FROM `zn_nav` WHERE `nav_fid` = 6  [ RunTime:0.0007s ]
SQL: SELECT * FROM `zn_nav` WHERE `nav_fid` = 7  [ RunTime:0.0006s ]
SQL: SELECT * FROM `zn_nav` WHERE `nav_fid` = 8  [ RunTime:0.0006s ]
SQL: SELECT * FROM `zn_nav` WHERE `nav_fid` = 9  [ RunTime:0.0007s ]
SQL: SELECT * FROM `zn_nav` WHERE `nav_fid` = 10  [ RunTime:0.0007s ]
INFO: [ view_parse ] --START--
INFO: [ template_filter ] --START--
INFO: Run Behavior\ContentReplaceBehavior [ RunTime:0.000039s ]
INFO: [ template_filter ] --END-- [ RunTime:0.000074s ]
INFO: Run Behavior\ParseTemplateBehavior [ RunTime:0.008337s ]
INFO: [ view_parse ] --END-- [ RunTime:0.008407s ]
INFO: [ view_filter ] --START--
INFO: Run Behavior\WriteHtmlCacheBehavior [ RunTime:0.000254s ]
INFO: [ view_filter ] --END-- [ RunTime:0.000296s ]
INFO: [ app_end ] --START--
INFO: Run Behavior\ShowPageTraceBehavior [ RunTime:0.000512s ]
INFO: [ app_end ] --END-- [ RunTime:0.000559s ]

[ 2018-11-09T13:59:30+08:00 ] 127.0.0.1 /index.php/Admin/index/background_image_add/p/1
INFO: [ app_init ] --START--
INFO: Run Behavior\BuildLiteBehavior [ RunTime:0.000019s ]
INFO: [ app_init ] --END-- [ RunTime:0.000506s ]
INFO: [ app_begin ] --START--
INFO: Run Behavior\ReadHtmlCacheBehavior [ RunTime:0.000732s ]
INFO: [ app_begin ] --END-- [ RunTime:0.000771s ]
SQL: SHOW COLUMNS FROM `zn_admin_config` [ RunTime:0.0124s ]
SQL: SELECT * FROM `zn_admin_config` ORDER BY ac_id desc LIMIT 1   [ RunTime:0.0014s ]
SQL: SHOW COLUMNS FROM `zn_background_image` [ RunTime:0.0054s ]
SQL: INSERT INTO `zn_background_image` (`bi_image`,`nav_id`,`bi_sort`,`bi_title`) VALUES ('/Public/editor/attached/image/20181109/20181109055929_90106.png','4','0','') [ RunTime:0.0010s ]
INFO: [ view_parse ] --START--
INFO: [ template_filter ] --START--
INFO: Run Behavior\ContentReplaceBehavior [ RunTime:0.000029s ]
INFO: [ template_filter ] --END-- [ RunTime:0.000064s ]
INFO: Run Behavior\ParseTemplateBehavior [ RunTime:0.005799s ]
INFO: [ view_parse ] --END-- [ RunTime:0.005847s ]
INFO: [ view_filter ] --START--
INFO: Run Behavior\WriteHtmlCacheBehavior [ RunTime:0.000571s ]
INFO: [ view_filter ] --END-- [ RunTime:0.000600s ]

[ 2018-11-09T13:59:31+08:00 ] 127.0.0.1 /index.php/Admin/Index/background_image/p/1.html
INFO: [ app_init ] --START--
INFO: Run Behavior\BuildLiteBehavior [ RunTime:0.000010s ]
INFO: [ app_init ] --END-- [ RunTime:0.000508s ]
INFO: [ app_begin ] --START--
INFO: Run Behavior\ReadHtmlCacheBehavior [ RunTime:0.000817s ]
INFO: [ app_begin ] --END-- [ RunTime:0.000869s ]
SQL: SHOW COLUMNS FROM `zn_admin_config` [ RunTime:0.0121s ]
SQL: SELECT * FROM `zn_admin_config` ORDER BY ac_id desc LIMIT 1   [ RunTime:0.0009s ]
SQL: SHOW COLUMNS FROM `zn_background_image` [ RunTime:0.0055s ]
SQL: SELECT * FROM `zn_background_image` ORDER BY bi_sort desc LIMIT 0,10   [ RunTime:0.0011s ]
SQL: SHOW COLUMNS FROM `zn_nav` [ RunTime:0.0050s ]
SQL: SELECT * FROM `zn_nav` WHERE `nav_id` = 1 LIMIT 1   [ RunTime:0.0007s ]
SQL: SELECT * FROM `zn_nav` WHERE `nav_id` = 2 LIMIT 1   [ RunTime:0.0006s ]
SQL: SELECT * FROM `zn_nav` WHERE `nav_id` = 7 LIMIT 1   [ RunTime:0.0006s ]
SQL: SELECT * FROM `zn_nav` WHERE `nav_id` = 2 LIMIT 1   [ RunTime:0.0006s ]
SQL: SELECT * FROM `zn_nav` WHERE `nav_id` = 4 LIMIT 1   [ RunTime:0.0006s ]
SQL: SELECT * FROM `zn_background_image` ORDER BY bi_sort desc  [ RunTime:0.0007s ]
INFO: [ view_parse ] --START--
INFO: [ template_filter ] --START--
INFO: Run Behavior\ContentReplaceBehavior [ RunTime:0.000059s ]
INFO: [ template_filter ] --END-- [ RunTime:0.000104s ]
INFO: Run Behavior\ParseTemplateBehavior [ RunTime:0.008412s ]
INFO: [ view_parse ] --END-- [ RunTime:0.008458s ]
INFO: [ view_filter ] --START--
INFO: Run Behavior\WriteHtmlCacheBehavior [ RunTime:0.000595s ]
INFO: [ view_filter ] --END-- [ RunTime:0.000624s ]
INFO: [ app_end ] --START--
INFO: Run Behavior\ShowPageTraceBehavior [ RunTime:0.000744s ]
INFO: [ app_end ] --END-- [ RunTime:0.000777s ]

