[ 2018-11-15T11:40:58+08:00 ] 192.168.0.106 /index.php/Home/Public/selcase
INFO: [ app_init ] --START--
INFO: Run Behavior\BuildLiteBehavior [ RunTime:0.000010s ]
INFO: [ app_init ] --END-- [ RunTime:0.000387s ]
INFO: [ app_begin ] --START--
INFO: Run Behavior\ReadHtmlCacheBehavior [ RunTime:0.000448s ]
INFO: [ app_begin ] --END-- [ RunTime:0.000497s ]
SQL: SHOW COLUMNS FROM `zn_case` [ RunTime:0.0591s ]
SQL: SELECT * FROM `zn_case` ORDER BY sort desc LIMIT 0,10   [ RunTime:0.0016s ]
SQL: SELECT * FROM `zn_case` ORDER BY sort desc  [ RunTime:0.0007s ]

[ 2018-11-15T11:44:20+08:00 ] 192.168.0.106 /index.php/Home/Public/selcase
INFO: [ app_init ] --START--
INFO: Run Behavior\BuildLiteBehavior [ RunTime:0.000019s ]
INFO: [ app_init ] --END-- [ RunTime:0.000621s ]
INFO: [ app_begin ] --START--
INFO: Run Behavior\ReadHtmlCacheBehavior [ RunTime:0.000602s ]
INFO: [ app_begin ] --END-- [ RunTime:0.000645s ]
SQL: SHOW COLUMNS FROM `zn_case` [ RunTime:0.0130s ]
SQL: SELECT * FROM `zn_case` ORDER BY sort desc LIMIT 0,10   [ RunTime:0.0013s ]
SQL: SELECT * FROM `zn_case` ORDER BY sort desc  [ RunTime:0.0012s ]

[ 2018-11-15T15:08:13+08:00 ] 127.0.0.1 /index.php/Home/Public/selcase
INFO: [ app_init ] --START--
INFO: Run Behavior\BuildLiteBehavior [ RunTime:0.000008s ]
INFO: [ app_init ] --END-- [ RunTime:0.000264s ]
INFO: [ app_begin ] --START--
INFO: Run Behavior\ReadHtmlCacheBehavior [ RunTime:0.000335s ]
INFO: [ app_begin ] --END-- [ RunTime:0.000368s ]
SQL: SHOW COLUMNS FROM `zn_case` [ RunTime:0.0129s ]
SQL: SELECT * FROM `zn_case` ORDER BY sort desc LIMIT 0,10   [ RunTime:0.0014s ]
SQL: SELECT * FROM `zn_case` ORDER BY sort desc  [ RunTime:0.0012s ]

[ 2018-11-15T15:12:26+08:00 ] 127.0.0.1 /index.php/Home/Public/selcase
INFO: [ app_init ] --START--
INFO: Run Behavior\BuildLiteBehavior [ RunTime:0.000008s ]
INFO: [ app_init ] --END-- [ RunTime:0.000284s ]
INFO: [ app_begin ] --START--
INFO: Run Behavior\ReadHtmlCacheBehavior [ RunTime:0.000473s ]
INFO: [ app_begin ] --END-- [ RunTime:0.000513s ]
SQL: SHOW COLUMNS FROM `zn_case` [ RunTime:0.0053s ]
SQL: SELECT * FROM `zn_case` ORDER BY sort desc LIMIT 0,1   [ RunTime:0.0010s ]
SQL: SELECT * FROM `zn_case` ORDER BY sort desc  [ RunTime:0.0007s ]

[ 2018-11-15T15:22:13+08:00 ] 127.0.0.1 /index.php/Home/Public/selcase
INFO: [ app_init ] --START--
INFO: Run Behavior\BuildLiteBehavior [ RunTime:0.000029s ]
INFO: [ app_init ] --END-- [ RunTime:0.000380s ]
INFO: [ app_begin ] --START--
INFO: Run Behavior\ReadHtmlCacheBehavior [ RunTime:0.000327s ]
INFO: [ app_begin ] --END-- [ RunTime:0.000363s ]
NOTIC: [2] session_start(): Cannot send session cache limiter - headers already sent E:\sunzemin\zhinengjiaju\ThinkPHP\Common\functions.php 第 1263 行.
SQL: SHOW COLUMNS FROM `zn_case` [ RunTime:0.0146s ]
SQL: SELECT * FROM `zn_case` ORDER BY sort desc LIMIT 0,1   [ RunTime:0.0008s ]
SQL: SELECT * FROM `zn_case` ORDER BY sort desc  [ RunTime:0.0007s ]
NOTIC: [2] Cannot modify header information - headers already sent E:\sunzemin\zhinengjiaju\ThinkPHP\Library\Think\Controller.class.php 第 215 行.

[ 2018-11-15T15:22:15+08:00 ] 127.0.0.1 /index.php/Home/Public/selcase
INFO: [ app_init ] --START--
INFO: Run Behavior\BuildLiteBehavior [ RunTime:0.000010s ]
INFO: [ app_init ] --END-- [ RunTime:0.000490s ]
INFO: [ app_begin ] --START--
INFO: Run Behavior\ReadHtmlCacheBehavior [ RunTime:0.000598s ]
INFO: [ app_begin ] --END-- [ RunTime:0.000679s ]
NOTIC: [2] session_start(): Cannot send session cache limiter - headers already sent E:\sunzemin\zhinengjiaju\ThinkPHP\Common\functions.php 第 1263 行.
SQL: SHOW COLUMNS FROM `zn_case` [ RunTime:0.0089s ]
SQL: SELECT * FROM `zn_case` ORDER BY sort desc LIMIT 0,1   [ RunTime:0.0011s ]
SQL: SELECT * FROM `zn_case` ORDER BY sort desc  [ RunTime:0.0011s ]
NOTIC: [2] Cannot modify header information - headers already sent E:\sunzemin\zhinengjiaju\ThinkPHP\Library\Think\Controller.class.php 第 215 行.

[ 2018-11-15T15:28:04+08:00 ] 127.0.0.1 /index.php/Home/Public/selcase
INFO: [ app_init ] --START--
INFO: Run Behavior\BuildLiteBehavior [ RunTime:0.000008s ]
INFO: [ app_init ] --END-- [ RunTime:0.000324s ]
INFO: [ app_begin ] --START--
INFO: Run Behavior\ReadHtmlCacheBehavior [ RunTime:0.000439s ]
INFO: [ app_begin ] --END-- [ RunTime:0.000530s ]
NOTIC: [2] session_start(): Cannot send session cache limiter - headers already sent E:\sunzemin\zhinengjiaju\ThinkPHP\Common\functions.php 第 1263 行.
SQL: SHOW COLUMNS FROM `zn_case` [ RunTime:0.0054s ]
SQL: SELECT * FROM `zn_case` ORDER BY sort desc LIMIT 0,1   [ RunTime:0.0009s ]
SQL: SELECT * FROM `zn_case` ORDER BY sort desc  [ RunTime:0.0007s ]
NOTIC: [2] Cannot modify header information - headers already sent E:\sunzemin\zhinengjiaju\ThinkPHP\Library\Think\Controller.class.php 第 215 行.

[ 2018-11-15T15:28:37+08:00 ] 127.0.0.1 /index.php/Home/Public/selcase
INFO: [ app_init ] --START--
INFO: Run Behavior\BuildLiteBehavior [ RunTime:0.000010s ]
INFO: [ app_init ] --END-- [ RunTime:0.000326s ]
INFO: [ app_begin ] --START--
INFO: Run Behavior\ReadHtmlCacheBehavior [ RunTime:0.000452s ]
INFO: [ app_begin ] --END-- [ RunTime:0.000484s ]
NOTIC: [2] session_start(): Cannot send session cache limiter - headers already sent E:\sunzemin\zhinengjiaju\ThinkPHP\Common\functions.php 第 1263 行.
SQL: SHOW COLUMNS FROM `zn_case` [ RunTime:0.0148s ]
SQL: SELECT * FROM `zn_case` ORDER BY sort desc LIMIT 0,1   [ RunTime:0.0013s ]
SQL: SELECT * FROM `zn_case` ORDER BY sort desc  [ RunTime:0.0008s ]
NOTIC: [2] Cannot modify header information - headers already sent E:\sunzemin\zhinengjiaju\ThinkPHP\Library\Think\Controller.class.php 第 215 行.

[ 2018-11-15T15:29:14+08:00 ] 127.0.0.1 /index.php/Home/Public/selcase
INFO: [ app_init ] --START--
INFO: Run Behavior\BuildLiteBehavior [ RunTime:0.000012s ]
INFO: [ app_init ] --END-- [ RunTime:0.000328s ]
INFO: [ app_begin ] --START--
INFO: Run Behavior\ReadHtmlCacheBehavior [ RunTime:0.000463s ]
INFO: [ app_begin ] --END-- [ RunTime:0.000516s ]
NOTIC: [2] session_start(): Cannot send session cache limiter - headers already sent E:\sunzemin\zhinengjiaju\ThinkPHP\Common\functions.php 第 1263 行.
SQL: SHOW COLUMNS FROM `zn_case` [ RunTime:0.0061s ]
SQL: SELECT * FROM `zn_case` ORDER BY sort desc LIMIT 0,1   [ RunTime:0.0011s ]
SQL: SELECT * FROM `zn_case` ORDER BY sort desc  [ RunTime:0.0010s ]
NOTIC: [2] Cannot modify header information - headers already sent E:\sunzemin\zhinengjiaju\ThinkPHP\Library\Think\Controller.class.php 第 215 行.

[ 2018-11-15T15:29:15+08:00 ] 127.0.0.1 /index.php/Home/Public/selcase
INFO: [ app_init ] --START--
INFO: Run Behavior\BuildLiteBehavior [ RunTime:0.000009s ]
INFO: [ app_init ] --END-- [ RunTime:0.000247s ]
INFO: [ app_begin ] --START--
INFO: Run Behavior\ReadHtmlCacheBehavior [ RunTime:0.000356s ]
INFO: [ app_begin ] --END-- [ RunTime:0.000385s ]
NOTIC: [2] session_start(): Cannot send session cache limiter - headers already sent E:\sunzemin\zhinengjiaju\ThinkPHP\Common\functions.php 第 1263 行.
SQL: SHOW COLUMNS FROM `zn_case` [ RunTime:0.0064s ]
SQL: SELECT * FROM `zn_case` ORDER BY sort desc LIMIT 0,1   [ RunTime:0.0010s ]
SQL: SELECT * FROM `zn_case` ORDER BY sort desc  [ RunTime:0.0007s ]
NOTIC: [2] Cannot modify header information - headers already sent E:\sunzemin\zhinengjiaju\ThinkPHP\Library\Think\Controller.class.php 第 215 行.

[ 2018-11-15T15:29:35+08:00 ] 127.0.0.1 /index.php/Home/Public/selcase
INFO: [ app_init ] --START--
INFO: Run Behavior\BuildLiteBehavior [ RunTime:0.000008s ]
INFO: [ app_init ] --END-- [ RunTime:0.000255s ]
INFO: [ app_begin ] --START--
INFO: Run Behavior\ReadHtmlCacheBehavior [ RunTime:0.000450s ]
INFO: [ app_begin ] --END-- [ RunTime:0.000531s ]
NOTIC: [2] session_start(): Cannot send session cache limiter - headers already sent E:\sunzemin\zhinengjiaju\ThinkPHP\Common\functions.php 第 1263 行.
SQL: SHOW COLUMNS FROM `zn_case` [ RunTime:0.0049s ]
SQL: SELECT * FROM `zn_case` ORDER BY sort desc LIMIT 0,1   [ RunTime:0.0008s ]
SQL: SELECT * FROM `zn_case` ORDER BY sort desc  [ RunTime:0.0008s ]
NOTIC: [2] Cannot modify header information - headers already sent E:\sunzemin\zhinengjiaju\ThinkPHP\Library\Think\Controller.class.php 第 215 行.

[ 2018-11-15T15:29:36+08:00 ] 127.0.0.1 /index.php/Home/Public/selcase
INFO: [ app_init ] --START--
INFO: Run Behavior\BuildLiteBehavior [ RunTime:0.000010s ]
INFO: [ app_init ] --END-- [ RunTime:0.000305s ]
INFO: [ app_begin ] --START--
INFO: Run Behavior\ReadHtmlCacheBehavior [ RunTime:0.000368s ]
INFO: [ app_begin ] --END-- [ RunTime:0.000410s ]
NOTIC: [2] session_start(): Cannot send session cache limiter - headers already sent E:\sunzemin\zhinengjiaju\ThinkPHP\Common\functions.php 第 1263 行.
SQL: SHOW COLUMNS FROM `zn_case` [ RunTime:0.0129s ]
SQL: SELECT * FROM `zn_case` ORDER BY sort desc LIMIT 0,1   [ RunTime:0.0011s ]
SQL: SELECT * FROM `zn_case` ORDER BY sort desc  [ RunTime:0.0010s ]
NOTIC: [2] Cannot modify header information - headers already sent E:\sunzemin\zhinengjiaju\ThinkPHP\Library\Think\Controller.class.php 第 215 行.

[ 2018-11-15T15:29:36+08:00 ] 127.0.0.1 /index.php/Home/Public/selcase
INFO: [ app_init ] --START--
INFO: Run Behavior\BuildLiteBehavior [ RunTime:0.000031s ]
INFO: [ app_init ] --END-- [ RunTime:0.000290s ]
INFO: [ app_begin ] --START--
INFO: Run Behavior\ReadHtmlCacheBehavior [ RunTime:0.000302s ]
INFO: [ app_begin ] --END-- [ RunTime:0.000331s ]
NOTIC: [2] session_start(): Cannot send session cache limiter - headers already sent E:\sunzemin\zhinengjiaju\ThinkPHP\Common\functions.php 第 1263 行.
SQL: SHOW COLUMNS FROM `zn_case` [ RunTime:0.0152s ]
SQL: SELECT * FROM `zn_case` ORDER BY sort desc LIMIT 0,1   [ RunTime:0.0016s ]
SQL: SELECT * FROM `zn_case` ORDER BY sort desc  [ RunTime:0.0009s ]
NOTIC: [2] Cannot modify header information - headers already sent E:\sunzemin\zhinengjiaju\ThinkPHP\Library\Think\Controller.class.php 第 215 行.

[ 2018-11-15T15:29:36+08:00 ] 127.0.0.1 /index.php/Home/Public/selcase
INFO: [ app_init ] --START--
INFO: Run Behavior\BuildLiteBehavior [ RunTime:0.000050s ]
INFO: [ app_init ] --END-- [ RunTime:0.000748s ]
INFO: [ app_begin ] --START--
INFO: Run Behavior\ReadHtmlCacheBehavior [ RunTime:0.000544s ]
INFO: [ app_begin ] --END-- [ RunTime:0.000592s ]
NOTIC: [2] session_start(): Cannot send session cache limiter - headers already sent E:\sunzemin\zhinengjiaju\ThinkPHP\Common\functions.php 第 1263 行.
SQL: SHOW COLUMNS FROM `zn_case` [ RunTime:0.0073s ]
SQL: SELECT * FROM `zn_case` ORDER BY sort desc LIMIT 0,1   [ RunTime:0.0013s ]
SQL: SELECT * FROM `zn_case` ORDER BY sort desc  [ RunTime:0.0009s ]
NOTIC: [2] Cannot modify header information - headers already sent E:\sunzemin\zhinengjiaju\ThinkPHP\Library\Think\Controller.class.php 第 215 行.

[ 2018-11-15T15:29:36+08:00 ] 127.0.0.1 /index.php/Home/Public/selcase
INFO: [ app_init ] --START--
INFO: Run Behavior\BuildLiteBehavior [ RunTime:0.000009s ]
INFO: [ app_init ] --END-- [ RunTime:0.000248s ]
INFO: [ app_begin ] --START--
INFO: Run Behavior\ReadHtmlCacheBehavior [ RunTime:0.000302s ]
INFO: [ app_begin ] --END-- [ RunTime:0.000331s ]
NOTIC: [2] session_start(): Cannot send session cache limiter - headers already sent E:\sunzemin\zhinengjiaju\ThinkPHP\Common\functions.php 第 1263 行.
SQL: SHOW COLUMNS FROM `zn_case` [ RunTime:0.0127s ]
SQL: SELECT * FROM `zn_case` ORDER BY sort desc LIMIT 0,1   [ RunTime:0.0021s ]
SQL: SELECT * FROM `zn_case` ORDER BY sort desc  [ RunTime:0.0011s ]
NOTIC: [2] Cannot modify header information - headers already sent E:\sunzemin\zhinengjiaju\ThinkPHP\Library\Think\Controller.class.php 第 215 行.

[ 2018-11-15T15:31:00+08:00 ] 127.0.0.1 /index.php/Home/Public/selcase
INFO: [ app_init ] --START--
INFO: Run Behavior\BuildLiteBehavior [ RunTime:0.000028s ]
INFO: [ app_init ] --END-- [ RunTime:0.001239s ]
INFO: [ app_begin ] --START--
INFO: Run Behavior\ReadHtmlCacheBehavior [ RunTime:0.000650s ]
INFO: [ app_begin ] --END-- [ RunTime:0.000712s ]
NOTIC: [2] session_start(): Cannot send session cache limiter - headers already sent E:\sunzemin\zhinengjiaju\ThinkPHP\Common\functions.php 第 1263 行.
SQL: SHOW COLUMNS FROM `zn_case` [ RunTime:0.0105s ]
SQL: SELECT * FROM `zn_case` ORDER BY sort desc LIMIT 0,1   [ RunTime:0.0017s ]
SQL: SELECT * FROM `zn_case` ORDER BY sort desc  [ RunTime:0.0011s ]
NOTIC: [2] Cannot modify header information - headers already sent E:\sunzemin\zhinengjiaju\ThinkPHP\Library\Think\Controller.class.php 第 215 行.

[ 2018-11-15T15:31:01+08:00 ] 127.0.0.1 /index.php/Home/Public/selcase
INFO: [ app_init ] --START--
INFO: Run Behavior\BuildLiteBehavior [ RunTime:0.000010s ]
INFO: [ app_init ] --END-- [ RunTime:0.000311s ]
INFO: [ app_begin ] --START--
INFO: Run Behavior\ReadHtmlCacheBehavior [ RunTime:0.001028s ]
INFO: [ app_begin ] --END-- [ RunTime:0.001165s ]
NOTIC: [2] session_start(): Cannot send session cache limiter - headers already sent E:\sunzemin\zhinengjiaju\ThinkPHP\Common\functions.php 第 1263 行.
SQL: SHOW COLUMNS FROM `zn_case` [ RunTime:0.0131s ]
SQL: SELECT * FROM `zn_case` ORDER BY sort desc LIMIT 0,1   [ RunTime:0.0010s ]
SQL: SELECT * FROM `zn_case` ORDER BY sort desc  [ RunTime:0.0008s ]
NOTIC: [2] Cannot modify header information - headers already sent E:\sunzemin\zhinengjiaju\ThinkPHP\Library\Think\Controller.class.php 第 215 行.

[ 2018-11-15T15:31:01+08:00 ] 127.0.0.1 /index.php/Home/Public/selcase
INFO: [ app_init ] --START--
INFO: Run Behavior\BuildLiteBehavior [ RunTime:0.000012s ]
INFO: [ app_init ] --END-- [ RunTime:0.000546s ]
INFO: [ app_begin ] --START--
INFO: Run Behavior\ReadHtmlCacheBehavior [ RunTime:0.001066s ]
INFO: [ app_begin ] --END-- [ RunTime:0.001156s ]
NOTIC: [2] session_start(): Cannot send session cache limiter - headers already sent E:\sunzemin\zhinengjiaju\ThinkPHP\Common\functions.php 第 1263 行.
SQL: SHOW COLUMNS FROM `zn_case` [ RunTime:0.0119s ]
SQL: SELECT * FROM `zn_case` ORDER BY sort desc LIMIT 0,1   [ RunTime:0.0014s ]
SQL: SELECT * FROM `zn_case` ORDER BY sort desc  [ RunTime:0.0013s ]
NOTIC: [2] Cannot modify header information - headers already sent E:\sunzemin\zhinengjiaju\ThinkPHP\Library\Think\Controller.class.php 第 215 行.

[ 2018-11-15T15:31:01+08:00 ] 127.0.0.1 /index.php/Home/Public/selcase
INFO: [ app_init ] --START--
INFO: Run Behavior\BuildLiteBehavior [ RunTime:0.000009s ]
INFO: [ app_init ] --END-- [ RunTime:0.000289s ]
INFO: [ app_begin ] --START--
INFO: Run Behavior\ReadHtmlCacheBehavior [ RunTime:0.000340s ]
INFO: [ app_begin ] --END-- [ RunTime:0.000386s ]
NOTIC: [2] session_start(): Cannot send session cache limiter - headers already sent E:\sunzemin\zhinengjiaju\ThinkPHP\Common\functions.php 第 1263 行.
SQL: SHOW COLUMNS FROM `zn_case` [ RunTime:0.0059s ]
SQL: SELECT * FROM `zn_case` ORDER BY sort desc LIMIT 0,1   [ RunTime:0.0012s ]
SQL: SELECT * FROM `zn_case` ORDER BY sort desc  [ RunTime:0.0014s ]
NOTIC: [2] Cannot modify header information - headers already sent E:\sunzemin\zhinengjiaju\ThinkPHP\Library\Think\Controller.class.php 第 215 行.

[ 2018-11-15T15:34:29+08:00 ] 127.0.0.1 /index.php/Home/Public/selcase
INFO: [ app_init ] --START--
INFO: Run Behavior\BuildLiteBehavior [ RunTime:0.000016s ]
INFO: [ app_init ] --END-- [ RunTime:0.000625s ]
INFO: [ app_begin ] --START--
INFO: Run Behavior\ReadHtmlCacheBehavior [ RunTime:0.000882s ]
INFO: [ app_begin ] --END-- [ RunTime:0.000974s ]
NOTIC: [2] session_start(): Cannot send session cache limiter - headers already sent E:\sunzemin\zhinengjiaju\ThinkPHP\Common\functions.php 第 1263 行.
SQL: SHOW COLUMNS FROM `zn_case` [ RunTime:0.0084s ]
SQL: SELECT * FROM `zn_case` ORDER BY sort desc LIMIT 0,1   [ RunTime:0.0015s ]
SQL: SELECT * FROM `zn_case` ORDER BY sort desc  [ RunTime:0.0031s ]
NOTIC: [2] Cannot modify header information - headers already sent E:\sunzemin\zhinengjiaju\ThinkPHP\Library\Think\Controller.class.php 第 215 行.

[ 2018-11-15T15:35:35+08:00 ] 127.0.0.1 /index.php/Home/Public/selcase
INFO: [ app_init ] --START--
INFO: Run Behavior\BuildLiteBehavior [ RunTime:0.000016s ]
INFO: [ app_init ] --END-- [ RunTime:0.000391s ]
INFO: [ app_begin ] --START--
INFO: Run Behavior\ReadHtmlCacheBehavior [ RunTime:0.000889s ]
INFO: [ app_begin ] --END-- [ RunTime:0.000978s ]
NOTIC: [2] session_start(): Cannot send session cache limiter - headers already sent E:\sunzemin\zhinengjiaju\ThinkPHP\Common\functions.php 第 1263 行.
SQL: SHOW COLUMNS FROM `zn_case` [ RunTime:0.0120s ]
SQL: SELECT * FROM `zn_case` ORDER BY sort desc LIMIT 0,1   [ RunTime:0.0011s ]
SQL: SELECT * FROM `zn_case` ORDER BY sort desc  [ RunTime:0.0009s ]
NOTIC: [2] Cannot modify header information - headers already sent E:\sunzemin\zhinengjiaju\ThinkPHP\Library\Think\Controller.class.php 第 215 行.

[ 2018-11-15T15:37:39+08:00 ] 127.0.0.1 /index.php/Home/Public/selcase
INFO: [ app_init ] --START--
INFO: Run Behavior\BuildLiteBehavior [ RunTime:0.000048s ]
INFO: [ app_init ] --END-- [ RunTime:0.000595s ]
INFO: [ app_begin ] --START--
INFO: Run Behavior\ReadHtmlCacheBehavior [ RunTime:0.000373s ]
INFO: [ app_begin ] --END-- [ RunTime:0.000419s ]
SQL: SHOW COLUMNS FROM `zn_case` [ RunTime:0.0104s ]
SQL: SELECT * FROM `zn_case` ORDER BY sort desc LIMIT 0,1   [ RunTime:0.0012s ]
SQL: SELECT * FROM `zn_case` ORDER BY sort desc  [ RunTime:0.0015s ]

[ 2018-11-15T15:37:51+08:00 ] 127.0.0.1 /index.php/Home/Public/selcase
INFO: [ app_init ] --START--
INFO: Run Behavior\BuildLiteBehavior [ RunTime:0.000017s ]
INFO: [ app_init ] --END-- [ RunTime:0.000503s ]
INFO: [ app_begin ] --START--
INFO: Run Behavior\ReadHtmlCacheBehavior [ RunTime:0.000511s ]
INFO: [ app_begin ] --END-- [ RunTime:0.000582s ]
SQL: SHOW COLUMNS FROM `zn_case` [ RunTime:0.0128s ]
SQL: SELECT * FROM `zn_case` ORDER BY sort desc LIMIT 0,1   [ RunTime:0.0011s ]
SQL: SELECT * FROM `zn_case` ORDER BY sort desc  [ RunTime:0.0008s ]

[ 2018-11-15T15:40:12+08:00 ] 127.0.0.1 /index.php/Home/Public/selcase
INFO: [ app_init ] --START--
INFO: Run Behavior\BuildLiteBehavior [ RunTime:0.000014s ]
INFO: [ app_init ] --END-- [ RunTime:0.000418s ]
INFO: [ app_begin ] --START--
INFO: Run Behavior\ReadHtmlCacheBehavior [ RunTime:0.000624s ]
INFO: [ app_begin ] --END-- [ RunTime:0.000700s ]
SQL: SHOW COLUMNS FROM `zn_case` [ RunTime:0.0158s ]
SQL: SELECT * FROM `zn_case` ORDER BY sort desc LIMIT 0,1   [ RunTime:0.0010s ]
SQL: SELECT * FROM `zn_case` ORDER BY sort desc  [ RunTime:0.0012s ]

[ 2018-11-15T15:40:35+08:00 ] 127.0.0.1 /index.php/Home/Public/selcase
INFO: [ app_init ] --START--
INFO: Run Behavior\BuildLiteBehavior [ RunTime:0.000015s ]
INFO: [ app_init ] --END-- [ RunTime:0.000515s ]
INFO: [ app_begin ] --START--
INFO: Run Behavior\ReadHtmlCacheBehavior [ RunTime:0.001251s ]
INFO: [ app_begin ] --END-- [ RunTime:0.001375s ]
SQL: SHOW COLUMNS FROM `zn_case` [ RunTime:0.0104s ]
SQL: SELECT * FROM `zn_case` ORDER BY sort desc LIMIT 0,1   [ RunTime:0.0011s ]
SQL: SELECT * FROM `zn_case` ORDER BY sort desc  [ RunTime:0.0008s ]

[ 2018-11-15T15:41:14+08:00 ] 127.0.0.1 /index.php/Home/Public/selcase
INFO: [ app_init ] --START--
INFO: Run Behavior\BuildLiteBehavior [ RunTime:0.000014s ]
INFO: [ app_init ] --END-- [ RunTime:0.000487s ]
INFO: [ app_begin ] --START--
INFO: Run Behavior\ReadHtmlCacheBehavior [ RunTime:0.000799s ]
INFO: [ app_begin ] --END-- [ RunTime:0.000878s ]
SQL: SHOW COLUMNS FROM `zn_case` [ RunTime:0.0142s ]
SQL: SELECT * FROM `zn_case` ORDER BY sort desc LIMIT 0,1   [ RunTime:0.0016s ]
SQL: SELECT * FROM `zn_case` ORDER BY sort desc  [ RunTime:0.0020s ]

[ 2018-11-15T15:41:17+08:00 ] 127.0.0.1 /index.php/Home/Public/selcase
INFO: [ app_init ] --START--
INFO: Run Behavior\BuildLiteBehavior [ RunTime:0.000022s ]
INFO: [ app_init ] --END-- [ RunTime:0.000402s ]
INFO: [ app_begin ] --START--
INFO: Run Behavior\ReadHtmlCacheBehavior [ RunTime:0.000372s ]
INFO: [ app_begin ] --END-- [ RunTime:0.000403s ]
SQL: SHOW COLUMNS FROM `zn_case` [ RunTime:0.0072s ]
SQL: SELECT * FROM `zn_case` ORDER BY sort desc LIMIT 0,1   [ RunTime:0.0009s ]
SQL: SELECT * FROM `zn_case` ORDER BY sort desc  [ RunTime:0.0016s ]

[ 2018-11-15T15:43:33+08:00 ] 127.0.0.1 /index.php/Home/Public/selcase
INFO: [ app_init ] --START--
INFO: Run Behavior\BuildLiteBehavior [ RunTime:0.000019s ]
INFO: [ app_init ] --END-- [ RunTime:0.000650s ]
INFO: [ app_begin ] --START--
INFO: Run Behavior\ReadHtmlCacheBehavior [ RunTime:0.000702s ]
INFO: [ app_begin ] --END-- [ RunTime:0.000777s ]
SQL: SHOW COLUMNS FROM `zn_case` [ RunTime:0.0141s ]
SQL: SELECT * FROM `zn_case` ORDER BY sort desc LIMIT 0,1   [ RunTime:0.0011s ]
SQL: SELECT * FROM `zn_case` ORDER BY sort desc  [ RunTime:0.0015s ]

[ 2018-11-15T15:43:35+08:00 ] 127.0.0.1 /index.php/Home/Public/selcase
INFO: [ app_init ] --START--
INFO: Run Behavior\BuildLiteBehavior [ RunTime:0.000009s ]
INFO: [ app_init ] --END-- [ RunTime:0.000401s ]
INFO: [ app_begin ] --START--
INFO: Run Behavior\ReadHtmlCacheBehavior [ RunTime:0.000423s ]
INFO: [ app_begin ] --END-- [ RunTime:0.000474s ]
SQL: SHOW COLUMNS FROM `zn_case` [ RunTime:0.0171s ]
SQL: SELECT * FROM `zn_case` ORDER BY sort desc LIMIT 0,1   [ RunTime:0.0010s ]
SQL: SELECT * FROM `zn_case` ORDER BY sort desc  [ RunTime:0.0011s ]

[ 2018-11-15T15:43:37+08:00 ] 127.0.0.1 /index.php/Home/Public/selcase
INFO: [ app_init ] --START--
INFO: Run Behavior\BuildLiteBehavior [ RunTime:0.000015s ]
INFO: [ app_init ] --END-- [ RunTime:0.000543s ]
INFO: [ app_begin ] --START--
INFO: Run Behavior\ReadHtmlCacheBehavior [ RunTime:0.000958s ]
INFO: [ app_begin ] --END-- [ RunTime:0.001032s ]
SQL: SHOW COLUMNS FROM `zn_case` [ RunTime:0.0086s ]
SQL: SELECT * FROM `zn_case` ORDER BY sort desc LIMIT 0,1   [ RunTime:0.0008s ]
SQL: SELECT * FROM `zn_case` ORDER BY sort desc  [ RunTime:0.0009s ]

[ 2018-11-15T15:44:59+08:00 ] 127.0.0.1 /index.php/Home/Public/selcase
INFO: [ app_init ] --START--
INFO: Run Behavior\BuildLiteBehavior [ RunTime:0.000017s ]
INFO: [ app_init ] --END-- [ RunTime:0.000499s ]
INFO: [ app_begin ] --START--
INFO: Run Behavior\ReadHtmlCacheBehavior [ RunTime:0.000730s ]
INFO: [ app_begin ] --END-- [ RunTime:0.000829s ]
SQL: SHOW COLUMNS FROM `zn_case` [ RunTime:0.0095s ]
SQL: SELECT * FROM `zn_case` ORDER BY sort desc LIMIT 0,1   [ RunTime:0.0034s ]
SQL: SELECT * FROM `zn_case` ORDER BY sort desc  [ RunTime:0.0016s ]

[ 2018-11-15T15:45:00+08:00 ] 127.0.0.1 /index.php/Home/Public/selcase
INFO: [ app_init ] --START--
INFO: Run Behavior\BuildLiteBehavior [ RunTime:0.000015s ]
INFO: [ app_init ] --END-- [ RunTime:0.000359s ]
INFO: [ app_begin ] --START--
INFO: Run Behavior\ReadHtmlCacheBehavior [ RunTime:0.000481s ]
INFO: [ app_begin ] --END-- [ RunTime:0.000519s ]
SQL: SHOW COLUMNS FROM `zn_case` [ RunTime:0.0145s ]
SQL: SELECT * FROM `zn_case` ORDER BY sort desc LIMIT 0,1   [ RunTime:0.0013s ]
SQL: SELECT * FROM `zn_case` ORDER BY sort desc  [ RunTime:0.0011s ]

[ 2018-11-15T15:45:00+08:00 ] 127.0.0.1 /index.php/Home/Public/selcase
INFO: [ app_init ] --START--
INFO: Run Behavior\BuildLiteBehavior [ RunTime:0.000017s ]
INFO: [ app_init ] --END-- [ RunTime:0.000634s ]
INFO: [ app_begin ] --START--
INFO: Run Behavior\ReadHtmlCacheBehavior [ RunTime:0.001947s ]
INFO: [ app_begin ] --END-- [ RunTime:0.002032s ]
SQL: SHOW COLUMNS FROM `zn_case` [ RunTime:0.0071s ]
SQL: SELECT * FROM `zn_case` ORDER BY sort desc LIMIT 0,1   [ RunTime:0.0011s ]
SQL: SELECT * FROM `zn_case` ORDER BY sort desc  [ RunTime:0.0018s ]

[ 2018-11-15T15:45:01+08:00 ] 127.0.0.1 /index.php/Home/Public/selcase
INFO: [ app_init ] --START--
INFO: Run Behavior\BuildLiteBehavior [ RunTime:0.000016s ]
INFO: [ app_init ] --END-- [ RunTime:0.000515s ]
INFO: [ app_begin ] --START--
INFO: Run Behavior\ReadHtmlCacheBehavior [ RunTime:0.000484s ]
INFO: [ app_begin ] --END-- [ RunTime:0.000554s ]
SQL: SHOW COLUMNS FROM `zn_case` [ RunTime:0.0150s ]
SQL: SELECT * FROM `zn_case` ORDER BY sort desc LIMIT 0,1   [ RunTime:0.0041s ]
SQL: SELECT * FROM `zn_case` ORDER BY sort desc  [ RunTime:0.0019s ]

[ 2018-11-15T15:45:28+08:00 ] 127.0.0.1 /index.php/Home/Public/selcase
INFO: [ app_init ] --START--
INFO: Run Behavior\BuildLiteBehavior [ RunTime:0.000011s ]
INFO: [ app_init ] --END-- [ RunTime:0.000450s ]
INFO: [ app_begin ] --START--
INFO: Run Behavior\ReadHtmlCacheBehavior [ RunTime:0.000582s ]
INFO: [ app_begin ] --END-- [ RunTime:0.000647s ]
SQL: SHOW COLUMNS FROM `zn_case` [ RunTime:0.0169s ]
SQL: SELECT * FROM `zn_case` ORDER BY sort desc LIMIT 0,1   [ RunTime:0.0019s ]
SQL: SELECT * FROM `zn_case` ORDER BY sort desc  [ RunTime:0.0036s ]

[ 2018-11-15T15:46:16+08:00 ] 127.0.0.1 /index.php/Home/Public/selcase
INFO: [ app_init ] --START--
INFO: Run Behavior\BuildLiteBehavior [ RunTime:0.000018s ]
INFO: [ app_init ] --END-- [ RunTime:0.000564s ]
INFO: [ app_begin ] --START--
INFO: Run Behavior\ReadHtmlCacheBehavior [ RunTime:0.001225s ]
INFO: [ app_begin ] --END-- [ RunTime:0.001329s ]
SQL: SHOW COLUMNS FROM `zn_case` [ RunTime:0.0169s ]
SQL: SELECT * FROM `zn_case` ORDER BY sort desc LIMIT 0,1   [ RunTime:0.0008s ]
SQL: SELECT * FROM `zn_case` ORDER BY sort desc  [ RunTime:0.0009s ]

[ 2018-11-15T15:46:59+08:00 ] 127.0.0.1 /index.php/Home/Public/selcase
INFO: [ app_init ] --START--
INFO: Run Behavior\BuildLiteBehavior [ RunTime:0.000012s ]
INFO: [ app_init ] --END-- [ RunTime:0.000382s ]
INFO: [ app_begin ] --START--
INFO: Run Behavior\ReadHtmlCacheBehavior [ RunTime:0.000510s ]
INFO: [ app_begin ] --END-- [ RunTime:0.000561s ]
SQL: SHOW COLUMNS FROM `zn_case` [ RunTime:0.0158s ]
SQL: SELECT * FROM `zn_case` ORDER BY sort desc LIMIT 0,1   [ RunTime:0.0017s ]
SQL: SELECT * FROM `zn_case` ORDER BY sort desc  [ RunTime:0.0013s ]

[ 2018-11-15T15:47:24+08:00 ] 127.0.0.1 /index.php/Home/Public/selcase
INFO: [ app_init ] --START--
INFO: Run Behavior\BuildLiteBehavior [ RunTime:0.000017s ]
INFO: [ app_init ] --END-- [ RunTime:0.000504s ]
INFO: [ app_begin ] --START--
INFO: Run Behavior\ReadHtmlCacheBehavior [ RunTime:0.000689s ]
INFO: [ app_begin ] --END-- [ RunTime:0.000753s ]
SQL: SHOW COLUMNS FROM `zn_case` [ RunTime:0.0122s ]
SQL: SELECT * FROM `zn_case` ORDER BY sort desc LIMIT 0,1   [ RunTime:0.0012s ]
SQL: SELECT * FROM `zn_case` ORDER BY sort desc  [ RunTime:0.0012s ]

[ 2018-11-15T15:48:28+08:00 ] 127.0.0.1 /index.php/Home/Public/selcase
INFO: [ app_init ] --START--
INFO: Run Behavior\BuildLiteBehavior [ RunTime:0.000011s ]
INFO: [ app_init ] --END-- [ RunTime:0.000500s ]
INFO: [ app_begin ] --START--
INFO: Run Behavior\ReadHtmlCacheBehavior [ RunTime:0.000490s ]
INFO: [ app_begin ] --END-- [ RunTime:0.000541s ]
SQL: SHOW COLUMNS FROM `zn_case` [ RunTime:0.0146s ]
SQL: SELECT * FROM `zn_case` ORDER BY sort desc LIMIT 0,1   [ RunTime:0.0010s ]
SQL: SELECT * FROM `zn_case` ORDER BY sort desc  [ RunTime:0.0009s ]

[ 2018-11-15T15:48:30+08:00 ] 127.0.0.1 /index.php/Home/Public/selcase
INFO: [ app_init ] --START--
INFO: Run Behavior\BuildLiteBehavior [ RunTime:0.000013s ]
INFO: [ app_init ] --END-- [ RunTime:0.000372s ]
INFO: [ app_begin ] --START--
INFO: Run Behavior\ReadHtmlCacheBehavior [ RunTime:0.000672s ]
INFO: [ app_begin ] --END-- [ RunTime:0.000731s ]
SQL: SHOW COLUMNS FROM `zn_case` [ RunTime:0.0137s ]
SQL: SELECT * FROM `zn_case` ORDER BY sort desc LIMIT 0,1   [ RunTime:0.0008s ]
SQL: SELECT * FROM `zn_case` ORDER BY sort desc  [ RunTime:0.0008s ]

[ 2018-11-15T15:49:15+08:00 ] 127.0.0.1 /index.php/Home/Public/selcase
INFO: [ app_init ] --START--
INFO: Run Behavior\BuildLiteBehavior [ RunTime:0.000033s ]
INFO: [ app_init ] --END-- [ RunTime:0.000488s ]
INFO: [ app_begin ] --START--
INFO: Run Behavior\ReadHtmlCacheBehavior [ RunTime:0.000476s ]
INFO: [ app_begin ] --END-- [ RunTime:0.000550s ]
SQL: SHOW COLUMNS FROM `zn_case` [ RunTime:0.0063s ]
SQL: SELECT * FROM `zn_case` ORDER BY sort desc LIMIT 0,1   [ RunTime:0.0011s ]
SQL: SELECT * FROM `zn_case` ORDER BY sort desc  [ RunTime:0.0010s ]

[ 2018-11-15T15:50:08+08:00 ] 127.0.0.1 /index.php/Home/Public/selcase
INFO: [ app_init ] --START--
INFO: Run Behavior\BuildLiteBehavior [ RunTime:0.000046s ]
INFO: [ app_init ] --END-- [ RunTime:0.000496s ]
INFO: [ app_begin ] --START--
INFO: Run Behavior\ReadHtmlCacheBehavior [ RunTime:0.001323s ]
INFO: [ app_begin ] --END-- [ RunTime:0.001555s ]
SQL: SHOW COLUMNS FROM `zn_case` [ RunTime:0.0117s ]
SQL: SELECT * FROM `zn_case` ORDER BY sort desc LIMIT 0,1   [ RunTime:0.0009s ]
SQL: SELECT * FROM `zn_case` ORDER BY sort desc  [ RunTime:0.0011s ]

[ 2018-11-15T15:50:11+08:00 ] 127.0.0.1 /index.php/Home/Public/selcase
INFO: [ app_init ] --START--
INFO: Run Behavior\BuildLiteBehavior [ RunTime:0.000009s ]
INFO: [ app_init ] --END-- [ RunTime:0.000322s ]
INFO: [ app_begin ] --START--
INFO: Run Behavior\ReadHtmlCacheBehavior [ RunTime:0.000355s ]
INFO: [ app_begin ] --END-- [ RunTime:0.000386s ]
SQL: SHOW COLUMNS FROM `zn_case` [ RunTime:0.0117s ]
SQL: SELECT * FROM `zn_case` ORDER BY sort desc LIMIT 0,1   [ RunTime:0.0009s ]
SQL: SELECT * FROM `zn_case` ORDER BY sort desc  [ RunTime:0.0011s ]

[ 2018-11-15T15:50:45+08:00 ] 127.0.0.1 /index.php/Home/Public/selcase
INFO: [ app_init ] --START--
INFO: Run Behavior\BuildLiteBehavior [ RunTime:0.000012s ]
INFO: [ app_init ] --END-- [ RunTime:0.000504s ]
INFO: [ app_begin ] --START--
INFO: Run Behavior\ReadHtmlCacheBehavior [ RunTime:0.000529s ]
INFO: [ app_begin ] --END-- [ RunTime:0.000579s ]
SQL: SHOW COLUMNS FROM `zn_case` [ RunTime:0.0128s ]
SQL: SELECT * FROM `zn_case` ORDER BY sort desc LIMIT 0,1   [ RunTime:0.0011s ]
SQL: SELECT * FROM `zn_case` ORDER BY sort desc  [ RunTime:0.0011s ]

[ 2018-11-15T15:53:12+08:00 ] 127.0.0.1 /index.php/Home/Public/selcase
INFO: [ app_init ] --START--
INFO: Run Behavior\BuildLiteBehavior [ RunTime:0.000032s ]
INFO: [ app_init ] --END-- [ RunTime:0.000309s ]
INFO: [ app_begin ] --START--
INFO: Run Behavior\ReadHtmlCacheBehavior [ RunTime:0.000306s ]
INFO: [ app_begin ] --END-- [ RunTime:0.000338s ]
SQL: SHOW COLUMNS FROM `zn_case` [ RunTime:0.0113s ]
SQL: SELECT * FROM `zn_case` ORDER BY sort desc LIMIT 0,1   [ RunTime:0.0013s ]
SQL: SELECT * FROM `zn_case` ORDER BY sort desc  [ RunTime:0.0024s ]

[ 2018-11-15T15:53:50+08:00 ] 127.0.0.1 /index.php/Home/Public/selcase
INFO: [ app_init ] --START--
INFO: Run Behavior\BuildLiteBehavior [ RunTime:0.000011s ]
INFO: [ app_init ] --END-- [ RunTime:0.000338s ]
INFO: [ app_begin ] --START--
INFO: Run Behavior\ReadHtmlCacheBehavior [ RunTime:0.000384s ]
INFO: [ app_begin ] --END-- [ RunTime:0.000421s ]
SQL: SHOW COLUMNS FROM `zn_case` [ RunTime:0.0132s ]
SQL: SELECT * FROM `zn_case` ORDER BY sort desc LIMIT 0,1   [ RunTime:0.0013s ]
SQL: SELECT * FROM `zn_case` ORDER BY sort desc  [ RunTime:0.0012s ]

[ 2018-11-15T16:10:17+08:00 ] 127.0.0.1 /index.php/Home/Public/selcase
INFO: [ app_init ] --START--
INFO: Run Behavior\BuildLiteBehavior [ RunTime:0.000012s ]
INFO: [ app_init ] --END-- [ RunTime:0.000440s ]
INFO: [ app_begin ] --START--
INFO: Run Behavior\ReadHtmlCacheBehavior [ RunTime:0.000774s ]
INFO: [ app_begin ] --END-- [ RunTime:0.000854s ]
SQL: SHOW COLUMNS FROM `zn_case` [ RunTime:0.0177s ]
SQL: SELECT * FROM `zn_case` ORDER BY sort desc LIMIT 0,1   [ RunTime:0.0013s ]
SQL: SELECT * FROM `zn_case` ORDER BY sort desc  [ RunTime:0.0013s ]

[ 2018-11-15T16:11:03+08:00 ] 127.0.0.1 /index.php/Home/Public/selcase
INFO: [ app_init ] --START--
INFO: Run Behavior\BuildLiteBehavior [ RunTime:0.000020s ]
INFO: [ app_init ] --END-- [ RunTime:0.000506s ]
INFO: [ app_begin ] --START--
INFO: Run Behavior\ReadHtmlCacheBehavior [ RunTime:0.000718s ]
INFO: [ app_begin ] --END-- [ RunTime:0.000791s ]
SQL: SHOW COLUMNS FROM `zn_case` [ RunTime:0.0092s ]
SQL: SELECT * FROM `zn_case` ORDER BY sort desc LIMIT 0,1   [ RunTime:0.0035s ]
SQL: SELECT * FROM `zn_case` ORDER BY sort desc  [ RunTime:0.0014s ]

[ 2018-11-15T16:11:04+08:00 ] 127.0.0.1 /index.php/Home/Public/selcase
INFO: [ app_init ] --START--
INFO: Run Behavior\BuildLiteBehavior [ RunTime:0.000018s ]
INFO: [ app_init ] --END-- [ RunTime:0.000482s ]
INFO: [ app_begin ] --START--
INFO: Run Behavior\ReadHtmlCacheBehavior [ RunTime:0.000873s ]
INFO: [ app_begin ] --END-- [ RunTime:0.000985s ]
SQL: SHOW COLUMNS FROM `zn_case` [ RunTime:0.0142s ]
SQL: SELECT * FROM `zn_case` ORDER BY sort desc LIMIT 0,1   [ RunTime:0.0016s ]
SQL: SELECT * FROM `zn_case` ORDER BY sort desc  [ RunTime:0.0021s ]

[ 2018-11-15T16:11:43+08:00 ] 127.0.0.1 /index.php/Home/Public/selcase
INFO: [ app_init ] --START--
INFO: Run Behavior\BuildLiteBehavior [ RunTime:0.000014s ]
INFO: [ app_init ] --END-- [ RunTime:0.000552s ]
INFO: [ app_begin ] --START--
INFO: Run Behavior\ReadHtmlCacheBehavior [ RunTime:0.000494s ]
INFO: [ app_begin ] --END-- [ RunTime:0.000547s ]
SQL: SHOW COLUMNS FROM `zn_case` [ RunTime:0.0159s ]
SQL: SELECT * FROM `zn_case` ORDER BY sort desc LIMIT 0,1   [ RunTime:0.0021s ]
SQL: SELECT * FROM `zn_case` ORDER BY sort desc  [ RunTime:0.0022s ]

[ 2018-11-15T16:11:44+08:00 ] 127.0.0.1 /index.php/Home/Public/selcase
INFO: [ app_init ] --START--
INFO: Run Behavior\BuildLiteBehavior [ RunTime:0.000013s ]
INFO: [ app_init ] --END-- [ RunTime:0.000381s ]
INFO: [ app_begin ] --START--
INFO: Run Behavior\ReadHtmlCacheBehavior [ RunTime:0.000547s ]
INFO: [ app_begin ] --END-- [ RunTime:0.000591s ]
SQL: SHOW COLUMNS FROM `zn_case` [ RunTime:0.0072s ]
SQL: SELECT * FROM `zn_case` ORDER BY sort desc LIMIT 0,1   [ RunTime:0.0015s ]
SQL: SELECT * FROM `zn_case` ORDER BY sort desc  [ RunTime:0.0016s ]

[ 2018-11-15T16:15:16+08:00 ] 127.0.0.1 /index.php/Home/Public/selcase
INFO: [ app_init ] --START--
INFO: Run Behavior\BuildLiteBehavior [ RunTime:0.000017s ]
INFO: [ app_init ] --END-- [ RunTime:0.000745s ]
INFO: [ app_begin ] --START--
INFO: Run Behavior\ReadHtmlCacheBehavior [ RunTime:0.000673s ]
INFO: [ app_begin ] --END-- [ RunTime:0.000760s ]
SQL: SHOW COLUMNS FROM `zn_case` [ RunTime:0.0157s ]
SQL: SELECT * FROM `zn_case` ORDER BY sort desc LIMIT 0,1   [ RunTime:0.0009s ]
SQL: SELECT * FROM `zn_case` ORDER BY sort desc  [ RunTime:0.0010s ]

[ 2018-11-15T16:19:15+08:00 ] 127.0.0.1 /index.php/Home/Public/selcase
INFO: [ app_init ] --START--
INFO: Run Behavior\BuildLiteBehavior [ RunTime:0.000016s ]
INFO: [ app_init ] --END-- [ RunTime:0.000337s ]
INFO: [ app_begin ] --START--
INFO: Run Behavior\ReadHtmlCacheBehavior [ RunTime:0.001702s ]
INFO: [ app_begin ] --END-- [ RunTime:0.001798s ]
SQL: SHOW COLUMNS FROM `zn_case` [ RunTime:0.0193s ]
SQL: SELECT * FROM `zn_case` ORDER BY sort desc LIMIT 0,1   [ RunTime:0.0012s ]
SQL: SELECT * FROM `zn_case` ORDER BY sort desc  [ RunTime:0.0010s ]

[ 2018-11-15T16:19:47+08:00 ] 127.0.0.1 /index.php/Home/Public/selcase
INFO: [ app_init ] --START--
INFO: Run Behavior\BuildLiteBehavior [ RunTime:0.000020s ]
INFO: [ app_init ] --END-- [ RunTime:0.000833s ]
INFO: [ app_begin ] --START--
INFO: Run Behavior\ReadHtmlCacheBehavior [ RunTime:0.000721s ]
INFO: [ app_begin ] --END-- [ RunTime:0.000791s ]
SQL: SHOW COLUMNS FROM `zn_case` [ RunTime:0.0128s ]
SQL: SELECT * FROM `zn_case` ORDER BY sort desc LIMIT 0,1   [ RunTime:0.0009s ]
SQL: SELECT * FROM `zn_case` ORDER BY sort desc  [ RunTime:0.0009s ]

[ 2018-11-15T16:22:13+08:00 ] 127.0.0.1 /index.php/Home/Public/selcase
INFO: [ app_init ] --START--
INFO: Run Behavior\BuildLiteBehavior [ RunTime:0.000012s ]
INFO: [ app_init ] --END-- [ RunTime:0.000521s ]
INFO: [ app_begin ] --START--
INFO: Run Behavior\ReadHtmlCacheBehavior [ RunTime:0.001335s ]
INFO: [ app_begin ] --END-- [ RunTime:0.001441s ]
SQL: SHOW COLUMNS FROM `zn_case` [ RunTime:0.0094s ]
SQL: SELECT * FROM `zn_case` ORDER BY sort desc LIMIT 0,1   [ RunTime:0.0013s ]
SQL: SELECT * FROM `zn_case` ORDER BY sort desc  [ RunTime:0.0021s ]

[ 2018-11-15T16:22:14+08:00 ] 127.0.0.1 /index.php/Home/Public/selcase
INFO: [ app_init ] --START--
INFO: Run Behavior\BuildLiteBehavior [ RunTime:0.000008s ]
INFO: [ app_init ] --END-- [ RunTime:0.000290s ]
INFO: [ app_begin ] --START--
INFO: Run Behavior\ReadHtmlCacheBehavior [ RunTime:0.000518s ]
INFO: [ app_begin ] --END-- [ RunTime:0.000565s ]
SQL: SHOW COLUMNS FROM `zn_case` [ RunTime:0.0132s ]
SQL: SELECT * FROM `zn_case` ORDER BY sort desc LIMIT 0,1   [ RunTime:0.0009s ]
SQL: SELECT * FROM `zn_case` ORDER BY sort desc  [ RunTime:0.0008s ]

[ 2018-11-15T16:23:03+08:00 ] 127.0.0.1 /index.php/Home/Public/selcase
INFO: [ app_init ] --START--
INFO: Run Behavior\BuildLiteBehavior [ RunTime:0.000009s ]
INFO: [ app_init ] --END-- [ RunTime:0.000324s ]
INFO: [ app_begin ] --START--
INFO: Run Behavior\ReadHtmlCacheBehavior [ RunTime:0.000430s ]
INFO: [ app_begin ] --END-- [ RunTime:0.000461s ]
SQL: SHOW COLUMNS FROM `zn_case` [ RunTime:0.0170s ]
SQL: SELECT * FROM `zn_case` ORDER BY sort desc LIMIT 0,1   [ RunTime:0.0016s ]
SQL: SELECT * FROM `zn_case` ORDER BY sort desc  [ RunTime:0.0015s ]

[ 2018-11-15T16:23:04+08:00 ] 127.0.0.1 /index.php/Home/Public/selcase
INFO: [ app_init ] --START--
INFO: Run Behavior\BuildLiteBehavior [ RunTime:0.000015s ]
INFO: [ app_init ] --END-- [ RunTime:0.000409s ]
INFO: [ app_begin ] --START--
INFO: Run Behavior\ReadHtmlCacheBehavior [ RunTime:0.000407s ]
INFO: [ app_begin ] --END-- [ RunTime:0.000447s ]
SQL: SHOW COLUMNS FROM `zn_case` [ RunTime:0.0120s ]
SQL: SELECT * FROM `zn_case` ORDER BY sort desc LIMIT 0,1   [ RunTime:0.0012s ]
SQL: SELECT * FROM `zn_case` ORDER BY sort desc  [ RunTime:0.0011s ]

[ 2018-11-15T16:23:15+08:00 ] 127.0.0.1 /index.php/Home/Public/selcase
INFO: [ app_init ] --START--
INFO: Run Behavior\BuildLiteBehavior [ RunTime:0.000036s ]
INFO: [ app_init ] --END-- [ RunTime:0.000629s ]
INFO: [ app_begin ] --START--
INFO: Run Behavior\ReadHtmlCacheBehavior [ RunTime:0.000741s ]
INFO: [ app_begin ] --END-- [ RunTime:0.000825s ]
SQL: SHOW COLUMNS FROM `zn_case` [ RunTime:0.0214s ]
SQL: SELECT * FROM `zn_case` ORDER BY sort desc LIMIT 0,1   [ RunTime:0.0014s ]
SQL: SELECT * FROM `zn_case` ORDER BY sort desc  [ RunTime:0.0011s ]

[ 2018-11-15T16:23:52+08:00 ] 127.0.0.1 /index.php/Home/Public/selcase
INFO: [ app_init ] --START--
INFO: Run Behavior\BuildLiteBehavior [ RunTime:0.000011s ]
INFO: [ app_init ] --END-- [ RunTime:0.000451s ]
INFO: [ app_begin ] --START--
INFO: Run Behavior\ReadHtmlCacheBehavior [ RunTime:0.000566s ]
INFO: [ app_begin ] --END-- [ RunTime:0.000643s ]
SQL: SHOW COLUMNS FROM `zn_case` [ RunTime:0.0157s ]
SQL: SELECT * FROM `zn_case` ORDER BY sort desc LIMIT 0,1   [ RunTime:0.0036s ]
SQL: SELECT * FROM `zn_case` ORDER BY sort desc  [ RunTime:0.0014s ]

[ 2018-11-15T16:23:53+08:00 ] 127.0.0.1 /index.php/Home/Public/selcase
INFO: [ app_init ] --START--
INFO: Run Behavior\BuildLiteBehavior [ RunTime:0.000011s ]
INFO: [ app_init ] --END-- [ RunTime:0.000325s ]
INFO: [ app_begin ] --START--
INFO: Run Behavior\ReadHtmlCacheBehavior [ RunTime:0.000351s ]
INFO: [ app_begin ] --END-- [ RunTime:0.000401s ]
SQL: SHOW COLUMNS FROM `zn_case` [ RunTime:0.0073s ]
SQL: SELECT * FROM `zn_case` ORDER BY sort desc LIMIT 0,1   [ RunTime:0.0009s ]
SQL: SELECT * FROM `zn_case` ORDER BY sort desc  [ RunTime:0.0009s ]

[ 2018-11-15T16:23:54+08:00 ] 127.0.0.1 /index.php/Home/Public/selcase
INFO: [ app_init ] --START--
INFO: Run Behavior\BuildLiteBehavior [ RunTime:0.000032s ]
INFO: [ app_init ] --END-- [ RunTime:0.000530s ]
INFO: [ app_begin ] --START--
INFO: Run Behavior\ReadHtmlCacheBehavior [ RunTime:0.001702s ]
INFO: [ app_begin ] --END-- [ RunTime:0.001826s ]
SQL: SHOW COLUMNS FROM `zn_case` [ RunTime:0.0120s ]
SQL: SELECT * FROM `zn_case` ORDER BY sort desc LIMIT 0,1   [ RunTime:0.0009s ]
SQL: SELECT * FROM `zn_case` ORDER BY sort desc  [ RunTime:0.0010s ]

[ 2018-11-15T16:23:54+08:00 ] 127.0.0.1 /index.php/Home/Public/selcase
INFO: [ app_init ] --START--
INFO: Run Behavior\BuildLiteBehavior [ RunTime:0.000009s ]
INFO: [ app_init ] --END-- [ RunTime:0.000279s ]
INFO: [ app_begin ] --START--
INFO: Run Behavior\ReadHtmlCacheBehavior [ RunTime:0.000354s ]
INFO: [ app_begin ] --END-- [ RunTime:0.000386s ]
SQL: SHOW COLUMNS FROM `zn_case` [ RunTime:0.0181s ]
SQL: SELECT * FROM `zn_case` ORDER BY sort desc LIMIT 0,1   [ RunTime:0.0019s ]
SQL: SELECT * FROM `zn_case` ORDER BY sort desc  [ RunTime:0.0016s ]

[ 2018-11-15T16:26:29+08:00 ] 127.0.0.1 /index.php/Home/Public/selcase
INFO: [ app_init ] --START--
INFO: Run Behavior\BuildLiteBehavior [ RunTime:0.000044s ]
INFO: [ app_init ] --END-- [ RunTime:0.000441s ]
INFO: [ app_begin ] --START--
INFO: Run Behavior\ReadHtmlCacheBehavior [ RunTime:0.000655s ]
INFO: [ app_begin ] --END-- [ RunTime:0.000746s ]
SQL: SHOW COLUMNS FROM `zn_case` [ RunTime:0.0077s ]
SQL: SELECT * FROM `zn_case` ORDER BY sort desc LIMIT 0,1   [ RunTime:0.0011s ]
SQL: SELECT * FROM `zn_case` ORDER BY sort desc  [ RunTime:0.0014s ]

[ 2018-11-15T16:27:21+08:00 ] 127.0.0.1 /index.php/Home/Public/selcase
INFO: [ app_init ] --START--
INFO: Run Behavior\BuildLiteBehavior [ RunTime:0.000019s ]
INFO: [ app_init ] --END-- [ RunTime:0.000461s ]
INFO: [ app_begin ] --START--
INFO: Run Behavior\ReadHtmlCacheBehavior [ RunTime:0.000549s ]
INFO: [ app_begin ] --END-- [ RunTime:0.000595s ]
SQL: SHOW COLUMNS FROM `zn_case` [ RunTime:0.0126s ]
SQL: SELECT * FROM `zn_case` ORDER BY sort desc LIMIT 0,1   [ RunTime:0.0009s ]
SQL: SELECT * FROM `zn_case` ORDER BY sort desc  [ RunTime:0.0009s ]

[ 2018-11-15T16:27:35+08:00 ] 127.0.0.1 /index.php/Home/Public/selcase
INFO: [ app_init ] --START--
INFO: Run Behavior\BuildLiteBehavior [ RunTime:0.000014s ]
INFO: [ app_init ] --END-- [ RunTime:0.000447s ]
INFO: [ app_begin ] --START--
INFO: Run Behavior\ReadHtmlCacheBehavior [ RunTime:0.000687s ]
INFO: [ app_begin ] --END-- [ RunTime:0.000742s ]
SQL: SHOW COLUMNS FROM `zn_case` [ RunTime:0.0148s ]
SQL: SELECT * FROM `zn_case` ORDER BY sort desc LIMIT 0,1   [ RunTime:0.0018s ]
SQL: SELECT * FROM `zn_case` ORDER BY sort desc  [ RunTime:0.0020s ]

[ 2018-11-15T16:27:52+08:00 ] 127.0.0.1 /index.php/Home/Public/selcase
INFO: [ app_init ] --START--
INFO: Run Behavior\BuildLiteBehavior [ RunTime:0.000015s ]
INFO: [ app_init ] --END-- [ RunTime:0.000510s ]
INFO: [ app_begin ] --START--
INFO: Run Behavior\ReadHtmlCacheBehavior [ RunTime:0.000702s ]
INFO: [ app_begin ] --END-- [ RunTime:0.000767s ]
SQL: SHOW COLUMNS FROM `zn_case` [ RunTime:0.0133s ]
SQL: SELECT * FROM `zn_case` ORDER BY sort desc LIMIT 0,1   [ RunTime:0.0007s ]
SQL: SELECT * FROM `zn_case` ORDER BY sort desc  [ RunTime:0.0007s ]

[ 2018-11-15T16:28:53+08:00 ] 127.0.0.1 /index.php/Home/Public/selcase
INFO: [ app_init ] --START--
INFO: Run Behavior\BuildLiteBehavior [ RunTime:0.000015s ]
INFO: [ app_init ] --END-- [ RunTime:0.000493s ]
INFO: [ app_begin ] --START--
INFO: Run Behavior\ReadHtmlCacheBehavior [ RunTime:0.000564s ]
INFO: [ app_begin ] --END-- [ RunTime:0.000723s ]
SQL: SHOW COLUMNS FROM `zn_case` [ RunTime:0.0131s ]
SQL: SELECT * FROM `zn_case` ORDER BY sort desc LIMIT 0,1   [ RunTime:0.0012s ]
SQL: SELECT * FROM `zn_case` ORDER BY sort desc  [ RunTime:0.0010s ]

[ 2018-11-15T16:28:55+08:00 ] 127.0.0.1 /index.php/Home/Public/selcase
INFO: [ app_init ] --START--
INFO: Run Behavior\BuildLiteBehavior [ RunTime:0.000016s ]
INFO: [ app_init ] --END-- [ RunTime:0.000415s ]
INFO: [ app_begin ] --START--
INFO: Run Behavior\ReadHtmlCacheBehavior [ RunTime:0.000554s ]
INFO: [ app_begin ] --END-- [ RunTime:0.000638s ]
SQL: SHOW COLUMNS FROM `zn_case` [ RunTime:0.0127s ]
SQL: SELECT * FROM `zn_case` ORDER BY sort desc LIMIT 0,1   [ RunTime:0.0007s ]
SQL: SELECT * FROM `zn_case` ORDER BY sort desc  [ RunTime:0.0010s ]

[ 2018-11-15T16:29:16+08:00 ] 127.0.0.1 /index.php/Home/Public/selcase
INFO: [ app_init ] --START--
INFO: Run Behavior\BuildLiteBehavior [ RunTime:0.000013s ]
INFO: [ app_init ] --END-- [ RunTime:0.000465s ]
INFO: [ app_begin ] --START--
INFO: Run Behavior\ReadHtmlCacheBehavior [ RunTime:0.000477s ]
INFO: [ app_begin ] --END-- [ RunTime:0.000522s ]
SQL: SHOW COLUMNS FROM `zn_case` [ RunTime:0.0235s ]
SQL: SELECT * FROM `zn_case` ORDER BY sort desc LIMIT 0,1   [ RunTime:0.0008s ]
SQL: SELECT * FROM `zn_case` ORDER BY sort desc  [ RunTime:0.0007s ]

[ 2018-11-15T16:29:42+08:00 ] 127.0.0.1 /index.php/Home/Public/selcase
INFO: [ app_init ] --START--
INFO: Run Behavior\BuildLiteBehavior [ RunTime:0.000014s ]
INFO: [ app_init ] --END-- [ RunTime:0.000647s ]
INFO: [ app_begin ] --START--
INFO: Run Behavior\ReadHtmlCacheBehavior [ RunTime:0.000676s ]
INFO: [ app_begin ] --END-- [ RunTime:0.000764s ]
SQL: SHOW COLUMNS FROM `zn_case` [ RunTime:0.0126s ]
SQL: SELECT * FROM `zn_case` ORDER BY sort desc LIMIT 0,1   [ RunTime:0.0014s ]
SQL: SELECT * FROM `zn_case` ORDER BY sort desc  [ RunTime:0.0010s ]

[ 2018-11-15T16:31:16+08:00 ] 127.0.0.1 /index.php/Home/Public/selcase
INFO: [ app_init ] --START--
INFO: Run Behavior\BuildLiteBehavior [ RunTime:0.000019s ]
INFO: [ app_init ] --END-- [ RunTime:0.000634s ]
INFO: [ app_begin ] --START--
INFO: Run Behavior\ReadHtmlCacheBehavior [ RunTime:0.000609s ]
INFO: [ app_begin ] --END-- [ RunTime:0.000688s ]
SQL: SHOW COLUMNS FROM `zn_case` [ RunTime:0.0135s ]
SQL: SELECT * FROM `zn_case` ORDER BY sort desc LIMIT 0,1   [ RunTime:0.0022s ]
SQL: SELECT * FROM `zn_case` ORDER BY sort desc  [ RunTime:0.0022s ]

[ 2018-11-15T16:31:17+08:00 ] 127.0.0.1 /index.php/Home/Public/selcase
INFO: [ app_init ] --START--
INFO: Run Behavior\BuildLiteBehavior [ RunTime:0.000015s ]
INFO: [ app_init ] --END-- [ RunTime:0.000355s ]
INFO: [ app_begin ] --START--
INFO: Run Behavior\ReadHtmlCacheBehavior [ RunTime:0.000540s ]
INFO: [ app_begin ] --END-- [ RunTime:0.000592s ]
SQL: SHOW COLUMNS FROM `zn_case` [ RunTime:0.0149s ]
SQL: SELECT * FROM `zn_case` ORDER BY sort desc LIMIT 0,1   [ RunTime:0.0017s ]
SQL: SELECT * FROM `zn_case` ORDER BY sort desc  [ RunTime:0.0025s ]

[ 2018-11-15T16:32:19+08:00 ] 127.0.0.1 /index.php/Home/Public/selcase
INFO: [ app_init ] --START--
INFO: Run Behavior\BuildLiteBehavior [ RunTime:0.000012s ]
INFO: [ app_init ] --END-- [ RunTime:0.000341s ]
INFO: [ app_begin ] --START--
INFO: Run Behavior\ReadHtmlCacheBehavior [ RunTime:0.000528s ]
INFO: [ app_begin ] --END-- [ RunTime:0.000579s ]
SQL: SHOW COLUMNS FROM `zn_case` [ RunTime:0.0157s ]
SQL: SELECT * FROM `zn_case` ORDER BY sort desc LIMIT 0,1   [ RunTime:0.0032s ]
SQL: SELECT * FROM `zn_case` ORDER BY sort desc  [ RunTime:0.0025s ]

[ 2018-11-15T16:32:20+08:00 ] 127.0.0.1 /index.php/Home/Public/selcase
INFO: [ app_init ] --START--
INFO: Run Behavior\BuildLiteBehavior [ RunTime:0.000008s ]
INFO: [ app_init ] --END-- [ RunTime:0.000286s ]
INFO: [ app_begin ] --START--
INFO: Run Behavior\ReadHtmlCacheBehavior [ RunTime:0.000604s ]
INFO: [ app_begin ] --END-- [ RunTime:0.000657s ]
SQL: SHOW COLUMNS FROM `zn_case` [ RunTime:0.0150s ]
SQL: SELECT * FROM `zn_case` ORDER BY sort desc LIMIT 0,1   [ RunTime:0.0014s ]
SQL: SELECT * FROM `zn_case` ORDER BY sort desc  [ RunTime:0.0011s ]

[ 2018-11-15T16:32:47+08:00 ] 127.0.0.1 /index.php/Home/Public/selcase
INFO: [ app_init ] --START--
INFO: Run Behavior\BuildLiteBehavior [ RunTime:0.000012s ]
INFO: [ app_init ] --END-- [ RunTime:0.000336s ]
INFO: [ app_begin ] --START--
INFO: Run Behavior\ReadHtmlCacheBehavior [ RunTime:0.000616s ]
INFO: [ app_begin ] --END-- [ RunTime:0.000679s ]
SQL: SHOW COLUMNS FROM `zn_case` [ RunTime:0.0122s ]
SQL: SELECT * FROM `zn_case` ORDER BY sort desc LIMIT 0,1   [ RunTime:0.0008s ]
SQL: SELECT * FROM `zn_case` ORDER BY sort desc  [ RunTime:0.0008s ]

[ 2018-11-15T16:33:08+08:00 ] 127.0.0.1 /index.php/Home/Public/selcase
INFO: [ app_init ] --START--
INFO: Run Behavior\BuildLiteBehavior [ RunTime:0.000024s ]
INFO: [ app_init ] --END-- [ RunTime:0.000555s ]
INFO: [ app_begin ] --START--
INFO: Run Behavior\ReadHtmlCacheBehavior [ RunTime:0.000628s ]
INFO: [ app_begin ] --END-- [ RunTime:0.000700s ]
SQL: SHOW COLUMNS FROM `zn_case` [ RunTime:0.0078s ]
SQL: SELECT * FROM `zn_case` ORDER BY sort desc LIMIT 0,1   [ RunTime:0.0020s ]
SQL: SELECT * FROM `zn_case` ORDER BY sort desc  [ RunTime:0.0042s ]

[ 2018-11-15T16:33:53+08:00 ] 127.0.0.1 /index.php/Home/Public/selcase
INFO: [ app_init ] --START--
INFO: Run Behavior\BuildLiteBehavior [ RunTime:0.000030s ]
INFO: [ app_init ] --END-- [ RunTime:0.000316s ]
INFO: [ app_begin ] --START--
INFO: Run Behavior\ReadHtmlCacheBehavior [ RunTime:0.000531s ]
INFO: [ app_begin ] --END-- [ RunTime:0.000574s ]
SQL: SHOW COLUMNS FROM `zn_case` [ RunTime:0.0140s ]
SQL: SELECT * FROM `zn_case` ORDER BY sort desc LIMIT 0,1   [ RunTime:0.0013s ]
SQL: SELECT * FROM `zn_case` ORDER BY sort desc  [ RunTime:0.0018s ]

[ 2018-11-15T16:33:58+08:00 ] 127.0.0.1 /index.php/Home/Public/selcase
INFO: [ app_init ] --START--
INFO: Run Behavior\BuildLiteBehavior [ RunTime:0.000013s ]
INFO: [ app_init ] --END-- [ RunTime:0.001558s ]
INFO: [ app_begin ] --START--
INFO: Run Behavior\ReadHtmlCacheBehavior [ RunTime:0.000343s ]
INFO: [ app_begin ] --END-- [ RunTime:0.000374s ]
SQL: SHOW COLUMNS FROM `zn_case` [ RunTime:0.0065s ]
SQL: SELECT * FROM `zn_case` ORDER BY sort desc LIMIT 0,1   [ RunTime:0.0009s ]
SQL: SELECT * FROM `zn_case` ORDER BY sort desc  [ RunTime:0.0008s ]

[ 2018-11-15T16:34:21+08:00 ] 127.0.0.1 /index.php/Home/Public/selcase
INFO: [ app_init ] --START--
INFO: Run Behavior\BuildLiteBehavior [ RunTime:0.000012s ]
INFO: [ app_init ] --END-- [ RunTime:0.000362s ]
INFO: [ app_begin ] --START--
INFO: Run Behavior\ReadHtmlCacheBehavior [ RunTime:0.000437s ]
INFO: [ app_begin ] --END-- [ RunTime:0.000494s ]
SQL: SHOW COLUMNS FROM `zn_case` [ RunTime:0.0070s ]
SQL: SELECT * FROM `zn_case` ORDER BY sort desc LIMIT 0,1   [ RunTime:0.0011s ]
SQL: SELECT * FROM `zn_case` ORDER BY sort desc  [ RunTime:0.0010s ]

[ 2018-11-15T16:38:29+08:00 ] 127.0.0.1 /index.php/Home/Public/selcase
INFO: [ app_init ] --START--
INFO: Run Behavior\BuildLiteBehavior [ RunTime:0.000015s ]
INFO: [ app_init ] --END-- [ RunTime:0.000526s ]
INFO: [ app_begin ] --START--
INFO: Run Behavior\ReadHtmlCacheBehavior [ RunTime:0.000730s ]
INFO: [ app_begin ] --END-- [ RunTime:0.000819s ]
SQL: SHOW COLUMNS FROM `zn_case` [ RunTime:0.0178s ]
SQL: SELECT * FROM `zn_case` ORDER BY sort desc LIMIT 0,1   [ RunTime:0.0025s ]
SQL: SELECT * FROM `zn_case` ORDER BY sort desc  [ RunTime:0.0012s ]

[ 2018-11-15T16:41:54+08:00 ] 127.0.0.1 /index.php/Home/Public/selcase
INFO: [ app_init ] --START--
INFO: Run Behavior\BuildLiteBehavior [ RunTime:0.000054s ]
INFO: [ app_init ] --END-- [ RunTime:0.000422s ]
INFO: [ app_begin ] --START--
INFO: Run Behavior\ReadHtmlCacheBehavior [ RunTime:0.000828s ]
INFO: [ app_begin ] --END-- [ RunTime:0.000983s ]
SQL: SHOW COLUMNS FROM `zn_case` [ RunTime:0.0159s ]
SQL: SELECT * FROM `zn_case` ORDER BY sort desc LIMIT 0,1   [ RunTime:0.0012s ]
SQL: SELECT * FROM `zn_case` ORDER BY sort desc  [ RunTime:0.0011s ]

[ 2018-11-15T16:42:22+08:00 ] 127.0.0.1 /index.php/Home/Public/selcase
INFO: [ app_init ] --START--
INFO: Run Behavior\BuildLiteBehavior [ RunTime:0.000016s ]
INFO: [ app_init ] --END-- [ RunTime:0.000654s ]
INFO: [ app_begin ] --START--
INFO: Run Behavior\ReadHtmlCacheBehavior [ RunTime:0.000776s ]
INFO: [ app_begin ] --END-- [ RunTime:0.000853s ]
SQL: SHOW COLUMNS FROM `zn_case` [ RunTime:0.0126s ]
SQL: SELECT * FROM `zn_case` ORDER BY sort desc LIMIT 0,1   [ RunTime:0.0011s ]
SQL: SELECT * FROM `zn_case` ORDER BY sort desc  [ RunTime:0.0014s ]

[ 2018-11-15T16:48:35+08:00 ] 127.0.0.1 /index.php/Home/Public/selcase
INFO: [ app_init ] --START--
INFO: Run Behavior\BuildLiteBehavior [ RunTime:0.000016s ]
INFO: [ app_init ] --END-- [ RunTime:0.000534s ]
INFO: [ app_begin ] --START--
INFO: Run Behavior\ReadHtmlCacheBehavior [ RunTime:0.000534s ]
INFO: [ app_begin ] --END-- [ RunTime:0.000590s ]
SQL: SHOW COLUMNS FROM `zn_case` [ RunTime:0.0138s ]
SQL: SELECT * FROM `zn_case` ORDER BY sort desc LIMIT 0,1   [ RunTime:0.0018s ]
SQL: SELECT * FROM `zn_case` ORDER BY sort desc  [ RunTime:0.0020s ]

[ 2018-11-15T16:48:36+08:00 ] 127.0.0.1 /index.php/Home/Public/selcase
INFO: [ app_init ] --START--
INFO: Run Behavior\BuildLiteBehavior [ RunTime:0.000014s ]
INFO: [ app_init ] --END-- [ RunTime:0.000437s ]
INFO: [ app_begin ] --START--
INFO: Run Behavior\ReadHtmlCacheBehavior [ RunTime:0.000564s ]
INFO: [ app_begin ] --END-- [ RunTime:0.000642s ]
SQL: SHOW COLUMNS FROM `zn_case` [ RunTime:0.0172s ]
SQL: SELECT * FROM `zn_case` ORDER BY sort desc LIMIT 0,1   [ RunTime:0.0016s ]
SQL: SELECT * FROM `zn_case` ORDER BY sort desc  [ RunTime:0.0016s ]

