[ 2018-12-03T10:09:52+08:00 ] 127.0.0.1 /index.php?__hbt=1543802990627
INFO: [ app_init ] --START--
INFO: Run Behavior\BuildLiteBehavior [ RunTime:0.000011s ]
INFO: [ app_init ] --END-- [ RunTime:0.001423s ]
INFO: [ app_begin ] --START--
INFO: Run Behavior\ReadHtmlCacheBehavior [ RunTime:0.000668s ]
INFO: [ app_begin ] --END-- [ RunTime:0.000715s ]
SQL: SHOW COLUMNS FROM `hy_nav` [ RunTime:0.0569s ]
SQL: SELECT * FROM `hy_nav` ORDER BY nav_sort desc  [ RunTime:0.0076s ]
SQL: SHOW COLUMNS FROM `hy_lunbo` [ RunTime:0.0258s ]
SQL: SELECT * FROM `hy_lunbo` WHERE `nav_id` = 1 ORDER BY lb_sort desc  [ RunTime:0.0026s ]
SQL: SHOW COLUMNS FROM `hy_footer` [ RunTime:0.0181s ]
SQL: SELECT * FROM `hy_footer` LIMIT 1   [ RunTime:0.0017s ]
SQL: SHOW COLUMNS FROM `hy_company_introduce` [ RunTime:0.0181s ]
SQL: SELECT * FROM `hy_company_introduce` LIMIT 1   [ RunTime:0.0126s ]
SQL: SHOW COLUMNS FROM `hy_all_classify` [ RunTime:0.0248s ]
SQL: SELECT * FROM `hy_all_classify` WHERE `ac_flag` = 1  [ RunTime:0.0015s ]
SQL: SHOW COLUMNS FROM `hy_little_classify` [ RunTime:0.0295s ]
SQL: SHOW COLUMNS FROM `hy_classify_article` [ RunTime:0.0164s ]
SQL: SELECT * FROM `hy_little_classify` WHERE `ac_id` = 2  [ RunTime:0.0024s ]
SQL: SHOW COLUMNS FROM `hy_scene` [ RunTime:0.0245s ]
SQL: SELECT * FROM `hy_scene` ORDER BY sort desc  [ RunTime:0.0015s ]
SQL: SHOW COLUMNS FROM `hy_case` [ RunTime:0.0189s ]
SQL: SELECT * FROM `hy_case` ORDER BY sort desc LIMIT 0,5   [ RunTime:0.0110s ]
SQL: SHOW COLUMNS FROM `hy_home_decorate_title` [ RunTime:0.0226s ]
SQL: SELECT * FROM `hy_home_decorate_title` ORDER BY hdt_sort desc LIMIT 0,6   [ RunTime:0.0013s ]
SQL: SELECT * FROM `hy_all_classify` WHERE `nav_id` = 1 LIMIT 1   [ RunTime:0.0011s ]
SQL: SELECT * FROM `hy_little_classify` WHERE `ac_id` = 3 LIMIT 0,3   [ RunTime:0.0007s ]
SQL: SHOW COLUMNS FROM `hy_all_head` [ RunTime:0.0248s ]
SQL: SELECT * FROM `hy_all_head` LIMIT 1   [ RunTime:0.0014s ]
INFO: [ view_parse ] --START--
INFO: [ template_filter ] --START--
INFO: Run Behavior\ContentReplaceBehavior [ RunTime:0.001136s ]
INFO: [ template_filter ] --END-- [ RunTime:0.001236s ]
NOTIC: [8] Undefined index: nav_url E:\sunzemin\hongyu\Application\Runtime\Cache\Home\2a94b8bda04ff446dcedd42276fc99ee.php 第 48 行.
NOTIC: [8] Undefined offset: 0 E:\sunzemin\hongyu\Application\Runtime\Cache\Home\2a94b8bda04ff446dcedd42276fc99ee.php 第 126 行.
NOTIC: [8] Undefined index: ah_title4 E:\sunzemin\hongyu\Application\Runtime\Cache\Home\2a94b8bda04ff446dcedd42276fc99ee.php 第 146 行.
NOTIC: [8] Undefined index: ah_title2 E:\sunzemin\hongyu\Application\Runtime\Cache\Home\2a94b8bda04ff446dcedd42276fc99ee.php 第 151 行.
NOTIC: [8] Undefined index: ah_title3 E:\sunzemin\hongyu\Application\Runtime\Cache\Home\2a94b8bda04ff446dcedd42276fc99ee.php 第 153 行.
NOTIC: [8] Undefined offset: 1 E:\sunzemin\hongyu\Application\Runtime\Cache\Home\2a94b8bda04ff446dcedd42276fc99ee.php 第 240 行.
NOTIC: [8] Undefined offset: 1 E:\sunzemin\hongyu\Application\Runtime\Cache\Home\2a94b8bda04ff446dcedd42276fc99ee.php 第 243 行.
NOTIC: [8] Undefined index: wb_erweima E:\sunzemin\hongyu\Application\Runtime\Cache\Home\2a94b8bda04ff446dcedd42276fc99ee.php 第 295 行.
INFO: Run Behavior\ParseTemplateBehavior [ RunTime:0.102760s ]
INFO: [ view_parse ] --END-- [ RunTime:0.102802s ]
INFO: [ view_filter ] --START--
INFO: Run Behavior\WriteHtmlCacheBehavior [ RunTime:0.016709s ]
INFO: [ view_filter ] --END-- [ RunTime:0.016796s ]
INFO: [ app_end ] --START--
INFO: Run Behavior\ShowPageTraceBehavior [ RunTime:0.036887s ]
INFO: [ app_end ] --END-- [ RunTime:0.036947s ]

[ 2018-12-03T10:34:18+08:00 ] 127.0.0.1 /index.php?__hbt=1543804456260
INFO: [ app_init ] --START--
INFO: Run Behavior\BuildLiteBehavior [ RunTime:0.000015s ]
INFO: [ app_init ] --END-- [ RunTime:0.000494s ]
INFO: [ app_begin ] --START--
INFO: Run Behavior\ReadHtmlCacheBehavior [ RunTime:0.000590s ]
INFO: [ app_begin ] --END-- [ RunTime:0.000644s ]
SQL: SHOW COLUMNS FROM `hy_nav` [ RunTime:0.0211s ]
SQL: SELECT * FROM `hy_nav` ORDER BY nav_sort desc  [ RunTime:0.0014s ]
SQL: SHOW COLUMNS FROM `hy_lunbo` [ RunTime:0.0221s ]
SQL: SELECT * FROM `hy_lunbo` WHERE `nav_id` = 1 ORDER BY lb_sort desc  [ RunTime:0.0014s ]
SQL: SHOW COLUMNS FROM `hy_footer` [ RunTime:0.0152s ]
SQL: SELECT * FROM `hy_footer` LIMIT 1   [ RunTime:0.0009s ]
SQL: SHOW COLUMNS FROM `hy_company_introduce` [ RunTime:0.0175s ]
SQL: SELECT * FROM `hy_company_introduce` LIMIT 1   [ RunTime:0.0009s ]
SQL: SHOW COLUMNS FROM `hy_all_classify` [ RunTime:0.0180s ]
SQL: SELECT * FROM `hy_all_classify` WHERE `ac_flag` = 1  [ RunTime:0.0008s ]
SQL: SHOW COLUMNS FROM `hy_little_classify` [ RunTime:0.0110s ]
SQL: SHOW COLUMNS FROM `hy_classify_article` [ RunTime:0.0131s ]
SQL: SELECT * FROM `hy_little_classify` WHERE `ac_id` = 2  [ RunTime:0.0009s ]
SQL: SHOW COLUMNS FROM `hy_scene` [ RunTime:0.0235s ]
SQL: SELECT * FROM `hy_scene` ORDER BY sort desc  [ RunTime:0.0010s ]
SQL: SHOW COLUMNS FROM `hy_case` [ RunTime:0.0075s ]
SQL: SELECT * FROM `hy_case` ORDER BY sort desc LIMIT 0,5   [ RunTime:0.0010s ]
SQL: SHOW COLUMNS FROM `hy_home_decorate_title` [ RunTime:0.0142s ]
SQL: SELECT * FROM `hy_home_decorate_title` ORDER BY hdt_sort desc LIMIT 0,6   [ RunTime:0.0010s ]
SQL: SELECT * FROM `hy_all_classify` WHERE `nav_id` = 1 LIMIT 1   [ RunTime:0.0008s ]
SQL: SELECT * FROM `hy_little_classify` WHERE `ac_id` = 3 LIMIT 0,3   [ RunTime:0.0006s ]
SQL: SHOW COLUMNS FROM `hy_all_head` [ RunTime:0.0060s ]
SQL: SELECT * FROM `hy_all_head` LIMIT 1   [ RunTime:0.0011s ]
INFO: [ view_parse ] --START--
INFO: [ template_filter ] --START--
INFO: Run Behavior\ContentReplaceBehavior [ RunTime:0.000131s ]
INFO: [ template_filter ] --END-- [ RunTime:0.000164s ]
NOTIC: [8] Undefined index: nav_url E:\sunzemin\hongyu\Application\Runtime\Cache\Home\2a94b8bda04ff446dcedd42276fc99ee.php 第 48 行.
NOTIC: [8] Undefined offset: 0 E:\sunzemin\hongyu\Application\Runtime\Cache\Home\2a94b8bda04ff446dcedd42276fc99ee.php 第 126 行.
NOTIC: [8] Undefined index: ah_title4 E:\sunzemin\hongyu\Application\Runtime\Cache\Home\2a94b8bda04ff446dcedd42276fc99ee.php 第 146 行.
NOTIC: [8] Undefined index: ah_title2 E:\sunzemin\hongyu\Application\Runtime\Cache\Home\2a94b8bda04ff446dcedd42276fc99ee.php 第 151 行.
NOTIC: [8] Undefined index: ah_title3 E:\sunzemin\hongyu\Application\Runtime\Cache\Home\2a94b8bda04ff446dcedd42276fc99ee.php 第 153 行.
NOTIC: [8] Undefined offset: 1 E:\sunzemin\hongyu\Application\Runtime\Cache\Home\2a94b8bda04ff446dcedd42276fc99ee.php 第 240 行.
NOTIC: [8] Undefined offset: 1 E:\sunzemin\hongyu\Application\Runtime\Cache\Home\2a94b8bda04ff446dcedd42276fc99ee.php 第 243 行.
NOTIC: [8] Undefined index: wb_erweima E:\sunzemin\hongyu\Application\Runtime\Cache\Home\2a94b8bda04ff446dcedd42276fc99ee.php 第 295 行.
INFO: Run Behavior\ParseTemplateBehavior [ RunTime:0.033331s ]
INFO: [ view_parse ] --END-- [ RunTime:0.033365s ]
INFO: [ view_filter ] --START--
INFO: Run Behavior\WriteHtmlCacheBehavior [ RunTime:0.000240s ]
INFO: [ view_filter ] --END-- [ RunTime:0.000263s ]
INFO: [ app_end ] --START--
INFO: Run Behavior\ShowPageTraceBehavior [ RunTime:0.000652s ]
INFO: [ app_end ] --END-- [ RunTime:0.000685s ]

[ 2018-12-03T13:04:56+08:00 ] 127.0.0.1 /index.php?__hbt=1543813493806
INFO: [ app_init ] --START--
INFO: Run Behavior\BuildLiteBehavior [ RunTime:0.000030s ]
INFO: [ app_init ] --END-- [ RunTime:0.000668s ]
INFO: [ app_begin ] --START--
INFO: Run Behavior\ReadHtmlCacheBehavior [ RunTime:0.000917s ]
INFO: [ app_begin ] --END-- [ RunTime:0.001020s ]
SQL: SHOW COLUMNS FROM `hy_nav` [ RunTime:0.0270s ]
SQL: SELECT * FROM `hy_nav` ORDER BY nav_sort desc  [ RunTime:0.0022s ]
SQL: SHOW COLUMNS FROM `hy_lunbo` [ RunTime:0.0159s ]
SQL: SELECT * FROM `hy_lunbo` WHERE `nav_id` = 1 ORDER BY lb_sort desc  [ RunTime:0.0024s ]
SQL: SHOW COLUMNS FROM `hy_footer` [ RunTime:0.0250s ]
SQL: SELECT * FROM `hy_footer` LIMIT 1   [ RunTime:0.0013s ]
SQL: SHOW COLUMNS FROM `hy_company_introduce` [ RunTime:0.0098s ]
SQL: SELECT * FROM `hy_company_introduce` LIMIT 1   [ RunTime:0.0045s ]
SQL: SHOW COLUMNS FROM `hy_all_classify` [ RunTime:0.0190s ]
SQL: SELECT * FROM `hy_all_classify` WHERE `ac_flag` = 1  [ RunTime:0.0009s ]
SQL: SHOW COLUMNS FROM `hy_little_classify` [ RunTime:0.0125s ]
SQL: SHOW COLUMNS FROM `hy_classify_article` [ RunTime:0.0164s ]
SQL: SELECT * FROM `hy_little_classify` WHERE `ac_id` = 2  [ RunTime:0.0017s ]
SQL: SHOW COLUMNS FROM `hy_scene` [ RunTime:0.0174s ]
SQL: SELECT * FROM `hy_scene` ORDER BY sort desc  [ RunTime:0.0009s ]
SQL: SHOW COLUMNS FROM `hy_case` [ RunTime:0.0196s ]
SQL: SELECT * FROM `hy_case` ORDER BY sort desc LIMIT 0,5   [ RunTime:0.0096s ]
SQL: SHOW COLUMNS FROM `hy_home_decorate_title` [ RunTime:0.0164s ]
SQL: SELECT * FROM `hy_home_decorate_title` ORDER BY hdt_sort desc LIMIT 0,6   [ RunTime:0.0011s ]
SQL: SELECT * FROM `hy_all_classify` WHERE `nav_id` = 1 LIMIT 1   [ RunTime:0.0007s ]
SQL: SELECT * FROM `hy_little_classify` WHERE `ac_id` = 3 LIMIT 0,3   [ RunTime:0.0012s ]
SQL: SHOW COLUMNS FROM `hy_all_head` [ RunTime:0.0305s ]
SQL: SELECT * FROM `hy_all_head` LIMIT 1   [ RunTime:0.0008s ]
INFO: [ view_parse ] --START--
INFO: [ template_filter ] --START--
INFO: Run Behavior\ContentReplaceBehavior [ RunTime:0.000204s ]
INFO: [ template_filter ] --END-- [ RunTime:0.000271s ]
NOTIC: [8] Undefined index: nav_url E:\sunzemin\hongyu\Application\Runtime\Cache\Home\2a94b8bda04ff446dcedd42276fc99ee.php 第 48 行.
NOTIC: [8] Undefined offset: 0 E:\sunzemin\hongyu\Application\Runtime\Cache\Home\2a94b8bda04ff446dcedd42276fc99ee.php 第 126 行.
NOTIC: [8] Undefined index: ah_title4 E:\sunzemin\hongyu\Application\Runtime\Cache\Home\2a94b8bda04ff446dcedd42276fc99ee.php 第 146 行.
NOTIC: [8] Undefined index: ah_title2 E:\sunzemin\hongyu\Application\Runtime\Cache\Home\2a94b8bda04ff446dcedd42276fc99ee.php 第 151 行.
NOTIC: [8] Undefined index: ah_title3 E:\sunzemin\hongyu\Application\Runtime\Cache\Home\2a94b8bda04ff446dcedd42276fc99ee.php 第 153 行.
NOTIC: [8] Undefined offset: 1 E:\sunzemin\hongyu\Application\Runtime\Cache\Home\2a94b8bda04ff446dcedd42276fc99ee.php 第 240 行.
NOTIC: [8] Undefined offset: 1 E:\sunzemin\hongyu\Application\Runtime\Cache\Home\2a94b8bda04ff446dcedd42276fc99ee.php 第 243 行.
NOTIC: [8] Undefined index: wb_erweima E:\sunzemin\hongyu\Application\Runtime\Cache\Home\2a94b8bda04ff446dcedd42276fc99ee.php 第 295 行.
INFO: Run Behavior\ParseTemplateBehavior [ RunTime:0.046140s ]
INFO: [ view_parse ] --END-- [ RunTime:0.046198s ]
INFO: [ view_filter ] --START--
INFO: Run Behavior\WriteHtmlCacheBehavior [ RunTime:0.000425s ]
INFO: [ view_filter ] --END-- [ RunTime:0.000473s ]
INFO: [ app_end ] --START--
INFO: Run Behavior\ShowPageTraceBehavior [ RunTime:0.000653s ]
INFO: [ app_end ] --END-- [ RunTime:0.000702s ]

[ 2018-12-03T13:27:23+08:00 ] 127.0.0.1 /index.php/Home/Redis/test
INFO: [ app_init ] --START--
INFO: Run Behavior\BuildLiteBehavior [ RunTime:0.000021s ]
INFO: [ app_init ] --END-- [ RunTime:0.000271s ]
INFO: [ app_begin ] --START--
INFO: Run Behavior\ReadHtmlCacheBehavior [ RunTime:0.000333s ]
INFO: [ app_begin ] --END-- [ RunTime:0.000363s ]
ERR: Redis server went away

[ 2018-12-03T13:27:34+08:00 ] 127.0.0.1 /index.php/Home/Redis/test
INFO: [ app_init ] --START--
INFO: Run Behavior\BuildLiteBehavior [ RunTime:0.000011s ]
INFO: [ app_init ] --END-- [ RunTime:0.000438s ]
INFO: [ app_begin ] --START--
INFO: Run Behavior\ReadHtmlCacheBehavior [ RunTime:0.000599s ]
INFO: [ app_begin ] --END-- [ RunTime:0.000666s ]
NOTIC: [8] Undefined variable: redis E:\sunzemin\hongyu\Application\Home\Controller\RedisController.class.php 第 9 行.

[ 2018-12-03T13:27:35+08:00 ] 127.0.0.1 /index.php/Home/Redis/test
INFO: [ app_init ] --START--
INFO: Run Behavior\BuildLiteBehavior [ RunTime:0.000009s ]
INFO: [ app_init ] --END-- [ RunTime:0.000270s ]
INFO: [ app_begin ] --START--
INFO: Run Behavior\ReadHtmlCacheBehavior [ RunTime:0.000334s ]
INFO: [ app_begin ] --END-- [ RunTime:0.000367s ]
NOTIC: [8] Undefined variable: redis E:\sunzemin\hongyu\Application\Home\Controller\RedisController.class.php 第 9 行.

[ 2018-12-03T13:27:36+08:00 ] 127.0.0.1 /index.php/Home/Redis/test
INFO: [ app_init ] --START--
INFO: Run Behavior\BuildLiteBehavior [ RunTime:0.000011s ]
INFO: [ app_init ] --END-- [ RunTime:0.000363s ]
INFO: [ app_begin ] --START--
INFO: Run Behavior\ReadHtmlCacheBehavior [ RunTime:0.000947s ]
INFO: [ app_begin ] --END-- [ RunTime:0.001092s ]
NOTIC: [8] Undefined variable: redis E:\sunzemin\hongyu\Application\Home\Controller\RedisController.class.php 第 9 行.

[ 2018-12-03T13:28:01+08:00 ] 127.0.0.1 /index.php/Home/Redis/test
INFO: [ app_init ] --START--
INFO: Run Behavior\BuildLiteBehavior [ RunTime:0.000008s ]
INFO: [ app_init ] --END-- [ RunTime:0.000270s ]
INFO: [ app_begin ] --START--
INFO: Run Behavior\ReadHtmlCacheBehavior [ RunTime:0.000301s ]
INFO: [ app_begin ] --END-- [ RunTime:0.000332s ]
INFO: [ app_end ] --START--
INFO: Run Behavior\ShowPageTraceBehavior [ RunTime:0.000354s ]
INFO: [ app_end ] --END-- [ RunTime:0.000398s ]

[ 2018-12-03T13:29:09+08:00 ] 127.0.0.1 /index.php/Home/Redis/test
INFO: [ app_init ] --START--
INFO: Run Behavior\BuildLiteBehavior [ RunTime:0.000011s ]
INFO: [ app_init ] --END-- [ RunTime:0.000389s ]
INFO: [ app_begin ] --START--
INFO: Run Behavior\ReadHtmlCacheBehavior [ RunTime:0.000357s ]
INFO: [ app_begin ] --END-- [ RunTime:0.000404s ]
ERR: Redis server went away

[ 2018-12-03T13:29:30+08:00 ] 127.0.0.1 /index.php/Home/Redis/test
INFO: [ app_init ] --START--
INFO: Run Behavior\BuildLiteBehavior [ RunTime:0.000021s ]
INFO: [ app_init ] --END-- [ RunTime:0.000469s ]
INFO: [ app_begin ] --START--
INFO: Run Behavior\ReadHtmlCacheBehavior [ RunTime:0.000711s ]
INFO: [ app_begin ] --END-- [ RunTime:0.000810s ]

[ 2018-12-03T13:29:30+08:00 ] 127.0.0.1 /index.php/Home/Redis/test
INFO: [ app_init ] --START--
INFO: Run Behavior\BuildLiteBehavior [ RunTime:0.000009s ]
INFO: [ app_init ] --END-- [ RunTime:0.000404s ]
INFO: [ app_begin ] --START--
INFO: Run Behavior\ReadHtmlCacheBehavior [ RunTime:0.000429s ]
INFO: [ app_begin ] --END-- [ RunTime:0.000474s ]

[ 2018-12-03T13:29:51+08:00 ] 127.0.0.1 /index.php/Home/Redis/test
INFO: [ app_init ] --START--
INFO: Run Behavior\BuildLiteBehavior [ RunTime:0.000008s ]
INFO: [ app_init ] --END-- [ RunTime:0.000246s ]
INFO: [ app_begin ] --START--
INFO: Run Behavior\ReadHtmlCacheBehavior [ RunTime:0.000462s ]
INFO: [ app_begin ] --END-- [ RunTime:0.000506s ]
ERR: Redis server went away

[ 2018-12-03T13:30:12+08:00 ] 127.0.0.1 /index.php/Home/Redis/test
INFO: [ app_init ] --START--
INFO: Run Behavior\BuildLiteBehavior [ RunTime:0.000008s ]
INFO: [ app_init ] --END-- [ RunTime:0.000270s ]
INFO: [ app_begin ] --START--
INFO: Run Behavior\ReadHtmlCacheBehavior [ RunTime:0.000304s ]
INFO: [ app_begin ] --END-- [ RunTime:0.000334s ]
ERR: Redis server went away

[ 2018-12-03T13:31:50+08:00 ] 127.0.0.1 /index.php/Home/Redis/test
INFO: [ app_init ] --START--
INFO: Run Behavior\BuildLiteBehavior [ RunTime:0.000008s ]
INFO: [ app_init ] --END-- [ RunTime:0.000248s ]
INFO: [ app_begin ] --START--
INFO: Run Behavior\ReadHtmlCacheBehavior [ RunTime:0.000685s ]
INFO: [ app_begin ] --END-- [ RunTime:0.000748s ]
ERR: Redis server went away

[ 2018-12-03T13:32:44+08:00 ] 127.0.0.1 /index.php/Home/Redis/test
INFO: [ app_init ] --START--
INFO: Run Behavior\BuildLiteBehavior [ RunTime:0.000015s ]
INFO: [ app_init ] --END-- [ RunTime:0.000567s ]
INFO: [ app_begin ] --START--
INFO: Run Behavior\ReadHtmlCacheBehavior [ RunTime:0.002111s ]
INFO: [ app_begin ] --END-- [ RunTime:0.002163s ]
INFO: [ app_end ] --START--
INFO: Run Behavior\ShowPageTraceBehavior [ RunTime:0.000743s ]
INFO: [ app_end ] --END-- [ RunTime:0.000815s ]

[ 2018-12-03T13:44:17+08:00 ] 127.0.0.1 /index.php/Home/Redis/test
INFO: [ app_init ] --START--
INFO: Run Behavior\BuildLiteBehavior [ RunTime:0.000026s ]
INFO: [ app_init ] --END-- [ RunTime:0.000474s ]
INFO: [ app_begin ] --START--
INFO: Run Behavior\ReadHtmlCacheBehavior [ RunTime:0.000604s ]
INFO: [ app_begin ] --END-- [ RunTime:0.000655s ]
ERR: Redis server went away

[ 2018-12-03T13:48:20+08:00 ] 127.0.0.1 /index.php/Home/Redis/test
INFO: [ app_init ] --START--
INFO: Run Behavior\BuildLiteBehavior [ RunTime:0.000008s ]
INFO: [ app_init ] --END-- [ RunTime:0.000359s ]
INFO: [ app_begin ] --START--
INFO: Run Behavior\ReadHtmlCacheBehavior [ RunTime:0.000350s ]
INFO: [ app_begin ] --END-- [ RunTime:0.000383s ]
INFO: [ app_end ] --START--
INFO: Run Behavior\ShowPageTraceBehavior [ RunTime:0.000353s ]
INFO: [ app_end ] --END-- [ RunTime:0.000382s ]

[ 2018-12-03T13:49:06+08:00 ] 127.0.0.1 /index.php/Home/Redis/test
INFO: [ app_init ] --START--
INFO: Run Behavior\BuildLiteBehavior [ RunTime:0.000051s ]
INFO: [ app_init ] --END-- [ RunTime:0.001000s ]
INFO: [ app_begin ] --START--
INFO: Run Behavior\ReadHtmlCacheBehavior [ RunTime:0.001341s ]
INFO: [ app_begin ] --END-- [ RunTime:0.001478s ]
ERR: Redis server went away

[ 2018-12-03T13:49:07+08:00 ] 127.0.0.1 /index.php/Home/Redis/test
INFO: [ app_init ] --START--
INFO: Run Behavior\BuildLiteBehavior [ RunTime:0.000011s ]
INFO: [ app_init ] --END-- [ RunTime:0.000334s ]
INFO: [ app_begin ] --START--
INFO: Run Behavior\ReadHtmlCacheBehavior [ RunTime:0.000639s ]
INFO: [ app_begin ] --END-- [ RunTime:0.000706s ]
ERR: Redis server went away

[ 2018-12-03T13:49:30+08:00 ] 127.0.0.1 /index.php/Home/Redis/test
INFO: [ app_init ] --START--
INFO: Run Behavior\BuildLiteBehavior [ RunTime:0.000014s ]
INFO: [ app_init ] --END-- [ RunTime:0.000508s ]
INFO: [ app_begin ] --START--
INFO: Run Behavior\ReadHtmlCacheBehavior [ RunTime:0.000570s ]
INFO: [ app_begin ] --END-- [ RunTime:0.000626s ]
ERR: Redis server went away

[ 2018-12-03T13:49:32+08:00 ] 127.0.0.1 /index.php/Home/Redis/test
INFO: [ app_init ] --START--
INFO: Run Behavior\BuildLiteBehavior [ RunTime:0.000010s ]
INFO: [ app_init ] --END-- [ RunTime:0.000307s ]
INFO: [ app_begin ] --START--
INFO: Run Behavior\ReadHtmlCacheBehavior [ RunTime:0.000478s ]
INFO: [ app_begin ] --END-- [ RunTime:0.000534s ]
ERR: Redis server went away

[ 2018-12-03T13:49:33+08:00 ] 127.0.0.1 /index.php/Home/Redis/test
INFO: [ app_init ] --START--
INFO: Run Behavior\BuildLiteBehavior [ RunTime:0.000009s ]
INFO: [ app_init ] --END-- [ RunTime:0.000388s ]
INFO: [ app_begin ] --START--
INFO: Run Behavior\ReadHtmlCacheBehavior [ RunTime:0.000390s ]
INFO: [ app_begin ] --END-- [ RunTime:0.000423s ]
ERR: Redis server went away

[ 2018-12-03T13:49:34+08:00 ] 127.0.0.1 /index.php/Home/Redis/test
INFO: [ app_init ] --START--
INFO: Run Behavior\BuildLiteBehavior [ RunTime:0.000009s ]
INFO: [ app_init ] --END-- [ RunTime:0.000256s ]
INFO: [ app_begin ] --START--
INFO: Run Behavior\ReadHtmlCacheBehavior [ RunTime:0.000310s ]
INFO: [ app_begin ] --END-- [ RunTime:0.000344s ]
ERR: Redis server went away

[ 2018-12-03T13:51:36+08:00 ] 127.0.0.1 /index.php/Home/Redis/test
INFO: [ app_init ] --START--
INFO: Run Behavior\BuildLiteBehavior [ RunTime:0.000029s ]
INFO: [ app_init ] --END-- [ RunTime:0.000414s ]
INFO: [ app_begin ] --START--
INFO: Run Behavior\ReadHtmlCacheBehavior [ RunTime:0.000457s ]
INFO: [ app_begin ] --END-- [ RunTime:0.000494s ]
ERR: Redis server went away

[ 2018-12-03T13:51:38+08:00 ] 127.0.0.1 /index.php/Home/Redis/test
INFO: [ app_init ] --START--
INFO: Run Behavior\BuildLiteBehavior [ RunTime:0.000015s ]
INFO: [ app_init ] --END-- [ RunTime:0.000493s ]
INFO: [ app_begin ] --START--
INFO: Run Behavior\ReadHtmlCacheBehavior [ RunTime:0.000560s ]
INFO: [ app_begin ] --END-- [ RunTime:0.000658s ]
ERR: Redis server went away

[ 2018-12-03T13:51:39+08:00 ] 127.0.0.1 /index.php/Home/Redis/test
INFO: [ app_init ] --START--
INFO: Run Behavior\BuildLiteBehavior [ RunTime:0.000014s ]
INFO: [ app_init ] --END-- [ RunTime:0.000435s ]
INFO: [ app_begin ] --START--
INFO: Run Behavior\ReadHtmlCacheBehavior [ RunTime:0.000338s ]
INFO: [ app_begin ] --END-- [ RunTime:0.000374s ]
ERR: Redis server went away

[ 2018-12-03T13:59:31+08:00 ] 127.0.0.1 /index.php/Home/Redis/test
INFO: [ app_init ] --START--
INFO: Run Behavior\BuildLiteBehavior [ RunTime:0.000012s ]
INFO: [ app_init ] --END-- [ RunTime:0.000572s ]
INFO: [ app_begin ] --START--
INFO: Run Behavior\ReadHtmlCacheBehavior [ RunTime:0.000834s ]
INFO: [ app_begin ] --END-- [ RunTime:0.000911s ]

[ 2018-12-03T14:00:32+08:00 ] 127.0.0.1 /index.php/Home/Redisll/test
INFO: [ app_init ] --START--
INFO: Run Behavior\BuildLiteBehavior [ RunTime:0.000062s ]
INFO: [ app_init ] --END-- [ RunTime:0.000634s ]
INFO: [ app_begin ] --START--
INFO: Run Behavior\ReadHtmlCacheBehavior [ RunTime:0.000519s ]
INFO: [ app_begin ] --END-- [ RunTime:0.000555s ]

[ 2018-12-03T14:10:04+08:00 ] 127.0.0.1 /index.php/Home/Redis/test
INFO: [ app_init ] --START--
INFO: Run Behavior\BuildLiteBehavior [ RunTime:0.000009s ]
INFO: [ app_init ] --END-- [ RunTime:0.000314s ]
INFO: [ app_begin ] --START--
INFO: Run Behavior\ReadHtmlCacheBehavior [ RunTime:0.000358s ]
INFO: [ app_begin ] --END-- [ RunTime:0.000392s ]
ERR: 无法加载控制器:Redis

[ 2018-12-03T14:10:37+08:00 ] 127.0.0.1 /index.php/Home/Redisll/test
INFO: [ app_init ] --START--
INFO: Run Behavior\BuildLiteBehavior [ RunTime:0.000026s ]
INFO: [ app_init ] --END-- [ RunTime:0.000411s ]
INFO: [ app_begin ] --START--
INFO: Run Behavior\ReadHtmlCacheBehavior [ RunTime:0.005326s ]
INFO: [ app_begin ] --END-- [ RunTime:0.005399s ]

[ 2018-12-03T14:13:46+08:00 ] 127.0.0.1 /index.php/Home/Redisll/test
INFO: [ app_init ] --START--
INFO: Run Behavior\BuildLiteBehavior [ RunTime:0.000012s ]
INFO: [ app_init ] --END-- [ RunTime:0.000644s ]
INFO: [ app_begin ] --START--
INFO: Run Behavior\ReadHtmlCacheBehavior [ RunTime:0.000613s ]
INFO: [ app_begin ] --END-- [ RunTime:0.000662s ]
ERR: Redis server went away

[ 2018-12-03T14:13:50+08:00 ] 127.0.0.1 /index.php/Home/Redisll/test
INFO: [ app_init ] --START--
INFO: Run Behavior\BuildLiteBehavior [ RunTime:0.000011s ]
INFO: [ app_init ] --END-- [ RunTime:0.000305s ]
INFO: [ app_begin ] --START--
INFO: Run Behavior\ReadHtmlCacheBehavior [ RunTime:0.000396s ]
INFO: [ app_begin ] --END-- [ RunTime:0.000432s ]
ERR: Redis server went away

[ 2018-12-03T14:16:02+08:00 ] 127.0.0.1 /index.php/Home/Redisll/test
INFO: [ app_init ] --START--
INFO: Run Behavior\BuildLiteBehavior [ RunTime:0.000018s ]
INFO: [ app_init ] --END-- [ RunTime:0.000786s ]
INFO: [ app_begin ] --START--
INFO: Run Behavior\ReadHtmlCacheBehavior [ RunTime:0.000400s ]
INFO: [ app_begin ] --END-- [ RunTime:0.000442s ]
ERR: Redis server went away

[ 2018-12-03T14:16:04+08:00 ] 127.0.0.1 /index.php/Home/Redisll/test
INFO: [ app_init ] --START--
INFO: Run Behavior\BuildLiteBehavior [ RunTime:0.000008s ]
INFO: [ app_init ] --END-- [ RunTime:0.000261s ]
INFO: [ app_begin ] --START--
INFO: Run Behavior\ReadHtmlCacheBehavior [ RunTime:0.000316s ]
INFO: [ app_begin ] --END-- [ RunTime:0.000350s ]
ERR: Redis server went away

[ 2018-12-03T14:27:11+08:00 ] 127.0.0.1 /index.php/Home/Redisll/test
INFO: [ app_init ] --START--
INFO: Run Behavior\BuildLiteBehavior [ RunTime:0.000032s ]
INFO: [ app_init ] --END-- [ RunTime:0.000411s ]
INFO: [ app_begin ] --START--
INFO: Run Behavior\ReadHtmlCacheBehavior [ RunTime:0.000474s ]
INFO: [ app_begin ] --END-- [ RunTime:0.000523s ]
ERR: Redis server went away

[ 2018-12-03T14:28:47+08:00 ] 127.0.0.1 /index.php/Home/Redisll/test
INFO: [ app_init ] --START--
INFO: Run Behavior\BuildLiteBehavior [ RunTime:0.000011s ]
INFO: [ app_init ] --END-- [ RunTime:0.000392s ]
INFO: [ app_begin ] --START--
INFO: Run Behavior\ReadHtmlCacheBehavior [ RunTime:0.000328s ]
INFO: [ app_begin ] --END-- [ RunTime:0.000361s ]
ERR: Redis server went away

[ 2018-12-03T14:39:03+08:00 ] 127.0.0.1 /index.php/Home/Redisll/test
INFO: [ app_init ] --START--
INFO: Run Behavior\BuildLiteBehavior [ RunTime:0.000009s ]
INFO: [ app_init ] --END-- [ RunTime:0.000376s ]
INFO: [ app_begin ] --START--
INFO: Run Behavior\ReadHtmlCacheBehavior [ RunTime:0.000424s ]
INFO: [ app_begin ] --END-- [ RunTime:0.000462s ]

[ 2018-12-03T14:42:31+08:00 ] 127.0.0.1 /index.php/Home/Redisll/test
INFO: [ app_init ] --START--
INFO: Run Behavior\BuildLiteBehavior [ RunTime:0.000013s ]
INFO: [ app_init ] --END-- [ RunTime:0.000378s ]
INFO: [ app_begin ] --START--
INFO: Run Behavior\ReadHtmlCacheBehavior [ RunTime:0.000464s ]
INFO: [ app_begin ] --END-- [ RunTime:0.000507s ]
INFO: [ app_end ] --START--
INFO: Run Behavior\ShowPageTraceBehavior [ RunTime:0.000488s ]
INFO: [ app_end ] --END-- [ RunTime:0.000549s ]

[ 2018-12-03T14:43:22+08:00 ] 127.0.0.1 /index.php/Home/Redisll/test
INFO: [ app_init ] --START--
INFO: Run Behavior\BuildLiteBehavior [ RunTime:0.000009s ]
INFO: [ app_init ] --END-- [ RunTime:0.000254s ]
INFO: [ app_begin ] --START--
INFO: Run Behavior\ReadHtmlCacheBehavior [ RunTime:0.000656s ]
INFO: [ app_begin ] --END-- [ RunTime:0.000714s ]
ERR: Redis server went away

[ 2018-12-03T14:45:56+08:00 ] 127.0.0.1 /index.php/Home/Redisll/test
INFO: [ app_init ] --START--
INFO: Run Behavior\BuildLiteBehavior [ RunTime:0.000010s ]
INFO: [ app_init ] --END-- [ RunTime:0.000335s ]
INFO: [ app_begin ] --START--
INFO: Run Behavior\ReadHtmlCacheBehavior [ RunTime:0.000556s ]
INFO: [ app_begin ] --END-- [ RunTime:0.000606s ]

[ 2018-12-03T14:46:08+08:00 ] 127.0.0.1 /index.php/Home/Redisll/test
INFO: [ app_init ] --START--
INFO: Run Behavior\BuildLiteBehavior [ RunTime:0.000014s ]
INFO: [ app_init ] --END-- [ RunTime:0.000305s ]
INFO: [ app_begin ] --START--
INFO: Run Behavior\ReadHtmlCacheBehavior [ RunTime:0.000979s ]
INFO: [ app_begin ] --END-- [ RunTime:0.001059s ]
ERR: Redis server went away

[ 2018-12-03T14:47:02+08:00 ] 127.0.0.1 /index.php/Home/Redisll/test
INFO: [ app_init ] --START--
INFO: Run Behavior\BuildLiteBehavior [ RunTime:0.000017s ]
INFO: [ app_init ] --END-- [ RunTime:0.000435s ]
INFO: [ app_begin ] --START--
INFO: Run Behavior\ReadHtmlCacheBehavior [ RunTime:0.002141s ]
INFO: [ app_begin ] --END-- [ RunTime:0.002250s ]
ERR: Redis server went away

[ 2018-12-03T14:47:19+08:00 ] 127.0.0.1 /index.php/Home/Redisll/test
INFO: [ app_init ] --START--
INFO: Run Behavior\BuildLiteBehavior [ RunTime:0.000011s ]
INFO: [ app_init ] --END-- [ RunTime:0.000381s ]
INFO: [ app_begin ] --START--
INFO: Run Behavior\ReadHtmlCacheBehavior [ RunTime:0.000573s ]
INFO: [ app_begin ] --END-- [ RunTime:0.000628s ]
INFO: [ app_end ] --START--
INFO: Run Behavior\ShowPageTraceBehavior [ RunTime:0.000555s ]
INFO: [ app_end ] --END-- [ RunTime:0.000599s ]

[ 2018-12-03T14:50:11+08:00 ] 127.0.0.1 /index.php/Home/Redisll/test
INFO: [ app_init ] --START--
INFO: Run Behavior\BuildLiteBehavior [ RunTime:0.000013s ]
INFO: [ app_init ] --END-- [ RunTime:0.000525s ]
INFO: [ app_begin ] --START--
INFO: Run Behavior\ReadHtmlCacheBehavior [ RunTime:0.000363s ]
INFO: [ app_begin ] --END-- [ RunTime:0.000426s ]
ERR: Redis server went away

[ 2018-12-03T14:50:12+08:00 ] 127.0.0.1 /index.php/Home/Redisll/test
INFO: [ app_init ] --START--
INFO: Run Behavior\BuildLiteBehavior [ RunTime:0.000016s ]
INFO: [ app_init ] --END-- [ RunTime:0.000515s ]
INFO: [ app_begin ] --START--
INFO: Run Behavior\ReadHtmlCacheBehavior [ RunTime:0.000548s ]
INFO: [ app_begin ] --END-- [ RunTime:0.000601s ]
ERR: Redis server went away

[ 2018-12-03T14:52:27+08:00 ] 127.0.0.1 /index.php/Home/Redisll/test
INFO: [ app_init ] --START--
INFO: Run Behavior\BuildLiteBehavior [ RunTime:0.000011s ]
INFO: [ app_init ] --END-- [ RunTime:0.000753s ]
INFO: [ app_begin ] --START--
INFO: Run Behavior\ReadHtmlCacheBehavior [ RunTime:0.000765s ]
INFO: [ app_begin ] --END-- [ RunTime:0.000876s ]
ERR: Redis server went away

[ 2018-12-03T14:53:58+08:00 ] 127.0.0.1 /index.php/Home/Redisll/test
INFO: [ app_init ] --START--
INFO: Run Behavior\BuildLiteBehavior [ RunTime:0.000034s ]
INFO: [ app_init ] --END-- [ RunTime:0.000617s ]
INFO: [ app_begin ] --START--
INFO: Run Behavior\ReadHtmlCacheBehavior [ RunTime:0.000534s ]
INFO: [ app_begin ] --END-- [ RunTime:0.000598s ]
INFO: [ app_end ] --START--
INFO: Run Behavior\ShowPageTraceBehavior [ RunTime:0.000704s ]
INFO: [ app_end ] --END-- [ RunTime:0.000817s ]

[ 2018-12-03T14:56:12+08:00 ] 127.0.0.1 /index.php/Home/Redisll/test
INFO: [ app_init ] --START--
INFO: Run Behavior\BuildLiteBehavior [ RunTime:0.000013s ]
INFO: [ app_init ] --END-- [ RunTime:0.000475s ]
INFO: [ app_begin ] --START--
INFO: Run Behavior\ReadHtmlCacheBehavior [ RunTime:0.000383s ]
INFO: [ app_begin ] --END-- [ RunTime:0.000418s ]
INFO: [ app_end ] --START--
INFO: Run Behavior\ShowPageTraceBehavior [ RunTime:0.000802s ]
INFO: [ app_end ] --END-- [ RunTime:0.000861s ]

[ 2018-12-03T14:58:12+08:00 ] 127.0.0.1 /index.php/Home/Redisll/test
INFO: [ app_init ] --START--
INFO: Run Behavior\BuildLiteBehavior [ RunTime:0.000062s ]
INFO: [ app_init ] --END-- [ RunTime:0.001677s ]
INFO: [ app_begin ] --START--
INFO: Run Behavior\ReadHtmlCacheBehavior [ RunTime:0.000446s ]
INFO: [ app_begin ] --END-- [ RunTime:0.000484s ]

[ 2018-12-03T15:02:04+08:00 ] 127.0.0.1 /index.php/Home/Redisll/test
INFO: [ app_init ] --START--
INFO: Run Behavior\BuildLiteBehavior [ RunTime:0.000011s ]
INFO: [ app_init ] --END-- [ RunTime:0.000438s ]
INFO: [ app_begin ] --START--
INFO: Run Behavior\ReadHtmlCacheBehavior [ RunTime:0.000480s ]
INFO: [ app_begin ] --END-- [ RunTime:0.000525s ]
ERR: 无法加载缓存类型:127.0.0.1

[ 2018-12-03T15:05:57+08:00 ] 127.0.0.1 /index.php/Home/Redisll/test
INFO: [ app_init ] --START--
INFO: Run Behavior\BuildLiteBehavior [ RunTime:0.000008s ]
INFO: [ app_init ] --END-- [ RunTime:0.000359s ]
INFO: [ app_begin ] --START--
INFO: Run Behavior\ReadHtmlCacheBehavior [ RunTime:0.000390s ]
INFO: [ app_begin ] --END-- [ RunTime:0.000428s ]
ERR: Redis server went away

[ 2018-12-03T15:07:18+08:00 ] 127.0.0.1 /index.php/Home/Redisll/test
INFO: [ app_init ] --START--
INFO: Run Behavior\BuildLiteBehavior [ RunTime:0.000016s ]
INFO: [ app_init ] --END-- [ RunTime:0.000600s ]
INFO: [ app_begin ] --START--
INFO: Run Behavior\ReadHtmlCacheBehavior [ RunTime:0.000528s ]
INFO: [ app_begin ] --END-- [ RunTime:0.000582s ]
INFO: [ app_end ] --START--
INFO: Run Behavior\ShowPageTraceBehavior [ RunTime:0.000502s ]
INFO: [ app_end ] --END-- [ RunTime:0.000561s ]

[ 2018-12-03T15:07:37+08:00 ] 127.0.0.1 /index.php/Home/Redisll/test
INFO: [ app_init ] --START--
INFO: Run Behavior\BuildLiteBehavior [ RunTime:0.000022s ]
INFO: [ app_init ] --END-- [ RunTime:0.000386s ]
INFO: [ app_begin ] --START--
INFO: Run Behavior\ReadHtmlCacheBehavior [ RunTime:0.000488s ]
INFO: [ app_begin ] --END-- [ RunTime:0.000580s ]
INFO: [ app_end ] --START--
INFO: Run Behavior\ShowPageTraceBehavior [ RunTime:0.000472s ]
INFO: [ app_end ] --END-- [ RunTime:0.000521s ]

[ 2018-12-03T15:09:38+08:00 ] 127.0.0.1 /index.php/Home/Redisll/test
INFO: [ app_init ] --START--
INFO: Run Behavior\BuildLiteBehavior [ RunTime:0.000012s ]
INFO: [ app_init ] --END-- [ RunTime:0.000511s ]
INFO: [ app_begin ] --START--
INFO: Run Behavior\ReadHtmlCacheBehavior [ RunTime:0.000750s ]
INFO: [ app_begin ] --END-- [ RunTime:0.000826s ]
INFO: [ app_end ] --START--
INFO: Run Behavior\ShowPageTraceBehavior [ RunTime:0.001710s ]
INFO: [ app_end ] --END-- [ RunTime:0.001872s ]

[ 2018-12-03T15:10:04+08:00 ] 127.0.0.1 /index.php/Home/Redisll/test
INFO: [ app_init ] --START--
INFO: Run Behavior\BuildLiteBehavior [ RunTime:0.000010s ]
INFO: [ app_init ] --END-- [ RunTime:0.000267s ]
INFO: [ app_begin ] --START--
INFO: Run Behavior\ReadHtmlCacheBehavior [ RunTime:0.000484s ]
INFO: [ app_begin ] --END-- [ RunTime:0.000533s ]

[ 2018-12-03T15:10:22+08:00 ] 127.0.0.1 /index.php/Home/Redisll/test
INFO: [ app_init ] --START--
INFO: Run Behavior\BuildLiteBehavior [ RunTime:0.000009s ]
INFO: [ app_init ] --END-- [ RunTime:0.000292s ]
INFO: [ app_begin ] --START--
INFO: Run Behavior\ReadHtmlCacheBehavior [ RunTime:0.000374s ]
INFO: [ app_begin ] --END-- [ RunTime:0.000405s ]
INFO: [ app_end ] --START--
INFO: Run Behavior\ShowPageTraceBehavior [ RunTime:0.000697s ]
INFO: [ app_end ] --END-- [ RunTime:0.000750s ]

[ 2018-12-03T15:11:17+08:00 ] 127.0.0.1 /index.php/Home/Redisll/test
INFO: [ app_init ] --START--
INFO: Run Behavior\BuildLiteBehavior [ RunTime:0.000013s ]
INFO: [ app_init ] --END-- [ RunTime:0.000496s ]
INFO: [ app_begin ] --START--
INFO: Run Behavior\ReadHtmlCacheBehavior [ RunTime:0.000546s ]
INFO: [ app_begin ] --END-- [ RunTime:0.000597s ]
INFO: [ app_end ] --START--
INFO: Run Behavior\ShowPageTraceBehavior [ RunTime:0.000651s ]
INFO: [ app_end ] --END-- [ RunTime:0.000732s ]

[ 2018-12-03T15:11:18+08:00 ] 127.0.0.1 /index.php/Home/Redisll/test
INFO: [ app_init ] --START--
INFO: Run Behavior\BuildLiteBehavior [ RunTime:0.000020s ]
INFO: [ app_init ] --END-- [ RunTime:0.000944s ]
INFO: [ app_begin ] --START--
INFO: Run Behavior\ReadHtmlCacheBehavior [ RunTime:0.002307s ]
INFO: [ app_begin ] --END-- [ RunTime:0.002537s ]
INFO: [ app_end ] --START--
INFO: Run Behavior\ShowPageTraceBehavior [ RunTime:0.000649s ]
INFO: [ app_end ] --END-- [ RunTime:0.000721s ]

[ 2018-12-03T15:11:28+08:00 ] 127.0.0.1 /index.php/Home/Redisll/test
INFO: [ app_init ] --START--
INFO: Run Behavior\BuildLiteBehavior [ RunTime:0.000032s ]
INFO: [ app_init ] --END-- [ RunTime:0.000357s ]
INFO: [ app_begin ] --START--
INFO: Run Behavior\ReadHtmlCacheBehavior [ RunTime:0.000320s ]
INFO: [ app_begin ] --END-- [ RunTime:0.000357s ]
INFO: [ app_end ] --START--
INFO: Run Behavior\ShowPageTraceBehavior [ RunTime:0.000641s ]
INFO: [ app_end ] --END-- [ RunTime:0.000716s ]

[ 2018-12-03T15:13:01+08:00 ] 127.0.0.1 /index.php/Home/Redisll/test
INFO: [ app_init ] --START--
INFO: Run Behavior\BuildLiteBehavior [ RunTime:0.000015s ]
INFO: [ app_init ] --END-- [ RunTime:0.000502s ]
INFO: [ app_begin ] --START--
INFO: Run Behavior\ReadHtmlCacheBehavior [ RunTime:0.000375s ]
INFO: [ app_begin ] --END-- [ RunTime:0.000412s ]
INFO: [ app_end ] --START--
INFO: Run Behavior\ShowPageTraceBehavior [ RunTime:0.000828s ]
INFO: [ app_end ] --END-- [ RunTime:0.000908s ]

[ 2018-12-03T15:13:33+08:00 ] 127.0.0.1 /index.php/Home/Redisll/test
INFO: [ app_init ] --START--
INFO: Run Behavior\BuildLiteBehavior [ RunTime:0.000014s ]
INFO: [ app_init ] --END-- [ RunTime:0.000469s ]
INFO: [ app_begin ] --START--
INFO: Run Behavior\ReadHtmlCacheBehavior [ RunTime:0.000513s ]
INFO: [ app_begin ] --END-- [ RunTime:0.000589s ]
INFO: [ app_end ] --START--
INFO: Run Behavior\ShowPageTraceBehavior [ RunTime:0.001157s ]
INFO: [ app_end ] --END-- [ RunTime:0.001277s ]

[ 2018-12-03T16:54:16+08:00 ] 127.0.0.1 /index.php/Home/Redis11/test
INFO: [ app_init ] --START--
INFO: Run Behavior\BuildLiteBehavior [ RunTime:0.000009s ]
INFO: [ app_init ] --END-- [ RunTime:0.001689s ]
INFO: [ app_begin ] --START--
INFO: Run Behavior\ReadHtmlCacheBehavior [ RunTime:0.000445s ]
INFO: [ app_begin ] --END-- [ RunTime:0.000489s ]
ERR: 无法加载控制器:Redis11

[ 2018-12-03T16:54:33+08:00 ] 127.0.0.1 /index.php/Home/Redisll/test
INFO: [ app_init ] --START--
INFO: Run Behavior\BuildLiteBehavior [ RunTime:0.000012s ]
INFO: [ app_init ] --END-- [ RunTime:0.000430s ]
INFO: [ app_begin ] --START--
INFO: Run Behavior\ReadHtmlCacheBehavior [ RunTime:0.000605s ]
INFO: [ app_begin ] --END-- [ RunTime:0.000679s ]
INFO: [ app_end ] --START--
INFO: Run Behavior\ShowPageTraceBehavior [ RunTime:0.000592s ]
INFO: [ app_end ] --END-- [ RunTime:0.000637s ]

[ 2018-12-03T17:25:10+08:00 ] 127.0.0.1 /index.php/Home/Redisll/test
INFO: [ app_init ] --START--
INFO: Run Behavior\BuildLiteBehavior [ RunTime:0.000009s ]
INFO: [ app_init ] --END-- [ RunTime:0.000312s ]
INFO: [ app_begin ] --START--
INFO: Run Behavior\ReadHtmlCacheBehavior [ RunTime:0.000416s ]
INFO: [ app_begin ] --END-- [ RunTime:0.000448s ]
INFO: [ app_end ] --START--
INFO: Run Behavior\ShowPageTraceBehavior [ RunTime:0.000822s ]
INFO: [ app_end ] --END-- [ RunTime:0.000898s ]

[ 2018-12-03T17:50:29+08:00 ] 127.0.0.1 /index.php/Home/Index/index
INFO: [ app_init ] --START--
INFO: Run Behavior\BuildLiteBehavior [ RunTime:0.000009s ]
INFO: [ app_init ] --END-- [ RunTime:0.000324s ]
INFO: [ app_begin ] --START--
INFO: Run Behavior\ReadHtmlCacheBehavior [ RunTime:0.000396s ]
INFO: [ app_begin ] --END-- [ RunTime:0.000431s ]
SQL: SHOW COLUMNS FROM `hy_nav` [ RunTime:0.0512s ]
SQL: SELECT * FROM `hy_nav` ORDER BY nav_sort desc  [ RunTime:0.0018s ]
SQL: SHOW COLUMNS FROM `hy_lunbo` [ RunTime:0.0308s ]
SQL: SELECT * FROM `hy_lunbo` WHERE `nav_id` = 1 ORDER BY lb_sort desc  [ RunTime:0.0016s ]
SQL: SHOW COLUMNS FROM `hy_footer` [ RunTime:0.0178s ]
SQL: SELECT * FROM `hy_footer` LIMIT 1   [ RunTime:0.0012s ]
SQL: SHOW COLUMNS FROM `hy_company_introduce` [ RunTime:0.0210s ]
SQL: SELECT * FROM `hy_company_introduce` LIMIT 1   [ RunTime:0.0109s ]
SQL: SHOW COLUMNS FROM `hy_all_classify` [ RunTime:0.0268s ]
SQL: SELECT * FROM `hy_all_classify` WHERE `ac_flag` = 1  [ RunTime:0.0020s ]
SQL: SHOW COLUMNS FROM `hy_little_classify` [ RunTime:0.0363s ]
SQL: SHOW COLUMNS FROM `hy_classify_article` [ RunTime:0.0166s ]
SQL: SELECT * FROM `hy_little_classify` WHERE `ac_id` = 2  [ RunTime:0.0014s ]
SQL: SHOW COLUMNS FROM `hy_scene` [ RunTime:0.0263s ]
SQL: SELECT * FROM `hy_scene` ORDER BY sort desc  [ RunTime:0.0014s ]
SQL: SHOW COLUMNS FROM `hy_case` [ RunTime:0.0199s ]
SQL: SELECT * FROM `hy_case` ORDER BY sort desc LIMIT 0,5   [ RunTime:0.0094s ]
SQL: SHOW COLUMNS FROM `hy_home_decorate_title` [ RunTime:0.0480s ]
SQL: SELECT * FROM `hy_home_decorate_title` ORDER BY hdt_sort desc LIMIT 0,6   [ RunTime:0.0021s ]
SQL: SELECT * FROM `hy_all_classify` WHERE `nav_id` = 1 LIMIT 1   [ RunTime:0.0013s ]
SQL: SELECT * FROM `hy_little_classify` WHERE `ac_id` = 3 LIMIT 0,3   [ RunTime:0.0016s ]
SQL: SHOW COLUMNS FROM `hy_all_head` [ RunTime:0.0279s ]
SQL: SELECT * FROM `hy_all_head` LIMIT 1   [ RunTime:0.0014s ]
INFO: [ view_parse ] --START--
INFO: [ template_filter ] --START--
INFO: Run Behavior\ContentReplaceBehavior [ RunTime:0.009976s ]
INFO: [ template_filter ] --END-- [ RunTime:0.010045s ]
INFO: Run Behavior\ParseTemplateBehavior [ RunTime:0.039592s ]
INFO: [ view_parse ] --END-- [ RunTime:0.039652s ]
INFO: [ view_filter ] --START--
INFO: Run Behavior\WriteHtmlCacheBehavior [ RunTime:0.000326s ]
INFO: [ view_filter ] --END-- [ RunTime:0.000363s ]
INFO: [ app_end ] --START--
INFO: Run Behavior\ShowPageTraceBehavior [ RunTime:0.000662s ]
INFO: [ app_end ] --END-- [ RunTime:0.000724s ]

[ 2018-12-03T17:50:52+08:00 ] 127.0.0.1 /index.php/Home/Index/index
INFO: [ app_init ] --START--
INFO: Run Behavior\BuildLiteBehavior [ RunTime:0.000010s ]
INFO: [ app_init ] --END-- [ RunTime:0.000286s ]
INFO: [ app_begin ] --START--
INFO: Run Behavior\ReadHtmlCacheBehavior [ RunTime:0.000350s ]
INFO: [ app_begin ] --END-- [ RunTime:0.000382s ]
SQL: SHOW COLUMNS FROM `hy_nav` [ RunTime:0.0170s ]
SQL: SELECT * FROM `hy_nav` ORDER BY nav_sort desc  [ RunTime:0.0014s ]
SQL: SHOW COLUMNS FROM `hy_lunbo` [ RunTime:0.0061s ]
SQL: SELECT * FROM `hy_lunbo` WHERE `nav_id` = 1 ORDER BY lb_sort desc  [ RunTime:0.0017s ]
SQL: SHOW COLUMNS FROM `hy_footer` [ RunTime:0.0064s ]
SQL: SELECT * FROM `hy_footer` LIMIT 1   [ RunTime:0.0014s ]
SQL: SHOW COLUMNS FROM `hy_company_introduce` [ RunTime:0.0058s ]
SQL: SELECT * FROM `hy_company_introduce` LIMIT 1   [ RunTime:0.0009s ]
SQL: SHOW COLUMNS FROM `hy_all_classify` [ RunTime:0.0056s ]
SQL: SELECT * FROM `hy_all_classify` WHERE `ac_flag` = 1  [ RunTime:0.0012s ]
SQL: SHOW COLUMNS FROM `hy_little_classify` [ RunTime:0.0053s ]
SQL: SHOW COLUMNS FROM `hy_classify_article` [ RunTime:0.0060s ]
SQL: SELECT * FROM `hy_little_classify` WHERE `ac_id` = 2  [ RunTime:0.0011s ]
SQL: SHOW COLUMNS FROM `hy_scene` [ RunTime:0.0055s ]
SQL: SELECT * FROM `hy_scene` ORDER BY sort desc  [ RunTime:0.0013s ]
SQL: SHOW COLUMNS FROM `hy_case` [ RunTime:0.0060s ]
SQL: SELECT * FROM `hy_case` ORDER BY sort desc LIMIT 0,5   [ RunTime:0.0011s ]
SQL: SHOW COLUMNS FROM `hy_home_decorate_title` [ RunTime:0.0064s ]
SQL: SELECT * FROM `hy_home_decorate_title` ORDER BY hdt_sort desc LIMIT 0,6   [ RunTime:0.0013s ]
SQL: SELECT * FROM `hy_all_classify` WHERE `nav_id` = 1 LIMIT 1   [ RunTime:0.0009s ]
SQL: SELECT * FROM `hy_little_classify` WHERE `ac_id` = 3 LIMIT 0,3   [ RunTime:0.0008s ]
SQL: SHOW COLUMNS FROM `hy_all_head` [ RunTime:0.0050s ]
SQL: SELECT * FROM `hy_all_head` LIMIT 1   [ RunTime:0.0009s ]
INFO: [ view_parse ] --START--
INFO: [ template_filter ] --START--
INFO: Run Behavior\ContentReplaceBehavior [ RunTime:0.000122s ]
INFO: [ template_filter ] --END-- [ RunTime:0.000160s ]
INFO: Run Behavior\ParseTemplateBehavior [ RunTime:0.011792s ]
INFO: [ view_parse ] --END-- [ RunTime:0.011830s ]
INFO: [ view_filter ] --START--
INFO: Run Behavior\WriteHtmlCacheBehavior [ RunTime:0.000174s ]
INFO: [ view_filter ] --END-- [ RunTime:0.000196s ]
INFO: [ app_end ] --START--
INFO: Run Behavior\ShowPageTraceBehavior [ RunTime:0.000453s ]
INFO: [ app_end ] --END-- [ RunTime:0.000490s ]

[ 2018-12-03T17:50:53+08:00 ] 127.0.0.1 /index.php/Home/Index/index
INFO: [ app_init ] --START--
INFO: Run Behavior\BuildLiteBehavior [ RunTime:0.000011s ]
INFO: [ app_init ] --END-- [ RunTime:0.000384s ]
INFO: [ app_begin ] --START--
INFO: Run Behavior\ReadHtmlCacheBehavior [ RunTime:0.000555s ]
INFO: [ app_begin ] --END-- [ RunTime:0.000634s ]
SQL: SHOW COLUMNS FROM `hy_nav` [ RunTime:0.0053s ]
SQL: SELECT * FROM `hy_nav` ORDER BY nav_sort desc  [ RunTime:0.0011s ]
SQL: SHOW COLUMNS FROM `hy_lunbo` [ RunTime:0.0054s ]
SQL: SELECT * FROM `hy_lunbo` WHERE `nav_id` = 1 ORDER BY lb_sort desc  [ RunTime:0.0011s ]
SQL: SHOW COLUMNS FROM `hy_footer` [ RunTime:0.0058s ]
SQL: SELECT * FROM `hy_footer` LIMIT 1   [ RunTime:0.0011s ]
SQL: SHOW COLUMNS FROM `hy_company_introduce` [ RunTime:0.0057s ]
SQL: SELECT * FROM `hy_company_introduce` LIMIT 1   [ RunTime:0.0011s ]
SQL: SHOW COLUMNS FROM `hy_all_classify` [ RunTime:0.0065s ]
SQL: SELECT * FROM `hy_all_classify` WHERE `ac_flag` = 1  [ RunTime:0.0013s ]
SQL: SHOW COLUMNS FROM `hy_little_classify` [ RunTime:0.0059s ]
SQL: SHOW COLUMNS FROM `hy_classify_article` [ RunTime:0.0061s ]
SQL: SELECT * FROM `hy_little_classify` WHERE `ac_id` = 2  [ RunTime:0.0010s ]
SQL: SHOW COLUMNS FROM `hy_scene` [ RunTime:0.0055s ]
SQL: SELECT * FROM `hy_scene` ORDER BY sort desc  [ RunTime:0.0009s ]
SQL: SHOW COLUMNS FROM `hy_case` [ RunTime:0.0060s ]
SQL: SELECT * FROM `hy_case` ORDER BY sort desc LIMIT 0,5   [ RunTime:0.0009s ]
SQL: SHOW COLUMNS FROM `hy_home_decorate_title` [ RunTime:0.0048s ]
SQL: SELECT * FROM `hy_home_decorate_title` ORDER BY hdt_sort desc LIMIT 0,6   [ RunTime:0.0012s ]
SQL: SELECT * FROM `hy_all_classify` WHERE `nav_id` = 1 LIMIT 1   [ RunTime:0.0010s ]
SQL: SELECT * FROM `hy_little_classify` WHERE `ac_id` = 3 LIMIT 0,3   [ RunTime:0.0008s ]
SQL: SHOW COLUMNS FROM `hy_all_head` [ RunTime:0.0057s ]
SQL: SELECT * FROM `hy_all_head` LIMIT 1   [ RunTime:0.0008s ]
INFO: [ view_parse ] --START--
INFO: [ template_filter ] --START--
INFO: Run Behavior\ContentReplaceBehavior [ RunTime:0.000162s ]
INFO: [ template_filter ] --END-- [ RunTime:0.000220s ]
INFO: Run Behavior\ParseTemplateBehavior [ RunTime:0.012366s ]
INFO: [ view_parse ] --END-- [ RunTime:0.012409s ]
INFO: [ view_filter ] --START--
INFO: Run Behavior\WriteHtmlCacheBehavior [ RunTime:0.000217s ]
INFO: [ view_filter ] --END-- [ RunTime:0.000237s ]
INFO: [ app_end ] --START--
INFO: Run Behavior\ShowPageTraceBehavior [ RunTime:0.000576s ]
INFO: [ app_end ] --END-- [ RunTime:0.000612s ]

[ 2018-12-03T17:50:54+08:00 ] 127.0.0.1 /index.php/Home/Index/index
INFO: [ app_init ] --START--
INFO: Run Behavior\BuildLiteBehavior [ RunTime:0.000016s ]
INFO: [ app_init ] --END-- [ RunTime:0.000385s ]
INFO: [ app_begin ] --START--
INFO: Run Behavior\ReadHtmlCacheBehavior [ RunTime:0.000327s ]
INFO: [ app_begin ] --END-- [ RunTime:0.000360s ]
SQL: SHOW COLUMNS FROM `hy_nav` [ RunTime:0.0125s ]
SQL: SELECT * FROM `hy_nav` ORDER BY nav_sort desc  [ RunTime:0.0016s ]
SQL: SHOW COLUMNS FROM `hy_lunbo` [ RunTime:0.0058s ]
SQL: SELECT * FROM `hy_lunbo` WHERE `nav_id` = 1 ORDER BY lb_sort desc  [ RunTime:0.0011s ]
SQL: SHOW COLUMNS FROM `hy_footer` [ RunTime:0.0056s ]
SQL: SELECT * FROM `hy_footer` LIMIT 1   [ RunTime:0.0013s ]
SQL: SHOW COLUMNS FROM `hy_company_introduce` [ RunTime:0.0057s ]
SQL: SELECT * FROM `hy_company_introduce` LIMIT 1   [ RunTime:0.0011s ]
SQL: SHOW COLUMNS FROM `hy_all_classify` [ RunTime:0.0068s ]
SQL: SELECT * FROM `hy_all_classify` WHERE `ac_flag` = 1  [ RunTime:0.0010s ]
SQL: SHOW COLUMNS FROM `hy_little_classify` [ RunTime:0.0069s ]
SQL: SHOW COLUMNS FROM `hy_classify_article` [ RunTime:0.0069s ]
SQL: SELECT * FROM `hy_little_classify` WHERE `ac_id` = 2  [ RunTime:0.0015s ]
SQL: SHOW COLUMNS FROM `hy_scene` [ RunTime:0.0067s ]
SQL: SELECT * FROM `hy_scene` ORDER BY sort desc  [ RunTime:0.0010s ]
SQL: SHOW COLUMNS FROM `hy_case` [ RunTime:0.0067s ]
SQL: SELECT * FROM `hy_case` ORDER BY sort desc LIMIT 0,5   [ RunTime:0.0014s ]
SQL: SHOW COLUMNS FROM `hy_home_decorate_title` [ RunTime:0.0071s ]
SQL: SELECT * FROM `hy_home_decorate_title` ORDER BY hdt_sort desc LIMIT 0,6   [ RunTime:0.0015s ]
SQL: SELECT * FROM `hy_all_classify` WHERE `nav_id` = 1 LIMIT 1   [ RunTime:0.0014s ]
SQL: SELECT * FROM `hy_little_classify` WHERE `ac_id` = 3 LIMIT 0,3   [ RunTime:0.0008s ]
SQL: SHOW COLUMNS FROM `hy_all_head` [ RunTime:0.0055s ]
SQL: SELECT * FROM `hy_all_head` LIMIT 1   [ RunTime:0.0010s ]
INFO: [ view_parse ] --START--
INFO: [ template_filter ] --START--
INFO: Run Behavior\ContentReplaceBehavior [ RunTime:0.000124s ]
INFO: [ template_filter ] --END-- [ RunTime:0.000167s ]
INFO: Run Behavior\ParseTemplateBehavior [ RunTime:0.019947s ]
INFO: [ view_parse ] --END-- [ RunTime:0.019997s ]
INFO: [ view_filter ] --START--
INFO: Run Behavior\WriteHtmlCacheBehavior [ RunTime:0.000232s ]
INFO: [ view_filter ] --END-- [ RunTime:0.000268s ]
INFO: [ app_end ] --START--
INFO: Run Behavior\ShowPageTraceBehavior [ RunTime:0.000579s ]
INFO: [ app_end ] --END-- [ RunTime:0.000623s ]

[ 2018-12-03T17:50:54+08:00 ] 127.0.0.1 /index.php/Home/Index/index
INFO: [ app_init ] --START--
INFO: Run Behavior\BuildLiteBehavior [ RunTime:0.000013s ]
INFO: [ app_init ] --END-- [ RunTime:0.005075s ]
INFO: [ app_begin ] --START--
INFO: Run Behavior\ReadHtmlCacheBehavior [ RunTime:0.000456s ]
INFO: [ app_begin ] --END-- [ RunTime:0.000500s ]
SQL: SHOW COLUMNS FROM `hy_nav` [ RunTime:0.0131s ]
SQL: SELECT * FROM `hy_nav` ORDER BY nav_sort desc  [ RunTime:0.0014s ]
SQL: SHOW COLUMNS FROM `hy_lunbo` [ RunTime:0.0060s ]
SQL: SELECT * FROM `hy_lunbo` WHERE `nav_id` = 1 ORDER BY lb_sort desc  [ RunTime:0.0013s ]
SQL: SHOW COLUMNS FROM `hy_footer` [ RunTime:0.0061s ]
SQL: SELECT * FROM `hy_footer` LIMIT 1   [ RunTime:0.0012s ]
SQL: SHOW COLUMNS FROM `hy_company_introduce` [ RunTime:0.0071s ]
SQL: SELECT * FROM `hy_company_introduce` LIMIT 1   [ RunTime:0.0013s ]
SQL: SHOW COLUMNS FROM `hy_all_classify` [ RunTime:0.0064s ]
SQL: SELECT * FROM `hy_all_classify` WHERE `ac_flag` = 1  [ RunTime:0.0017s ]
SQL: SHOW COLUMNS FROM `hy_little_classify` [ RunTime:0.0055s ]
SQL: SHOW COLUMNS FROM `hy_classify_article` [ RunTime:0.0056s ]
SQL: SELECT * FROM `hy_little_classify` WHERE `ac_id` = 2  [ RunTime:0.0012s ]
SQL: SHOW COLUMNS FROM `hy_scene` [ RunTime:0.0056s ]
SQL: SELECT * FROM `hy_scene` ORDER BY sort desc  [ RunTime:0.0016s ]
SQL: SHOW COLUMNS FROM `hy_case` [ RunTime:0.0068s ]
SQL: SELECT * FROM `hy_case` ORDER BY sort desc LIMIT 0,5   [ RunTime:0.0009s ]
SQL: SHOW COLUMNS FROM `hy_home_decorate_title` [ RunTime:0.0056s ]
SQL: SELECT * FROM `hy_home_decorate_title` ORDER BY hdt_sort desc LIMIT 0,6   [ RunTime:0.0014s ]
SQL: SELECT * FROM `hy_all_classify` WHERE `nav_id` = 1 LIMIT 1   [ RunTime:0.0011s ]
SQL: SELECT * FROM `hy_little_classify` WHERE `ac_id` = 3 LIMIT 0,3   [ RunTime:0.0009s ]
SQL: SHOW COLUMNS FROM `hy_all_head` [ RunTime:0.0054s ]
SQL: SELECT * FROM `hy_all_head` LIMIT 1   [ RunTime:0.0007s ]
INFO: [ view_parse ] --START--
INFO: [ template_filter ] --START--
INFO: Run Behavior\ContentReplaceBehavior [ RunTime:0.000119s ]
INFO: [ template_filter ] --END-- [ RunTime:0.000159s ]
INFO: Run Behavior\ParseTemplateBehavior [ RunTime:0.010787s ]
INFO: [ view_parse ] --END-- [ RunTime:0.010826s ]
INFO: [ view_filter ] --START--
INFO: Run Behavior\WriteHtmlCacheBehavior [ RunTime:0.000181s ]
INFO: [ view_filter ] --END-- [ RunTime:0.000203s ]
INFO: [ app_end ] --START--
INFO: Run Behavior\ShowPageTraceBehavior [ RunTime:0.000494s ]
INFO: [ app_end ] --END-- [ RunTime:0.000536s ]

[ 2018-12-03T17:52:18+08:00 ] 127.0.0.1 /index.php/Home/Index/index
INFO: [ app_init ] --START--
INFO: Run Behavior\BuildLiteBehavior [ RunTime:0.000008s ]
INFO: [ app_init ] --END-- [ RunTime:0.000248s ]
INFO: [ app_begin ] --START--
INFO: Run Behavior\ReadHtmlCacheBehavior [ RunTime:0.000787s ]
INFO: [ app_begin ] --END-- [ RunTime:0.000865s ]
SQL: SHOW COLUMNS FROM `hy_nav` [ RunTime:0.0127s ]
SQL: SELECT * FROM `hy_nav` ORDER BY nav_sort desc  [ RunTime:0.0017s ]
SQL: SHOW COLUMNS FROM `hy_lunbo` [ RunTime:0.0058s ]
SQL: SELECT * FROM `hy_lunbo` WHERE `nav_id` = 1 ORDER BY lb_sort desc  [ RunTime:0.0015s ]
SQL: SHOW COLUMNS FROM `hy_footer` [ RunTime:0.0059s ]
SQL: SELECT * FROM `hy_footer` LIMIT 1   [ RunTime:0.0013s ]
SQL: SHOW COLUMNS FROM `hy_company_introduce` [ RunTime:0.0056s ]
SQL: SELECT * FROM `hy_company_introduce` LIMIT 1   [ RunTime:0.0009s ]
SQL: SHOW COLUMNS FROM `hy_all_classify` [ RunTime:0.0058s ]
SQL: SELECT * FROM `hy_all_classify` WHERE `ac_flag` = 1  [ RunTime:0.0011s ]
SQL: SHOW COLUMNS FROM `hy_little_classify` [ RunTime:0.0062s ]
SQL: SHOW COLUMNS FROM `hy_classify_article` [ RunTime:0.0066s ]
SQL: SELECT * FROM `hy_little_classify` WHERE `ac_id` = 2  [ RunTime:0.0011s ]
SQL: SHOW COLUMNS FROM `hy_scene` [ RunTime:0.0067s ]
SQL: SELECT * FROM `hy_scene` ORDER BY sort desc  [ RunTime:0.0011s ]
SQL: SHOW COLUMNS FROM `hy_case` [ RunTime:0.0054s ]
SQL: SELECT * FROM `hy_case` ORDER BY sort desc LIMIT 0,5   [ RunTime:0.0012s ]
SQL: SHOW COLUMNS FROM `hy_home_decorate_title` [ RunTime:0.0055s ]
SQL: SELECT * FROM `hy_home_decorate_title` ORDER BY hdt_sort desc LIMIT 0,6   [ RunTime:0.0010s ]
SQL: SELECT * FROM `hy_all_classify` WHERE `nav_id` = 1 LIMIT 1   [ RunTime:0.0007s ]
SQL: SELECT * FROM `hy_little_classify` WHERE `ac_id` = 3 LIMIT 0,3   [ RunTime:0.0007s ]
SQL: SHOW COLUMNS FROM `hy_all_head` [ RunTime:0.0052s ]
SQL: SELECT * FROM `hy_all_head` LIMIT 1   [ RunTime:0.0007s ]
INFO: [ view_parse ] --START--
INFO: [ template_filter ] --START--
INFO: Run Behavior\ContentReplaceBehavior [ RunTime:0.000127s ]
INFO: [ template_filter ] --END-- [ RunTime:0.000164s ]
INFO: Run Behavior\ParseTemplateBehavior [ RunTime:0.007606s ]
INFO: [ view_parse ] --END-- [ RunTime:0.007648s ]
INFO: [ view_filter ] --START--
INFO: Run Behavior\WriteHtmlCacheBehavior [ RunTime:0.000184s ]
INFO: [ view_filter ] --END-- [ RunTime:0.000208s ]
INFO: [ app_end ] --START--
INFO: Run Behavior\ShowPageTraceBehavior [ RunTime:0.000473s ]
INFO: [ app_end ] --END-- [ RunTime:0.000534s ]

[ 2018-12-03T18:01:27+08:00 ] 127.0.0.1 /index.php/Home/Index/index
INFO: [ app_init ] --START--
INFO: Run Behavior\BuildLiteBehavior [ RunTime:0.000030s ]
INFO: [ app_init ] --END-- [ RunTime:0.000620s ]
INFO: [ app_begin ] --START--
INFO: Run Behavior\ReadHtmlCacheBehavior [ RunTime:0.000499s ]
INFO: [ app_begin ] --END-- [ RunTime:0.000538s ]
SQL: SHOW COLUMNS FROM `hy_nav` [ RunTime:0.0081s ]
SQL: SELECT * FROM `hy_nav` ORDER BY nav_sort desc  [ RunTime:0.0015s ]
SQL: SHOW COLUMNS FROM `hy_lunbo` [ RunTime:0.0067s ]
SQL: SELECT * FROM `hy_lunbo` WHERE `nav_id` = 1 ORDER BY lb_sort desc  [ RunTime:0.0017s ]
SQL: SHOW COLUMNS FROM `hy_footer` [ RunTime:0.0075s ]
SQL: SELECT * FROM `hy_footer` LIMIT 1   [ RunTime:0.0008s ]
SQL: SHOW COLUMNS FROM `hy_company_introduce` [ RunTime:0.0087s ]
SQL: SELECT * FROM `hy_company_introduce` LIMIT 1   [ RunTime:0.0018s ]
INFO: [ view_parse ] --START--
INFO: [ template_filter ] --START--
INFO: Run Behavior\ContentReplaceBehavior [ RunTime:0.000186s ]
INFO: [ template_filter ] --END-- [ RunTime:0.000239s ]
INFO: Run Behavior\ParseTemplateBehavior [ RunTime:0.017037s ]
INFO: [ view_parse ] --END-- [ RunTime:0.017102s ]
INFO: [ view_filter ] --START--
INFO: Run Behavior\WriteHtmlCacheBehavior [ RunTime:0.000442s ]
INFO: [ view_filter ] --END-- [ RunTime:0.000484s ]
INFO: [ app_end ] --START--
INFO: Run Behavior\ShowPageTraceBehavior [ RunTime:0.000673s ]
INFO: [ app_end ] --END-- [ RunTime:0.000723s ]

[ 2018-12-03T18:02:22+08:00 ] 127.0.0.1 /index.php/Home/Index/index
INFO: [ app_init ] --START--
INFO: Run Behavior\BuildLiteBehavior [ RunTime:0.000009s ]
INFO: [ app_init ] --END-- [ RunTime:0.000379s ]
INFO: [ app_begin ] --START--
INFO: Run Behavior\ReadHtmlCacheBehavior [ RunTime:0.000853s ]
INFO: [ app_begin ] --END-- [ RunTime:0.000912s ]
SQL: SHOW COLUMNS FROM `hy_nav` [ RunTime:0.0131s ]
SQL: SELECT * FROM `hy_nav` ORDER BY nav_sort desc  [ RunTime:0.0014s ]
SQL: SHOW COLUMNS FROM `hy_lunbo` [ RunTime:0.0055s ]
SQL: SELECT * FROM `hy_lunbo` WHERE `nav_id` = 1 ORDER BY lb_sort desc  [ RunTime:0.0013s ]
SQL: SHOW COLUMNS FROM `hy_footer` [ RunTime:0.0053s ]
SQL: SELECT * FROM `hy_footer` LIMIT 1   [ RunTime:0.0014s ]
SQL: SHOW COLUMNS FROM `hy_company_introduce` [ RunTime:0.0058s ]
SQL: SELECT * FROM `hy_company_introduce` LIMIT 1   [ RunTime:0.0007s ]
INFO: [ view_parse ] --START--
INFO: [ template_filter ] --START--
INFO: Run Behavior\ContentReplaceBehavior [ RunTime:0.000120s ]
INFO: [ template_filter ] --END-- [ RunTime:0.000155s ]
NOTIC: [8] Undefined index: ftelephone E:\sunzemin\hongyu\Application\Runtime\Cache\Home\2a94b8bda04ff446dcedd42276fc99ee.php 第 22 行.
NOTIC: [8] Undefined index: ftelephone1 E:\sunzemin\hongyu\Application\Runtime\Cache\Home\2a94b8bda04ff446dcedd42276fc99ee.php 第 23 行.
INFO: Run Behavior\ParseTemplateBehavior [ RunTime:0.011298s ]
INFO: [ view_parse ] --END-- [ RunTime:0.011338s ]
INFO: [ view_filter ] --START--
INFO: Run Behavior\WriteHtmlCacheBehavior [ RunTime:0.000304s ]
INFO: [ view_filter ] --END-- [ RunTime:0.000327s ]
INFO: [ app_end ] --START--
INFO: Run Behavior\ShowPageTraceBehavior [ RunTime:0.000562s ]
INFO: [ app_end ] --END-- [ RunTime:0.000595s ]

[ 2018-12-03T18:02:23+08:00 ] 127.0.0.1 /index.php/Home/Index/index
INFO: [ app_init ] --START--
INFO: Run Behavior\BuildLiteBehavior [ RunTime:0.000008s ]
INFO: [ app_init ] --END-- [ RunTime:0.000304s ]
INFO: [ app_begin ] --START--
INFO: Run Behavior\ReadHtmlCacheBehavior [ RunTime:0.000398s ]
INFO: [ app_begin ] --END-- [ RunTime:0.000433s ]
SQL: SHOW COLUMNS FROM `hy_nav` [ RunTime:0.0090s ]
SQL: SELECT * FROM `hy_nav` ORDER BY nav_sort desc  [ RunTime:0.0015s ]
SQL: SHOW COLUMNS FROM `hy_lunbo` [ RunTime:0.0100s ]
SQL: SELECT * FROM `hy_lunbo` WHERE `nav_id` = 1 ORDER BY lb_sort desc  [ RunTime:0.0019s ]
SQL: SHOW COLUMNS FROM `hy_footer` [ RunTime:0.0069s ]
SQL: SELECT * FROM `hy_footer` LIMIT 1   [ RunTime:0.0013s ]
SQL: SHOW COLUMNS FROM `hy_company_introduce` [ RunTime:0.0132s ]
SQL: SELECT * FROM `hy_company_introduce` LIMIT 1   [ RunTime:0.0013s ]
INFO: [ view_parse ] --START--
INFO: [ template_filter ] --START--
INFO: Run Behavior\ContentReplaceBehavior [ RunTime:0.000190s ]
INFO: [ template_filter ] --END-- [ RunTime:0.000250s ]
NOTIC: [8] Undefined index: ftelephone E:\sunzemin\hongyu\Application\Runtime\Cache\Home\2a94b8bda04ff446dcedd42276fc99ee.php 第 22 行.
NOTIC: [8] Undefined index: ftelephone1 E:\sunzemin\hongyu\Application\Runtime\Cache\Home\2a94b8bda04ff446dcedd42276fc99ee.php 第 23 行.
INFO: Run Behavior\ParseTemplateBehavior [ RunTime:0.015933s ]
INFO: [ view_parse ] --END-- [ RunTime:0.015983s ]
INFO: [ view_filter ] --START--
INFO: Run Behavior\WriteHtmlCacheBehavior [ RunTime:0.000415s ]
INFO: [ view_filter ] --END-- [ RunTime:0.000460s ]
INFO: [ app_end ] --START--
INFO: Run Behavior\ShowPageTraceBehavior [ RunTime:0.000702s ]
INFO: [ app_end ] --END-- [ RunTime:0.000745s ]

[ 2018-12-03T18:02:36+08:00 ] 127.0.0.1 /index.php/Home/Index/index
INFO: [ app_init ] --START--
INFO: Run Behavior\BuildLiteBehavior [ RunTime:0.000014s ]
INFO: [ app_init ] --END-- [ RunTime:0.000493s ]
INFO: [ app_begin ] --START--
INFO: Run Behavior\ReadHtmlCacheBehavior [ RunTime:0.001053s ]
INFO: [ app_begin ] --END-- [ RunTime:0.001150s ]
SQL: SHOW COLUMNS FROM `hy_nav` [ RunTime:0.0140s ]
SQL: SELECT * FROM `hy_nav` ORDER BY nav_sort desc  [ RunTime:0.0012s ]
SQL: SHOW COLUMNS FROM `hy_lunbo` [ RunTime:0.0059s ]
SQL: SELECT * FROM `hy_lunbo` WHERE `nav_id` = 1 ORDER BY lb_sort desc  [ RunTime:0.0012s ]
SQL: SHOW COLUMNS FROM `hy_footer` [ RunTime:0.0062s ]
SQL: SELECT * FROM `hy_footer` LIMIT 1   [ RunTime:0.0007s ]
SQL: SHOW COLUMNS FROM `hy_company_introduce` [ RunTime:0.0051s ]
SQL: SELECT * FROM `hy_company_introduce` LIMIT 1   [ RunTime:0.0011s ]
INFO: [ view_parse ] --START--
INFO: [ template_filter ] --START--
INFO: Run Behavior\ContentReplaceBehavior [ RunTime:0.000117s ]
INFO: [ template_filter ] --END-- [ RunTime:0.000150s ]
INFO: Run Behavior\ParseTemplateBehavior [ RunTime:0.007617s ]
INFO: [ view_parse ] --END-- [ RunTime:0.007656s ]
INFO: [ view_filter ] --START--
INFO: Run Behavior\WriteHtmlCacheBehavior [ RunTime:0.000292s ]
INFO: [ view_filter ] --END-- [ RunTime:0.000317s ]
INFO: [ app_end ] --START--
INFO: Run Behavior\ShowPageTraceBehavior [ RunTime:0.000514s ]
INFO: [ app_end ] --END-- [ RunTime:0.000557s ]

[ 2018-12-03T18:03:04+08:00 ] 127.0.0.1 /index.php/Home/Index/index
INFO: [ app_init ] --START--
INFO: Run Behavior\BuildLiteBehavior [ RunTime:0.000016s ]
INFO: [ app_init ] --END-- [ RunTime:0.000598s ]
INFO: [ app_begin ] --START--
INFO: Run Behavior\ReadHtmlCacheBehavior [ RunTime:0.000413s ]
INFO: [ app_begin ] --END-- [ RunTime:0.000450s ]
SQL: SHOW COLUMNS FROM `hy_nav` [ RunTime:0.0138s ]
SQL: SELECT * FROM `hy_nav` ORDER BY nav_sort desc  [ RunTime:0.0012s ]
SQL: SHOW COLUMNS FROM `hy_lunbo` [ RunTime:0.0060s ]
SQL: SELECT * FROM `hy_lunbo` WHERE `nav_id` = 1 ORDER BY lb_sort desc  [ RunTime:0.0008s ]
SQL: SHOW COLUMNS FROM `hy_footer` [ RunTime:0.0062s ]
SQL: SELECT * FROM `hy_footer` LIMIT 1   [ RunTime:0.0012s ]
SQL: SHOW COLUMNS FROM `hy_company_introduce` [ RunTime:0.0065s ]
SQL: SELECT * FROM `hy_company_introduce` LIMIT 1   [ RunTime:0.0011s ]
INFO: [ view_parse ] --START--
INFO: [ template_filter ] --START--
INFO: Run Behavior\ContentReplaceBehavior [ RunTime:0.000109s ]
INFO: [ template_filter ] --END-- [ RunTime:0.000145s ]
INFO: Run Behavior\ParseTemplateBehavior [ RunTime:0.012231s ]
INFO: [ view_parse ] --END-- [ RunTime:0.012272s ]
INFO: [ view_filter ] --START--
INFO: Run Behavior\WriteHtmlCacheBehavior [ RunTime:0.000313s ]
INFO: [ view_filter ] --END-- [ RunTime:0.000352s ]
INFO: [ app_end ] --START--
INFO: Run Behavior\ShowPageTraceBehavior [ RunTime:0.000576s ]
INFO: [ app_end ] --END-- [ RunTime:0.000611s ]

