[ 2018-11-09T16:37:38+08:00 ] 192.168.0.113 /index.php/Mobile/Index/index
INFO: [ app_init ] --START--
INFO: Run Behavior\BuildLiteBehavior [ RunTime:0.000012s ]
INFO: [ app_init ] --END-- [ RunTime:0.000543s ]
INFO: [ app_begin ] --START--
INFO: Run Behavior\ReadHtmlCacheBehavior [ RunTime:0.000408s ]
INFO: [ app_begin ] --END-- [ RunTime:0.000449s ]
SQL: SHOW COLUMNS FROM `wl_nav` [ RunTime:0.0112s ]
SQL: SELECT * FROM `wl_nav` ORDER BY nav_sort desc  [ RunTime:0.0025s ]
SQL: SHOW COLUMNS FROM `wl_lunbo` [ RunTime:0.0091s ]
SQL: SELECT * FROM `wl_lunbo` WHERE `nav_id` = 0 ORDER BY lb_sort desc  [ RunTime:0.0008s ]
SQL: SHOW COLUMNS FROM `wl_case` [ RunTime:0.0076s ]
SQL: SELECT * FROM `wl_case` ORDER BY sort desc LIMIT 0,10   [ RunTime:0.0010s ]
SQL: SELECT * FROM `wl_case` ORDER BY sort desc  [ RunTime:0.0007s ]
SQL: SHOW COLUMNS FROM `wl_company_introduce` [ RunTime:0.0048s ]
SQL: SELECT * FROM `wl_company_introduce` LIMIT 1   [ RunTime:0.0007s ]
SQL: SHOW COLUMNS FROM `wl_footer` [ RunTime:0.0055s ]
SQL: SELECT * FROM `wl_footer` LIMIT 1   [ RunTime:0.0009s ]
SQL: SHOW COLUMNS FROM `wl_background_image` [ RunTime:0.0055s ]
SQL: SELECT * FROM `wl_background_image` WHERE `nav_id` = 0 ORDER BY bi_sort desc  [ RunTime:0.0009s ]
SQL: SHOW COLUMNS FROM `wl_footer_nav` [ RunTime:0.0061s ]
SQL: SELECT * FROM `wl_footer_nav` WHERE `fn_fid` = 0  [ RunTime:0.0007s ]
SQL: SELECT * FROM `wl_footer_nav` WHERE `fn_fid` = 1  [ RunTime:0.0007s ]
SQL: SELECT * FROM `wl_footer_nav` WHERE `fn_fid` = 6  [ RunTime:0.0007s ]
SQL: SELECT * FROM `wl_footer_nav` WHERE `fn_fid` = 9  [ RunTime:0.0006s ]
SQL: SHOW COLUMNS FROM `wl_view` [ RunTime:0.0044s ]
SQL: SELECT * FROM `wl_view` ORDER BY sort desc  [ RunTime:0.0007s ]
SQL: SHOW COLUMNS FROM `wl_room_scenery_classify` [ RunTime:0.0043s ]
SQL: SELECT * FROM `wl_room_scenery_classify` ORDER BY rsc_sort desc  [ RunTime:0.0007s ]
SQL: SHOW COLUMNS FROM `wl_room_scenery` [ RunTime:0.0052s ]
SQL: SELECT * FROM `wl_room_scenery` ORDER BY rs_sort desc  [ RunTime:0.0008s ]
SQL: SELECT * FROM `wl_room_scenery_classify` WHERE `rsc_id` = 1 LIMIT 1   [ RunTime:0.0006s ]
SQL: SELECT * FROM `wl_room_scenery_classify` WHERE `rsc_id` = 1 LIMIT 1   [ RunTime:0.0006s ]
SQL: SHOW COLUMNS FROM `wl_home_news` [ RunTime:0.0054s ]
SQL: SELECT * FROM `wl_home_news` ORDER BY hn_sort desc  [ RunTime:0.0007s ]
SQL: SHOW COLUMNS FROM `wl_user` [ RunTime:0.0058s ]
SQL: SELECT * FROM `wl_user` ORDER BY sort desc  [ RunTime:0.0008s ]
SQL: SHOW COLUMNS FROM `wl_custom_word_classify` [ RunTime:0.0043s ]
SQL: SELECT * FROM `wl_custom_word_classify` ORDER BY cwc_sort desc  [ RunTime:0.0007s ]
SQL: SHOW COLUMNS FROM `wl_custom_word` [ RunTime:0.0053s ]
SQL: SHOW COLUMNS FROM `wl_custom_image` [ RunTime:0.0053s ]
SQL: SELECT * FROM `wl_custom_word` WHERE `cwc_id` = 2 ORDER BY cw_sort desc  [ RunTime:0.0009s ]
SQL: SELECT * FROM `wl_custom_image` WHERE `cw_id` = 6 ORDER BY ci_sort desc  [ RunTime:0.0007s ]
SQL: SELECT * FROM `wl_custom_image` WHERE `cw_id` = 5 ORDER BY ci_sort desc  [ RunTime:0.0006s ]
SQL: SELECT * FROM `wl_custom_image` WHERE `cw_id` = 1 ORDER BY ci_sort desc  [ RunTime:0.0007s ]
SQL: SELECT * FROM `wl_custom_image` WHERE `cw_id` = 4 ORDER BY ci_sort desc  [ RunTime:0.0007s ]
SQL: SELECT * FROM `wl_custom_word` WHERE `cwc_id` = 3 ORDER BY cw_sort desc  [ RunTime:0.0007s ]
SQL: SELECT * FROM `wl_custom_image` WHERE `cw_id` = 2 ORDER BY ci_sort desc  [ RunTime:0.0008s ]
SQL: SELECT * FROM `wl_custom_image` WHERE `cw_id` = 7 ORDER BY ci_sort desc  [ RunTime:0.0009s ]
SQL: SELECT * FROM `wl_custom_image` WHERE `cw_id` = 8 ORDER BY ci_sort desc  [ RunTime:0.0258s ]
SQL: SELECT * FROM `wl_custom_image` WHERE `cw_id` = 9 ORDER BY ci_sort desc  [ RunTime:0.0473s ]
SQL: SELECT * FROM `wl_custom_word` WHERE `cwc_id` = 4 ORDER BY cw_sort desc  [ RunTime:0.0008s ]
SQL: SELECT * FROM `wl_custom_image` WHERE `cw_id` = 3 ORDER BY ci_sort desc  [ RunTime:0.0007s ]
SQL: SELECT * FROM `wl_custom_image` WHERE `cw_id` = 10 ORDER BY ci_sort desc  [ RunTime:0.0007s ]
SQL: SELECT * FROM `wl_custom_image` WHERE `cw_id` = 11 ORDER BY ci_sort desc  [ RunTime:0.0007s ]
SQL: SELECT * FROM `wl_custom_image` WHERE `cw_id` = 12 ORDER BY ci_sort desc  [ RunTime:0.0008s ]
SQL: SELECT * FROM `wl_custom_image` WHERE `cw_id` = 13 ORDER BY ci_sort desc  [ RunTime:0.0007s ]
SQL: SHOW COLUMNS FROM `wl_home_base` [ RunTime:0.0061s ]
SQL: SELECT * FROM `wl_home_base` ORDER BY sort desc  [ RunTime:0.0007s ]
SQL: SHOW COLUMNS FROM `wl_short_video` [ RunTime:0.0056s ]
SQL: SELECT * FROM `wl_short_video` ORDER BY sv_sort desc LIMIT 1   [ RunTime:0.0009s ]
SQL: SELECT * FROM `wl_room_scenery_classify` ORDER BY rsc_sort desc LIMIT 1   [ RunTime:0.0009s ]
SQL: SELECT * FROM `wl_room_scenery` WHERE `rsc_id` = 1 ORDER BY rs_sort desc LIMIT 0,4   [ RunTime:0.0007s ]
INFO: [ view_parse ] --START--
INFO: [ template_filter ] --START--
INFO: Run Behavior\ContentReplaceBehavior [ RunTime:0.000125s ]
INFO: [ template_filter ] --END-- [ RunTime:0.000179s ]
NOTIC: [8] Undefined variable: navben E:\sunzemin\weila\Application\Runtime\Cache\Mobile\59803a09875c7569286531ef77035039.php 第 49 行.
INFO: Run Behavior\ParseTemplateBehavior [ RunTime:0.012739s ]
INFO: [ view_parse ] --END-- [ RunTime:0.012768s ]
INFO: [ view_filter ] --START--
INFO: Run Behavior\WriteHtmlCacheBehavior [ RunTime:0.000204s ]
INFO: [ view_filter ] --END-- [ RunTime:0.000226s ]
INFO: [ app_end ] --START--
INFO: Run Behavior\ShowPageTraceBehavior [ RunTime:0.000583s ]
INFO: [ app_end ] --END-- [ RunTime:0.000644s ]

[ 2018-11-09T16:38:24+08:00 ] 192.168.0.113 /index.php/Mobile/Index/index
INFO: [ app_init ] --START--
INFO: Run Behavior\BuildLiteBehavior [ RunTime:0.000007s ]
INFO: [ app_init ] --END-- [ RunTime:0.000268s ]
INFO: [ app_begin ] --START--
INFO: Run Behavior\ReadHtmlCacheBehavior [ RunTime:0.000337s ]
INFO: [ app_begin ] --END-- [ RunTime:0.000364s ]
SQL: SHOW COLUMNS FROM `wl_nav` [ RunTime:0.0125s ]
SQL: SELECT * FROM `wl_nav` ORDER BY nav_sort desc  [ RunTime:0.0011s ]
SQL: SHOW COLUMNS FROM `wl_lunbo` [ RunTime:0.0068s ]
SQL: SELECT * FROM `wl_lunbo` WHERE `nav_id` = 0 ORDER BY lb_sort desc  [ RunTime:0.0013s ]
SQL: SHOW COLUMNS FROM `wl_case` [ RunTime:0.0053s ]
SQL: SELECT * FROM `wl_case` ORDER BY sort desc LIMIT 0,10   [ RunTime:0.0007s ]
SQL: SELECT * FROM `wl_case` ORDER BY sort desc  [ RunTime:0.0008s ]
SQL: SHOW COLUMNS FROM `wl_company_introduce` [ RunTime:0.0057s ]
SQL: SELECT * FROM `wl_company_introduce` LIMIT 1   [ RunTime:0.0008s ]
SQL: SHOW COLUMNS FROM `wl_footer` [ RunTime:0.0048s ]
SQL: SELECT * FROM `wl_footer` LIMIT 1   [ RunTime:0.0007s ]
SQL: SHOW COLUMNS FROM `wl_background_image` [ RunTime:0.0054s ]
SQL: SELECT * FROM `wl_background_image` WHERE `nav_id` = 0 ORDER BY bi_sort desc  [ RunTime:0.0012s ]
SQL: SHOW COLUMNS FROM `wl_footer_nav` [ RunTime:0.0057s ]
SQL: SELECT * FROM `wl_footer_nav` WHERE `fn_fid` = 0  [ RunTime:0.0007s ]
SQL: SELECT * FROM `wl_footer_nav` WHERE `fn_fid` = 1  [ RunTime:0.0006s ]
SQL: SELECT * FROM `wl_footer_nav` WHERE `fn_fid` = 6  [ RunTime:0.0006s ]
SQL: SELECT * FROM `wl_footer_nav` WHERE `fn_fid` = 9  [ RunTime:0.0007s ]
SQL: SHOW COLUMNS FROM `wl_view` [ RunTime:0.0046s ]
SQL: SELECT * FROM `wl_view` ORDER BY sort desc  [ RunTime:0.0011s ]
SQL: SHOW COLUMNS FROM `wl_room_scenery_classify` [ RunTime:0.0051s ]
SQL: SELECT * FROM `wl_room_scenery_classify` ORDER BY rsc_sort desc  [ RunTime:0.0007s ]
SQL: SHOW COLUMNS FROM `wl_room_scenery` [ RunTime:0.0055s ]
SQL: SELECT * FROM `wl_room_scenery` ORDER BY rs_sort desc  [ RunTime:0.0009s ]
SQL: SELECT * FROM `wl_room_scenery_classify` WHERE `rsc_id` = 1 LIMIT 1   [ RunTime:0.0006s ]
SQL: SELECT * FROM `wl_room_scenery_classify` WHERE `rsc_id` = 1 LIMIT 1   [ RunTime:0.0005s ]
SQL: SHOW COLUMNS FROM `wl_home_news` [ RunTime:0.0058s ]
SQL: SELECT * FROM `wl_home_news` ORDER BY hn_sort desc  [ RunTime:0.0009s ]
SQL: SHOW COLUMNS FROM `wl_user` [ RunTime:0.0045s ]
SQL: SELECT * FROM `wl_user` ORDER BY sort desc  [ RunTime:0.0008s ]
SQL: SHOW COLUMNS FROM `wl_custom_word_classify` [ RunTime:0.0054s ]
SQL: SELECT * FROM `wl_custom_word_classify` ORDER BY cwc_sort desc  [ RunTime:0.0009s ]
SQL: SHOW COLUMNS FROM `wl_custom_word` [ RunTime:0.0048s ]
SQL: SHOW COLUMNS FROM `wl_custom_image` [ RunTime:0.0047s ]
SQL: SELECT * FROM `wl_custom_word` WHERE `cwc_id` = 2 ORDER BY cw_sort desc  [ RunTime:0.0008s ]
SQL: SELECT * FROM `wl_custom_image` WHERE `cw_id` = 6 ORDER BY ci_sort desc  [ RunTime:0.0007s ]
SQL: SELECT * FROM `wl_custom_image` WHERE `cw_id` = 5 ORDER BY ci_sort desc  [ RunTime:0.0006s ]
SQL: SELECT * FROM `wl_custom_image` WHERE `cw_id` = 1 ORDER BY ci_sort desc  [ RunTime:0.0006s ]
SQL: SELECT * FROM `wl_custom_image` WHERE `cw_id` = 4 ORDER BY ci_sort desc  [ RunTime:0.0006s ]
SQL: SELECT * FROM `wl_custom_word` WHERE `cwc_id` = 3 ORDER BY cw_sort desc  [ RunTime:0.0007s ]
SQL: SELECT * FROM `wl_custom_image` WHERE `cw_id` = 2 ORDER BY ci_sort desc  [ RunTime:0.0008s ]
SQL: SELECT * FROM `wl_custom_image` WHERE `cw_id` = 7 ORDER BY ci_sort desc  [ RunTime:0.0006s ]
SQL: SELECT * FROM `wl_custom_image` WHERE `cw_id` = 8 ORDER BY ci_sort desc  [ RunTime:0.0006s ]
SQL: SELECT * FROM `wl_custom_image` WHERE `cw_id` = 9 ORDER BY ci_sort desc  [ RunTime:0.0005s ]
SQL: SELECT * FROM `wl_custom_word` WHERE `cwc_id` = 4 ORDER BY cw_sort desc  [ RunTime:0.0007s ]
SQL: SELECT * FROM `wl_custom_image` WHERE `cw_id` = 3 ORDER BY ci_sort desc  [ RunTime:0.0006s ]
SQL: SELECT * FROM `wl_custom_image` WHERE `cw_id` = 10 ORDER BY ci_sort desc  [ RunTime:0.0006s ]
SQL: SELECT * FROM `wl_custom_image` WHERE `cw_id` = 11 ORDER BY ci_sort desc  [ RunTime:0.0006s ]
SQL: SELECT * FROM `wl_custom_image` WHERE `cw_id` = 12 ORDER BY ci_sort desc  [ RunTime:0.0005s ]
SQL: SELECT * FROM `wl_custom_image` WHERE `cw_id` = 13 ORDER BY ci_sort desc  [ RunTime:0.0005s ]
SQL: SHOW COLUMNS FROM `wl_home_base` [ RunTime:0.0047s ]
SQL: SELECT * FROM `wl_home_base` ORDER BY sort desc  [ RunTime:0.0008s ]
SQL: SHOW COLUMNS FROM `wl_short_video` [ RunTime:0.0049s ]
SQL: SELECT * FROM `wl_short_video` ORDER BY sv_sort desc LIMIT 1   [ RunTime:0.0008s ]
SQL: SELECT * FROM `wl_room_scenery_classify` ORDER BY rsc_sort desc LIMIT 1   [ RunTime:0.0007s ]
SQL: SELECT * FROM `wl_room_scenery` WHERE `rsc_id` = 1 ORDER BY rs_sort desc LIMIT 0,4   [ RunTime:0.0007s ]
INFO: [ view_parse ] --START--
INFO: [ template_filter ] --START--
INFO: Run Behavior\ContentReplaceBehavior [ RunTime:0.000101s ]
INFO: [ template_filter ] --END-- [ RunTime:0.000128s ]
NOTIC: [8] Undefined variable: navben E:\sunzemin\weila\Application\Runtime\Cache\Mobile\59803a09875c7569286531ef77035039.php 第 49 行.
INFO: Run Behavior\ParseTemplateBehavior [ RunTime:0.008254s ]
INFO: [ view_parse ] --END-- [ RunTime:0.008292s ]
INFO: [ view_filter ] --START--
INFO: Run Behavior\WriteHtmlCacheBehavior [ RunTime:0.000212s ]
INFO: [ view_filter ] --END-- [ RunTime:0.000239s ]
INFO: [ app_end ] --START--
INFO: Run Behavior\ShowPageTraceBehavior [ RunTime:0.000417s ]
INFO: [ app_end ] --END-- [ RunTime:0.000454s ]

[ 2018-11-09T16:38:36+08:00 ] 192.168.0.113 /index.php/Mobile/Index/index
INFO: [ app_init ] --START--
INFO: Run Behavior\BuildLiteBehavior [ RunTime:0.000010s ]
INFO: [ app_init ] --END-- [ RunTime:0.000428s ]
INFO: [ app_begin ] --START--
INFO: Run Behavior\ReadHtmlCacheBehavior [ RunTime:0.000538s ]
INFO: [ app_begin ] --END-- [ RunTime:0.000580s ]
SQL: SHOW COLUMNS FROM `wl_nav` [ RunTime:0.0116s ]
SQL: SELECT * FROM `wl_nav` ORDER BY nav_sort desc  [ RunTime:0.0020s ]
SQL: SHOW COLUMNS FROM `wl_lunbo` [ RunTime:0.0053s ]
SQL: SELECT * FROM `wl_lunbo` WHERE `nav_id` = 0 ORDER BY lb_sort desc  [ RunTime:0.0011s ]
SQL: SHOW COLUMNS FROM `wl_case` [ RunTime:0.0047s ]
SQL: SELECT * FROM `wl_case` ORDER BY sort desc LIMIT 0,10   [ RunTime:0.0008s ]
SQL: SELECT * FROM `wl_case` ORDER BY sort desc  [ RunTime:0.0008s ]
SQL: SHOW COLUMNS FROM `wl_company_introduce` [ RunTime:0.0058s ]
SQL: SELECT * FROM `wl_company_introduce` LIMIT 1   [ RunTime:0.0007s ]
SQL: SHOW COLUMNS FROM `wl_footer` [ RunTime:0.0046s ]
SQL: SELECT * FROM `wl_footer` LIMIT 1   [ RunTime:0.0008s ]
SQL: SHOW COLUMNS FROM `wl_background_image` [ RunTime:0.0051s ]
SQL: SELECT * FROM `wl_background_image` WHERE `nav_id` = 0 ORDER BY bi_sort desc  [ RunTime:0.0008s ]
SQL: SHOW COLUMNS FROM `wl_footer_nav` [ RunTime:0.0047s ]
SQL: SELECT * FROM `wl_footer_nav` WHERE `fn_fid` = 0  [ RunTime:0.0007s ]
SQL: SELECT * FROM `wl_footer_nav` WHERE `fn_fid` = 1  [ RunTime:0.0006s ]
SQL: SELECT * FROM `wl_footer_nav` WHERE `fn_fid` = 6  [ RunTime:0.0007s ]
SQL: SELECT * FROM `wl_footer_nav` WHERE `fn_fid` = 9  [ RunTime:0.0007s ]
SQL: SHOW COLUMNS FROM `wl_view` [ RunTime:0.0045s ]
SQL: SELECT * FROM `wl_view` ORDER BY sort desc  [ RunTime:0.0010s ]
SQL: SHOW COLUMNS FROM `wl_room_scenery_classify` [ RunTime:0.0055s ]
SQL: SELECT * FROM `wl_room_scenery_classify` ORDER BY rsc_sort desc  [ RunTime:0.0008s ]
SQL: SHOW COLUMNS FROM `wl_room_scenery` [ RunTime:0.0047s ]
SQL: SELECT * FROM `wl_room_scenery` ORDER BY rs_sort desc  [ RunTime:0.0011s ]
SQL: SELECT * FROM `wl_room_scenery_classify` WHERE `rsc_id` = 1 LIMIT 1   [ RunTime:0.0009s ]
SQL: SELECT * FROM `wl_room_scenery_classify` WHERE `rsc_id` = 1 LIMIT 1   [ RunTime:0.0007s ]
SQL: SHOW COLUMNS FROM `wl_home_news` [ RunTime:0.0048s ]
SQL: SELECT * FROM `wl_home_news` ORDER BY hn_sort desc  [ RunTime:0.0010s ]
SQL: SHOW COLUMNS FROM `wl_user` [ RunTime:0.0049s ]
SQL: SELECT * FROM `wl_user` ORDER BY sort desc  [ RunTime:0.0009s ]
SQL: SHOW COLUMNS FROM `wl_custom_word_classify` [ RunTime:0.0048s ]
SQL: SELECT * FROM `wl_custom_word_classify` ORDER BY cwc_sort desc  [ RunTime:0.0009s ]
SQL: SHOW COLUMNS FROM `wl_custom_word` [ RunTime:0.0058s ]
SQL: SHOW COLUMNS FROM `wl_custom_image` [ RunTime:0.0050s ]
SQL: SELECT * FROM `wl_custom_word` WHERE `cwc_id` = 2 ORDER BY cw_sort desc  [ RunTime:0.0011s ]
SQL: SELECT * FROM `wl_custom_image` WHERE `cw_id` = 6 ORDER BY ci_sort desc  [ RunTime:0.0008s ]
SQL: SELECT * FROM `wl_custom_image` WHERE `cw_id` = 5 ORDER BY ci_sort desc  [ RunTime:0.0006s ]
SQL: SELECT * FROM `wl_custom_image` WHERE `cw_id` = 1 ORDER BY ci_sort desc  [ RunTime:0.0006s ]
SQL: SELECT * FROM `wl_custom_image` WHERE `cw_id` = 4 ORDER BY ci_sort desc  [ RunTime:0.0006s ]
SQL: SELECT * FROM `wl_custom_word` WHERE `cwc_id` = 3 ORDER BY cw_sort desc  [ RunTime:0.0008s ]
SQL: SELECT * FROM `wl_custom_image` WHERE `cw_id` = 2 ORDER BY ci_sort desc  [ RunTime:0.0012s ]
SQL: SELECT * FROM `wl_custom_image` WHERE `cw_id` = 7 ORDER BY ci_sort desc  [ RunTime:0.0010s ]
SQL: SELECT * FROM `wl_custom_image` WHERE `cw_id` = 8 ORDER BY ci_sort desc  [ RunTime:0.0011s ]
SQL: SELECT * FROM `wl_custom_image` WHERE `cw_id` = 9 ORDER BY ci_sort desc  [ RunTime:0.0011s ]
SQL: SELECT * FROM `wl_custom_word` WHERE `cwc_id` = 4 ORDER BY cw_sort desc  [ RunTime:0.0012s ]
SQL: SELECT * FROM `wl_custom_image` WHERE `cw_id` = 3 ORDER BY ci_sort desc  [ RunTime:0.0009s ]
SQL: SELECT * FROM `wl_custom_image` WHERE `cw_id` = 10 ORDER BY ci_sort desc  [ RunTime:0.0006s ]
SQL: SELECT * FROM `wl_custom_image` WHERE `cw_id` = 11 ORDER BY ci_sort desc  [ RunTime:0.0006s ]
SQL: SELECT * FROM `wl_custom_image` WHERE `cw_id` = 12 ORDER BY ci_sort desc  [ RunTime:0.0006s ]
SQL: SELECT * FROM `wl_custom_image` WHERE `cw_id` = 13 ORDER BY ci_sort desc  [ RunTime:0.0009s ]
SQL: SHOW COLUMNS FROM `wl_home_base` [ RunTime:0.0059s ]
SQL: SELECT * FROM `wl_home_base` ORDER BY sort desc  [ RunTime:0.0015s ]
SQL: SHOW COLUMNS FROM `wl_short_video` [ RunTime:0.0052s ]
SQL: SELECT * FROM `wl_short_video` ORDER BY sv_sort desc LIMIT 1   [ RunTime:0.0008s ]
SQL: SELECT * FROM `wl_room_scenery_classify` ORDER BY rsc_sort desc LIMIT 1   [ RunTime:0.0007s ]
SQL: SELECT * FROM `wl_room_scenery` WHERE `rsc_id` = 1 ORDER BY rs_sort desc LIMIT 0,4   [ RunTime:0.0009s ]
INFO: [ view_parse ] --START--
INFO: [ template_filter ] --START--
INFO: Run Behavior\ContentReplaceBehavior [ RunTime:0.000130s ]
INFO: [ template_filter ] --END-- [ RunTime:0.000186s ]
NOTIC: [8] Undefined variable: navben E:\sunzemin\weila\Application\Runtime\Cache\Mobile\59803a09875c7569286531ef77035039.php 第 49 行.
INFO: Run Behavior\ParseTemplateBehavior [ RunTime:0.013729s ]
INFO: [ view_parse ] --END-- [ RunTime:0.013759s ]
INFO: [ view_filter ] --START--
INFO: Run Behavior\WriteHtmlCacheBehavior [ RunTime:0.000252s ]
INFO: [ view_filter ] --END-- [ RunTime:0.000276s ]
INFO: [ app_end ] --START--
INFO: Run Behavior\ShowPageTraceBehavior [ RunTime:0.000508s ]
INFO: [ app_end ] --END-- [ RunTime:0.000558s ]

[ 2018-11-09T16:42:59+08:00 ] 192.168.0.113 /index.php/Mobile/Index/aboutUs/nav_id/2
INFO: [ app_init ] --START--
INFO: Run Behavior\BuildLiteBehavior [ RunTime:0.000011s ]
INFO: [ app_init ] --END-- [ RunTime:0.000468s ]
INFO: [ app_begin ] --START--
INFO: Run Behavior\ReadHtmlCacheBehavior [ RunTime:0.000743s ]
INFO: [ app_begin ] --END-- [ RunTime:0.000820s ]
SQL: SHOW COLUMNS FROM `wl_nav` [ RunTime:0.0254s ]
SQL: SELECT * FROM `wl_nav` WHERE `nav_id` = 2 LIMIT 1   [ RunTime:0.0045s ]
SQL: SELECT * FROM `wl_nav` ORDER BY nav_sort desc  [ RunTime:0.0076s ]
SQL: SHOW COLUMNS FROM `wl_lunbo` [ RunTime:0.0079s ]
SQL: SELECT * FROM `wl_lunbo` WHERE `nav_id` = 2 ORDER BY lb_sort desc  [ RunTime:0.0011s ]
SQL: SHOW COLUMNS FROM `wl_footer` [ RunTime:0.0137s ]
SQL: SELECT * FROM `wl_footer` LIMIT 1   [ RunTime:0.0118s ]
SQL: SHOW COLUMNS FROM `wl_company_introduce` [ RunTime:0.0207s ]
SQL: SELECT * FROM `wl_company_introduce` LIMIT 1   [ RunTime:0.0014s ]
SQL: SHOW COLUMNS FROM `wl_background_image` [ RunTime:0.0119s ]
SQL: SELECT * FROM `wl_background_image` WHERE `nav_id` = 2 ORDER BY bi_sort desc  [ RunTime:0.0030s ]
SQL: SHOW COLUMNS FROM `wl_basedata` [ RunTime:0.0159s ]
SQL: SELECT * FROM `wl_basedata` ORDER BY sort desc LIMIT 1   [ RunTime:0.0013s ]
SQL: SHOW COLUMNS FROM `wl_footer_nav` [ RunTime:0.0077s ]
SQL: SELECT * FROM `wl_footer_nav` WHERE `fn_fid` = 0  [ RunTime:0.0010s ]
SQL: SELECT * FROM `wl_footer_nav` WHERE `fn_fid` = 1  [ RunTime:0.0014s ]
SQL: SELECT * FROM `wl_footer_nav` WHERE `fn_fid` = 6  [ RunTime:0.0008s ]
SQL: SELECT * FROM `wl_footer_nav` WHERE `fn_fid` = 9  [ RunTime:0.0010s ]
INFO: [ view_parse ] --START--
INFO: [ template_filter ] --START--
INFO: Run Behavior\ContentReplaceBehavior [ RunTime:0.000047s ]
INFO: [ template_filter ] --END-- [ RunTime:0.000077s ]
INFO: Run Behavior\ParseTemplateBehavior [ RunTime:0.006505s ]
INFO: [ view_parse ] --END-- [ RunTime:0.006580s ]
INFO: [ view_filter ] --START--
INFO: Run Behavior\WriteHtmlCacheBehavior [ RunTime:0.000468s ]
INFO: [ view_filter ] --END-- [ RunTime:0.000507s ]
INFO: [ app_end ] --START--
INFO: Run Behavior\ShowPageTraceBehavior [ RunTime:0.000593s ]
INFO: [ app_end ] --END-- [ RunTime:0.000625s ]

[ 2018-11-09T18:05:16+08:00 ] 192.168.0.105 /index.php/Mobile/Index/index
INFO: [ app_init ] --START--
INFO: Run Behavior\BuildLiteBehavior [ RunTime:0.000006s ]
INFO: [ app_init ] --END-- [ RunTime:0.000268s ]
INFO: [ app_begin ] --START--
INFO: Run Behavior\ReadHtmlCacheBehavior [ RunTime:0.000333s ]
INFO: [ app_begin ] --END-- [ RunTime:0.000360s ]
SQL: SHOW COLUMNS FROM `wl_nav` [ RunTime:0.0129s ]
SQL: SELECT * FROM `wl_nav` ORDER BY nav_sort desc  [ RunTime:0.0014s ]
SQL: SHOW COLUMNS FROM `wl_lunbo` [ RunTime:0.0061s ]
SQL: SELECT * FROM `wl_lunbo` WHERE `nav_id` = 0 ORDER BY lb_sort desc  [ RunTime:0.0012s ]
SQL: SHOW COLUMNS FROM `wl_case` [ RunTime:0.0047s ]
SQL: SELECT * FROM `wl_case` ORDER BY sort desc LIMIT 0,10   [ RunTime:0.0008s ]
SQL: SELECT * FROM `wl_case` ORDER BY sort desc  [ RunTime:0.0011s ]
SQL: SHOW COLUMNS FROM `wl_company_introduce` [ RunTime:0.0045s ]
SQL: SELECT * FROM `wl_company_introduce` LIMIT 1   [ RunTime:0.0011s ]
SQL: SHOW COLUMNS FROM `wl_footer` [ RunTime:0.0048s ]
SQL: SELECT * FROM `wl_footer` LIMIT 1   [ RunTime:0.0007s ]
SQL: SHOW COLUMNS FROM `wl_background_image` [ RunTime:0.0044s ]
SQL: SELECT * FROM `wl_background_image` WHERE `nav_id` = 0 ORDER BY bi_sort desc  [ RunTime:0.0010s ]
SQL: SHOW COLUMNS FROM `wl_footer_nav` [ RunTime:0.0046s ]
SQL: SELECT * FROM `wl_footer_nav` WHERE `fn_fid` = 0  [ RunTime:0.0009s ]
SQL: SELECT * FROM `wl_footer_nav` WHERE `fn_fid` = 1  [ RunTime:0.0006s ]
SQL: SELECT * FROM `wl_footer_nav` WHERE `fn_fid` = 6  [ RunTime:0.0005s ]
SQL: SELECT * FROM `wl_footer_nav` WHERE `fn_fid` = 9  [ RunTime:0.0005s ]
SQL: SHOW COLUMNS FROM `wl_view` [ RunTime:0.0044s ]
SQL: SELECT * FROM `wl_view` ORDER BY sort desc  [ RunTime:0.0007s ]
SQL: SHOW COLUMNS FROM `wl_room_scenery_classify` [ RunTime:0.0044s ]
SQL: SELECT * FROM `wl_room_scenery_classify` ORDER BY rsc_sort desc  [ RunTime:0.0009s ]
SQL: SHOW COLUMNS FROM `wl_room_scenery` [ RunTime:0.0045s ]
SQL: SELECT * FROM `wl_room_scenery` ORDER BY rs_sort desc  [ RunTime:0.0007s ]
SQL: SELECT * FROM `wl_room_scenery_classify` WHERE `rsc_id` = 1 LIMIT 1   [ RunTime:0.0006s ]
SQL: SELECT * FROM `wl_room_scenery_classify` WHERE `rsc_id` = 1 LIMIT 1   [ RunTime:0.0006s ]
SQL: SHOW COLUMNS FROM `wl_home_news` [ RunTime:0.0046s ]
SQL: SELECT * FROM `wl_home_news` ORDER BY hn_sort desc  [ RunTime:0.0012s ]
SQL: SHOW COLUMNS FROM `wl_user` [ RunTime:0.0047s ]
SQL: SELECT * FROM `wl_user` ORDER BY sort desc  [ RunTime:0.0010s ]
SQL: SHOW COLUMNS FROM `wl_custom_word_classify` [ RunTime:0.0044s ]
SQL: SELECT * FROM `wl_custom_word_classify` ORDER BY cwc_sort desc  [ RunTime:0.0008s ]
SQL: SHOW COLUMNS FROM `wl_custom_word` [ RunTime:0.0045s ]
SQL: SHOW COLUMNS FROM `wl_custom_image` [ RunTime:0.0050s ]
SQL: SELECT * FROM `wl_custom_word` WHERE `cwc_id` = 2 ORDER BY cw_sort desc  [ RunTime:0.0009s ]
SQL: SELECT * FROM `wl_custom_image` WHERE `cw_id` = 6 ORDER BY ci_sort desc  [ RunTime:0.0007s ]
SQL: SELECT * FROM `wl_custom_image` WHERE `cw_id` = 5 ORDER BY ci_sort desc  [ RunTime:0.0006s ]
SQL: SELECT * FROM `wl_custom_image` WHERE `cw_id` = 1 ORDER BY ci_sort desc  [ RunTime:0.0006s ]
SQL: SELECT * FROM `wl_custom_image` WHERE `cw_id` = 4 ORDER BY ci_sort desc  [ RunTime:0.0005s ]
SQL: SELECT * FROM `wl_custom_word` WHERE `cwc_id` = 3 ORDER BY cw_sort desc  [ RunTime:0.0006s ]
SQL: SELECT * FROM `wl_custom_image` WHERE `cw_id` = 2 ORDER BY ci_sort desc  [ RunTime:0.0006s ]
SQL: SELECT * FROM `wl_custom_image` WHERE `cw_id` = 7 ORDER BY ci_sort desc  [ RunTime:0.0005s ]
SQL: SELECT * FROM `wl_custom_image` WHERE `cw_id` = 8 ORDER BY ci_sort desc  [ RunTime:0.0005s ]
SQL: SELECT * FROM `wl_custom_image` WHERE `cw_id` = 9 ORDER BY ci_sort desc  [ RunTime:0.0005s ]
SQL: SELECT * FROM `wl_custom_word` WHERE `cwc_id` = 4 ORDER BY cw_sort desc  [ RunTime:0.0006s ]
SQL: SELECT * FROM `wl_custom_image` WHERE `cw_id` = 3 ORDER BY ci_sort desc  [ RunTime:0.0006s ]
SQL: SELECT * FROM `wl_custom_image` WHERE `cw_id` = 10 ORDER BY ci_sort desc  [ RunTime:0.0006s ]
SQL: SELECT * FROM `wl_custom_image` WHERE `cw_id` = 11 ORDER BY ci_sort desc  [ RunTime:0.0005s ]
SQL: SELECT * FROM `wl_custom_image` WHERE `cw_id` = 12 ORDER BY ci_sort desc  [ RunTime:0.0005s ]
SQL: SELECT * FROM `wl_custom_image` WHERE `cw_id` = 13 ORDER BY ci_sort desc  [ RunTime:0.0005s ]
SQL: SHOW COLUMNS FROM `wl_home_base` [ RunTime:0.0043s ]
SQL: SELECT * FROM `wl_home_base` ORDER BY sort desc  [ RunTime:0.0010s ]
SQL: SHOW COLUMNS FROM `wl_short_video` [ RunTime:0.0054s ]
SQL: SELECT * FROM `wl_short_video` ORDER BY sv_sort desc LIMIT 1   [ RunTime:0.0008s ]
SQL: SELECT * FROM `wl_room_scenery_classify` ORDER BY rsc_sort desc LIMIT 1   [ RunTime:0.0006s ]
SQL: SELECT * FROM `wl_room_scenery` WHERE `rsc_id` = 1 ORDER BY rs_sort desc LIMIT 0,4   [ RunTime:0.0006s ]
INFO: [ view_parse ] --START--
INFO: [ template_filter ] --START--
INFO: Run Behavior\ContentReplaceBehavior [ RunTime:0.000098s ]
INFO: [ template_filter ] --END-- [ RunTime:0.000126s ]
NOTIC: [8] Undefined variable: navben E:\sunzemin\weila\Application\Runtime\Cache\Mobile\59803a09875c7569286531ef77035039.php 第 49 行.
INFO: Run Behavior\ParseTemplateBehavior [ RunTime:0.008666s ]
INFO: [ view_parse ] --END-- [ RunTime:0.008692s ]
INFO: [ view_filter ] --START--
INFO: Run Behavior\WriteHtmlCacheBehavior [ RunTime:0.000195s ]
INFO: [ view_filter ] --END-- [ RunTime:0.000215s ]
INFO: [ app_end ] --START--
INFO: Run Behavior\ShowPageTraceBehavior [ RunTime:0.000398s ]
INFO: [ app_end ] --END-- [ RunTime:0.000431s ]

[ 2018-11-09T18:05:23+08:00 ] 192.168.0.105 /index.php/Mobile/Index/index
INFO: [ app_init ] --START--
INFO: Run Behavior\BuildLiteBehavior [ RunTime:0.000005s ]
INFO: [ app_init ] --END-- [ RunTime:0.000262s ]
INFO: [ app_begin ] --START--
INFO: Run Behavior\ReadHtmlCacheBehavior [ RunTime:0.000331s ]
INFO: [ app_begin ] --END-- [ RunTime:0.000358s ]
SQL: SHOW COLUMNS FROM `wl_nav` [ RunTime:0.0120s ]
SQL: SELECT * FROM `wl_nav` ORDER BY nav_sort desc  [ RunTime:0.0012s ]
SQL: SHOW COLUMNS FROM `wl_lunbo` [ RunTime:0.0045s ]
SQL: SELECT * FROM `wl_lunbo` WHERE `nav_id` = 0 ORDER BY lb_sort desc  [ RunTime:0.0010s ]
SQL: SHOW COLUMNS FROM `wl_case` [ RunTime:0.0045s ]
SQL: SELECT * FROM `wl_case` ORDER BY sort desc LIMIT 0,10   [ RunTime:0.0010s ]
SQL: SELECT * FROM `wl_case` ORDER BY sort desc  [ RunTime:0.0008s ]
SQL: SHOW COLUMNS FROM `wl_company_introduce` [ RunTime:0.0046s ]
SQL: SELECT * FROM `wl_company_introduce` LIMIT 1   [ RunTime:0.0009s ]
SQL: SHOW COLUMNS FROM `wl_footer` [ RunTime:0.0048s ]
SQL: SELECT * FROM `wl_footer` LIMIT 1   [ RunTime:0.0009s ]
SQL: SHOW COLUMNS FROM `wl_background_image` [ RunTime:0.0052s ]
SQL: SELECT * FROM `wl_background_image` WHERE `nav_id` = 0 ORDER BY bi_sort desc  [ RunTime:0.0009s ]
SQL: SHOW COLUMNS FROM `wl_footer_nav` [ RunTime:0.0046s ]
SQL: SELECT * FROM `wl_footer_nav` WHERE `fn_fid` = 0  [ RunTime:0.0007s ]
SQL: SELECT * FROM `wl_footer_nav` WHERE `fn_fid` = 1  [ RunTime:0.0006s ]
SQL: SELECT * FROM `wl_footer_nav` WHERE `fn_fid` = 6  [ RunTime:0.0006s ]
SQL: SELECT * FROM `wl_footer_nav` WHERE `fn_fid` = 9  [ RunTime:0.0005s ]
SQL: SHOW COLUMNS FROM `wl_view` [ RunTime:0.0041s ]
SQL: SELECT * FROM `wl_view` ORDER BY sort desc  [ RunTime:0.0010s ]
SQL: SHOW COLUMNS FROM `wl_room_scenery_classify` [ RunTime:0.0046s ]
SQL: SELECT * FROM `wl_room_scenery_classify` ORDER BY rsc_sort desc  [ RunTime:0.0008s ]
SQL: SHOW COLUMNS FROM `wl_room_scenery` [ RunTime:0.0051s ]
SQL: SELECT * FROM `wl_room_scenery` ORDER BY rs_sort desc  [ RunTime:0.0011s ]
SQL: SELECT * FROM `wl_room_scenery_classify` WHERE `rsc_id` = 1 LIMIT 1   [ RunTime:0.0007s ]
SQL: SELECT * FROM `wl_room_scenery_classify` WHERE `rsc_id` = 1 LIMIT 1   [ RunTime:0.0005s ]
SQL: SHOW COLUMNS FROM `wl_home_news` [ RunTime:0.0046s ]
SQL: SELECT * FROM `wl_home_news` ORDER BY hn_sort desc  [ RunTime:0.0010s ]
SQL: SHOW COLUMNS FROM `wl_user` [ RunTime:0.0047s ]
SQL: SELECT * FROM `wl_user` ORDER BY sort desc  [ RunTime:0.0010s ]
SQL: SHOW COLUMNS FROM `wl_custom_word_classify` [ RunTime:0.0043s ]
SQL: SELECT * FROM `wl_custom_word_classify` ORDER BY cwc_sort desc  [ RunTime:0.0008s ]
SQL: SHOW COLUMNS FROM `wl_custom_word` [ RunTime:0.0046s ]
SQL: SHOW COLUMNS FROM `wl_custom_image` [ RunTime:0.0049s ]
SQL: SELECT * FROM `wl_custom_word` WHERE `cwc_id` = 2 ORDER BY cw_sort desc  [ RunTime:0.0008s ]
SQL: SELECT * FROM `wl_custom_image` WHERE `cw_id` = 6 ORDER BY ci_sort desc  [ RunTime:0.0007s ]
SQL: SELECT * FROM `wl_custom_image` WHERE `cw_id` = 5 ORDER BY ci_sort desc  [ RunTime:0.0007s ]
SQL: SELECT * FROM `wl_custom_image` WHERE `cw_id` = 1 ORDER BY ci_sort desc  [ RunTime:0.0006s ]
SQL: SELECT * FROM `wl_custom_image` WHERE `cw_id` = 4 ORDER BY ci_sort desc  [ RunTime:0.0005s ]
SQL: SELECT * FROM `wl_custom_word` WHERE `cwc_id` = 3 ORDER BY cw_sort desc  [ RunTime:0.0006s ]
SQL: SELECT * FROM `wl_custom_image` WHERE `cw_id` = 2 ORDER BY ci_sort desc  [ RunTime:0.0006s ]
SQL: SELECT * FROM `wl_custom_image` WHERE `cw_id` = 7 ORDER BY ci_sort desc  [ RunTime:0.0005s ]
SQL: SELECT * FROM `wl_custom_image` WHERE `cw_id` = 8 ORDER BY ci_sort desc  [ RunTime:0.0005s ]
SQL: SELECT * FROM `wl_custom_image` WHERE `cw_id` = 9 ORDER BY ci_sort desc  [ RunTime:0.0005s ]
SQL: SELECT * FROM `wl_custom_word` WHERE `cwc_id` = 4 ORDER BY cw_sort desc  [ RunTime:0.0007s ]
SQL: SELECT * FROM `wl_custom_image` WHERE `cw_id` = 3 ORDER BY ci_sort desc  [ RunTime:0.0006s ]
SQL: SELECT * FROM `wl_custom_image` WHERE `cw_id` = 10 ORDER BY ci_sort desc  [ RunTime:0.0006s ]
SQL: SELECT * FROM `wl_custom_image` WHERE `cw_id` = 11 ORDER BY ci_sort desc  [ RunTime:0.0006s ]
SQL: SELECT * FROM `wl_custom_image` WHERE `cw_id` = 12 ORDER BY ci_sort desc  [ RunTime:0.0005s ]
SQL: SELECT * FROM `wl_custom_image` WHERE `cw_id` = 13 ORDER BY ci_sort desc  [ RunTime:0.0005s ]
SQL: SHOW COLUMNS FROM `wl_home_base` [ RunTime:0.0043s ]
SQL: SELECT * FROM `wl_home_base` ORDER BY sort desc  [ RunTime:0.0010s ]
SQL: SHOW COLUMNS FROM `wl_short_video` [ RunTime:0.0048s ]
SQL: SELECT * FROM `wl_short_video` ORDER BY sv_sort desc LIMIT 1   [ RunTime:0.0008s ]
SQL: SELECT * FROM `wl_room_scenery_classify` ORDER BY rsc_sort desc LIMIT 1   [ RunTime:0.0007s ]
SQL: SELECT * FROM `wl_room_scenery` WHERE `rsc_id` = 1 ORDER BY rs_sort desc LIMIT 0,4   [ RunTime:0.0006s ]
INFO: [ view_parse ] --START--
INFO: [ template_filter ] --START--
INFO: Run Behavior\ContentReplaceBehavior [ RunTime:0.000099s ]
INFO: [ template_filter ] --END-- [ RunTime:0.000130s ]
NOTIC: [8] Undefined variable: navben E:\sunzemin\weila\Application\Runtime\Cache\Mobile\59803a09875c7569286531ef77035039.php 第 49 行.
INFO: Run Behavior\ParseTemplateBehavior [ RunTime:0.008420s ]
INFO: [ view_parse ] --END-- [ RunTime:0.008445s ]
INFO: [ view_filter ] --START--
INFO: Run Behavior\WriteHtmlCacheBehavior [ RunTime:0.000203s ]
INFO: [ view_filter ] --END-- [ RunTime:0.000230s ]
INFO: [ app_end ] --START--
INFO: Run Behavior\ShowPageTraceBehavior [ RunTime:0.000407s ]
INFO: [ app_end ] --END-- [ RunTime:0.000440s ]

[ 2018-11-09T18:06:09+08:00 ] 192.168.0.105 /index.php/Mobile/Index/aboutUs/nav_id/2
INFO: [ app_init ] --START--
INFO: Run Behavior\BuildLiteBehavior [ RunTime:0.000006s ]
INFO: [ app_init ] --END-- [ RunTime:0.000257s ]
INFO: [ app_begin ] --START--
INFO: Run Behavior\ReadHtmlCacheBehavior [ RunTime:0.000343s ]
INFO: [ app_begin ] --END-- [ RunTime:0.000370s ]
SQL: SHOW COLUMNS FROM `wl_nav` [ RunTime:0.0047s ]
SQL: SELECT * FROM `wl_nav` WHERE `nav_id` = 2 LIMIT 1   [ RunTime:0.0007s ]
SQL: SELECT * FROM `wl_nav` ORDER BY nav_sort desc  [ RunTime:0.0006s ]
SQL: SHOW COLUMNS FROM `wl_lunbo` [ RunTime:0.0047s ]
SQL: SELECT * FROM `wl_lunbo` WHERE `nav_id` = 2 ORDER BY lb_sort desc  [ RunTime:0.0007s ]
SQL: SHOW COLUMNS FROM `wl_footer` [ RunTime:0.0043s ]
SQL: SELECT * FROM `wl_footer` LIMIT 1   [ RunTime:0.0009s ]
SQL: SHOW COLUMNS FROM `wl_company_introduce` [ RunTime:0.0049s ]
SQL: SELECT * FROM `wl_company_introduce` LIMIT 1   [ RunTime:0.0008s ]
SQL: SHOW COLUMNS FROM `wl_background_image` [ RunTime:0.0046s ]
SQL: SELECT * FROM `wl_background_image` WHERE `nav_id` = 2 ORDER BY bi_sort desc  [ RunTime:0.0011s ]
SQL: SHOW COLUMNS FROM `wl_basedata` [ RunTime:0.0044s ]
SQL: SELECT * FROM `wl_basedata` ORDER BY sort desc LIMIT 1   [ RunTime:0.0009s ]
SQL: SHOW COLUMNS FROM `wl_footer_nav` [ RunTime:0.0046s ]
SQL: SELECT * FROM `wl_footer_nav` WHERE `fn_fid` = 0  [ RunTime:0.0009s ]
SQL: SELECT * FROM `wl_footer_nav` WHERE `fn_fid` = 1  [ RunTime:0.0008s ]
SQL: SELECT * FROM `wl_footer_nav` WHERE `fn_fid` = 6  [ RunTime:0.0008s ]
SQL: SELECT * FROM `wl_footer_nav` WHERE `fn_fid` = 9  [ RunTime:0.0006s ]
INFO: [ view_parse ] --START--
INFO: [ template_filter ] --START--
INFO: Run Behavior\ContentReplaceBehavior [ RunTime:0.000046s ]
INFO: [ template_filter ] --END-- [ RunTime:0.000074s ]
INFO: Run Behavior\ParseTemplateBehavior [ RunTime:0.005640s ]
INFO: [ view_parse ] --END-- [ RunTime:0.005677s ]
INFO: [ view_filter ] --START--
INFO: Run Behavior\WriteHtmlCacheBehavior [ RunTime:0.000226s ]
INFO: [ view_filter ] --END-- [ RunTime:0.000248s ]
INFO: [ app_end ] --START--
INFO: Run Behavior\ShowPageTraceBehavior [ RunTime:0.000363s ]
INFO: [ app_end ] --END-- [ RunTime:0.000387s ]

[ 2018-11-09T18:06:11+08:00 ] 192.168.0.105 /index.php/Mobile/Index/keyangxinshang/nav_id/3
INFO: [ app_init ] --START--
INFO: Run Behavior\BuildLiteBehavior [ RunTime:0.000008s ]
INFO: [ app_init ] --END-- [ RunTime:0.000291s ]
INFO: [ app_begin ] --START--
INFO: Run Behavior\ReadHtmlCacheBehavior [ RunTime:0.000344s ]
INFO: [ app_begin ] --END-- [ RunTime:0.000371s ]
SQL: SHOW COLUMNS FROM `wl_nav` [ RunTime:0.0052s ]
SQL: SELECT * FROM `wl_nav` WHERE `nav_id` = 3 LIMIT 1   [ RunTime:0.0010s ]
SQL: SELECT * FROM `wl_nav` ORDER BY nav_sort desc  [ RunTime:0.0007s ]
SQL: SHOW COLUMNS FROM `wl_lunbo` [ RunTime:0.0055s ]
SQL: SELECT * FROM `wl_lunbo` WHERE `nav_id` = 3 ORDER BY lb_sort desc  [ RunTime:0.0010s ]
SQL: SHOW COLUMNS FROM `wl_case` [ RunTime:0.0049s ]
SQL: SELECT * FROM `wl_case` ORDER BY sort desc  [ RunTime:0.0011s ]
SQL: SHOW COLUMNS FROM `wl_company_introduce` [ RunTime:0.0049s ]
SQL: SELECT * FROM `wl_company_introduce` LIMIT 1   [ RunTime:0.0009s ]
SQL: SHOW COLUMNS FROM `wl_footer` [ RunTime:0.0048s ]
SQL: SELECT * FROM `wl_footer` LIMIT 1   [ RunTime:0.0008s ]
SQL: SHOW COLUMNS FROM `wl_footer_nav` [ RunTime:0.0046s ]
SQL: SELECT * FROM `wl_footer_nav` WHERE `fn_fid` = 0  [ RunTime:0.0009s ]
SQL: SELECT * FROM `wl_footer_nav` WHERE `fn_fid` = 1  [ RunTime:0.0011s ]
SQL: SELECT * FROM `wl_footer_nav` WHERE `fn_fid` = 6  [ RunTime:0.0009s ]
SQL: SELECT * FROM `wl_footer_nav` WHERE `fn_fid` = 9  [ RunTime:0.0006s ]
INFO: [ view_parse ] --START--
INFO: [ template_filter ] --START--
INFO: Run Behavior\ContentReplaceBehavior [ RunTime:0.000063s ]
INFO: [ template_filter ] --END-- [ RunTime:0.000094s ]
INFO: Run Behavior\ParseTemplateBehavior [ RunTime:0.011382s ]
INFO: [ view_parse ] --END-- [ RunTime:0.011414s ]
INFO: [ view_filter ] --START--
INFO: Run Behavior\WriteHtmlCacheBehavior [ RunTime:0.000197s ]
INFO: [ view_filter ] --END-- [ RunTime:0.000220s ]
INFO: [ app_end ] --START--
INFO: Run Behavior\ShowPageTraceBehavior [ RunTime:0.000378s ]
INFO: [ app_end ] --END-- [ RunTime:0.000412s ]

[ 2018-11-09T18:06:17+08:00 ] 192.168.0.105 /index.php/Mobile/Index/jingcaihuaxu/nav_id/4
INFO: [ app_init ] --START--
INFO: Run Behavior\BuildLiteBehavior [ RunTime:0.000007s ]
INFO: [ app_init ] --END-- [ RunTime:0.000303s ]
INFO: [ app_begin ] --START--
INFO: Run Behavior\ReadHtmlCacheBehavior [ RunTime:0.000372s ]
INFO: [ app_begin ] --END-- [ RunTime:0.000408s ]
SQL: SHOW COLUMNS FROM `wl_nav` [ RunTime:0.0056s ]
SQL: SELECT * FROM `wl_nav` WHERE `nav_id` = 4 LIMIT 1   [ RunTime:0.0010s ]
SQL: SELECT * FROM `wl_nav` ORDER BY nav_sort desc  [ RunTime:0.0009s ]
SQL: SHOW COLUMNS FROM `wl_lunbo` [ RunTime:0.0057s ]
SQL: SELECT * FROM `wl_lunbo` WHERE `nav_id` = 4 ORDER BY lb_sort desc  [ RunTime:0.0009s ]
SQL: SHOW COLUMNS FROM `wl_footer` [ RunTime:0.0050s ]
SQL: SELECT * FROM `wl_footer` LIMIT 1   [ RunTime:0.0010s ]
SQL: SHOW COLUMNS FROM `wl_footer_nav` [ RunTime:0.0053s ]
SQL: SELECT * FROM `wl_footer_nav` WHERE `fn_fid` = 0  [ RunTime:0.0007s ]
SQL: SELECT * FROM `wl_footer_nav` WHERE `fn_fid` = 1  [ RunTime:0.0007s ]
SQL: SELECT * FROM `wl_footer_nav` WHERE `fn_fid` = 6  [ RunTime:0.0007s ]
SQL: SELECT * FROM `wl_footer_nav` WHERE `fn_fid` = 9  [ RunTime:0.0011s ]
SQL: SHOW COLUMNS FROM `wl_company_introduce` [ RunTime:0.0058s ]
SQL: SELECT * FROM `wl_company_introduce` LIMIT 1   [ RunTime:0.0011s ]
SQL: SHOW COLUMNS FROM `wl_short_video` [ RunTime:0.0054s ]
SQL: SELECT * FROM `wl_short_video` ORDER BY sv_sort desc  [ RunTime:0.0008s ]
INFO: [ view_parse ] --START--
INFO: [ template_filter ] --START--
INFO: Run Behavior\ContentReplaceBehavior [ RunTime:0.000083s ]
INFO: [ template_filter ] --END-- [ RunTime:0.000152s ]
INFO: Run Behavior\ParseTemplateBehavior [ RunTime:0.009443s ]
INFO: [ view_parse ] --END-- [ RunTime:0.009498s ]
INFO: [ view_filter ] --START--
INFO: Run Behavior\WriteHtmlCacheBehavior [ RunTime:0.000273s ]
INFO: [ view_filter ] --END-- [ RunTime:0.000316s ]
INFO: [ app_end ] --START--
INFO: Run Behavior\ShowPageTraceBehavior [ RunTime:0.000547s ]
INFO: [ app_end ] --END-- [ RunTime:0.000587s ]

[ 2018-11-09T18:06:21+08:00 ] 192.168.0.105 /index.php/Mobile/Index/zuixintehui/nav_id/5
INFO: [ app_init ] --START--
INFO: Run Behavior\BuildLiteBehavior [ RunTime:0.000010s ]
INFO: [ app_init ] --END-- [ RunTime:0.000410s ]
INFO: [ app_begin ] --START--
INFO: Run Behavior\ReadHtmlCacheBehavior [ RunTime:0.000522s ]
INFO: [ app_begin ] --END-- [ RunTime:0.000576s ]
SQL: SHOW COLUMNS FROM `wl_nav` [ RunTime:0.0064s ]
SQL: SELECT * FROM `wl_nav` WHERE `nav_id` = 5 LIMIT 1   [ RunTime:0.0011s ]
SQL: SELECT * FROM `wl_nav` ORDER BY nav_sort desc  [ RunTime:0.0010s ]
SQL: SHOW COLUMNS FROM `wl_lunbo` [ RunTime:0.0048s ]
SQL: SELECT * FROM `wl_lunbo` WHERE `nav_id` = 5 ORDER BY lb_sort desc  [ RunTime:0.0010s ]
SQL: SHOW COLUMNS FROM `wl_footer` [ RunTime:0.0051s ]
SQL: SELECT * FROM `wl_footer` LIMIT 1   [ RunTime:0.0009s ]
SQL: SHOW COLUMNS FROM `wl_active` [ RunTime:0.0055s ]
SQL: SELECT * FROM `wl_active` ORDER BY asort desc  [ RunTime:0.0009s ]
SQL: SHOW COLUMNS FROM `wl_footer_nav` [ RunTime:0.0055s ]
SQL: SELECT * FROM `wl_footer_nav` WHERE `fn_fid` = 0  [ RunTime:0.0011s ]
SQL: SELECT * FROM `wl_footer_nav` WHERE `fn_fid` = 1  [ RunTime:0.0009s ]
SQL: SELECT * FROM `wl_footer_nav` WHERE `fn_fid` = 6  [ RunTime:0.0008s ]
SQL: SELECT * FROM `wl_footer_nav` WHERE `fn_fid` = 9  [ RunTime:0.0008s ]
SQL: SHOW COLUMNS FROM `wl_company_introduce` [ RunTime:0.0047s ]
SQL: SELECT * FROM `wl_company_introduce` LIMIT 1   [ RunTime:0.0007s ]
INFO: [ view_parse ] --START--
INFO: [ template_filter ] --START--
INFO: Run Behavior\ContentReplaceBehavior [ RunTime:0.000065s ]
INFO: [ template_filter ] --END-- [ RunTime:0.000096s ]
INFO: Run Behavior\ParseTemplateBehavior [ RunTime:0.014486s ]
INFO: [ view_parse ] --END-- [ RunTime:0.014537s ]
INFO: [ view_filter ] --START--
INFO: Run Behavior\WriteHtmlCacheBehavior [ RunTime:0.000216s ]
INFO: [ view_filter ] --END-- [ RunTime:0.000238s ]
INFO: [ app_end ] --START--
INFO: Run Behavior\ShowPageTraceBehavior [ RunTime:0.000394s ]
INFO: [ app_end ] --END-- [ RunTime:0.000419s ]

[ 2018-11-09T18:06:25+08:00 ] 192.168.0.105 /index.php/Mobile/Index/kehupingjia/nav_id/6
INFO: [ app_init ] --START--
INFO: Run Behavior\BuildLiteBehavior [ RunTime:0.000006s ]
INFO: [ app_init ] --END-- [ RunTime:0.000260s ]
INFO: [ app_begin ] --START--
INFO: Run Behavior\ReadHtmlCacheBehavior [ RunTime:0.000329s ]
INFO: [ app_begin ] --END-- [ RunTime:0.000356s ]
SQL: SHOW COLUMNS FROM `wl_nav` [ RunTime:0.0240s ]
SQL: SELECT * FROM `wl_nav` WHERE `nav_id` = 6 LIMIT 1   [ RunTime:0.0011s ]
SQL: SELECT * FROM `wl_nav` ORDER BY nav_sort desc  [ RunTime:0.0014s ]
SQL: SHOW COLUMNS FROM `wl_lunbo` [ RunTime:0.0051s ]
SQL: SELECT * FROM `wl_lunbo` WHERE `nav_id` = 6 ORDER BY lb_sort desc  [ RunTime:0.0010s ]
SQL: SHOW COLUMNS FROM `wl_footer` [ RunTime:0.0050s ]
SQL: SELECT * FROM `wl_footer` LIMIT 1   [ RunTime:0.0008s ]
SQL: SHOW COLUMNS FROM `wl_custom_word_classify` [ RunTime:0.0045s ]
SQL: SELECT * FROM `wl_custom_word_classify` ORDER BY cwc_sort desc  [ RunTime:0.0011s ]
SQL: SHOW COLUMNS FROM `wl_footer_nav` [ RunTime:0.0058s ]
SQL: SELECT * FROM `wl_footer_nav` WHERE `fn_fid` = 0  [ RunTime:0.0008s ]
SQL: SELECT * FROM `wl_footer_nav` WHERE `fn_fid` = 1  [ RunTime:0.0006s ]
SQL: SELECT * FROM `wl_footer_nav` WHERE `fn_fid` = 6  [ RunTime:0.0009s ]
SQL: SELECT * FROM `wl_footer_nav` WHERE `fn_fid` = 9  [ RunTime:0.0007s ]
SQL: SHOW COLUMNS FROM `wl_company_introduce` [ RunTime:0.0049s ]
SQL: SELECT * FROM `wl_company_introduce` LIMIT 1   [ RunTime:0.0010s ]
INFO: [ view_parse ] --START--
INFO: [ template_filter ] --START--
INFO: Run Behavior\ContentReplaceBehavior [ RunTime:0.000071s ]
INFO: [ template_filter ] --END-- [ RunTime:0.000101s ]
INFO: Run Behavior\ParseTemplateBehavior [ RunTime:0.015979s ]
INFO: [ view_parse ] --END-- [ RunTime:0.016010s ]
INFO: [ view_filter ] --START--
INFO: Run Behavior\WriteHtmlCacheBehavior [ RunTime:0.000197s ]
INFO: [ view_filter ] --END-- [ RunTime:0.000221s ]
INFO: [ app_end ] --START--
INFO: Run Behavior\ShowPageTraceBehavior [ RunTime:0.000385s ]
INFO: [ app_end ] --END-- [ RunTime:0.000411s ]

[ 2018-11-09T18:06:25+08:00 ] 192.168.0.105 /index.php/Mobile/Public/customspeech/k/0/p/1
INFO: [ app_init ] --START--
INFO: Run Behavior\BuildLiteBehavior [ RunTime:0.000006s ]
INFO: [ app_init ] --END-- [ RunTime:0.000261s ]
INFO: [ app_begin ] --START--
INFO: Run Behavior\ReadHtmlCacheBehavior [ RunTime:0.000339s ]
INFO: [ app_begin ] --END-- [ RunTime:0.000364s ]
SQL: SHOW COLUMNS FROM `wl_custom_word` [ RunTime:0.0115s ]
SQL: SELECT * FROM `wl_custom_word` ORDER BY cw_sort desc LIMIT 0,10   [ RunTime:0.0013s ]
SQL: SELECT * FROM `wl_custom_word`  [ RunTime:0.0010s ]

[ 2018-11-09T18:06:25+08:00 ] 192.168.0.105 /index.php/Mobile/Public/customspeech/k/0/p/1
INFO: [ app_init ] --START--
INFO: Run Behavior\BuildLiteBehavior [ RunTime:0.000009s ]
INFO: [ app_init ] --END-- [ RunTime:0.000412s ]
INFO: [ app_begin ] --START--
INFO: Run Behavior\ReadHtmlCacheBehavior [ RunTime:0.000515s ]
INFO: [ app_begin ] --END-- [ RunTime:0.000558s ]
SQL: SHOW COLUMNS FROM `wl_custom_word` [ RunTime:0.0048s ]
SQL: SELECT * FROM `wl_custom_word` ORDER BY cw_sort desc LIMIT 0,10   [ RunTime:0.0013s ]
SQL: SELECT * FROM `wl_custom_word`  [ RunTime:0.0010s ]

[ 2018-11-09T18:06:32+08:00 ] 192.168.0.105 /index.php/Mobile/Index/aboutUs/nav_id/2
INFO: [ app_init ] --START--
INFO: Run Behavior\BuildLiteBehavior [ RunTime:0.000006s ]
INFO: [ app_init ] --END-- [ RunTime:0.000265s ]
INFO: [ app_begin ] --START--
INFO: Run Behavior\ReadHtmlCacheBehavior [ RunTime:0.000344s ]
INFO: [ app_begin ] --END-- [ RunTime:0.000374s ]
SQL: SHOW COLUMNS FROM `wl_nav` [ RunTime:0.0059s ]
SQL: SELECT * FROM `wl_nav` WHERE `nav_id` = 2 LIMIT 1   [ RunTime:0.0010s ]
SQL: SELECT * FROM `wl_nav` ORDER BY nav_sort desc  [ RunTime:0.0009s ]
SQL: SHOW COLUMNS FROM `wl_lunbo` [ RunTime:0.0048s ]
SQL: SELECT * FROM `wl_lunbo` WHERE `nav_id` = 2 ORDER BY lb_sort desc  [ RunTime:0.0008s ]
SQL: SHOW COLUMNS FROM `wl_footer` [ RunTime:0.0048s ]
SQL: SELECT * FROM `wl_footer` LIMIT 1   [ RunTime:0.0008s ]
SQL: SHOW COLUMNS FROM `wl_company_introduce` [ RunTime:0.0045s ]
SQL: SELECT * FROM `wl_company_introduce` LIMIT 1   [ RunTime:0.0008s ]
SQL: SHOW COLUMNS FROM `wl_background_image` [ RunTime:0.0050s ]
SQL: SELECT * FROM `wl_background_image` WHERE `nav_id` = 2 ORDER BY bi_sort desc  [ RunTime:0.0009s ]
SQL: SHOW COLUMNS FROM `wl_basedata` [ RunTime:0.0046s ]
SQL: SELECT * FROM `wl_basedata` ORDER BY sort desc LIMIT 1   [ RunTime:0.0010s ]
SQL: SHOW COLUMNS FROM `wl_footer_nav` [ RunTime:0.0047s ]
SQL: SELECT * FROM `wl_footer_nav` WHERE `fn_fid` = 0  [ RunTime:0.0008s ]
SQL: SELECT * FROM `wl_footer_nav` WHERE `fn_fid` = 1  [ RunTime:0.0006s ]
SQL: SELECT * FROM `wl_footer_nav` WHERE `fn_fid` = 6  [ RunTime:0.0006s ]
SQL: SELECT * FROM `wl_footer_nav` WHERE `fn_fid` = 9  [ RunTime:0.0005s ]
INFO: [ view_parse ] --START--
INFO: [ template_filter ] --START--
INFO: Run Behavior\ContentReplaceBehavior [ RunTime:0.000045s ]
INFO: [ template_filter ] --END-- [ RunTime:0.000072s ]
INFO: Run Behavior\ParseTemplateBehavior [ RunTime:0.005275s ]
INFO: [ view_parse ] --END-- [ RunTime:0.005303s ]
INFO: [ view_filter ] --START--
INFO: Run Behavior\WriteHtmlCacheBehavior [ RunTime:0.000188s ]
INFO: [ view_filter ] --END-- [ RunTime:0.000209s ]
INFO: [ app_end ] --START--
INFO: Run Behavior\ShowPageTraceBehavior [ RunTime:0.000355s ]
INFO: [ app_end ] --END-- [ RunTime:0.000378s ]

[ 2018-11-09T18:06:37+08:00 ] 192.168.0.105 /index.php/Mobile/Index/keyangxinshang/nav_id/3
INFO: [ app_init ] --START--
INFO: Run Behavior\BuildLiteBehavior [ RunTime:0.000006s ]
INFO: [ app_init ] --END-- [ RunTime:0.000261s ]
INFO: [ app_begin ] --START--
INFO: Run Behavior\ReadHtmlCacheBehavior [ RunTime:0.000331s ]
INFO: [ app_begin ] --END-- [ RunTime:0.000359s ]
SQL: SHOW COLUMNS FROM `wl_nav` [ RunTime:0.0050s ]
SQL: SELECT * FROM `wl_nav` WHERE `nav_id` = 3 LIMIT 1   [ RunTime:0.0007s ]
SQL: SELECT * FROM `wl_nav` ORDER BY nav_sort desc  [ RunTime:0.0009s ]
SQL: SHOW COLUMNS FROM `wl_lunbo` [ RunTime:0.0062s ]
SQL: SELECT * FROM `wl_lunbo` WHERE `nav_id` = 3 ORDER BY lb_sort desc  [ RunTime:0.0010s ]
SQL: SHOW COLUMNS FROM `wl_case` [ RunTime:0.0048s ]
SQL: SELECT * FROM `wl_case` ORDER BY sort desc  [ RunTime:0.0009s ]
SQL: SHOW COLUMNS FROM `wl_company_introduce` [ RunTime:0.0048s ]
SQL: SELECT * FROM `wl_company_introduce` LIMIT 1   [ RunTime:0.0008s ]
SQL: SHOW COLUMNS FROM `wl_footer` [ RunTime:0.0047s ]
SQL: SELECT * FROM `wl_footer` LIMIT 1   [ RunTime:0.0007s ]
SQL: SHOW COLUMNS FROM `wl_footer_nav` [ RunTime:0.0053s ]
SQL: SELECT * FROM `wl_footer_nav` WHERE `fn_fid` = 0  [ RunTime:0.0010s ]
SQL: SELECT * FROM `wl_footer_nav` WHERE `fn_fid` = 1  [ RunTime:0.0013s ]
SQL: SELECT * FROM `wl_footer_nav` WHERE `fn_fid` = 6  [ RunTime:0.0008s ]
SQL: SELECT * FROM `wl_footer_nav` WHERE `fn_fid` = 9  [ RunTime:0.0006s ]
INFO: [ view_parse ] --START--
INFO: [ template_filter ] --START--
INFO: Run Behavior\ContentReplaceBehavior [ RunTime:0.000065s ]
INFO: [ template_filter ] --END-- [ RunTime:0.000094s ]
INFO: Run Behavior\ParseTemplateBehavior [ RunTime:0.006141s ]
INFO: [ view_parse ] --END-- [ RunTime:0.006173s ]
INFO: [ view_filter ] --START--
INFO: Run Behavior\WriteHtmlCacheBehavior [ RunTime:0.000200s ]
INFO: [ view_filter ] --END-- [ RunTime:0.000222s ]
INFO: [ app_end ] --START--
INFO: Run Behavior\ShowPageTraceBehavior [ RunTime:0.000446s ]
INFO: [ app_end ] --END-- [ RunTime:0.000472s ]

[ 2018-11-09T18:06:57+08:00 ] 192.168.0.105 /index.php/Mobile/Index/jingcaihuaxu/nav_id/4
INFO: [ app_init ] --START--
INFO: Run Behavior\BuildLiteBehavior [ RunTime:0.000007s ]
INFO: [ app_init ] --END-- [ RunTime:0.000258s ]
INFO: [ app_begin ] --START--
INFO: Run Behavior\ReadHtmlCacheBehavior [ RunTime:0.000329s ]
INFO: [ app_begin ] --END-- [ RunTime:0.000357s ]
SQL: SHOW COLUMNS FROM `wl_nav` [ RunTime:0.0045s ]
SQL: SELECT * FROM `wl_nav` WHERE `nav_id` = 4 LIMIT 1   [ RunTime:0.0009s ]
SQL: SELECT * FROM `wl_nav` ORDER BY nav_sort desc  [ RunTime:0.0009s ]
SQL: SHOW COLUMNS FROM `wl_lunbo` [ RunTime:0.0046s ]
SQL: SELECT * FROM `wl_lunbo` WHERE `nav_id` = 4 ORDER BY lb_sort desc  [ RunTime:0.0009s ]
SQL: SHOW COLUMNS FROM `wl_footer` [ RunTime:0.0046s ]
SQL: SELECT * FROM `wl_footer` LIMIT 1   [ RunTime:0.0007s ]
SQL: SHOW COLUMNS FROM `wl_footer_nav` [ RunTime:0.0044s ]
SQL: SELECT * FROM `wl_footer_nav` WHERE `fn_fid` = 0  [ RunTime:0.0010s ]
SQL: SELECT * FROM `wl_footer_nav` WHERE `fn_fid` = 1  [ RunTime:0.0007s ]
SQL: SELECT * FROM `wl_footer_nav` WHERE `fn_fid` = 6  [ RunTime:0.0006s ]
SQL: SELECT * FROM `wl_footer_nav` WHERE `fn_fid` = 9  [ RunTime:0.0006s ]
SQL: SHOW COLUMNS FROM `wl_company_introduce` [ RunTime:0.0044s ]
SQL: SELECT * FROM `wl_company_introduce` LIMIT 1   [ RunTime:0.0011s ]
SQL: SHOW COLUMNS FROM `wl_short_video` [ RunTime:0.0054s ]
SQL: SELECT * FROM `wl_short_video` ORDER BY sv_sort desc  [ RunTime:0.0007s ]
INFO: [ view_parse ] --START--
INFO: [ template_filter ] --START--
INFO: Run Behavior\ContentReplaceBehavior [ RunTime:0.000067s ]
INFO: [ template_filter ] --END-- [ RunTime:0.000093s ]
INFO: Run Behavior\ParseTemplateBehavior [ RunTime:0.006037s ]
INFO: [ view_parse ] --END-- [ RunTime:0.006068s ]
INFO: [ view_filter ] --START--
INFO: Run Behavior\WriteHtmlCacheBehavior [ RunTime:0.000190s ]
INFO: [ view_filter ] --END-- [ RunTime:0.000212s ]
INFO: [ app_end ] --START--
INFO: Run Behavior\ShowPageTraceBehavior [ RunTime:0.000387s ]
INFO: [ app_end ] --END-- [ RunTime:0.000411s ]

