[ 2018-09-27T13:51:51+08:00 ] 127.0.0.1 127.0.0.1 GET /public/index.php
[ log ] 127.0.0.1/public/index.php [运行时间：0.101209s][吞吐率：9.88req/s] [内存消耗：935.12kb] [文件加载：33]
[ info ] [ ROUTE ] array (
  'type' => 'module',
  'module' => 
  array (
    0 => '',
    1 => NULL,
    2 => NULL,
  ),
)
[ info ] [ HEADER ] array (
  'accept-encoding' => 'gzip, deflate',
  'cookie' => 'PHPSESSID=mjjc8ige8hi36s48fbuodikh86',
  'accept-language' => 'zh-CN,zh;q=0.9',
  'accept' => 'text/html,application/xhtml+xml,application/xml;q=0.9,image/webp,image/apng,*/*;q=0.8',
  'user-agent' => 'Mozilla/5.0 (Windows NT 10.0; WOW64) AppleWebKit/537.36 (KHTML, like Gecko) Chrome/63.0.3239.132 Safari/537.36',
  'upgrade-insecure-requests' => '1',
  'connection' => 'close',
  'host' => '127.0.0.1',
)
[ info ] [ PARAM ] array (
)
[ info ] [ RUN ] Method [ <user> public method index ] {
  @@ E:\sunzemin\tp5.0\application\index\controller\Index.php 6 - 9
}

[ info ] [ LOG ] INIT File

---------------------------------------------------------------
