[ 2018-10-23T17:23:38+08:00 ] 127.0.0.1 /index.php/Mobile/Index/index
INFO: [ app_init ] --START--
INFO: Run Behavior\BuildLiteBehavior [ RunTime:0.000008s ]
INFO: [ app_init ] --END-- [ RunTime:0.000298s ]
INFO: [ app_begin ] --START--
INFO: Run Behavior\ReadHtmlCacheBehavior [ RunTime:0.000330s ]
INFO: [ app_begin ] --END-- [ RunTime:0.000360s ]

[ 2018-10-23T17:24:05+08:00 ] 127.0.0.1 /index.php/Mobile/Index/index
INFO: [ app_init ] --START--
INFO: Run Behavior\BuildLiteBehavior [ RunTime:0.000008s ]
INFO: [ app_init ] --END-- [ RunTime:0.000307s ]
INFO: [ app_begin ] --START--
INFO: Run Behavior\ReadHtmlCacheBehavior [ RunTime:0.000557s ]
INFO: [ app_begin ] --END-- [ RunTime:0.000596s ]
INFO: [ view_parse ] --START--
INFO: [ template_filter ] --START--
INFO: Run Behavior\ContentReplaceBehavior [ RunTime:0.000205s ]
INFO: [ template_filter ] --END-- [ RunTime:0.000245s ]
INFO: Run Behavior\ParseTemplateBehavior [ RunTime:0.056643s ]
INFO: [ view_parse ] --END-- [ RunTime:0.056686s ]
INFO: [ view_filter ] --START--
INFO: Run Behavior\WriteHtmlCacheBehavior [ RunTime:0.000218s ]
INFO: [ view_filter ] --END-- [ RunTime:0.000241s ]
INFO: [ app_end ] --START--
INFO: Run Behavior\ShowPageTraceBehavior [ RunTime:0.000534s ]
INFO: [ app_end ] --END-- [ RunTime:0.000581s ]

[ 2018-10-23T17:24:05+08:00 ] 127.0.0.1 /index.php/Mobile/Index/css/reset.css
INFO: [ app_init ] --START--
INFO: Run Behavior\BuildLiteBehavior [ RunTime:0.000020s ]
INFO: [ app_init ] --END-- [ RunTime:0.000592s ]
INFO: [ app_begin ] --START--
INFO: Run Behavior\ReadHtmlCacheBehavior [ RunTime:0.000500s ]
INFO: [ app_begin ] --END-- [ RunTime:0.000572s ]
ERR: 非法操作:css

[ 2018-10-23T17:24:06+08:00 ] 127.0.0.1 /index.php/Mobile/Index/css/swiper.css
INFO: [ app_init ] --START--
INFO: Run Behavior\BuildLiteBehavior [ RunTime:0.000020s ]
INFO: [ app_init ] --END-- [ RunTime:0.000503s ]
INFO: [ app_begin ] --START--
INFO: Run Behavior\ReadHtmlCacheBehavior [ RunTime:0.000500s ]
INFO: [ app_begin ] --END-- [ RunTime:0.000566s ]
ERR: 非法操作:css

[ 2018-10-23T17:24:06+08:00 ] 127.0.0.1 /index.php/Mobile/Index/js/slider.js
INFO: [ app_init ] --START--
INFO: Run Behavior\BuildLiteBehavior [ RunTime:0.000008s ]
INFO: [ app_init ] --END-- [ RunTime:0.000294s ]
INFO: [ app_begin ] --START--
INFO: Run Behavior\ReadHtmlCacheBehavior [ RunTime:0.000325s ]
INFO: [ app_begin ] --END-- [ RunTime:0.000356s ]
ERR: 非法操作:js

[ 2018-10-23T17:24:06+08:00 ] 127.0.0.1 /index.php/Mobile/Index/js/msclass.js
INFO: [ app_init ] --START--
INFO: Run Behavior\BuildLiteBehavior [ RunTime:0.000012s ]
INFO: [ app_init ] --END-- [ RunTime:0.000361s ]
INFO: [ app_begin ] --START--
INFO: Run Behavior\ReadHtmlCacheBehavior [ RunTime:0.000446s ]
INFO: [ app_begin ] --END-- [ RunTime:0.000493s ]
ERR: 非法操作:js

[ 2018-10-23T17:24:06+08:00 ] 127.0.0.1 /index.php/Mobile/Index/js/honor.js
INFO: [ app_init ] --START--
INFO: Run Behavior\BuildLiteBehavior [ RunTime:0.000010s ]
INFO: [ app_init ] --END-- [ RunTime:0.000312s ]
INFO: [ app_begin ] --START--
INFO: Run Behavior\ReadHtmlCacheBehavior [ RunTime:0.000352s ]
INFO: [ app_begin ] --END-- [ RunTime:0.000414s ]
ERR: 非法操作:js

[ 2018-10-23T17:24:06+08:00 ] 127.0.0.1 /index.php/Mobile/Index/css/index.css
INFO: [ app_init ] --START--
INFO: Run Behavior\BuildLiteBehavior [ RunTime:0.000009s ]
INFO: [ app_init ] --END-- [ RunTime:0.000502s ]
INFO: [ app_begin ] --START--
INFO: Run Behavior\ReadHtmlCacheBehavior [ RunTime:0.000535s ]
INFO: [ app_begin ] --END-- [ RunTime:0.000589s ]
ERR: 非法操作:css

[ 2018-10-23T17:24:06+08:00 ] 127.0.0.1 /index.php/Mobile/Index/js/swiper.js
INFO: [ app_init ] --START--
INFO: Run Behavior\BuildLiteBehavior [ RunTime:0.000014s ]
INFO: [ app_init ] --END-- [ RunTime:0.000375s ]
INFO: [ app_begin ] --START--
INFO: Run Behavior\ReadHtmlCacheBehavior [ RunTime:0.000508s ]
INFO: [ app_begin ] --END-- [ RunTime:0.000563s ]
ERR: 非法操作:js

[ 2018-10-23T17:24:06+08:00 ] 127.0.0.1 /index.php/Mobile/Index/js/index.js
INFO: [ app_init ] --START--
INFO: Run Behavior\BuildLiteBehavior [ RunTime:0.000008s ]
INFO: [ app_init ] --END-- [ RunTime:0.000256s ]
INFO: [ app_begin ] --START--
INFO: Run Behavior\ReadHtmlCacheBehavior [ RunTime:0.000454s ]
INFO: [ app_begin ] --END-- [ RunTime:0.000517s ]
ERR: 非法操作:js

[ 2018-10-23T17:24:06+08:00 ] 127.0.0.1 /index.php/Mobile/Index/images/s2.png
INFO: [ app_init ] --START--
INFO: Run Behavior\BuildLiteBehavior [ RunTime:0.000008s ]
INFO: [ app_init ] --END-- [ RunTime:0.000247s ]

[ 2018-10-23T17:24:06+08:00 ] 127.0.0.1 /index.php/Mobile/Index/images/s3.png
INFO: [ app_init ] --START--
INFO: Run Behavior\BuildLiteBehavior [ RunTime:0.000008s ]
INFO: [ app_init ] --END-- [ RunTime:0.000249s ]

[ 2018-10-23T17:24:06+08:00 ] 127.0.0.1 /index.php/Mobile/Index/js/slider.js
INFO: [ app_init ] --START--
INFO: Run Behavior\BuildLiteBehavior [ RunTime:0.000008s ]
INFO: [ app_init ] --END-- [ RunTime:0.000249s ]
INFO: [ app_begin ] --START--
INFO: Run Behavior\ReadHtmlCacheBehavior [ RunTime:0.000299s ]
INFO: [ app_begin ] --END-- [ RunTime:0.000329s ]
ERR: 非法操作:js

[ 2018-10-23T17:24:06+08:00 ] 127.0.0.1 /index.php/Mobile/Index/images/s4.png
INFO: [ app_init ] --START--
INFO: Run Behavior\BuildLiteBehavior [ RunTime:0.000019s ]
INFO: [ app_init ] --END-- [ RunTime:0.000429s ]

[ 2018-10-23T17:24:06+08:00 ] 127.0.0.1 /index.php/Mobile/Index/images/s5.png
INFO: [ app_init ] --START--
INFO: Run Behavior\BuildLiteBehavior [ RunTime:0.000011s ]
INFO: [ app_init ] --END-- [ RunTime:0.000348s ]

[ 2018-10-23T17:24:06+08:00 ] 127.0.0.1 /index.php/Mobile/Index/images/s7.png
INFO: [ app_init ] --START--
INFO: Run Behavior\BuildLiteBehavior [ RunTime:0.000008s ]
INFO: [ app_init ] --END-- [ RunTime:0.000254s ]

[ 2018-10-23T17:24:06+08:00 ] 127.0.0.1 /index.php/Mobile/Index/images/s6.png
INFO: [ app_init ] --START--
INFO: Run Behavior\BuildLiteBehavior [ RunTime:0.000013s ]
INFO: [ app_init ] --END-- [ RunTime:0.000370s ]

[ 2018-10-23T17:24:06+08:00 ] 127.0.0.1 /index.php/Mobile/Index/images/s8.png
INFO: [ app_init ] --START--
INFO: Run Behavior\BuildLiteBehavior [ RunTime:0.000010s ]
INFO: [ app_init ] --END-- [ RunTime:0.000272s ]

[ 2018-10-23T17:24:06+08:00 ] 127.0.0.1 /index.php/Mobile/Index/images/1491553113444.jpg
INFO: [ app_init ] --START--
INFO: Run Behavior\BuildLiteBehavior [ RunTime:0.000012s ]
INFO: [ app_init ] --END-- [ RunTime:0.000367s ]

[ 2018-10-23T17:24:06+08:00 ] 127.0.0.1 /index.php/Mobile/Index/images/1470902996811.jpg
INFO: [ app_init ] --START--
INFO: Run Behavior\BuildLiteBehavior [ RunTime:0.000009s ]
INFO: [ app_init ] --END-- [ RunTime:0.000270s ]

[ 2018-10-23T17:24:06+08:00 ] 127.0.0.1 /index.php/Mobile/Index/images/tiao.jpg
INFO: [ app_init ] --START--
INFO: Run Behavior\BuildLiteBehavior [ RunTime:0.000011s ]
INFO: [ app_init ] --END-- [ RunTime:0.000332s ]

[ 2018-10-23T17:24:06+08:00 ] 127.0.0.1 /index.php/Mobile/Index/images/1470986740159.jpg
INFO: [ app_init ] --START--
INFO: Run Behavior\BuildLiteBehavior [ RunTime:0.000009s ]
INFO: [ app_init ] --END-- [ RunTime:0.000314s ]

[ 2018-10-23T17:24:06+08:00 ] 127.0.0.1 /index.php/Mobile/Index/images/more.png
INFO: [ app_init ] --START--
INFO: Run Behavior\BuildLiteBehavior [ RunTime:0.000008s ]
INFO: [ app_init ] --END-- [ RunTime:0.000248s ]

[ 2018-10-23T17:24:06+08:00 ] 127.0.0.1 /index.php/Mobile/Index/images/1470903059307.jpg
INFO: [ app_init ] --START--
INFO: Run Behavior\BuildLiteBehavior [ RunTime:0.000009s ]
INFO: [ app_init ] --END-- [ RunTime:0.000325s ]

[ 2018-10-23T17:24:06+08:00 ] 127.0.0.1 /index.php/Mobile/Index/images/1470878669360.jpg
INFO: [ app_init ] --START--
INFO: Run Behavior\BuildLiteBehavior [ RunTime:0.000008s ]
INFO: [ app_init ] --END-- [ RunTime:0.000247s ]

[ 2018-10-23T17:24:06+08:00 ] 127.0.0.1 /index.php/Mobile/Index/images/1470878577449.jpg
INFO: [ app_init ] --START--
INFO: Run Behavior\BuildLiteBehavior [ RunTime:0.000009s ]
INFO: [ app_init ] --END-- [ RunTime:0.000268s ]

[ 2018-10-23T17:24:06+08:00 ] 127.0.0.1 /index.php/Mobile/Index/images/01.jpg
INFO: [ app_init ] --START--
INFO: Run Behavior\BuildLiteBehavior [ RunTime:0.000011s ]
INFO: [ app_init ] --END-- [ RunTime:0.000399s ]

[ 2018-10-23T17:24:06+08:00 ] 127.0.0.1 /index.php/Mobile/Index/images/1470986120650.jpg
INFO: [ app_init ] --START--
INFO: Run Behavior\BuildLiteBehavior [ RunTime:0.000009s ]
INFO: [ app_init ] --END-- [ RunTime:0.000274s ]

[ 2018-10-23T17:24:06+08:00 ] 127.0.0.1 /index.php/Mobile/Index/images/2017410174834423.png
INFO: [ app_init ] --START--
INFO: Run Behavior\BuildLiteBehavior [ RunTime:0.000008s ]
INFO: [ app_init ] --END-- [ RunTime:0.000280s ]

[ 2018-10-23T17:24:06+08:00 ] 127.0.0.1 /index.php/Mobile/Index/images/1471514984722.jpg
INFO: [ app_init ] --START--
INFO: Run Behavior\BuildLiteBehavior [ RunTime:0.000012s ]
INFO: [ app_init ] --END-- [ RunTime:0.000436s ]

[ 2018-10-23T17:24:07+08:00 ] 127.0.0.1 /index.php/Mobile/Index/js/msclass.js
INFO: [ app_init ] --START--
INFO: Run Behavior\BuildLiteBehavior [ RunTime:0.000009s ]
INFO: [ app_init ] --END-- [ RunTime:0.000300s ]
INFO: [ app_begin ] --START--
INFO: Run Behavior\ReadHtmlCacheBehavior [ RunTime:0.000378s ]
INFO: [ app_begin ] --END-- [ RunTime:0.000408s ]
ERR: 非法操作:js

[ 2018-10-23T17:24:07+08:00 ] 127.0.0.1 /index.php/Mobile/Index/js/honor.js
INFO: [ app_init ] --START--
INFO: Run Behavior\BuildLiteBehavior [ RunTime:0.000009s ]
INFO: [ app_init ] --END-- [ RunTime:0.000290s ]
INFO: [ app_begin ] --START--
INFO: Run Behavior\ReadHtmlCacheBehavior [ RunTime:0.000303s ]
INFO: [ app_begin ] --END-- [ RunTime:0.000333s ]
ERR: 非法操作:js

[ 2018-10-23T17:24:07+08:00 ] 127.0.0.1 /index.php/Mobile/Index/js/swiper.js
INFO: [ app_init ] --START--
INFO: Run Behavior\BuildLiteBehavior [ RunTime:0.000007s ]
INFO: [ app_init ] --END-- [ RunTime:0.000235s ]
INFO: [ app_begin ] --START--
INFO: Run Behavior\ReadHtmlCacheBehavior [ RunTime:0.000364s ]
INFO: [ app_begin ] --END-- [ RunTime:0.000393s ]
ERR: 非法操作:js

[ 2018-10-23T17:24:07+08:00 ] 127.0.0.1 /index.php/Mobile/Index/js/index.js
INFO: [ app_init ] --START--
INFO: Run Behavior\BuildLiteBehavior [ RunTime:0.000007s ]
INFO: [ app_init ] --END-- [ RunTime:0.000228s ]
INFO: [ app_begin ] --START--
INFO: Run Behavior\ReadHtmlCacheBehavior [ RunTime:0.000282s ]
INFO: [ app_begin ] --END-- [ RunTime:0.000308s ]
ERR: 非法操作:js

[ 2018-10-23T17:24:07+08:00 ] 127.0.0.1 /index.php/Mobile/Index/images/logo.png
INFO: [ app_init ] --START--
INFO: Run Behavior\BuildLiteBehavior [ RunTime:0.000012s ]
INFO: [ app_init ] --END-- [ RunTime:0.000380s ]

[ 2018-10-23T17:24:07+08:00 ] 127.0.0.1 /index.php/Mobile/Index/images/rexian.png
INFO: [ app_init ] --START--
INFO: Run Behavior\BuildLiteBehavior [ RunTime:0.000009s ]
INFO: [ app_init ] --END-- [ RunTime:0.000256s ]

[ 2018-10-23T17:24:07+08:00 ] 127.0.0.1 /index.php/Mobile/Index/images/s1.png
INFO: [ app_init ] --START--
INFO: Run Behavior\BuildLiteBehavior [ RunTime:0.000009s ]
INFO: [ app_init ] --END-- [ RunTime:0.000306s ]

[ 2018-10-23T17:24:07+08:00 ] 127.0.0.1 /index.php/Mobile/Index/images/1491473881125.jpg
INFO: [ app_init ] --START--
INFO: Run Behavior\BuildLiteBehavior [ RunTime:0.000008s ]
INFO: [ app_init ] --END-- [ RunTime:0.000322s ]

[ 2018-10-23T17:24:55+08:00 ] 127.0.0.1 /index.php/Mobile/Index/index
INFO: [ app_init ] --START--
INFO: Run Behavior\BuildLiteBehavior [ RunTime:0.000008s ]
INFO: [ app_init ] --END-- [ RunTime:0.000246s ]
INFO: [ app_begin ] --START--
INFO: Run Behavior\ReadHtmlCacheBehavior [ RunTime:0.000386s ]
INFO: [ app_begin ] --END-- [ RunTime:0.000447s ]
INFO: [ view_parse ] --START--
INFO: [ template_filter ] --START--
INFO: Run Behavior\ContentReplaceBehavior [ RunTime:0.000181s ]
INFO: [ template_filter ] --END-- [ RunTime:0.000231s ]
INFO: Run Behavior\ParseTemplateBehavior [ RunTime:0.022841s ]
INFO: [ view_parse ] --END-- [ RunTime:0.022886s ]
INFO: [ view_filter ] --START--
INFO: Run Behavior\WriteHtmlCacheBehavior [ RunTime:0.000475s ]
INFO: [ view_filter ] --END-- [ RunTime:0.000528s ]
INFO: [ app_end ] --START--
INFO: Run Behavior\ShowPageTraceBehavior [ RunTime:0.000763s ]
INFO: [ app_end ] --END-- [ RunTime:0.000809s ]

[ 2018-10-23T17:24:55+08:00 ] 127.0.0.1 /index.php/Mobile/Index/js/slider.js
INFO: [ app_init ] --START--
INFO: Run Behavior\BuildLiteBehavior [ RunTime:0.000014s ]
INFO: [ app_init ] --END-- [ RunTime:0.000377s ]
INFO: [ app_begin ] --START--
INFO: Run Behavior\ReadHtmlCacheBehavior [ RunTime:0.000814s ]
INFO: [ app_begin ] --END-- [ RunTime:0.000960s ]
ERR: 非法操作:js

[ 2018-10-23T17:24:55+08:00 ] 127.0.0.1 /index.php/Mobile/Index/js/msclass.js
INFO: [ app_init ] --START--
INFO: Run Behavior\BuildLiteBehavior [ RunTime:0.000013s ]
INFO: [ app_init ] --END-- [ RunTime:0.000385s ]
INFO: [ app_begin ] --START--
INFO: Run Behavior\ReadHtmlCacheBehavior [ RunTime:0.000507s ]
INFO: [ app_begin ] --END-- [ RunTime:0.000558s ]
ERR: 非法操作:js

[ 2018-10-23T17:24:55+08:00 ] 127.0.0.1 /index.php/Mobile/Index/js/honor.js
INFO: [ app_init ] --START--
INFO: Run Behavior\BuildLiteBehavior [ RunTime:0.000010s ]
INFO: [ app_init ] --END-- [ RunTime:0.000357s ]
INFO: [ app_begin ] --START--
INFO: Run Behavior\ReadHtmlCacheBehavior [ RunTime:0.000669s ]
INFO: [ app_begin ] --END-- [ RunTime:0.000737s ]
ERR: 非法操作:js

[ 2018-10-23T17:24:55+08:00 ] 127.0.0.1 /index.php/Mobile/Index/js/index.js
INFO: [ app_init ] --START--
INFO: Run Behavior\BuildLiteBehavior [ RunTime:0.000013s ]
INFO: [ app_init ] --END-- [ RunTime:0.000419s ]
INFO: [ app_begin ] --START--
INFO: Run Behavior\ReadHtmlCacheBehavior [ RunTime:0.000635s ]
INFO: [ app_begin ] --END-- [ RunTime:0.000700s ]
ERR: 非法操作:js

[ 2018-10-23T17:24:55+08:00 ] 127.0.0.1 /index.php/Mobile/Index/js/slider.js
INFO: [ app_init ] --START--
INFO: Run Behavior\BuildLiteBehavior [ RunTime:0.000011s ]
INFO: [ app_init ] --END-- [ RunTime:0.000316s ]
INFO: [ app_begin ] --START--
INFO: Run Behavior\ReadHtmlCacheBehavior [ RunTime:0.000820s ]
INFO: [ app_begin ] --END-- [ RunTime:0.000883s ]
ERR: 非法操作:js

[ 2018-10-23T17:24:55+08:00 ] 127.0.0.1 /index.php/Mobile/Index/js/msclass.js
INFO: [ app_init ] --START--
INFO: Run Behavior\BuildLiteBehavior [ RunTime:0.000009s ]
INFO: [ app_init ] --END-- [ RunTime:0.000295s ]
INFO: [ app_begin ] --START--
INFO: Run Behavior\ReadHtmlCacheBehavior [ RunTime:0.000329s ]
INFO: [ app_begin ] --END-- [ RunTime:0.000378s ]
ERR: 非法操作:js

[ 2018-10-23T17:24:55+08:00 ] 127.0.0.1 /index.php/Mobile/Index/js/honor.js
INFO: [ app_init ] --START--
INFO: Run Behavior\BuildLiteBehavior [ RunTime:0.000013s ]
INFO: [ app_init ] --END-- [ RunTime:0.000396s ]
INFO: [ app_begin ] --START--
INFO: Run Behavior\ReadHtmlCacheBehavior [ RunTime:0.000473s ]
INFO: [ app_begin ] --END-- [ RunTime:0.000513s ]
ERR: 非法操作:js

[ 2018-10-23T17:24:56+08:00 ] 127.0.0.1 /index.php/Mobile/Index/js/swiper.js
INFO: [ app_init ] --START--
INFO: Run Behavior\BuildLiteBehavior [ RunTime:0.000007s ]
INFO: [ app_init ] --END-- [ RunTime:0.000236s ]
INFO: [ app_begin ] --START--
INFO: Run Behavior\ReadHtmlCacheBehavior [ RunTime:0.000289s ]
INFO: [ app_begin ] --END-- [ RunTime:0.000318s ]
ERR: 非法操作:js

[ 2018-10-23T17:24:56+08:00 ] 127.0.0.1 /index.php/Mobile/Index/js/index.js
INFO: [ app_init ] --START--
INFO: Run Behavior\BuildLiteBehavior [ RunTime:0.000007s ]
INFO: [ app_init ] --END-- [ RunTime:0.000278s ]
INFO: [ app_begin ] --START--
INFO: Run Behavior\ReadHtmlCacheBehavior [ RunTime:0.000294s ]
INFO: [ app_begin ] --END-- [ RunTime:0.000322s ]
ERR: 非法操作:js

[ 2018-10-23T17:27:20+08:00 ] 127.0.0.1 /index.php/Mobile/Index/index
INFO: [ app_init ] --START--
INFO: Run Behavior\BuildLiteBehavior [ RunTime:0.000013s ]
INFO: [ app_init ] --END-- [ RunTime:0.000335s ]
INFO: [ app_begin ] --START--
INFO: Run Behavior\ReadHtmlCacheBehavior [ RunTime:0.000325s ]
INFO: [ app_begin ] --END-- [ RunTime:0.000355s ]
INFO: [ view_parse ] --START--
INFO: [ template_filter ] --START--
INFO: Run Behavior\ContentReplaceBehavior [ RunTime:0.000104s ]
INFO: [ template_filter ] --END-- [ RunTime:0.000138s ]
INFO: Run Behavior\ParseTemplateBehavior [ RunTime:0.009728s ]
INFO: [ view_parse ] --END-- [ RunTime:0.009762s ]
INFO: [ view_filter ] --START--
INFO: Run Behavior\WriteHtmlCacheBehavior [ RunTime:0.000229s ]
INFO: [ view_filter ] --END-- [ RunTime:0.000250s ]
INFO: [ app_end ] --START--
INFO: Run Behavior\ShowPageTraceBehavior [ RunTime:0.000603s ]
INFO: [ app_end ] --END-- [ RunTime:0.000697s ]

[ 2018-10-23T17:27:20+08:00 ] 127.0.0.1 /index.php/Mobile/Index/js/slider.js
INFO: [ app_init ] --START--
INFO: Run Behavior\BuildLiteBehavior [ RunTime:0.000015s ]
INFO: [ app_init ] --END-- [ RunTime:0.000484s ]
INFO: [ app_begin ] --START--
INFO: Run Behavior\ReadHtmlCacheBehavior [ RunTime:0.001301s ]
INFO: [ app_begin ] --END-- [ RunTime:0.001363s ]
ERR: 非法操作:js

[ 2018-10-23T17:27:20+08:00 ] 127.0.0.1 /index.php/Mobile/Index/js/msclass.js
INFO: [ app_init ] --START--
INFO: Run Behavior\BuildLiteBehavior [ RunTime:0.000009s ]
INFO: [ app_init ] --END-- [ RunTime:0.000417s ]
INFO: [ app_begin ] --START--
INFO: Run Behavior\ReadHtmlCacheBehavior [ RunTime:0.000527s ]
INFO: [ app_begin ] --END-- [ RunTime:0.000575s ]
ERR: 非法操作:js

[ 2018-10-23T17:27:20+08:00 ] 127.0.0.1 /index.php/Mobile/Index/js/swiper.js
INFO: [ app_init ] --START--
INFO: Run Behavior\BuildLiteBehavior [ RunTime:0.000009s ]
INFO: [ app_init ] --END-- [ RunTime:0.000325s ]
INFO: [ app_begin ] --START--
INFO: Run Behavior\ReadHtmlCacheBehavior [ RunTime:0.000574s ]
INFO: [ app_begin ] --END-- [ RunTime:0.000661s ]
ERR: 非法操作:js

[ 2018-10-23T17:27:20+08:00 ] 127.0.0.1 /index.php/Mobile/Index/js/honor.js
INFO: [ app_init ] --START--
INFO: Run Behavior\BuildLiteBehavior [ RunTime:0.000023s ]
INFO: [ app_init ] --END-- [ RunTime:0.000499s ]
INFO: [ app_begin ] --START--
INFO: Run Behavior\ReadHtmlCacheBehavior [ RunTime:0.000562s ]
INFO: [ app_begin ] --END-- [ RunTime:0.000625s ]
ERR: 非法操作:js

[ 2018-10-23T17:27:20+08:00 ] 127.0.0.1 /index.php/Mobile/Index/js/swiper.js
INFO: [ app_init ] --START--
INFO: Run Behavior\BuildLiteBehavior [ RunTime:0.000015s ]
INFO: [ app_init ] --END-- [ RunTime:0.000437s ]
INFO: [ app_begin ] --START--
INFO: Run Behavior\ReadHtmlCacheBehavior [ RunTime:0.000700s ]
INFO: [ app_begin ] --END-- [ RunTime:0.000852s ]
ERR: 非法操作:js

[ 2018-10-23T17:27:21+08:00 ] 127.0.0.1 /index.php/Mobile/Index/js/index.js
INFO: [ app_init ] --START--
INFO: Run Behavior\BuildLiteBehavior [ RunTime:0.000014s ]
INFO: [ app_init ] --END-- [ RunTime:0.000451s ]
INFO: [ app_begin ] --START--
INFO: Run Behavior\ReadHtmlCacheBehavior [ RunTime:0.000547s ]
INFO: [ app_begin ] --END-- [ RunTime:0.000601s ]
ERR: 非法操作:js

[ 2018-10-23T17:27:39+08:00 ] 127.0.0.1 /index.php/Mobile/Index/javascript;
INFO: [ app_init ] --START--
INFO: Run Behavior\BuildLiteBehavior [ RunTime:0.000008s ]
INFO: [ app_init ] --END-- [ RunTime:0.000246s ]
INFO: [ app_begin ] --START--
INFO: Run Behavior\ReadHtmlCacheBehavior [ RunTime:0.000346s ]
INFO: [ app_begin ] --END-- [ RunTime:0.000375s ]
ERR: 非法操作:javascript;

[ 2018-10-23T17:27:43+08:00 ] 127.0.0.1 /index.php/Mobile/Index/js/slider.js
INFO: [ app_init ] --START--
INFO: Run Behavior\BuildLiteBehavior [ RunTime:0.000038s ]
INFO: [ app_init ] --END-- [ RunTime:0.000644s ]
INFO: [ app_begin ] --START--
INFO: Run Behavior\ReadHtmlCacheBehavior [ RunTime:0.000491s ]
INFO: [ app_begin ] --END-- [ RunTime:0.000548s ]
ERR: 非法操作:js

[ 2018-10-23T17:27:43+08:00 ] 127.0.0.1 /index.php/Mobile/Index/js/honor.js
INFO: [ app_init ] --START--
INFO: Run Behavior\BuildLiteBehavior [ RunTime:0.000050s ]
INFO: [ app_init ] --END-- [ RunTime:0.001017s ]
INFO: [ app_begin ] --START--
INFO: Run Behavior\ReadHtmlCacheBehavior [ RunTime:0.000473s ]
INFO: [ app_begin ] --END-- [ RunTime:0.000543s ]
ERR: 非法操作:js

[ 2018-10-23T17:27:43+08:00 ] 127.0.0.1 /index.php/Mobile/Index/js/msclass.js
INFO: [ app_init ] --START--
INFO: Run Behavior\BuildLiteBehavior [ RunTime:0.000012s ]
INFO: [ app_init ] --END-- [ RunTime:0.000395s ]
INFO: [ app_begin ] --START--
INFO: Run Behavior\ReadHtmlCacheBehavior [ RunTime:0.000968s ]
INFO: [ app_begin ] --END-- [ RunTime:0.001094s ]
ERR: 非法操作:js

[ 2018-10-23T17:27:43+08:00 ] 127.0.0.1 /index.php/Mobile/Index/js/index.js
INFO: [ app_init ] --START--
INFO: Run Behavior\BuildLiteBehavior [ RunTime:0.000033s ]
INFO: [ app_init ] --END-- [ RunTime:0.001142s ]
INFO: [ app_begin ] --START--
INFO: Run Behavior\ReadHtmlCacheBehavior [ RunTime:0.000868s ]
INFO: [ app_begin ] --END-- [ RunTime:0.000998s ]
ERR: 非法操作:js

[ 2018-10-23T17:27:43+08:00 ] 127.0.0.1 /index.php/Mobile/Index/js/slider.js
INFO: [ app_init ] --START--
INFO: Run Behavior\BuildLiteBehavior [ RunTime:0.000010s ]
INFO: [ app_init ] --END-- [ RunTime:0.000283s ]
INFO: [ app_begin ] --START--
INFO: Run Behavior\ReadHtmlCacheBehavior [ RunTime:0.000342s ]
INFO: [ app_begin ] --END-- [ RunTime:0.000376s ]
ERR: 非法操作:js

[ 2018-10-23T17:27:43+08:00 ] 127.0.0.1 /index.php/Mobile/Index/js/msclass.js
INFO: [ app_init ] --START--
INFO: Run Behavior\BuildLiteBehavior [ RunTime:0.000017s ]
INFO: [ app_init ] --END-- [ RunTime:0.000336s ]
INFO: [ app_begin ] --START--
INFO: Run Behavior\ReadHtmlCacheBehavior [ RunTime:0.000365s ]
INFO: [ app_begin ] --END-- [ RunTime:0.000396s ]
ERR: 非法操作:js

[ 2018-10-23T17:27:43+08:00 ] 127.0.0.1 /index.php/Mobile/Index/js/honor.js
INFO: [ app_init ] --START--
INFO: Run Behavior\BuildLiteBehavior [ RunTime:0.000062s ]
INFO: [ app_init ] --END-- [ RunTime:0.000974s ]
INFO: [ app_begin ] --START--
INFO: Run Behavior\ReadHtmlCacheBehavior [ RunTime:0.001110s ]
INFO: [ app_begin ] --END-- [ RunTime:0.001191s ]
ERR: 非法操作:js

[ 2018-10-23T17:27:44+08:00 ] 127.0.0.1 /index.php/Mobile/Index/js/swiper.js
INFO: [ app_init ] --START--
INFO: Run Behavior\BuildLiteBehavior [ RunTime:0.000008s ]
INFO: [ app_init ] --END-- [ RunTime:0.000238s ]
INFO: [ app_begin ] --START--
INFO: Run Behavior\ReadHtmlCacheBehavior [ RunTime:0.000289s ]
INFO: [ app_begin ] --END-- [ RunTime:0.000317s ]
ERR: 非法操作:js

[ 2018-10-23T17:27:44+08:00 ] 127.0.0.1 /index.php/Mobile/Index/js/index.js
INFO: [ app_init ] --START--
INFO: Run Behavior\BuildLiteBehavior [ RunTime:0.000036s ]
INFO: [ app_init ] --END-- [ RunTime:0.000408s ]
INFO: [ app_begin ] --START--
INFO: Run Behavior\ReadHtmlCacheBehavior [ RunTime:0.000784s ]
INFO: [ app_begin ] --END-- [ RunTime:0.000835s ]
ERR: 非法操作:js

[ 2018-10-23T17:28:14+08:00 ] 127.0.0.1 /index.php/Mobile/Index/index
INFO: [ app_init ] --START--
INFO: Run Behavior\BuildLiteBehavior [ RunTime:0.000012s ]
INFO: [ app_init ] --END-- [ RunTime:0.000477s ]
INFO: [ app_begin ] --START--
INFO: Run Behavior\ReadHtmlCacheBehavior [ RunTime:0.000490s ]
INFO: [ app_begin ] --END-- [ RunTime:0.000538s ]
INFO: [ view_parse ] --START--
INFO: [ template_filter ] --START--
INFO: Run Behavior\ContentReplaceBehavior [ RunTime:0.000141s ]
INFO: [ template_filter ] --END-- [ RunTime:0.000236s ]
INFO: Run Behavior\ParseTemplateBehavior [ RunTime:0.009861s ]
INFO: [ view_parse ] --END-- [ RunTime:0.009940s ]
INFO: [ view_filter ] --START--
INFO: Run Behavior\WriteHtmlCacheBehavior [ RunTime:0.000714s ]
INFO: [ view_filter ] --END-- [ RunTime:0.000772s ]
INFO: [ app_end ] --START--
INFO: Run Behavior\ShowPageTraceBehavior [ RunTime:0.000672s ]
INFO: [ app_end ] --END-- [ RunTime:0.000719s ]

[ 2018-10-23T17:28:14+08:00 ] 127.0.0.1 /index.php/Mobile/Index/js/slider.js
INFO: [ app_init ] --START--
INFO: Run Behavior\BuildLiteBehavior [ RunTime:0.000027s ]
INFO: [ app_init ] --END-- [ RunTime:0.000601s ]
INFO: [ app_begin ] --START--
INFO: Run Behavior\ReadHtmlCacheBehavior [ RunTime:0.000540s ]
INFO: [ app_begin ] --END-- [ RunTime:0.000645s ]
ERR: 非法操作:js

[ 2018-10-23T17:28:14+08:00 ] 127.0.0.1 /index.php/Mobile/Index/js/msclass.js
INFO: [ app_init ] --START--
INFO: Run Behavior\BuildLiteBehavior [ RunTime:0.000009s ]
INFO: [ app_init ] --END-- [ RunTime:0.000262s ]
INFO: [ app_begin ] --START--
INFO: Run Behavior\ReadHtmlCacheBehavior [ RunTime:0.000325s ]
INFO: [ app_begin ] --END-- [ RunTime:0.000355s ]
ERR: 非法操作:js

[ 2018-10-23T17:28:14+08:00 ] 127.0.0.1 /index.php/Mobile/Index/js/swiper.js
INFO: [ app_init ] --START--
INFO: Run Behavior\BuildLiteBehavior [ RunTime:0.000008s ]
INFO: [ app_init ] --END-- [ RunTime:0.000250s ]
INFO: [ app_begin ] --START--
INFO: Run Behavior\ReadHtmlCacheBehavior [ RunTime:0.000324s ]
INFO: [ app_begin ] --END-- [ RunTime:0.000360s ]
ERR: 非法操作:js

[ 2018-10-23T17:28:14+08:00 ] 127.0.0.1 /index.php/Mobile/Index/js/index.js
INFO: [ app_init ] --START--
INFO: Run Behavior\BuildLiteBehavior [ RunTime:0.000016s ]
INFO: [ app_init ] --END-- [ RunTime:0.000466s ]
INFO: [ app_begin ] --START--
INFO: Run Behavior\ReadHtmlCacheBehavior [ RunTime:0.001068s ]
INFO: [ app_begin ] --END-- [ RunTime:0.001246s ]
ERR: 非法操作:js

[ 2018-10-23T17:28:14+08:00 ] 127.0.0.1 /index.php/Mobile/Index/js/honor.js
INFO: [ app_init ] --START--
INFO: Run Behavior\BuildLiteBehavior [ RunTime:0.000017s ]
INFO: [ app_init ] --END-- [ RunTime:0.000544s ]
INFO: [ app_begin ] --START--
INFO: Run Behavior\ReadHtmlCacheBehavior [ RunTime:0.000477s ]
INFO: [ app_begin ] --END-- [ RunTime:0.000531s ]
ERR: 非法操作:js

[ 2018-10-23T17:28:14+08:00 ] 127.0.0.1 /index.php/Mobile/Index/js/slider.js
INFO: [ app_init ] --START--
INFO: Run Behavior\BuildLiteBehavior [ RunTime:0.000014s ]
INFO: [ app_init ] --END-- [ RunTime:0.000564s ]
INFO: [ app_begin ] --START--
INFO: Run Behavior\ReadHtmlCacheBehavior [ RunTime:0.000578s ]
INFO: [ app_begin ] --END-- [ RunTime:0.000687s ]
ERR: 非法操作:js

[ 2018-10-23T17:28:14+08:00 ] 127.0.0.1 /index.php/Mobile/Index/js/msclass.js
INFO: [ app_init ] --START--
INFO: Run Behavior\BuildLiteBehavior [ RunTime:0.000008s ]
INFO: [ app_init ] --END-- [ RunTime:0.000256s ]
INFO: [ app_begin ] --START--
INFO: Run Behavior\ReadHtmlCacheBehavior [ RunTime:0.000302s ]
INFO: [ app_begin ] --END-- [ RunTime:0.000332s ]
ERR: 非法操作:js

[ 2018-10-23T17:28:14+08:00 ] 127.0.0.1 /index.php/Mobile/Index/js/honor.js
INFO: [ app_init ] --START--
INFO: Run Behavior\BuildLiteBehavior [ RunTime:0.000008s ]
INFO: [ app_init ] --END-- [ RunTime:0.000348s ]
INFO: [ app_begin ] --START--
INFO: Run Behavior\ReadHtmlCacheBehavior [ RunTime:0.000382s ]
INFO: [ app_begin ] --END-- [ RunTime:0.000428s ]
ERR: 非法操作:js

[ 2018-10-23T17:28:14+08:00 ] 127.0.0.1 /index.php/Mobile/Index/js/swiper.js
INFO: [ app_init ] --START--
INFO: Run Behavior\BuildLiteBehavior [ RunTime:0.000007s ]
INFO: [ app_init ] --END-- [ RunTime:0.000234s ]
INFO: [ app_begin ] --START--
INFO: Run Behavior\ReadHtmlCacheBehavior [ RunTime:0.000286s ]
INFO: [ app_begin ] --END-- [ RunTime:0.000315s ]
ERR: 非法操作:js

[ 2018-10-23T17:28:14+08:00 ] 127.0.0.1 /index.php/Mobile/Index/js/index.js
INFO: [ app_init ] --START--
INFO: Run Behavior\BuildLiteBehavior [ RunTime:0.000023s ]
INFO: [ app_init ] --END-- [ RunTime:0.000665s ]
INFO: [ app_begin ] --START--
INFO: Run Behavior\ReadHtmlCacheBehavior [ RunTime:0.000391s ]
INFO: [ app_begin ] --END-- [ RunTime:0.000433s ]
ERR: 非法操作:js

[ 2018-10-23T18:05:35+08:00 ] 127.0.0.1 /index.php/Mobile/Index/index
INFO: [ app_init ] --START--
INFO: Run Behavior\BuildLiteBehavior [ RunTime:0.000009s ]
INFO: [ app_init ] --END-- [ RunTime:0.000319s ]
INFO: [ app_begin ] --START--
INFO: Run Behavior\ReadHtmlCacheBehavior [ RunTime:0.000497s ]
INFO: [ app_begin ] --END-- [ RunTime:0.000542s ]
SQL: SHOW COLUMNS FROM `zs_company_introduce` [ RunTime:0.0135s ]
SQL: SELECT * FROM `zs_company_introduce` ORDER BY ci_sort desc LIMIT 1   [ RunTime:0.0016s ]
SQL: SHOW COLUMNS FROM `zs_nav` [ RunTime:0.0056s ]
SQL: SELECT * FROM `zs_nav` WHERE `nav_id` = 2 LIMIT 1   [ RunTime:0.0010s ]
SQL: SELECT * FROM `zs_nav` WHERE `fid` = 0  [ RunTime:0.0008s ]
SQL: SELECT * FROM `zs_nav` WHERE `fid` = 2  [ RunTime:0.0006s ]
SQL: SELECT * FROM `zs_nav` WHERE `fid` = 3  [ RunTime:0.0006s ]
SQL: SELECT * FROM `zs_nav` WHERE `fid` = 4  [ RunTime:0.0005s ]
SQL: SELECT * FROM `zs_nav` WHERE `fid` = 5  [ RunTime:0.0005s ]
SQL: SELECT * FROM `zs_nav` WHERE `fid` = 6  [ RunTime:0.0006s ]
SQL: SELECT * FROM `zs_nav` WHERE `fid` = 7  [ RunTime:0.0007s ]
SQL: SELECT * FROM `zs_nav` WHERE `fid` = 8  [ RunTime:0.0008s ]
SQL: SELECT * FROM `zs_nav` WHERE `fid` = 9  [ RunTime:0.0009s ]
SQL: SELECT * FROM `zs_nav` WHERE `fid` = 10  [ RunTime:0.0008s ]
SQL: SELECT * FROM `zs_nav` WHERE `fid` = 11  [ RunTime:0.0006s ]
SQL: SHOW COLUMNS FROM `zs_lunbo` [ RunTime:0.0058s ]
SQL: SELECT * FROM `zs_lunbo` WHERE `nav_id` = 0  [ RunTime:0.0018s ]
SQL: SHOW COLUMNS FROM `zs_primary_work_classify` [ RunTime:0.0061s ]
SQL: SELECT * FROM `zs_primary_work_classify` ORDER BY pwc_sort desc  [ RunTime:0.0015s ]
SQL: SELECT * FROM `zs_nav` WHERE `nav_id` = 18 LIMIT 1   [ RunTime:0.0008s ]
SQL: SELECT * FROM `zs_nav` WHERE `nav_id` = 19 LIMIT 1   [ RunTime:0.0011s ]
SQL: SELECT * FROM `zs_nav` WHERE `nav_id` = 20 LIMIT 1   [ RunTime:0.0010s ]
SQL: SELECT * FROM `zs_nav` WHERE `nav_id` = 21 LIMIT 1   [ RunTime:0.0007s ]
SQL: SHOW COLUMNS FROM `zs_primary_work` [ RunTime:0.0055s ]
SQL: SELECT * FROM `zs_primary_work` WHERE `pw_flag` = 1  [ RunTime:0.0015s ]
SQL: SELECT * FROM `zs_primary_work_classify` WHERE `pwc_id` = 1 LIMIT 1   [ RunTime:0.0011s ]
SQL: SELECT * FROM `zs_primary_work_classify` WHERE `pwc_id` = 2 LIMIT 1   [ RunTime:0.0008s ]
SQL: SELECT * FROM `zs_primary_work_classify` WHERE `pwc_id` = 3 LIMIT 1   [ RunTime:0.0007s ]
SQL: SELECT * FROM `zs_primary_work_classify` WHERE `pwc_id` = 1 LIMIT 1   [ RunTime:0.0006s ]
SQL: SELECT * FROM `zs_nav` WHERE `nav_id` = 18 LIMIT 1   [ RunTime:0.0006s ]
SQL: SELECT * FROM `zs_nav` WHERE `nav_id` = 19 LIMIT 1   [ RunTime:0.0008s ]
SQL: SELECT * FROM `zs_nav` WHERE `nav_id` = 20 LIMIT 1   [ RunTime:0.0013s ]
SQL: SELECT * FROM `zs_nav` WHERE `nav_id` = 18 LIMIT 1   [ RunTime:0.0011s ]
SQL: SHOW COLUMNS FROM `zs_proper_bussiness` [ RunTime:0.0057s ]
SQL: SELECT * FROM `zs_proper_bussiness` ORDER BY pb_sort desc  [ RunTime:0.0007s ]
SQL: SHOW COLUMNS FROM `zs_service_advantage` [ RunTime:0.0045s ]
SQL: SELECT * FROM `zs_service_advantage` ORDER BY sa_sort desc  [ RunTime:0.0013s ]
SQL: SHOW COLUMNS FROM `zs_cooperate_company` [ RunTime:0.0053s ]
SQL: SELECT * FROM `zs_cooperate_company` ORDER BY cc_sort desc  [ RunTime:0.0009s ]
SQL: SHOW COLUMNS FROM `zs_company_team` [ RunTime:0.0059s ]
SQL: SELECT * FROM `zs_company_team` ORDER BY ct_sort desc  [ RunTime:0.0010s ]
SQL: SHOW COLUMNS FROM `zs_certificate` [ RunTime:0.0052s ]
SQL: SELECT * FROM `zs_certificate` ORDER BY sort desc  [ RunTime:0.0012s ]
SQL: SHOW COLUMNS FROM `zs_friend_url` [ RunTime:0.0050s ]
SQL: SELECT * FROM `zs_friend_url` ORDER BY fu_sort desc  [ RunTime:0.0010s ]
SQL: SHOW COLUMNS FROM `zs_footer` [ RunTime:0.0090s ]
SQL: SELECT * FROM `zs_footer` ORDER BY fsort desc LIMIT 1   [ RunTime:0.0012s ]
SQL: SHOW COLUMNS FROM `zs_news_classify` [ RunTime:0.0050s ]
SQL: SELECT * FROM `zs_news_classify` ORDER BY nc_sort desc LIMIT 0,2   [ RunTime:0.0011s ]
SQL: SELECT * FROM `zs_nav` WHERE `nav_id` = 22 LIMIT 1   [ RunTime:0.0011s ]
SQL: SELECT * FROM `zs_nav` WHERE `nav_id` = 8 LIMIT 1   [ RunTime:0.0007s ]
SQL: SHOW COLUMNS FROM `zs_news_article` [ RunTime:0.0060s ]
SQL: SELECT * FROM `zs_news_article` WHERE `nc_id` = 1 ORDER BY na_sort desc  [ RunTime:0.0015s ]
SQL: SELECT * FROM `zs_news_article` WHERE `nc_id` = 2 ORDER BY na_sort desc  [ RunTime:0.0009s ]
SQL: SHOW COLUMNS FROM `zs_policy_classify` [ RunTime:0.0053s ]
SQL: SELECT * FROM `zs_policy_classify` WHERE `pc_name` = '常见问题' LIMIT 1   [ RunTime:0.0012s ]
SQL: SHOW COLUMNS FROM `zs_policy_article` [ RunTime:0.0067s ]
SQL: SELECT * FROM `zs_policy_article` WHERE `pc_id` = 2 ORDER BY pa_sort desc  [ RunTime:0.0013s ]
SQL: SHOW COLUMNS FROM `zs_background_image` [ RunTime:0.0056s ]
SQL: SELECT * FROM `zs_background_image` WHERE `bi_flag` = 0 ORDER BY bi_sort desc  [ RunTime:0.0011s ]
INFO: [ view_parse ] --START--
INFO: [ template_filter ] --START--
INFO: Run Behavior\ContentReplaceBehavior [ RunTime:0.000281s ]
INFO: [ template_filter ] --END-- [ RunTime:0.000325s ]
INFO: Run Behavior\ParseTemplateBehavior [ RunTime:0.026235s ]
INFO: [ view_parse ] --END-- [ RunTime:0.026275s ]
INFO: [ view_filter ] --START--
INFO: Run Behavior\WriteHtmlCacheBehavior [ RunTime:0.000228s ]
INFO: [ view_filter ] --END-- [ RunTime:0.000251s ]
INFO: [ app_end ] --START--
INFO: Run Behavior\ShowPageTraceBehavior [ RunTime:0.000614s ]
INFO: [ app_end ] --END-- [ RunTime:0.000653s ]

[ 2018-10-23T18:05:35+08:00 ] 127.0.0.1 /index.php/Mobile/Index/js/slider.js
INFO: [ app_init ] --START--
INFO: Run Behavior\BuildLiteBehavior [ RunTime:0.000014s ]
INFO: [ app_init ] --END-- [ RunTime:0.000503s ]
INFO: [ app_begin ] --START--
INFO: Run Behavior\ReadHtmlCacheBehavior [ RunTime:0.000882s ]
INFO: [ app_begin ] --END-- [ RunTime:0.000943s ]
ERR: 非法操作:js

[ 2018-10-23T18:05:35+08:00 ] 127.0.0.1 /index.php/Mobile/Index/js/msclass.js
INFO: [ app_init ] --START--
INFO: Run Behavior\BuildLiteBehavior [ RunTime:0.000014s ]
INFO: [ app_init ] --END-- [ RunTime:0.000559s ]
INFO: [ app_begin ] --START--
INFO: Run Behavior\ReadHtmlCacheBehavior [ RunTime:0.000637s ]
INFO: [ app_begin ] --END-- [ RunTime:0.000696s ]
ERR: 非法操作:js

[ 2018-10-23T18:05:35+08:00 ] 127.0.0.1 /index.php/Mobile/Index/js/slider.js
INFO: [ app_init ] --START--
INFO: Run Behavior\BuildLiteBehavior [ RunTime:0.000026s ]
INFO: [ app_init ] --END-- [ RunTime:0.000590s ]
INFO: [ app_begin ] --START--
INFO: Run Behavior\ReadHtmlCacheBehavior [ RunTime:0.000507s ]
INFO: [ app_begin ] --END-- [ RunTime:0.000551s ]
ERR: 非法操作:js

[ 2018-10-23T18:05:35+08:00 ] 127.0.0.1 /index.php/Mobile/Index/js/msclass.js
INFO: [ app_init ] --START--
INFO: Run Behavior\BuildLiteBehavior [ RunTime:0.000011s ]
INFO: [ app_init ] --END-- [ RunTime:0.000478s ]
INFO: [ app_begin ] --START--
INFO: Run Behavior\ReadHtmlCacheBehavior [ RunTime:0.000561s ]
INFO: [ app_begin ] --END-- [ RunTime:0.000614s ]
ERR: 非法操作:js

[ 2018-10-23T18:05:36+08:00 ] 127.0.0.1 /index.php/Mobile/Index/js/swiper.js
INFO: [ app_init ] --START--
INFO: Run Behavior\BuildLiteBehavior [ RunTime:0.000013s ]
INFO: [ app_init ] --END-- [ RunTime:0.000394s ]
INFO: [ app_begin ] --START--
INFO: Run Behavior\ReadHtmlCacheBehavior [ RunTime:0.000562s ]
INFO: [ app_begin ] --END-- [ RunTime:0.000613s ]
ERR: 非法操作:js

[ 2018-10-23T18:05:36+08:00 ] 127.0.0.1 /index.php/Mobile/Index/js/index.js
INFO: [ app_init ] --START--
INFO: Run Behavior\BuildLiteBehavior [ RunTime:0.000008s ]
INFO: [ app_init ] --END-- [ RunTime:0.000429s ]
INFO: [ app_begin ] --START--
INFO: Run Behavior\ReadHtmlCacheBehavior [ RunTime:0.000339s ]
INFO: [ app_begin ] --END-- [ RunTime:0.000368s ]
ERR: 非法操作:js

[ 2018-10-23T18:05:36+08:00 ] 127.0.0.1 /index.php/Mobile/Index/js/honor.js
INFO: [ app_init ] --START--
INFO: Run Behavior\BuildLiteBehavior [ RunTime:0.000008s ]
INFO: [ app_init ] --END-- [ RunTime:0.000396s ]
INFO: [ app_begin ] --START--
INFO: Run Behavior\ReadHtmlCacheBehavior [ RunTime:0.000762s ]
INFO: [ app_begin ] --END-- [ RunTime:0.000878s ]
ERR: 非法操作:js

[ 2018-10-23T18:05:36+08:00 ] 127.0.0.1 /index.php/Mobile/Index/js/swiper.js
INFO: [ app_init ] --START--
INFO: Run Behavior\BuildLiteBehavior [ RunTime:0.000018s ]
INFO: [ app_init ] --END-- [ RunTime:0.000438s ]
INFO: [ app_begin ] --START--
INFO: Run Behavior\ReadHtmlCacheBehavior [ RunTime:0.000696s ]
INFO: [ app_begin ] --END-- [ RunTime:0.000767s ]
ERR: 非法操作:js

[ 2018-10-23T18:05:36+08:00 ] 127.0.0.1 /index.php/Mobile/Index/js/index.js
INFO: [ app_init ] --START--
INFO: Run Behavior\BuildLiteBehavior [ RunTime:0.000009s ]
INFO: [ app_init ] --END-- [ RunTime:0.000256s ]
INFO: [ app_begin ] --START--
INFO: Run Behavior\ReadHtmlCacheBehavior [ RunTime:0.000306s ]
INFO: [ app_begin ] --END-- [ RunTime:0.000336s ]
ERR: 非法操作:js

[ 2018-10-23T18:06:05+08:00 ] 127.0.0.1 /index.php/Mobile/Index/index
INFO: [ app_init ] --START--
INFO: Run Behavior\BuildLiteBehavior [ RunTime:0.000037s ]
INFO: [ app_init ] --END-- [ RunTime:0.001155s ]
INFO: [ app_begin ] --START--
INFO: Run Behavior\ReadHtmlCacheBehavior [ RunTime:0.000647s ]
INFO: [ app_begin ] --END-- [ RunTime:0.000699s ]
SQL: SHOW COLUMNS FROM `zs_company_introduce` [ RunTime:0.0124s ]
SQL: SELECT * FROM `zs_company_introduce` ORDER BY ci_sort desc LIMIT 1   [ RunTime:0.0016s ]
SQL: SHOW COLUMNS FROM `zs_nav` [ RunTime:0.0061s ]
SQL: SELECT * FROM `zs_nav` WHERE `nav_id` = 2 LIMIT 1   [ RunTime:0.0016s ]
SQL: SELECT * FROM `zs_nav` WHERE `fid` = 0  [ RunTime:0.0012s ]
SQL: SELECT * FROM `zs_nav` WHERE `fid` = 2  [ RunTime:0.0015s ]
SQL: SELECT * FROM `zs_nav` WHERE `fid` = 3  [ RunTime:0.0010s ]
SQL: SELECT * FROM `zs_nav` WHERE `fid` = 4  [ RunTime:0.0006s ]
SQL: SELECT * FROM `zs_nav` WHERE `fid` = 5  [ RunTime:0.0005s ]
SQL: SELECT * FROM `zs_nav` WHERE `fid` = 6  [ RunTime:0.0006s ]
SQL: SELECT * FROM `zs_nav` WHERE `fid` = 7  [ RunTime:0.0006s ]
SQL: SELECT * FROM `zs_nav` WHERE `fid` = 8  [ RunTime:0.0006s ]
SQL: SELECT * FROM `zs_nav` WHERE `fid` = 9  [ RunTime:0.0005s ]
SQL: SELECT * FROM `zs_nav` WHERE `fid` = 10  [ RunTime:0.0005s ]
SQL: SELECT * FROM `zs_nav` WHERE `fid` = 11  [ RunTime:0.0005s ]
SQL: SHOW COLUMNS FROM `zs_lunbo` [ RunTime:0.0064s ]
SQL: SELECT * FROM `zs_lunbo` WHERE `nav_id` = 0  [ RunTime:0.0017s ]
SQL: SHOW COLUMNS FROM `zs_primary_work_classify` [ RunTime:0.0059s ]
SQL: SELECT * FROM `zs_primary_work_classify` ORDER BY pwc_sort desc  [ RunTime:0.0014s ]
SQL: SELECT * FROM `zs_nav` WHERE `nav_id` = 18 LIMIT 1   [ RunTime:0.0009s ]
SQL: SELECT * FROM `zs_nav` WHERE `nav_id` = 19 LIMIT 1   [ RunTime:0.0006s ]
SQL: SELECT * FROM `zs_nav` WHERE `nav_id` = 20 LIMIT 1   [ RunTime:0.0008s ]
SQL: SELECT * FROM `zs_nav` WHERE `nav_id` = 21 LIMIT 1   [ RunTime:0.0013s ]
SQL: SHOW COLUMNS FROM `zs_primary_work` [ RunTime:0.0047s ]
SQL: SELECT * FROM `zs_primary_work` WHERE `pw_flag` = 1  [ RunTime:0.0012s ]
SQL: SELECT * FROM `zs_primary_work_classify` WHERE `pwc_id` = 1 LIMIT 1   [ RunTime:0.0007s ]
SQL: SELECT * FROM `zs_primary_work_classify` WHERE `pwc_id` = 2 LIMIT 1   [ RunTime:0.0006s ]
SQL: SELECT * FROM `zs_primary_work_classify` WHERE `pwc_id` = 3 LIMIT 1   [ RunTime:0.0007s ]
SQL: SELECT * FROM `zs_primary_work_classify` WHERE `pwc_id` = 1 LIMIT 1   [ RunTime:0.0005s ]
SQL: SELECT * FROM `zs_nav` WHERE `nav_id` = 18 LIMIT 1   [ RunTime:0.0005s ]
SQL: SELECT * FROM `zs_nav` WHERE `nav_id` = 19 LIMIT 1   [ RunTime:0.0005s ]
SQL: SELECT * FROM `zs_nav` WHERE `nav_id` = 20 LIMIT 1   [ RunTime:0.0005s ]
SQL: SELECT * FROM `zs_nav` WHERE `nav_id` = 18 LIMIT 1   [ RunTime:0.0006s ]
SQL: SHOW COLUMNS FROM `zs_proper_bussiness` [ RunTime:0.0047s ]
SQL: SELECT * FROM `zs_proper_bussiness` ORDER BY pb_sort desc  [ RunTime:0.0011s ]
SQL: SHOW COLUMNS FROM `zs_service_advantage` [ RunTime:0.0052s ]
SQL: SELECT * FROM `zs_service_advantage` ORDER BY sa_sort desc  [ RunTime:0.0011s ]
SQL: SHOW COLUMNS FROM `zs_cooperate_company` [ RunTime:0.0049s ]
SQL: SELECT * FROM `zs_cooperate_company` ORDER BY cc_sort desc  [ RunTime:0.0016s ]
SQL: SHOW COLUMNS FROM `zs_company_team` [ RunTime:0.0061s ]
SQL: SELECT * FROM `zs_company_team` ORDER BY ct_sort desc  [ RunTime:0.0007s ]
SQL: SHOW COLUMNS FROM `zs_certificate` [ RunTime:0.0042s ]
SQL: SELECT * FROM `zs_certificate` ORDER BY sort desc  [ RunTime:0.0014s ]
SQL: SHOW COLUMNS FROM `zs_friend_url` [ RunTime:0.0065s ]
SQL: SELECT * FROM `zs_friend_url` ORDER BY fu_sort desc  [ RunTime:0.0012s ]
SQL: SHOW COLUMNS FROM `zs_footer` [ RunTime:0.0051s ]
SQL: SELECT * FROM `zs_footer` ORDER BY fsort desc LIMIT 1   [ RunTime:0.0011s ]
SQL: SHOW COLUMNS FROM `zs_news_classify` [ RunTime:0.0049s ]
SQL: SELECT * FROM `zs_news_classify` ORDER BY nc_sort desc LIMIT 0,2   [ RunTime:0.0013s ]
SQL: SELECT * FROM `zs_nav` WHERE `nav_id` = 22 LIMIT 1   [ RunTime:0.0012s ]
SQL: SELECT * FROM `zs_nav` WHERE `nav_id` = 8 LIMIT 1   [ RunTime:0.0012s ]
SQL: SHOW COLUMNS FROM `zs_news_article` [ RunTime:0.0046s ]
SQL: SELECT * FROM `zs_news_article` WHERE `nc_id` = 1 ORDER BY na_sort desc  [ RunTime:0.0015s ]
SQL: SELECT * FROM `zs_news_article` WHERE `nc_id` = 2 ORDER BY na_sort desc  [ RunTime:0.0011s ]
SQL: SHOW COLUMNS FROM `zs_policy_classify` [ RunTime:0.0058s ]
SQL: SELECT * FROM `zs_policy_classify` WHERE `pc_name` = '常见问题' LIMIT 1   [ RunTime:0.0013s ]
SQL: SHOW COLUMNS FROM `zs_policy_article` [ RunTime:0.0049s ]
SQL: SELECT * FROM `zs_policy_article` WHERE `pc_id` = 2 ORDER BY pa_sort desc  [ RunTime:0.0012s ]
SQL: SHOW COLUMNS FROM `zs_background_image` [ RunTime:0.0053s ]
SQL: SELECT * FROM `zs_background_image` WHERE `bi_flag` = 0 ORDER BY bi_sort desc  [ RunTime:0.0014s ]
INFO: [ view_parse ] --START--
INFO: [ template_filter ] --START--
INFO: Run Behavior\ContentReplaceBehavior [ RunTime:0.000280s ]
INFO: [ template_filter ] --END-- [ RunTime:0.000331s ]
INFO: Run Behavior\ParseTemplateBehavior [ RunTime:0.029225s ]
INFO: [ view_parse ] --END-- [ RunTime:0.029267s ]
INFO: [ view_filter ] --START--
INFO: Run Behavior\WriteHtmlCacheBehavior [ RunTime:0.000219s ]
INFO: [ view_filter ] --END-- [ RunTime:0.000241s ]
INFO: [ app_end ] --START--
INFO: Run Behavior\ShowPageTraceBehavior [ RunTime:0.000629s ]
INFO: [ app_end ] --END-- [ RunTime:0.000689s ]

[ 2018-10-23T18:06:05+08:00 ] 127.0.0.1 /index.php/Mobile/Index/js/slider.js
INFO: [ app_init ] --START--
INFO: Run Behavior\BuildLiteBehavior [ RunTime:0.000035s ]
INFO: [ app_init ] --END-- [ RunTime:0.000455s ]
INFO: [ app_begin ] --START--
INFO: Run Behavior\ReadHtmlCacheBehavior [ RunTime:0.000562s ]
INFO: [ app_begin ] --END-- [ RunTime:0.000617s ]
ERR: 非法操作:js

[ 2018-10-23T18:06:05+08:00 ] 127.0.0.1 /index.php/Mobile/Index/js/msclass.js
INFO: [ app_init ] --START--
INFO: Run Behavior\BuildLiteBehavior [ RunTime:0.000009s ]
INFO: [ app_init ] --END-- [ RunTime:0.000257s ]
INFO: [ app_begin ] --START--
INFO: Run Behavior\ReadHtmlCacheBehavior [ RunTime:0.000378s ]
INFO: [ app_begin ] --END-- [ RunTime:0.000421s ]
ERR: 非法操作:js

[ 2018-10-23T18:06:05+08:00 ] 127.0.0.1 /index.php/Mobile/Index/js/honor.js
INFO: [ app_init ] --START--
INFO: Run Behavior\BuildLiteBehavior [ RunTime:0.000013s ]
INFO: [ app_init ] --END-- [ RunTime:0.000373s ]
INFO: [ app_begin ] --START--
INFO: Run Behavior\ReadHtmlCacheBehavior [ RunTime:0.000485s ]
INFO: [ app_begin ] --END-- [ RunTime:0.000543s ]
ERR: 非法操作:js

[ 2018-10-23T18:06:05+08:00 ] 127.0.0.1 /index.php/Mobile/Index/js/swiper.js
INFO: [ app_init ] --START--
INFO: Run Behavior\BuildLiteBehavior [ RunTime:0.000012s ]
INFO: [ app_init ] --END-- [ RunTime:0.000392s ]
INFO: [ app_begin ] --START--
INFO: Run Behavior\ReadHtmlCacheBehavior [ RunTime:0.000536s ]
INFO: [ app_begin ] --END-- [ RunTime:0.000591s ]
ERR: 非法操作:js

[ 2018-10-23T18:06:06+08:00 ] 127.0.0.1 /index.php/Mobile/Index/js/slider.js
INFO: [ app_init ] --START--
INFO: Run Behavior\BuildLiteBehavior [ RunTime:0.000009s ]
INFO: [ app_init ] --END-- [ RunTime:0.000634s ]
INFO: [ app_begin ] --START--
INFO: Run Behavior\ReadHtmlCacheBehavior [ RunTime:0.000378s ]
INFO: [ app_begin ] --END-- [ RunTime:0.000408s ]
ERR: 非法操作:js

[ 2018-10-23T18:06:06+08:00 ] 127.0.0.1 /index.php/Mobile/Index/js/msclass.js
INFO: [ app_init ] --START--
INFO: Run Behavior\BuildLiteBehavior [ RunTime:0.000007s ]
INFO: [ app_init ] --END-- [ RunTime:0.000339s ]
INFO: [ app_begin ] --START--
INFO: Run Behavior\ReadHtmlCacheBehavior [ RunTime:0.000289s ]
INFO: [ app_begin ] --END-- [ RunTime:0.000318s ]
ERR: 非法操作:js

[ 2018-10-23T18:06:06+08:00 ] 127.0.0.1 /index.php/Mobile/Index/js/honor.js
INFO: [ app_init ] --START--
INFO: Run Behavior\BuildLiteBehavior [ RunTime:0.000010s ]
INFO: [ app_init ] --END-- [ RunTime:0.000302s ]
INFO: [ app_begin ] --START--
INFO: Run Behavior\ReadHtmlCacheBehavior [ RunTime:0.000899s ]
INFO: [ app_begin ] --END-- [ RunTime:0.000982s ]
ERR: 非法操作:js

[ 2018-10-23T18:06:06+08:00 ] 127.0.0.1 /index.php/Mobile/Index/js/swiper.js
INFO: [ app_init ] --START--
INFO: Run Behavior\BuildLiteBehavior [ RunTime:0.000007s ]
INFO: [ app_init ] --END-- [ RunTime:0.000315s ]
INFO: [ app_begin ] --START--
INFO: Run Behavior\ReadHtmlCacheBehavior [ RunTime:0.000285s ]
INFO: [ app_begin ] --END-- [ RunTime:0.000313s ]
ERR: 非法操作:js

[ 2018-10-23T18:06:06+08:00 ] 127.0.0.1 /index.php/Mobile/Index/js/index.js
INFO: [ app_init ] --START--
INFO: Run Behavior\BuildLiteBehavior [ RunTime:0.000012s ]
INFO: [ app_init ] --END-- [ RunTime:0.000277s ]
INFO: [ app_begin ] --START--
INFO: Run Behavior\ReadHtmlCacheBehavior [ RunTime:0.000320s ]
INFO: [ app_begin ] --END-- [ RunTime:0.000351s ]
ERR: 非法操作:js

