[ 2018-11-23T09:13:07+08:00 ] 127.0.0.1 /index.php/Home/Index/index
INFO: [ app_init ] --START--
INFO: Run Behavior\BuildLiteBehavior [ RunTime:0.000010s ]
INFO: [ app_init ] --END-- [ RunTime:0.000559s ]
INFO: [ app_begin ] --START--
INFO: Run Behavior\ReadHtmlCacheBehavior [ RunTime:0.000465s ]
INFO: [ app_begin ] --END-- [ RunTime:0.000495s ]
SQL: SHOW COLUMNS FROM `zn_nav` [ RunTime:0.0499s ]
SQL: SELECT * FROM `zn_nav` ORDER BY nav_sort desc  [ RunTime:0.0123s ]
SQL: SHOW COLUMNS FROM `zn_lunbo` [ RunTime:0.0389s ]
SQL: SELECT * FROM `zn_lunbo` WHERE `nav_id` = 1 ORDER BY lb_sort desc  [ RunTime:0.0012s ]
SQL: SHOW COLUMNS FROM `zn_footer` [ RunTime:0.0473s ]
SQL: SELECT * FROM `zn_footer` LIMIT 1   [ RunTime:0.0019s ]
SQL: SHOW COLUMNS FROM `zn_company_introduce` [ RunTime:0.0339s ]
SQL: SELECT * FROM `zn_company_introduce` LIMIT 1   [ RunTime:0.0076s ]
SQL: SHOW COLUMNS FROM `zn_all_classify` [ RunTime:0.0484s ]
SQL: SELECT * FROM `zn_all_classify` WHERE `ac_flag` = 1  [ RunTime:0.0013s ]
SQL: SHOW COLUMNS FROM `zn_little_classify` [ RunTime:0.0326s ]
SQL: SHOW COLUMNS FROM `zn_classify_article` [ RunTime:0.0330s ]
SQL: SELECT * FROM `zn_little_classify` WHERE `ac_id` = 5  [ RunTime:0.0015s ]
SQL: SELECT * FROM `zn_classify_article` WHERE `lc_id` = 8  [ RunTime:0.0018s ]
SQL: SELECT * FROM `zn_classify_article` WHERE `lc_id` = 9  [ RunTime:0.0013s ]
SQL: SHOW COLUMNS FROM `zn_scene` [ RunTime:0.0449s ]
SQL: SELECT * FROM `zn_scene` ORDER BY sort desc  [ RunTime:0.0012s ]
SQL: SHOW COLUMNS FROM `zn_case` [ RunTime:0.0255s ]
SQL: SELECT * FROM `zn_case` ORDER BY sort desc LIMIT 0,5   [ RunTime:0.0020s ]
SQL: SHOW COLUMNS FROM `zn_home_decorate_title` [ RunTime:0.0352s ]
SQL: SELECT * FROM `zn_home_decorate_title` ORDER BY hdt_sort desc LIMIT 0,6   [ RunTime:0.0018s ]
SQL: SELECT * FROM `zn_all_classify` WHERE `nav_id` = 1 LIMIT 1   [ RunTime:0.0013s ]
SQL: SELECT * FROM `zn_little_classify` WHERE `ac_id` = 7 LIMIT 0,3   [ RunTime:0.0008s ]
SQL: SELECT * FROM `zn_classify_article` WHERE `lc_id` = 16 LIMIT 0,3   [ RunTime:0.0007s ]
SQL: SELECT * FROM `zn_classify_article` WHERE `lc_id` = 17 LIMIT 0,3   [ RunTime:0.0006s ]
SQL: SELECT * FROM `zn_classify_article` WHERE `lc_id` = 18 LIMIT 0,3   [ RunTime:0.0006s ]
SQL: SHOW COLUMNS FROM `zn_all_head` [ RunTime:0.0252s ]
SQL: SELECT * FROM `zn_all_head` WHERE `nav_id` = 1 LIMIT 1   [ RunTime:0.0107s ]
INFO: [ view_parse ] --START--
INFO: [ template_filter ] --START--
INFO: Run Behavior\ContentReplaceBehavior [ RunTime:0.000112s ]
INFO: [ template_filter ] --END-- [ RunTime:0.000138s ]
NOTIC: [8] Undefined index: nav_url E:\sunzemin\zhinengjiaju\Application\Runtime\Cache\Home\2a94b8bda04ff446dcedd42276fc99ee.php 第 64 行.
NOTIC: [8] Undefined offset: 1 E:\sunzemin\zhinengjiaju\Application\Runtime\Cache\Home\2a94b8bda04ff446dcedd42276fc99ee.php 第 256 行.
NOTIC: [8] Undefined offset: 1 E:\sunzemin\zhinengjiaju\Application\Runtime\Cache\Home\2a94b8bda04ff446dcedd42276fc99ee.php 第 259 行.
INFO: Run Behavior\ParseTemplateBehavior [ RunTime:0.118624s ]
INFO: [ view_parse ] --END-- [ RunTime:0.118689s ]
INFO: [ view_filter ] --START--
INFO: Run Behavior\WriteHtmlCacheBehavior [ RunTime:0.000331s ]
INFO: [ view_filter ] --END-- [ RunTime:0.000348s ]
INFO: [ app_end ] --START--
INFO: Run Behavior\ShowPageTraceBehavior [ RunTime:0.000691s ]
INFO: [ app_end ] --END-- [ RunTime:0.000765s ]

[ 2018-11-23T13:16:34+08:00 ] 127.0.0.1 /index.php/Home/Index/lianxiwomen/nav_id/9
INFO: [ app_init ] --START--
INFO: Run Behavior\BuildLiteBehavior [ RunTime:0.000026s ]
INFO: [ app_init ] --END-- [ RunTime:0.001181s ]
INFO: [ app_begin ] --START--
INFO: Run Behavior\ReadHtmlCacheBehavior [ RunTime:0.000522s ]
INFO: [ app_begin ] --END-- [ RunTime:0.000568s ]
SQL: SHOW COLUMNS FROM `zn_nav` [ RunTime:0.0129s ]
SQL: SELECT * FROM `zn_nav` WHERE `nav_id` = 9 LIMIT 1   [ RunTime:0.0109s ]
SQL: SELECT * FROM `zn_nav` ORDER BY nav_sort desc  [ RunTime:0.0012s ]
SQL: SHOW COLUMNS FROM `zn_lunbo` [ RunTime:0.0056s ]
SQL: SELECT * FROM `zn_lunbo` WHERE `nav_id` = 9 ORDER BY lb_sort desc  [ RunTime:0.0012s ]
SQL: SHOW COLUMNS FROM `zn_footer` [ RunTime:0.0071s ]
SQL: SELECT * FROM `zn_footer` LIMIT 1   [ RunTime:0.0012s ]
SQL: SHOW COLUMNS FROM `zn_company_introduce` [ RunTime:0.0061s ]
SQL: SELECT * FROM `zn_company_introduce` LIMIT 1   [ RunTime:0.0008s ]
SQL: SHOW COLUMNS FROM `zn_background_image` [ RunTime:0.0295s ]
SQL: SELECT * FROM `zn_background_image` WHERE `nav_id` = 9 ORDER BY bi_sort desc  [ RunTime:0.0119s ]
INFO: [ view_parse ] --START--
INFO: [ template_filter ] --START--
INFO: Run Behavior\ContentReplaceBehavior [ RunTime:0.000053s ]
INFO: [ template_filter ] --END-- [ RunTime:0.000095s ]
INFO: Run Behavior\ParseTemplateBehavior [ RunTime:0.005622s ]
INFO: [ view_parse ] --END-- [ RunTime:0.005668s ]
INFO: [ view_filter ] --START--
INFO: Run Behavior\WriteHtmlCacheBehavior [ RunTime:0.000205s ]
INFO: [ view_filter ] --END-- [ RunTime:0.000226s ]
INFO: [ app_end ] --START--
INFO: Run Behavior\ShowPageTraceBehavior [ RunTime:0.000350s ]
INFO: [ app_end ] --END-- [ RunTime:0.000384s ]

[ 2018-11-23T13:30:07+08:00 ] 127.0.0.1 /index.php/Home/Index/zuixinzixun/nav_id/8
INFO: [ app_init ] --START--
INFO: Run Behavior\BuildLiteBehavior [ RunTime:0.000013s ]
INFO: [ app_init ] --END-- [ RunTime:0.000496s ]
INFO: [ app_begin ] --START--
INFO: Run Behavior\ReadHtmlCacheBehavior [ RunTime:0.001637s ]
INFO: [ app_begin ] --END-- [ RunTime:0.001784s ]
SQL: SHOW COLUMNS FROM `zn_nav` [ RunTime:0.0124s ]
SQL: SELECT * FROM `zn_nav` WHERE `nav_id` = 8 LIMIT 1   [ RunTime:0.0017s ]
SQL: SELECT * FROM `zn_nav` ORDER BY nav_sort desc  [ RunTime:0.0014s ]
SQL: SHOW COLUMNS FROM `zn_lunbo` [ RunTime:0.0057s ]
SQL: SELECT * FROM `zn_lunbo` WHERE `nav_id` = 8 ORDER BY lb_sort desc  [ RunTime:0.0020s ]
SQL: SHOW COLUMNS FROM `zn_footer` [ RunTime:0.0093s ]
SQL: SELECT * FROM `zn_footer` LIMIT 1   [ RunTime:0.0013s ]
SQL: SHOW COLUMNS FROM `zn_company_introduce` [ RunTime:0.0057s ]
SQL: SELECT * FROM `zn_company_introduce` LIMIT 1   [ RunTime:0.0013s ]
SQL: SHOW COLUMNS FROM `zn_background_image` [ RunTime:0.0067s ]
SQL: SELECT * FROM `zn_background_image` WHERE `nav_id` = 8 ORDER BY bi_sort desc  [ RunTime:0.0011s ]
INFO: [ view_parse ] --START--
INFO: [ template_filter ] --START--
INFO: Run Behavior\ContentReplaceBehavior [ RunTime:0.000048s ]
INFO: [ template_filter ] --END-- [ RunTime:0.000074s ]
INFO: Run Behavior\ParseTemplateBehavior [ RunTime:0.005067s ]
INFO: [ view_parse ] --END-- [ RunTime:0.005126s ]
INFO: [ view_filter ] --START--
INFO: Run Behavior\WriteHtmlCacheBehavior [ RunTime:0.000350s ]
INFO: [ view_filter ] --END-- [ RunTime:0.000386s ]
INFO: [ app_end ] --START--
INFO: Run Behavior\ShowPageTraceBehavior [ RunTime:0.000648s ]
INFO: [ app_end ] --END-- [ RunTime:0.000673s ]

[ 2018-11-23T16:16:39+08:00 ] 127.0.0.1 /index.php/Home/Index/chanpinzhongxin/nav_id/3
INFO: [ app_init ] --START--
INFO: Run Behavior\BuildLiteBehavior [ RunTime:0.000017s ]
INFO: [ app_init ] --END-- [ RunTime:0.000473s ]
INFO: [ app_begin ] --START--
INFO: Run Behavior\ReadHtmlCacheBehavior [ RunTime:0.000525s ]
INFO: [ app_begin ] --END-- [ RunTime:0.000607s ]
SQL: SHOW COLUMNS FROM `zn_nav` [ RunTime:0.0075s ]
SQL: SELECT * FROM `zn_nav` WHERE `nav_id` = 3 LIMIT 1   [ RunTime:0.0011s ]
SQL: SELECT * FROM `zn_nav` ORDER BY nav_sort desc  [ RunTime:0.0014s ]
SQL: SHOW COLUMNS FROM `zn_lunbo` [ RunTime:0.0063s ]
SQL: SELECT * FROM `zn_lunbo` WHERE `nav_id` = 3 ORDER BY lb_sort desc  [ RunTime:0.0009s ]
SQL: SHOW COLUMNS FROM `zn_footer` [ RunTime:0.0053s ]
SQL: SELECT * FROM `zn_footer` LIMIT 1   [ RunTime:0.0010s ]
SQL: SHOW COLUMNS FROM `zn_company_introduce` [ RunTime:0.0063s ]
SQL: SELECT * FROM `zn_company_introduce` LIMIT 1   [ RunTime:0.0016s ]
SQL: SHOW COLUMNS FROM `zn_background_image` [ RunTime:0.0206s ]
SQL: SELECT * FROM `zn_background_image` WHERE `nav_id` = 3 ORDER BY bi_sort desc  [ RunTime:0.0122s ]
SQL: SHOW COLUMNS FROM `zn_product_classify` [ RunTime:0.0051s ]
SQL: SELECT * FROM `zn_product_classify` ORDER BY pc_sort desc  [ RunTime:0.0008s ]
INFO: [ view_parse ] --START--
INFO: [ template_filter ] --START--
INFO: Run Behavior\ContentReplaceBehavior [ RunTime:0.000070s ]
INFO: [ template_filter ] --END-- [ RunTime:0.000113s ]
INFO: Run Behavior\ParseTemplateBehavior [ RunTime:0.037533s ]
INFO: [ view_parse ] --END-- [ RunTime:0.037600s ]
INFO: [ view_filter ] --START--
INFO: Run Behavior\WriteHtmlCacheBehavior [ RunTime:0.000230s ]
INFO: [ view_filter ] --END-- [ RunTime:0.000251s ]
INFO: [ app_end ] --START--
INFO: Run Behavior\ShowPageTraceBehavior [ RunTime:0.000573s ]
INFO: [ app_end ] --END-- [ RunTime:0.000647s ]

[ 2018-11-23T16:19:51+08:00 ] 127.0.0.1 /index.php/Home/Index/jiamengzhongxin/nav_id/10
INFO: [ app_init ] --START--
INFO: Run Behavior\BuildLiteBehavior [ RunTime:0.000064s ]
INFO: [ app_init ] --END-- [ RunTime:0.001444s ]
INFO: [ app_begin ] --START--
INFO: Run Behavior\ReadHtmlCacheBehavior [ RunTime:0.000427s ]
INFO: [ app_begin ] --END-- [ RunTime:0.000485s ]
SQL: SHOW COLUMNS FROM `zn_nav` [ RunTime:0.0136s ]
SQL: SELECT * FROM `zn_nav` WHERE `nav_id` = 10 LIMIT 1   [ RunTime:0.0008s ]
SQL: SELECT * FROM `zn_nav` ORDER BY nav_sort desc  [ RunTime:0.0015s ]
SQL: SHOW COLUMNS FROM `zn_lunbo` [ RunTime:0.0062s ]
SQL: SELECT * FROM `zn_lunbo` WHERE `nav_id` = 10 ORDER BY lb_sort desc  [ RunTime:0.0010s ]
SQL: SHOW COLUMNS FROM `zn_footer` [ RunTime:0.0065s ]
SQL: SELECT * FROM `zn_footer` LIMIT 1   [ RunTime:0.0013s ]
SQL: SHOW COLUMNS FROM `zn_company_introduce` [ RunTime:0.0050s ]
SQL: SELECT * FROM `zn_company_introduce` LIMIT 1   [ RunTime:0.0009s ]
SQL: SHOW COLUMNS FROM `zn_background_image` [ RunTime:0.0054s ]
SQL: SELECT * FROM `zn_background_image` WHERE `nav_id` = 10 ORDER BY bi_sort desc  [ RunTime:0.0008s ]
SQL: SHOW COLUMNS FROM `zn_all_classify` [ RunTime:0.0052s ]
SQL: SELECT * FROM `zn_all_classify` WHERE `nav_id` = 10 LIMIT 1   [ RunTime:0.0011s ]
SQL: SHOW COLUMNS FROM `zn_little_classify` [ RunTime:0.0059s ]
SQL: SELECT * FROM `zn_little_classify` WHERE `ac_id` = 8  [ RunTime:0.0008s ]
SQL: SHOW COLUMNS FROM `zn_classify_article` [ RunTime:0.0049s ]
SQL: SELECT * FROM `zn_classify_article` WHERE `lc_id` = 19  [ RunTime:0.0011s ]
SQL: SELECT * FROM `zn_classify_article` WHERE `lc_id` = 20  [ RunTime:0.0012s ]
SQL: SELECT * FROM `zn_classify_article` WHERE `lc_id` = 21  [ RunTime:0.0018s ]
INFO: [ view_parse ] --START--
INFO: [ template_filter ] --START--
INFO: Run Behavior\ContentReplaceBehavior [ RunTime:0.000063s ]
INFO: [ template_filter ] --END-- [ RunTime:0.000119s ]
INFO: Run Behavior\ParseTemplateBehavior [ RunTime:0.038926s ]
INFO: [ view_parse ] --END-- [ RunTime:0.038998s ]
INFO: [ view_filter ] --START--
INFO: Run Behavior\WriteHtmlCacheBehavior [ RunTime:0.000384s ]
INFO: [ view_filter ] --END-- [ RunTime:0.000426s ]
INFO: [ app_end ] --START--
INFO: Run Behavior\ShowPageTraceBehavior [ RunTime:0.000530s ]
INFO: [ app_end ] --END-- [ RunTime:0.000573s ]

[ 2018-11-23T16:21:02+08:00 ] 127.0.0.1 /index.php/Home/Index/jiamengzhongxin/nav_id/10
INFO: [ app_init ] --START--
INFO: Run Behavior\BuildLiteBehavior [ RunTime:0.000020s ]
INFO: [ app_init ] --END-- [ RunTime:0.000573s ]
INFO: [ app_begin ] --START--
INFO: Run Behavior\ReadHtmlCacheBehavior [ RunTime:0.001006s ]
INFO: [ app_begin ] --END-- [ RunTime:0.001118s ]
SQL: SHOW COLUMNS FROM `zn_nav` [ RunTime:0.0145s ]
SQL: SELECT * FROM `zn_nav` WHERE `nav_id` = 10 LIMIT 1   [ RunTime:0.0008s ]
SQL: SELECT * FROM `zn_nav` ORDER BY nav_sort desc  [ RunTime:0.0023s ]
SQL: SHOW COLUMNS FROM `zn_lunbo` [ RunTime:0.0054s ]
SQL: SELECT * FROM `zn_lunbo` WHERE `nav_id` = 10 ORDER BY lb_sort desc  [ RunTime:0.0009s ]
SQL: SHOW COLUMNS FROM `zn_footer` [ RunTime:0.0068s ]
SQL: SELECT * FROM `zn_footer` LIMIT 1   [ RunTime:0.0021s ]
SQL: SHOW COLUMNS FROM `zn_company_introduce` [ RunTime:0.0054s ]
SQL: SELECT * FROM `zn_company_introduce` LIMIT 1   [ RunTime:0.0008s ]
SQL: SHOW COLUMNS FROM `zn_background_image` [ RunTime:0.0053s ]
SQL: SELECT * FROM `zn_background_image` WHERE `nav_id` = 10 ORDER BY bi_sort desc  [ RunTime:0.0011s ]
SQL: SHOW COLUMNS FROM `zn_all_classify` [ RunTime:0.0056s ]
SQL: SELECT * FROM `zn_all_classify` WHERE `nav_id` = 10 LIMIT 1   [ RunTime:0.0009s ]
SQL: SHOW COLUMNS FROM `zn_little_classify` [ RunTime:0.0055s ]
SQL: SELECT * FROM `zn_little_classify` WHERE `ac_id` = 8  [ RunTime:0.0008s ]
SQL: SHOW COLUMNS FROM `zn_classify_article` [ RunTime:0.0058s ]
SQL: SELECT * FROM `zn_classify_article` WHERE `lc_id` = 19  [ RunTime:0.0009s ]
SQL: SELECT * FROM `zn_classify_article` WHERE `lc_id` = 20  [ RunTime:0.0009s ]
SQL: SELECT * FROM `zn_classify_article` WHERE `lc_id` = 21  [ RunTime:0.0008s ]
INFO: [ view_parse ] --START--
INFO: [ template_filter ] --START--
INFO: Run Behavior\ContentReplaceBehavior [ RunTime:0.000059s ]
INFO: [ template_filter ] --END-- [ RunTime:0.000102s ]
INFO: Run Behavior\ParseTemplateBehavior [ RunTime:0.007844s ]
INFO: [ view_parse ] --END-- [ RunTime:0.007894s ]
INFO: [ view_filter ] --START--
INFO: Run Behavior\WriteHtmlCacheBehavior [ RunTime:0.000278s ]
INFO: [ view_filter ] --END-- [ RunTime:0.000315s ]
INFO: [ app_end ] --START--
INFO: Run Behavior\ShowPageTraceBehavior [ RunTime:0.000544s ]
INFO: [ app_end ] --END-- [ RunTime:0.000584s ]

[ 2018-11-23T17:17:33+08:00 ] 127.0.0.1 /index.php/Home/Index/lianxiwomen/nav_id/9
INFO: [ app_init ] --START--
INFO: Run Behavior\BuildLiteBehavior [ RunTime:0.000009s ]
INFO: [ app_init ] --END-- [ RunTime:0.000273s ]
INFO: [ app_begin ] --START--
INFO: Run Behavior\ReadHtmlCacheBehavior [ RunTime:0.000579s ]
INFO: [ app_begin ] --END-- [ RunTime:0.000636s ]
SQL: SHOW COLUMNS FROM `zn_nav` [ RunTime:0.0054s ]
SQL: SELECT * FROM `zn_nav` WHERE `nav_id` = 9 LIMIT 1   [ RunTime:0.0011s ]
SQL: SELECT * FROM `zn_nav` ORDER BY nav_sort desc  [ RunTime:0.0016s ]
SQL: SHOW COLUMNS FROM `zn_lunbo` [ RunTime:0.0059s ]
SQL: SELECT * FROM `zn_lunbo` WHERE `nav_id` = 9 ORDER BY lb_sort desc  [ RunTime:0.0012s ]
SQL: SHOW COLUMNS FROM `zn_footer` [ RunTime:0.0053s ]
SQL: SELECT * FROM `zn_footer` LIMIT 1   [ RunTime:0.0015s ]
SQL: SHOW COLUMNS FROM `zn_company_introduce` [ RunTime:0.0070s ]
SQL: SELECT * FROM `zn_company_introduce` LIMIT 1   [ RunTime:0.0008s ]
SQL: SHOW COLUMNS FROM `zn_background_image` [ RunTime:0.0057s ]
SQL: SELECT * FROM `zn_background_image` WHERE `nav_id` = 9 ORDER BY bi_sort desc  [ RunTime:0.0009s ]
INFO: [ view_parse ] --START--
INFO: [ template_filter ] --START--
INFO: Run Behavior\ContentReplaceBehavior [ RunTime:0.000046s ]
INFO: [ template_filter ] --END-- [ RunTime:0.000112s ]
INFO: Run Behavior\ParseTemplateBehavior [ RunTime:0.005431s ]
INFO: [ view_parse ] --END-- [ RunTime:0.005495s ]
INFO: [ view_filter ] --START--
INFO: Run Behavior\WriteHtmlCacheBehavior [ RunTime:0.000335s ]
INFO: [ view_filter ] --END-- [ RunTime:0.000365s ]
INFO: [ app_end ] --START--
INFO: Run Behavior\ShowPageTraceBehavior [ RunTime:0.000509s ]
INFO: [ app_end ] --END-- [ RunTime:0.000545s ]

[ 2018-11-23T17:17:37+08:00 ] 127.0.0.1 /index.php/Home/Index/zuixinzixun/nav_id/8
INFO: [ app_init ] --START--
INFO: Run Behavior\BuildLiteBehavior [ RunTime:0.000007s ]
INFO: [ app_init ] --END-- [ RunTime:0.000255s ]
INFO: [ app_begin ] --START--
INFO: Run Behavior\ReadHtmlCacheBehavior [ RunTime:0.000310s ]
INFO: [ app_begin ] --END-- [ RunTime:0.000335s ]
SQL: SHOW COLUMNS FROM `zn_nav` [ RunTime:0.0068s ]
SQL: SELECT * FROM `zn_nav` WHERE `nav_id` = 8 LIMIT 1   [ RunTime:0.0009s ]
SQL: SELECT * FROM `zn_nav` ORDER BY nav_sort desc  [ RunTime:0.0032s ]
SQL: SHOW COLUMNS FROM `zn_lunbo` [ RunTime:0.0057s ]
SQL: SELECT * FROM `zn_lunbo` WHERE `nav_id` = 8 ORDER BY lb_sort desc  [ RunTime:0.0008s ]
SQL: SHOW COLUMNS FROM `zn_footer` [ RunTime:0.0048s ]
SQL: SELECT * FROM `zn_footer` LIMIT 1   [ RunTime:0.0010s ]
SQL: SHOW COLUMNS FROM `zn_company_introduce` [ RunTime:0.0056s ]
SQL: SELECT * FROM `zn_company_introduce` LIMIT 1   [ RunTime:0.0008s ]
SQL: SHOW COLUMNS FROM `zn_background_image` [ RunTime:0.0045s ]
SQL: SELECT * FROM `zn_background_image` WHERE `nav_id` = 8 ORDER BY bi_sort desc  [ RunTime:0.0007s ]
INFO: [ view_parse ] --START--
INFO: [ template_filter ] --START--
INFO: Run Behavior\ContentReplaceBehavior [ RunTime:0.000050s ]
INFO: [ template_filter ] --END-- [ RunTime:0.000082s ]
INFO: Run Behavior\ParseTemplateBehavior [ RunTime:0.029551s ]
INFO: [ view_parse ] --END-- [ RunTime:0.029609s ]
INFO: [ view_filter ] --START--
INFO: Run Behavior\WriteHtmlCacheBehavior [ RunTime:0.000317s ]
INFO: [ view_filter ] --END-- [ RunTime:0.000383s ]
INFO: [ app_end ] --START--
INFO: Run Behavior\ShowPageTraceBehavior [ RunTime:0.000566s ]
INFO: [ app_end ] --END-- [ RunTime:0.000651s ]

[ 2018-11-23T17:17:42+08:00 ] 127.0.0.1 /index.php/Home/Index/anlizhanshi/nav_id/7
INFO: [ app_init ] --START--
INFO: Run Behavior\BuildLiteBehavior [ RunTime:0.000018s ]
INFO: [ app_init ] --END-- [ RunTime:0.000550s ]
INFO: [ app_begin ] --START--
INFO: Run Behavior\ReadHtmlCacheBehavior [ RunTime:0.000605s ]
INFO: [ app_begin ] --END-- [ RunTime:0.000668s ]
SQL: SHOW COLUMNS FROM `zn_nav` [ RunTime:0.0146s ]
SQL: SELECT * FROM `zn_nav` WHERE `nav_id` = 7 LIMIT 1   [ RunTime:0.0020s ]
SQL: SELECT * FROM `zn_nav` ORDER BY nav_sort desc  [ RunTime:0.0011s ]
SQL: SHOW COLUMNS FROM `zn_lunbo` [ RunTime:0.0056s ]
SQL: SELECT * FROM `zn_lunbo` WHERE `nav_id` = 7 ORDER BY lb_sort desc  [ RunTime:0.0010s ]
SQL: SHOW COLUMNS FROM `zn_footer` [ RunTime:0.0069s ]
SQL: SELECT * FROM `zn_footer` LIMIT 1   [ RunTime:0.0009s ]
SQL: SHOW COLUMNS FROM `zn_company_introduce` [ RunTime:0.0047s ]
SQL: SELECT * FROM `zn_company_introduce` LIMIT 1   [ RunTime:0.0008s ]
SQL: SHOW COLUMNS FROM `zn_background_image` [ RunTime:0.0060s ]
SQL: SELECT * FROM `zn_background_image` WHERE `nav_id` = 7 ORDER BY bi_sort desc  [ RunTime:0.0008s ]
INFO: [ view_parse ] --START--
INFO: [ template_filter ] --START--
INFO: Run Behavior\ContentReplaceBehavior [ RunTime:0.000042s ]
INFO: [ template_filter ] --END-- [ RunTime:0.000071s ]
INFO: Run Behavior\ParseTemplateBehavior [ RunTime:0.048336s ]
INFO: [ view_parse ] --END-- [ RunTime:0.048398s ]
INFO: [ view_filter ] --START--
INFO: Run Behavior\WriteHtmlCacheBehavior [ RunTime:0.000265s ]
INFO: [ view_filter ] --END-- [ RunTime:0.000318s ]
INFO: [ app_end ] --START--
INFO: Run Behavior\ShowPageTraceBehavior [ RunTime:0.000493s ]
INFO: [ app_end ] --END-- [ RunTime:0.000537s ]

[ 2018-11-23T17:17:56+08:00 ] 127.0.0.1 /index.php/Home/Index/changjingtiyanzhongxin/nav_id/6
INFO: [ app_init ] --START--
INFO: Run Behavior\BuildLiteBehavior [ RunTime:0.000007s ]
INFO: [ app_init ] --END-- [ RunTime:0.000309s ]
INFO: [ app_begin ] --START--
INFO: Run Behavior\ReadHtmlCacheBehavior [ RunTime:0.000324s ]
INFO: [ app_begin ] --END-- [ RunTime:0.000368s ]
SQL: SHOW COLUMNS FROM `zn_nav` [ RunTime:0.0130s ]
SQL: SELECT * FROM `zn_nav` WHERE `nav_id` = 6 LIMIT 1   [ RunTime:0.0011s ]
SQL: SELECT * FROM `zn_nav` ORDER BY nav_sort desc  [ RunTime:0.0013s ]
SQL: SHOW COLUMNS FROM `zn_lunbo` [ RunTime:0.0053s ]
SQL: SELECT * FROM `zn_lunbo` WHERE `nav_id` = 6 ORDER BY lb_sort desc  [ RunTime:0.0011s ]
SQL: SHOW COLUMNS FROM `zn_footer` [ RunTime:0.0072s ]
SQL: SELECT * FROM `zn_footer` LIMIT 1   [ RunTime:0.0015s ]
SQL: SHOW COLUMNS FROM `zn_company_introduce` [ RunTime:0.0052s ]
SQL: SELECT * FROM `zn_company_introduce` LIMIT 1   [ RunTime:0.0014s ]
SQL: SHOW COLUMNS FROM `zn_background_image` [ RunTime:0.0052s ]
SQL: SELECT * FROM `zn_background_image` WHERE `nav_id` = 6 ORDER BY bi_sort desc  [ RunTime:0.0011s ]
SQL: SHOW COLUMNS FROM `zn_all_classify` [ RunTime:0.0054s ]
SQL: SELECT * FROM `zn_all_classify` WHERE `nav_id` = 6 LIMIT 1   [ RunTime:0.0011s ]
SQL: SHOW COLUMNS FROM `zn_all_head` [ RunTime:0.0063s ]
SQL: SELECT * FROM `zn_all_head` WHERE `nav_id` = 6 LIMIT 1   [ RunTime:0.0016s ]
INFO: [ view_parse ] --START--
INFO: [ template_filter ] --START--
INFO: Run Behavior\ContentReplaceBehavior [ RunTime:0.000050s ]
INFO: [ template_filter ] --END-- [ RunTime:0.000090s ]
INFO: Run Behavior\ParseTemplateBehavior [ RunTime:0.034311s ]
INFO: [ view_parse ] --END-- [ RunTime:0.034360s ]
INFO: [ view_filter ] --START--
INFO: Run Behavior\WriteHtmlCacheBehavior [ RunTime:0.000236s ]
INFO: [ view_filter ] --END-- [ RunTime:0.000257s ]
INFO: [ app_end ] --START--
INFO: Run Behavior\ShowPageTraceBehavior [ RunTime:0.000463s ]
INFO: [ app_end ] --END-- [ RunTime:0.000493s ]

[ 2018-11-23T17:18:02+08:00 ] 127.0.0.1 /index.php/Home/Index/quanwuzhineng/nav_id/5
INFO: [ app_init ] --START--
INFO: Run Behavior\BuildLiteBehavior [ RunTime:0.000023s ]
INFO: [ app_init ] --END-- [ RunTime:0.000511s ]
INFO: [ app_begin ] --START--
INFO: Run Behavior\ReadHtmlCacheBehavior [ RunTime:0.000634s ]
INFO: [ app_begin ] --END-- [ RunTime:0.000696s ]
SQL: SHOW COLUMNS FROM `zn_nav` [ RunTime:0.0130s ]
SQL: SELECT * FROM `zn_nav` WHERE `nav_id` = 5 LIMIT 1   [ RunTime:0.0018s ]
SQL: SELECT * FROM `zn_nav` ORDER BY nav_sort desc  [ RunTime:0.0012s ]
SQL: SHOW COLUMNS FROM `zn_lunbo` [ RunTime:0.0075s ]
SQL: SELECT * FROM `zn_lunbo` WHERE `nav_id` = 5 ORDER BY lb_sort desc  [ RunTime:0.0009s ]
SQL: SHOW COLUMNS FROM `zn_footer` [ RunTime:0.0059s ]
SQL: SELECT * FROM `zn_footer` LIMIT 1   [ RunTime:0.0010s ]
SQL: SHOW COLUMNS FROM `zn_company_introduce` [ RunTime:0.0068s ]
SQL: SELECT * FROM `zn_company_introduce` LIMIT 1   [ RunTime:0.0009s ]
SQL: SHOW COLUMNS FROM `zn_background_image` [ RunTime:0.0055s ]
SQL: SELECT * FROM `zn_background_image` WHERE `nav_id` = 5 ORDER BY bi_sort desc  [ RunTime:0.0009s ]
SQL: SHOW COLUMNS FROM `zn_all_classify` [ RunTime:0.0061s ]
SQL: SELECT * FROM `zn_all_classify` WHERE `nav_id` = 5 LIMIT 1   [ RunTime:0.0010s ]
SQL: SHOW COLUMNS FROM `zn_little_classify` [ RunTime:0.0055s ]
SQL: SELECT * FROM `zn_little_classify` WHERE `ac_id` = 6  [ RunTime:0.0009s ]
SQL: SHOW COLUMNS FROM `zn_classify_article` [ RunTime:0.0056s ]
SQL: SELECT * FROM `zn_classify_article` WHERE `lc_id` = 12 LIMIT 1   [ RunTime:0.0009s ]
SQL: SELECT * FROM `zn_classify_article` WHERE `lc_id` = 13 LIMIT 1   [ RunTime:0.0008s ]
SQL: SELECT * FROM `zn_classify_article` WHERE `lc_id` = 14 LIMIT 1   [ RunTime:0.0010s ]
SQL: SELECT * FROM `zn_classify_article` WHERE `lc_id` = 15 LIMIT 1   [ RunTime:0.0011s ]
SQL: SHOW COLUMNS FROM `zn_all_head` [ RunTime:0.0062s ]
SQL: SELECT * FROM `zn_all_head` WHERE `nav_id` = 5 LIMIT 1   [ RunTime:0.0009s ]
INFO: [ view_parse ] --START--
INFO: [ template_filter ] --START--
INFO: Run Behavior\ContentReplaceBehavior [ RunTime:0.000055s ]
INFO: [ template_filter ] --END-- [ RunTime:0.000096s ]
INFO: Run Behavior\ParseTemplateBehavior [ RunTime:0.087261s ]
INFO: [ view_parse ] --END-- [ RunTime:0.087371s ]
INFO: [ view_filter ] --START--
INFO: Run Behavior\WriteHtmlCacheBehavior [ RunTime:0.000393s ]
INFO: [ view_filter ] --END-- [ RunTime:0.000438s ]
INFO: [ app_end ] --START--
INFO: Run Behavior\ShowPageTraceBehavior [ RunTime:0.000538s ]
INFO: [ app_end ] --END-- [ RunTime:0.000575s ]

[ 2018-11-23T17:18:22+08:00 ] 127.0.0.1 /index.php/Home/Index/quanwujichengzhengzhuang/nav_id/4
INFO: [ app_init ] --START--
INFO: Run Behavior\BuildLiteBehavior [ RunTime:0.000039s ]
INFO: [ app_init ] --END-- [ RunTime:0.000724s ]
INFO: [ app_begin ] --START--
INFO: Run Behavior\ReadHtmlCacheBehavior [ RunTime:0.001827s ]
INFO: [ app_begin ] --END-- [ RunTime:0.001958s ]
SQL: SHOW COLUMNS FROM `zn_nav` [ RunTime:0.0152s ]
SQL: SELECT * FROM `zn_nav` WHERE `nav_id` = 4 LIMIT 1   [ RunTime:0.0011s ]
SQL: SELECT * FROM `zn_nav` ORDER BY nav_sort desc  [ RunTime:0.0015s ]
SQL: SHOW COLUMNS FROM `zn_lunbo` [ RunTime:0.0057s ]
SQL: SELECT * FROM `zn_lunbo` WHERE `nav_id` = 4 ORDER BY lb_sort desc  [ RunTime:0.0012s ]
SQL: SHOW COLUMNS FROM `zn_footer` [ RunTime:0.0056s ]
SQL: SELECT * FROM `zn_footer` LIMIT 1   [ RunTime:0.0009s ]
SQL: SHOW COLUMNS FROM `zn_company_introduce` [ RunTime:0.0054s ]
SQL: SELECT * FROM `zn_company_introduce` LIMIT 1   [ RunTime:0.0010s ]
SQL: SHOW COLUMNS FROM `zn_background_image` [ RunTime:0.0059s ]
SQL: SELECT * FROM `zn_background_image` WHERE `nav_id` = 4 ORDER BY bi_sort desc  [ RunTime:0.0013s ]
INFO: [ view_parse ] --START--
INFO: [ template_filter ] --START--
INFO: Run Behavior\ContentReplaceBehavior [ RunTime:0.000055s ]
INFO: [ template_filter ] --END-- [ RunTime:0.000082s ]
INFO: Run Behavior\ParseTemplateBehavior [ RunTime:0.004912s ]
INFO: [ view_parse ] --END-- [ RunTime:0.004944s ]
INFO: [ view_filter ] --START--
INFO: Run Behavior\WriteHtmlCacheBehavior [ RunTime:0.000241s ]
INFO: [ view_filter ] --END-- [ RunTime:0.000264s ]
INFO: [ app_end ] --START--
INFO: Run Behavior\ShowPageTraceBehavior [ RunTime:0.000404s ]
INFO: [ app_end ] --END-- [ RunTime:0.000433s ]

[ 2018-11-23T17:19:36+08:00 ] 127.0.0.1 /index.php/Home/Index/index
INFO: [ app_init ] --START--
INFO: Run Behavior\BuildLiteBehavior [ RunTime:0.000007s ]
INFO: [ app_init ] --END-- [ RunTime:0.000294s ]
INFO: [ app_begin ] --START--
INFO: Run Behavior\ReadHtmlCacheBehavior [ RunTime:0.000349s ]
INFO: [ app_begin ] --END-- [ RunTime:0.000377s ]
SQL: SHOW COLUMNS FROM `zn_nav` [ RunTime:0.0124s ]
SQL: SELECT * FROM `zn_nav` ORDER BY nav_sort desc  [ RunTime:0.0016s ]
SQL: SHOW COLUMNS FROM `zn_lunbo` [ RunTime:0.0086s ]
SQL: SELECT * FROM `zn_lunbo` WHERE `nav_id` = 1 ORDER BY lb_sort desc  [ RunTime:0.0018s ]
SQL: SHOW COLUMNS FROM `zn_footer` [ RunTime:0.0075s ]
SQL: SELECT * FROM `zn_footer` LIMIT 1   [ RunTime:0.0015s ]
SQL: SHOW COLUMNS FROM `zn_company_introduce` [ RunTime:0.0065s ]
SQL: SELECT * FROM `zn_company_introduce` LIMIT 1   [ RunTime:0.0015s ]
SQL: SHOW COLUMNS FROM `zn_all_classify` [ RunTime:0.0058s ]
SQL: SELECT * FROM `zn_all_classify` WHERE `ac_flag` = 1  [ RunTime:0.0013s ]
SQL: SHOW COLUMNS FROM `zn_little_classify` [ RunTime:0.0061s ]
SQL: SHOW COLUMNS FROM `zn_classify_article` [ RunTime:0.0050s ]
SQL: SELECT * FROM `zn_little_classify` WHERE `ac_id` = 5  [ RunTime:0.0008s ]
SQL: SELECT * FROM `zn_classify_article` WHERE `lc_id` = 8  [ RunTime:0.0008s ]
SQL: SELECT * FROM `zn_classify_article` WHERE `lc_id` = 9  [ RunTime:0.0007s ]
SQL: SHOW COLUMNS FROM `zn_scene` [ RunTime:0.0053s ]
SQL: SELECT * FROM `zn_scene` ORDER BY sort desc  [ RunTime:0.0012s ]
SQL: SHOW COLUMNS FROM `zn_case` [ RunTime:0.0051s ]
SQL: SELECT * FROM `zn_case` ORDER BY sort desc LIMIT 0,5   [ RunTime:0.0016s ]
SQL: SHOW COLUMNS FROM `zn_home_decorate_title` [ RunTime:0.0075s ]
SQL: SELECT * FROM `zn_home_decorate_title` ORDER BY hdt_sort desc LIMIT 0,6   [ RunTime:0.0012s ]
SQL: SELECT * FROM `zn_all_classify` WHERE `nav_id` = 1 LIMIT 1   [ RunTime:0.0012s ]
SQL: SELECT * FROM `zn_little_classify` WHERE `ac_id` = 7 LIMIT 0,3   [ RunTime:0.0011s ]
SQL: SELECT * FROM `zn_classify_article` WHERE `lc_id` = 16 LIMIT 0,3   [ RunTime:0.0007s ]
SQL: SELECT * FROM `zn_classify_article` WHERE `lc_id` = 17 LIMIT 0,3   [ RunTime:0.0007s ]
SQL: SELECT * FROM `zn_classify_article` WHERE `lc_id` = 18 LIMIT 0,3   [ RunTime:0.0007s ]
SQL: SHOW COLUMNS FROM `zn_all_head` [ RunTime:0.0048s ]
SQL: SELECT * FROM `zn_all_head` WHERE `nav_id` = 1 LIMIT 1   [ RunTime:0.0010s ]
INFO: [ view_parse ] --START--
INFO: [ template_filter ] --START--
INFO: Run Behavior\ContentReplaceBehavior [ RunTime:0.000107s ]
INFO: [ template_filter ] --END-- [ RunTime:0.000144s ]
NOTIC: [8] Undefined index: nav_url E:\sunzemin\zhinengjiaju\Application\Runtime\Cache\Home\2a94b8bda04ff446dcedd42276fc99ee.php 第 64 行.
NOTIC: [8] Undefined offset: 1 E:\sunzemin\zhinengjiaju\Application\Runtime\Cache\Home\2a94b8bda04ff446dcedd42276fc99ee.php 第 256 行.
NOTIC: [8] Undefined offset: 1 E:\sunzemin\zhinengjiaju\Application\Runtime\Cache\Home\2a94b8bda04ff446dcedd42276fc99ee.php 第 259 行.
INFO: Run Behavior\ParseTemplateBehavior [ RunTime:0.044484s ]
INFO: [ view_parse ] --END-- [ RunTime:0.044510s ]
INFO: [ view_filter ] --START--
INFO: Run Behavior\WriteHtmlCacheBehavior [ RunTime:0.000231s ]
INFO: [ view_filter ] --END-- [ RunTime:0.000249s ]
INFO: [ app_end ] --START--
INFO: Run Behavior\ShowPageTraceBehavior [ RunTime:0.000548s ]
INFO: [ app_end ] --END-- [ RunTime:0.000583s ]

[ 2018-11-23T17:19:38+08:00 ] 127.0.0.1 /index.php/Home/Index/quanwujichengzhengzhuang/nav_id/4
INFO: [ app_init ] --START--
INFO: Run Behavior\BuildLiteBehavior [ RunTime:0.000009s ]
INFO: [ app_init ] --END-- [ RunTime:0.000357s ]
INFO: [ app_begin ] --START--
INFO: Run Behavior\ReadHtmlCacheBehavior [ RunTime:0.000346s ]
INFO: [ app_begin ] --END-- [ RunTime:0.000373s ]
SQL: SHOW COLUMNS FROM `zn_nav` [ RunTime:0.0148s ]
SQL: SELECT * FROM `zn_nav` WHERE `nav_id` = 4 LIMIT 1   [ RunTime:0.0015s ]
SQL: SELECT * FROM `zn_nav` ORDER BY nav_sort desc  [ RunTime:0.0017s ]
SQL: SHOW COLUMNS FROM `zn_lunbo` [ RunTime:0.0087s ]
SQL: SELECT * FROM `zn_lunbo` WHERE `nav_id` = 4 ORDER BY lb_sort desc  [ RunTime:0.0009s ]
SQL: SHOW COLUMNS FROM `zn_footer` [ RunTime:0.0114s ]
SQL: SELECT * FROM `zn_footer` LIMIT 1   [ RunTime:0.0011s ]
SQL: SHOW COLUMNS FROM `zn_company_introduce` [ RunTime:0.0072s ]
SQL: SELECT * FROM `zn_company_introduce` LIMIT 1   [ RunTime:0.0014s ]
SQL: SHOW COLUMNS FROM `zn_background_image` [ RunTime:0.0065s ]
SQL: SELECT * FROM `zn_background_image` WHERE `nav_id` = 4 ORDER BY bi_sort desc  [ RunTime:0.0016s ]
INFO: [ view_parse ] --START--
INFO: [ template_filter ] --START--
INFO: Run Behavior\ContentReplaceBehavior [ RunTime:0.000089s ]
INFO: [ template_filter ] --END-- [ RunTime:0.000216s ]
INFO: Run Behavior\ParseTemplateBehavior [ RunTime:0.008763s ]
INFO: [ view_parse ] --END-- [ RunTime:0.008875s ]
INFO: [ view_filter ] --START--
INFO: Run Behavior\WriteHtmlCacheBehavior [ RunTime:0.004155s ]
INFO: [ view_filter ] --END-- [ RunTime:0.004222s ]
INFO: [ app_end ] --START--
INFO: Run Behavior\ShowPageTraceBehavior [ RunTime:0.000828s ]
INFO: [ app_end ] --END-- [ RunTime:0.000883s ]

[ 2018-11-23T17:19:38+08:00 ] 127.0.0.1 /index.php/Home/Public/selAllData
INFO: [ app_init ] --START--
INFO: Run Behavior\BuildLiteBehavior [ RunTime:0.000057s ]
INFO: [ app_init ] --END-- [ RunTime:0.001784s ]
INFO: [ app_begin ] --START--
INFO: Run Behavior\ReadHtmlCacheBehavior [ RunTime:0.000813s ]
INFO: [ app_begin ] --END-- [ RunTime:0.000969s ]
SQL: SHOW COLUMNS FROM `zn_all_classify` [ RunTime:0.0100s ]
SQL: SELECT * FROM `zn_all_classify` WHERE `nav_id` = 4 LIMIT 1   [ RunTime:0.0014s ]
SQL: SHOW COLUMNS FROM `zn_little_classify` [ RunTime:0.0072s ]
SQL: SELECT * FROM `zn_little_classify` WHERE `ac_id` = 4 LIMIT 0,1   [ RunTime:0.0008s ]
SQL: SHOW COLUMNS FROM `zn_classify_article` [ RunTime:0.0049s ]
SQL: SELECT * FROM `zn_classify_article` WHERE `lc_id` = 6 LIMIT 1   [ RunTime:0.0013s ]
SQL: SELECT * FROM `zn_little_classify` WHERE `ac_id` = 4  [ RunTime:0.0018s ]

[ 2018-11-23T17:19:39+08:00 ] 127.0.0.1 /index.php/Home/Public/selAllData
INFO: [ app_init ] --START--
INFO: Run Behavior\BuildLiteBehavior [ RunTime:0.000009s ]
INFO: [ app_init ] --END-- [ RunTime:0.000380s ]
INFO: [ app_begin ] --START--
INFO: Run Behavior\ReadHtmlCacheBehavior [ RunTime:0.000341s ]
INFO: [ app_begin ] --END-- [ RunTime:0.000365s ]
SQL: SHOW COLUMNS FROM `zn_all_classify` [ RunTime:0.0088s ]
SQL: SELECT * FROM `zn_all_classify` WHERE `nav_id` = 4 LIMIT 1   [ RunTime:0.0012s ]
SQL: SHOW COLUMNS FROM `zn_little_classify` [ RunTime:0.0108s ]
SQL: SELECT * FROM `zn_little_classify` WHERE `ac_id` = 4 LIMIT 0,1   [ RunTime:0.0012s ]
SQL: SHOW COLUMNS FROM `zn_classify_article` [ RunTime:0.0061s ]
SQL: SELECT * FROM `zn_classify_article` WHERE `lc_id` = 6 LIMIT 1   [ RunTime:0.0026s ]
SQL: SELECT * FROM `zn_little_classify` WHERE `ac_id` = 4  [ RunTime:0.0017s ]

[ 2018-11-23T17:23:39+08:00 ] 127.0.0.1 /index.php/Home/Index/chanpinzhongxin/nav_id/3
INFO: [ app_init ] --START--
INFO: Run Behavior\BuildLiteBehavior [ RunTime:0.000008s ]
INFO: [ app_init ] --END-- [ RunTime:0.000310s ]
INFO: [ app_begin ] --START--
INFO: Run Behavior\ReadHtmlCacheBehavior [ RunTime:0.001033s ]
INFO: [ app_begin ] --END-- [ RunTime:0.001154s ]
SQL: SHOW COLUMNS FROM `zn_nav` [ RunTime:0.0157s ]
SQL: SELECT * FROM `zn_nav` WHERE `nav_id` = 3 LIMIT 1   [ RunTime:0.0016s ]
SQL: SELECT * FROM `zn_nav` ORDER BY nav_sort desc  [ RunTime:0.0013s ]
SQL: SHOW COLUMNS FROM `zn_lunbo` [ RunTime:0.0077s ]
SQL: SELECT * FROM `zn_lunbo` WHERE `nav_id` = 3 ORDER BY lb_sort desc  [ RunTime:0.0010s ]
SQL: SHOW COLUMNS FROM `zn_footer` [ RunTime:0.0062s ]
SQL: SELECT * FROM `zn_footer` LIMIT 1   [ RunTime:0.0016s ]
SQL: SHOW COLUMNS FROM `zn_company_introduce` [ RunTime:0.0088s ]
SQL: SELECT * FROM `zn_company_introduce` LIMIT 1   [ RunTime:0.0011s ]
SQL: SHOW COLUMNS FROM `zn_background_image` [ RunTime:0.0060s ]
SQL: SELECT * FROM `zn_background_image` WHERE `nav_id` = 3 ORDER BY bi_sort desc  [ RunTime:0.0014s ]
SQL: SHOW COLUMNS FROM `zn_product_classify` [ RunTime:0.0067s ]
SQL: SELECT * FROM `zn_product_classify` ORDER BY pc_sort desc  [ RunTime:0.0014s ]
INFO: [ view_parse ] --START--
INFO: [ template_filter ] --START--
INFO: Run Behavior\ContentReplaceBehavior [ RunTime:0.000061s ]
INFO: [ template_filter ] --END-- [ RunTime:0.000090s ]
INFO: Run Behavior\ParseTemplateBehavior [ RunTime:0.006325s ]
INFO: [ view_parse ] --END-- [ RunTime:0.006372s ]
INFO: [ view_filter ] --START--
INFO: Run Behavior\WriteHtmlCacheBehavior [ RunTime:0.000210s ]
INFO: [ view_filter ] --END-- [ RunTime:0.000231s ]
INFO: [ app_end ] --START--
INFO: Run Behavior\ShowPageTraceBehavior [ RunTime:0.000520s ]
INFO: [ app_end ] --END-- [ RunTime:0.000555s ]

[ 2018-11-23T17:23:42+08:00 ] 127.0.0.1 /index.php/Home/Index/pinpaijianjie/nav_id/2
INFO: [ app_init ] --START--
INFO: Run Behavior\BuildLiteBehavior [ RunTime:0.000017s ]
INFO: [ app_init ] --END-- [ RunTime:0.000544s ]
INFO: [ app_begin ] --START--
INFO: Run Behavior\ReadHtmlCacheBehavior [ RunTime:0.000632s ]
INFO: [ app_begin ] --END-- [ RunTime:0.000694s ]
SQL: SHOW COLUMNS FROM `zn_nav` [ RunTime:0.0106s ]
SQL: SELECT * FROM `zn_nav` WHERE `nav_id` = 2 LIMIT 1   [ RunTime:0.0010s ]
SQL: SELECT * FROM `zn_nav` WHERE `nav_id` = 0 LIMIT 1   [ RunTime:0.0013s ]
SQL: SELECT * FROM `zn_nav` ORDER BY nav_sort desc  [ RunTime:0.0015s ]
SQL: SHOW COLUMNS FROM `zn_lunbo` [ RunTime:0.0093s ]
SQL: SELECT * FROM `zn_lunbo` WHERE `nav_id` = 2 ORDER BY lb_sort desc  [ RunTime:0.0019s ]
SQL: SHOW COLUMNS FROM `zn_footer` [ RunTime:0.0074s ]
SQL: SELECT * FROM `zn_footer` LIMIT 1   [ RunTime:0.0010s ]
SQL: SHOW COLUMNS FROM `zn_company_introduce` [ RunTime:0.0058s ]
SQL: SELECT * FROM `zn_company_introduce` LIMIT 1   [ RunTime:0.0010s ]
SQL: SHOW COLUMNS FROM `zn_background_image` [ RunTime:0.0075s ]
SQL: SELECT * FROM `zn_background_image` WHERE `nav_id` = 2 ORDER BY bi_sort desc  [ RunTime:0.0009s ]
SQL: SHOW COLUMNS FROM `zn_all_classify` [ RunTime:0.0057s ]
SQL: SELECT * FROM `zn_all_classify` WHERE `nav_id` = 2 LIMIT 1   [ RunTime:0.0008s ]
SQL: SHOW COLUMNS FROM `zn_little_classify` [ RunTime:0.0061s ]
SQL: SELECT * FROM `zn_little_classify` WHERE `ac_id` = 1 ORDER BY lc_sort desc  [ RunTime:0.0014s ]
SQL: SHOW COLUMNS FROM `zn_classify_article` [ RunTime:0.0055s ]
SQL: SELECT * FROM `zn_classify_article` WHERE `lc_id` = 2  [ RunTime:0.0012s ]
INFO: [ view_parse ] --START--
INFO: [ template_filter ] --START--
INFO: Run Behavior\ContentReplaceBehavior [ RunTime:0.000066s ]
INFO: [ template_filter ] --END-- [ RunTime:0.000104s ]
INFO: Run Behavior\ParseTemplateBehavior [ RunTime:0.006961s ]
INFO: [ view_parse ] --END-- [ RunTime:0.007008s ]
INFO: [ view_filter ] --START--
INFO: Run Behavior\WriteHtmlCacheBehavior [ RunTime:0.000280s ]
INFO: [ view_filter ] --END-- [ RunTime:0.000309s ]
INFO: [ app_end ] --START--
INFO: Run Behavior\ShowPageTraceBehavior [ RunTime:0.000455s ]
INFO: [ app_end ] --END-- [ RunTime:0.000487s ]

[ 2018-11-23T17:23:54+08:00 ] 127.0.0.1 /index.php/Home/Index/pinpaijianjie/nav_id/2
INFO: [ app_init ] --START--
INFO: Run Behavior\BuildLiteBehavior [ RunTime:0.000014s ]
INFO: [ app_init ] --END-- [ RunTime:0.000443s ]
INFO: [ app_begin ] --START--
INFO: Run Behavior\ReadHtmlCacheBehavior [ RunTime:0.000743s ]
INFO: [ app_begin ] --END-- [ RunTime:0.000798s ]
SQL: SHOW COLUMNS FROM `zn_nav` [ RunTime:0.0061s ]
SQL: SELECT * FROM `zn_nav` WHERE `nav_id` = 2 LIMIT 1   [ RunTime:0.0009s ]
SQL: SELECT * FROM `zn_nav` WHERE `nav_id` = 0 LIMIT 1   [ RunTime:0.0008s ]
SQL: SELECT * FROM `zn_nav` ORDER BY nav_sort desc  [ RunTime:0.0016s ]
SQL: SHOW COLUMNS FROM `zn_lunbo` [ RunTime:0.0060s ]
SQL: SELECT * FROM `zn_lunbo` WHERE `nav_id` = 2 ORDER BY lb_sort desc  [ RunTime:0.0012s ]
SQL: SHOW COLUMNS FROM `zn_footer` [ RunTime:0.0068s ]
SQL: SELECT * FROM `zn_footer` LIMIT 1   [ RunTime:0.0008s ]
SQL: SHOW COLUMNS FROM `zn_company_introduce` [ RunTime:0.0057s ]
SQL: SELECT * FROM `zn_company_introduce` LIMIT 1   [ RunTime:0.0015s ]
SQL: SHOW COLUMNS FROM `zn_background_image` [ RunTime:0.0069s ]
SQL: SELECT * FROM `zn_background_image` WHERE `nav_id` = 2 ORDER BY bi_sort desc  [ RunTime:0.0011s ]
SQL: SHOW COLUMNS FROM `zn_all_classify` [ RunTime:0.0056s ]
SQL: SELECT * FROM `zn_all_classify` WHERE `nav_id` = 2 LIMIT 1   [ RunTime:0.0010s ]
SQL: SHOW COLUMNS FROM `zn_little_classify` [ RunTime:0.0053s ]
SQL: SELECT * FROM `zn_little_classify` WHERE `ac_id` = 1 ORDER BY lc_sort desc  [ RunTime:0.0017s ]
SQL: SHOW COLUMNS FROM `zn_classify_article` [ RunTime:0.0048s ]
SQL: SELECT * FROM `zn_classify_article` WHERE `lc_id` = 2  [ RunTime:0.0011s ]
INFO: [ view_parse ] --START--
INFO: [ template_filter ] --START--
INFO: Run Behavior\ContentReplaceBehavior [ RunTime:0.000053s ]
INFO: [ template_filter ] --END-- [ RunTime:0.000079s ]
INFO: Run Behavior\ParseTemplateBehavior [ RunTime:0.004928s ]
INFO: [ view_parse ] --END-- [ RunTime:0.004957s ]
INFO: [ view_filter ] --START--
INFO: Run Behavior\WriteHtmlCacheBehavior [ RunTime:0.000175s ]
INFO: [ view_filter ] --END-- [ RunTime:0.000193s ]
INFO: [ app_end ] --START--
INFO: Run Behavior\ShowPageTraceBehavior [ RunTime:0.000379s ]
INFO: [ app_end ] --END-- [ RunTime:0.000406s ]

[ 2018-11-23T17:25:19+08:00 ] 127.0.0.1 /index.php/Home/Index/chanpinzhongxin/nav_id/3
INFO: [ app_init ] --START--
INFO: Run Behavior\BuildLiteBehavior [ RunTime:0.000009s ]
INFO: [ app_init ] --END-- [ RunTime:0.000364s ]
INFO: [ app_begin ] --START--
INFO: Run Behavior\ReadHtmlCacheBehavior [ RunTime:0.000582s ]
INFO: [ app_begin ] --END-- [ RunTime:0.000632s ]
SQL: SHOW COLUMNS FROM `zn_nav` [ RunTime:0.0124s ]
SQL: SELECT * FROM `zn_nav` WHERE `nav_id` = 3 LIMIT 1   [ RunTime:0.0017s ]
SQL: SELECT * FROM `zn_nav` ORDER BY nav_sort desc  [ RunTime:0.0015s ]
SQL: SHOW COLUMNS FROM `zn_lunbo` [ RunTime:0.0063s ]
SQL: SELECT * FROM `zn_lunbo` WHERE `nav_id` = 3 ORDER BY lb_sort desc  [ RunTime:0.0012s ]
SQL: SHOW COLUMNS FROM `zn_footer` [ RunTime:0.0068s ]
SQL: SELECT * FROM `zn_footer` LIMIT 1   [ RunTime:0.0016s ]
SQL: SHOW COLUMNS FROM `zn_company_introduce` [ RunTime:0.0072s ]
SQL: SELECT * FROM `zn_company_introduce` LIMIT 1   [ RunTime:0.0009s ]
SQL: SHOW COLUMNS FROM `zn_background_image` [ RunTime:0.0061s ]
SQL: SELECT * FROM `zn_background_image` WHERE `nav_id` = 3 ORDER BY bi_sort desc  [ RunTime:0.0010s ]
SQL: SHOW COLUMNS FROM `zn_product_classify` [ RunTime:0.0047s ]
SQL: SELECT * FROM `zn_product_classify` ORDER BY pc_sort desc  [ RunTime:0.0007s ]
INFO: [ view_parse ] --START--
INFO: [ template_filter ] --START--
INFO: Run Behavior\ContentReplaceBehavior [ RunTime:0.000069s ]
INFO: [ template_filter ] --END-- [ RunTime:0.000108s ]
INFO: Run Behavior\ParseTemplateBehavior [ RunTime:0.007014s ]
INFO: [ view_parse ] --END-- [ RunTime:0.007070s ]
INFO: [ view_filter ] --START--
INFO: Run Behavior\WriteHtmlCacheBehavior [ RunTime:0.000589s ]
INFO: [ view_filter ] --END-- [ RunTime:0.000659s ]
INFO: [ app_end ] --START--
INFO: Run Behavior\ShowPageTraceBehavior [ RunTime:0.001956s ]
INFO: [ app_end ] --END-- [ RunTime:0.002116s ]

[ 2018-11-23T17:25:19+08:00 ] 127.0.0.1 /index.php/Home/Public/selproductclassify
INFO: [ app_init ] --START--
INFO: Run Behavior\BuildLiteBehavior [ RunTime:0.000013s ]
INFO: [ app_init ] --END-- [ RunTime:0.000397s ]
INFO: [ app_begin ] --START--
INFO: Run Behavior\ReadHtmlCacheBehavior [ RunTime:0.000562s ]
INFO: [ app_begin ] --END-- [ RunTime:0.000600s ]
SQL: SHOW COLUMNS FROM `zn_product_classify` [ RunTime:0.0125s ]
SQL: SELECT * FROM `zn_product_classify` ORDER BY pc_sort desc  [ RunTime:0.0012s ]

[ 2018-11-23T17:25:19+08:00 ] 127.0.0.1 /index.php/Home/Public/selproduct
INFO: [ app_init ] --START--
INFO: Run Behavior\BuildLiteBehavior [ RunTime:0.000007s ]
INFO: [ app_init ] --END-- [ RunTime:0.000238s ]
INFO: [ app_begin ] --START--
INFO: Run Behavior\ReadHtmlCacheBehavior [ RunTime:0.000308s ]
INFO: [ app_begin ] --END-- [ RunTime:0.000331s ]
SQL: SHOW COLUMNS FROM `zn_product` [ RunTime:0.0490s ]
SQL: SELECT * FROM `zn_product` WHERE `pc_id` = 2 ORDER BY psort desc LIMIT 0,10   [ RunTime:0.0190s ]
SQL: SELECT * FROM `zn_product` WHERE `pc_id` = 2 ORDER BY psort desc  [ RunTime:0.0016s ]
SQL: SHOW COLUMNS FROM `zn_product_classify` [ RunTime:0.0056s ]
SQL: SELECT * FROM `zn_product_classify` WHERE `pc_id` = 2 LIMIT 1   [ RunTime:0.0013s ]

[ 2018-11-23T17:25:20+08:00 ] 127.0.0.1 /index.php/Home/Index/pinpaijianjie/nav_id/2
INFO: [ app_init ] --START--
INFO: Run Behavior\BuildLiteBehavior [ RunTime:0.000009s ]
INFO: [ app_init ] --END-- [ RunTime:0.000423s ]
INFO: [ app_begin ] --START--
INFO: Run Behavior\ReadHtmlCacheBehavior [ RunTime:0.000411s ]
INFO: [ app_begin ] --END-- [ RunTime:0.000440s ]
SQL: SHOW COLUMNS FROM `zn_nav` [ RunTime:0.0147s ]
SQL: SELECT * FROM `zn_nav` WHERE `nav_id` = 2 LIMIT 1   [ RunTime:0.0015s ]
SQL: SELECT * FROM `zn_nav` WHERE `nav_id` = 0 LIMIT 1   [ RunTime:0.0020s ]
SQL: SELECT * FROM `zn_nav` ORDER BY nav_sort desc  [ RunTime:0.0022s ]
SQL: SHOW COLUMNS FROM `zn_lunbo` [ RunTime:0.0083s ]
SQL: SELECT * FROM `zn_lunbo` WHERE `nav_id` = 2 ORDER BY lb_sort desc  [ RunTime:0.0013s ]
SQL: SHOW COLUMNS FROM `zn_footer` [ RunTime:0.0065s ]
SQL: SELECT * FROM `zn_footer` LIMIT 1   [ RunTime:0.0014s ]
SQL: SHOW COLUMNS FROM `zn_company_introduce` [ RunTime:0.0066s ]
SQL: SELECT * FROM `zn_company_introduce` LIMIT 1   [ RunTime:0.0016s ]
SQL: SHOW COLUMNS FROM `zn_background_image` [ RunTime:0.0055s ]
SQL: SELECT * FROM `zn_background_image` WHERE `nav_id` = 2 ORDER BY bi_sort desc  [ RunTime:0.0010s ]
SQL: SHOW COLUMNS FROM `zn_all_classify` [ RunTime:0.0055s ]
SQL: SELECT * FROM `zn_all_classify` WHERE `nav_id` = 2 LIMIT 1   [ RunTime:0.0013s ]
SQL: SHOW COLUMNS FROM `zn_little_classify` [ RunTime:0.0057s ]
SQL: SELECT * FROM `zn_little_classify` WHERE `ac_id` = 1 ORDER BY lc_sort desc  [ RunTime:0.0011s ]
SQL: SHOW COLUMNS FROM `zn_classify_article` [ RunTime:0.0052s ]
SQL: SELECT * FROM `zn_classify_article` WHERE `lc_id` = 2  [ RunTime:0.0012s ]
INFO: [ view_parse ] --START--
INFO: [ template_filter ] --START--
INFO: Run Behavior\ContentReplaceBehavior [ RunTime:0.000053s ]
INFO: [ template_filter ] --END-- [ RunTime:0.000082s ]
INFO: Run Behavior\ParseTemplateBehavior [ RunTime:0.006974s ]
INFO: [ view_parse ] --END-- [ RunTime:0.007021s ]
INFO: [ view_filter ] --START--
INFO: Run Behavior\WriteHtmlCacheBehavior [ RunTime:0.000230s ]
INFO: [ view_filter ] --END-- [ RunTime:0.000273s ]
INFO: [ app_end ] --START--
INFO: Run Behavior\ShowPageTraceBehavior [ RunTime:0.000538s ]
INFO: [ app_end ] --END-- [ RunTime:0.000591s ]

[ 2018-11-23T17:25:28+08:00 ] 127.0.0.1 /index.php/Home/Index/pinpaijianjie/nav_id/2
INFO: [ app_init ] --START--
INFO: Run Behavior\BuildLiteBehavior [ RunTime:0.000012s ]
INFO: [ app_init ] --END-- [ RunTime:0.000466s ]
INFO: [ app_begin ] --START--
INFO: Run Behavior\ReadHtmlCacheBehavior [ RunTime:0.000730s ]
INFO: [ app_begin ] --END-- [ RunTime:0.000816s ]
SQL: SHOW COLUMNS FROM `zn_nav` [ RunTime:0.0144s ]
SQL: SELECT * FROM `zn_nav` WHERE `nav_id` = 2 LIMIT 1   [ RunTime:0.0018s ]
SQL: SELECT * FROM `zn_nav` WHERE `nav_id` = 0 LIMIT 1   [ RunTime:0.0012s ]
SQL: SELECT * FROM `zn_nav` ORDER BY nav_sort desc  [ RunTime:0.0019s ]
SQL: SHOW COLUMNS FROM `zn_lunbo` [ RunTime:0.0064s ]
SQL: SELECT * FROM `zn_lunbo` WHERE `nav_id` = 2 ORDER BY lb_sort desc  [ RunTime:0.0020s ]
SQL: SHOW COLUMNS FROM `zn_footer` [ RunTime:0.0064s ]
SQL: SELECT * FROM `zn_footer` LIMIT 1   [ RunTime:0.0014s ]
SQL: SHOW COLUMNS FROM `zn_company_introduce` [ RunTime:0.0069s ]
SQL: SELECT * FROM `zn_company_introduce` LIMIT 1   [ RunTime:0.0018s ]
SQL: SHOW COLUMNS FROM `zn_background_image` [ RunTime:0.0068s ]
SQL: SELECT * FROM `zn_background_image` WHERE `nav_id` = 2 ORDER BY bi_sort desc  [ RunTime:0.0014s ]
SQL: SHOW COLUMNS FROM `zn_all_classify` [ RunTime:0.0073s ]
SQL: SELECT * FROM `zn_all_classify` WHERE `nav_id` = 2 LIMIT 1   [ RunTime:0.0012s ]
SQL: SHOW COLUMNS FROM `zn_little_classify` [ RunTime:0.0061s ]
SQL: SELECT * FROM `zn_little_classify` WHERE `ac_id` = 1 ORDER BY lc_sort desc  [ RunTime:0.0011s ]
SQL: SHOW COLUMNS FROM `zn_classify_article` [ RunTime:0.0064s ]
SQL: SELECT * FROM `zn_classify_article` WHERE `lc_id` = 2  [ RunTime:0.0014s ]
INFO: [ view_parse ] --START--
INFO: [ template_filter ] --START--
INFO: Run Behavior\ContentReplaceBehavior [ RunTime:0.000076s ]
INFO: [ template_filter ] --END-- [ RunTime:0.000158s ]
INFO: Run Behavior\ParseTemplateBehavior [ RunTime:0.009877s ]
INFO: [ view_parse ] --END-- [ RunTime:0.009931s ]
INFO: [ view_filter ] --START--
INFO: Run Behavior\WriteHtmlCacheBehavior [ RunTime:0.000263s ]
INFO: [ view_filter ] --END-- [ RunTime:0.000307s ]
INFO: [ app_end ] --START--
INFO: Run Behavior\ShowPageTraceBehavior [ RunTime:0.000665s ]
INFO: [ app_end ] --END-- [ RunTime:0.000741s ]

[ 2018-11-23T17:26:30+08:00 ] 127.0.0.1 /index.php/Home/Index/pinpaijianjie/nav_id/2
INFO: [ app_init ] --START--
INFO: Run Behavior\BuildLiteBehavior [ RunTime:0.000019s ]
INFO: [ app_init ] --END-- [ RunTime:0.000502s ]
INFO: [ app_begin ] --START--
INFO: Run Behavior\ReadHtmlCacheBehavior [ RunTime:0.000486s ]
INFO: [ app_begin ] --END-- [ RunTime:0.000539s ]
SQL: SHOW COLUMNS FROM `zn_nav` [ RunTime:0.0193s ]
SQL: SELECT * FROM `zn_nav` WHERE `nav_id` = 2 LIMIT 1   [ RunTime:0.0015s ]
SQL: SELECT * FROM `zn_nav` WHERE `nav_id` = 0 LIMIT 1   [ RunTime:0.0010s ]
SQL: SELECT * FROM `zn_nav` ORDER BY nav_sort desc  [ RunTime:0.0011s ]
SQL: SHOW COLUMNS FROM `zn_lunbo` [ RunTime:0.0062s ]
SQL: SELECT * FROM `zn_lunbo` WHERE `nav_id` = 2 ORDER BY lb_sort desc  [ RunTime:0.0014s ]
SQL: SHOW COLUMNS FROM `zn_footer` [ RunTime:0.0069s ]
SQL: SELECT * FROM `zn_footer` LIMIT 1   [ RunTime:0.0011s ]
SQL: SHOW COLUMNS FROM `zn_company_introduce` [ RunTime:0.0060s ]
SQL: SELECT * FROM `zn_company_introduce` LIMIT 1   [ RunTime:0.0014s ]
SQL: SHOW COLUMNS FROM `zn_background_image` [ RunTime:0.0063s ]
SQL: SELECT * FROM `zn_background_image` WHERE `nav_id` = 2 ORDER BY bi_sort desc  [ RunTime:0.0014s ]
SQL: SHOW COLUMNS FROM `zn_all_classify` [ RunTime:0.0057s ]
SQL: SELECT * FROM `zn_all_classify` WHERE `nav_id` = 2 LIMIT 1   [ RunTime:0.0016s ]
SQL: SHOW COLUMNS FROM `zn_little_classify` [ RunTime:0.0059s ]
SQL: SELECT * FROM `zn_little_classify` WHERE `ac_id` = 1 ORDER BY lc_sort desc  [ RunTime:0.0013s ]
SQL: SHOW COLUMNS FROM `zn_classify_article` [ RunTime:0.0057s ]
SQL: SELECT * FROM `zn_classify_article` WHERE `lc_id` = 2  [ RunTime:0.0018s ]
INFO: [ view_parse ] --START--
INFO: [ template_filter ] --START--
INFO: Run Behavior\ContentReplaceBehavior [ RunTime:0.000057s ]
INFO: [ template_filter ] --END-- [ RunTime:0.000085s ]
INFO: Run Behavior\ParseTemplateBehavior [ RunTime:0.006200s ]
INFO: [ view_parse ] --END-- [ RunTime:0.006263s ]
INFO: [ view_filter ] --START--
INFO: Run Behavior\WriteHtmlCacheBehavior [ RunTime:0.000349s ]
INFO: [ view_filter ] --END-- [ RunTime:0.000404s ]
INFO: [ app_end ] --START--
INFO: Run Behavior\ShowPageTraceBehavior [ RunTime:0.000700s ]
INFO: [ app_end ] --END-- [ RunTime:0.000746s ]

[ 2018-11-23T17:32:00+08:00 ] 127.0.0.1 /index.php/Home/Index/pinpaijianjie/nav_id/2
INFO: [ app_init ] --START--
INFO: Run Behavior\BuildLiteBehavior [ RunTime:0.000007s ]
INFO: [ app_init ] --END-- [ RunTime:0.000379s ]
INFO: [ app_begin ] --START--
INFO: Run Behavior\ReadHtmlCacheBehavior [ RunTime:0.000377s ]
INFO: [ app_begin ] --END-- [ RunTime:0.000403s ]
SQL: SHOW COLUMNS FROM `zn_nav` [ RunTime:0.0068s ]
SQL: SELECT * FROM `zn_nav` WHERE `nav_id` = 2 LIMIT 1   [ RunTime:0.0015s ]
SQL: SELECT * FROM `zn_nav` WHERE `nav_id` = 0 LIMIT 1   [ RunTime:0.0009s ]
SQL: SELECT * FROM `zn_nav` ORDER BY nav_sort desc  [ RunTime:0.0013s ]
SQL: SHOW COLUMNS FROM `zn_lunbo` [ RunTime:0.0052s ]
SQL: SELECT * FROM `zn_lunbo` WHERE `nav_id` = 2 ORDER BY lb_sort desc  [ RunTime:0.0024s ]
SQL: SHOW COLUMNS FROM `zn_footer` [ RunTime:0.0064s ]
SQL: SELECT * FROM `zn_footer` LIMIT 1   [ RunTime:0.0015s ]
SQL: SHOW COLUMNS FROM `zn_company_introduce` [ RunTime:0.0059s ]
SQL: SELECT * FROM `zn_company_introduce` LIMIT 1   [ RunTime:0.0013s ]
SQL: SHOW COLUMNS FROM `zn_background_image` [ RunTime:0.0067s ]
SQL: SELECT * FROM `zn_background_image` WHERE `nav_id` = 2 ORDER BY bi_sort desc  [ RunTime:0.0015s ]
SQL: SHOW COLUMNS FROM `zn_all_classify` [ RunTime:0.0065s ]
SQL: SELECT * FROM `zn_all_classify` WHERE `nav_id` = 2 LIMIT 1   [ RunTime:0.0017s ]
SQL: SHOW COLUMNS FROM `zn_little_classify` [ RunTime:0.0056s ]
SQL: SELECT * FROM `zn_little_classify` WHERE `ac_id` = 1 ORDER BY lc_sort desc  [ RunTime:0.0011s ]
SQL: SHOW COLUMNS FROM `zn_classify_article` [ RunTime:0.0057s ]
SQL: SELECT * FROM `zn_classify_article` WHERE `lc_id` = 2  [ RunTime:0.0070s ]
INFO: [ view_parse ] --START--
INFO: [ template_filter ] --START--
INFO: Run Behavior\ContentReplaceBehavior [ RunTime:0.000106s ]
INFO: [ template_filter ] --END-- [ RunTime:0.000140s ]
INFO: Run Behavior\ParseTemplateBehavior [ RunTime:0.007798s ]
INFO: [ view_parse ] --END-- [ RunTime:0.007883s ]
INFO: [ view_filter ] --START--
INFO: Run Behavior\WriteHtmlCacheBehavior [ RunTime:0.000299s ]
INFO: [ view_filter ] --END-- [ RunTime:0.000341s ]
INFO: [ app_end ] --START--
INFO: Run Behavior\ShowPageTraceBehavior [ RunTime:0.000656s ]
INFO: [ app_end ] --END-- [ RunTime:0.000713s ]

[ 2018-11-23T17:32:06+08:00 ] 127.0.0.1 /index.php/Home/Index/pinpaijianjie/nav_id/11
INFO: [ app_init ] --START--
INFO: Run Behavior\BuildLiteBehavior [ RunTime:0.000013s ]
INFO: [ app_init ] --END-- [ RunTime:0.000514s ]
INFO: [ app_begin ] --START--
INFO: Run Behavior\ReadHtmlCacheBehavior [ RunTime:0.000759s ]
INFO: [ app_begin ] --END-- [ RunTime:0.000867s ]
SQL: SHOW COLUMNS FROM `zn_nav` [ RunTime:0.0141s ]
SQL: SELECT * FROM `zn_nav` WHERE `nav_id` = 11 LIMIT 1   [ RunTime:0.0018s ]
SQL: SELECT * FROM `zn_nav` WHERE `nav_id` = 2 LIMIT 1   [ RunTime:0.0009s ]
SQL: SELECT * FROM `zn_nav` ORDER BY nav_sort desc  [ RunTime:0.0014s ]
SQL: SHOW COLUMNS FROM `zn_lunbo` [ RunTime:0.0061s ]
SQL: SELECT * FROM `zn_lunbo` WHERE `nav_id` = 11 ORDER BY lb_sort desc  [ RunTime:0.0010s ]
SQL: SHOW COLUMNS FROM `zn_footer` [ RunTime:0.0074s ]
SQL: SELECT * FROM `zn_footer` LIMIT 1   [ RunTime:0.0012s ]
SQL: SHOW COLUMNS FROM `zn_company_introduce` [ RunTime:0.0063s ]
SQL: SELECT * FROM `zn_company_introduce` LIMIT 1   [ RunTime:0.0010s ]
SQL: SHOW COLUMNS FROM `zn_background_image` [ RunTime:0.0072s ]
SQL: SELECT * FROM `zn_background_image` WHERE `nav_id` = 11 ORDER BY bi_sort desc  [ RunTime:0.0011s ]
SQL: SHOW COLUMNS FROM `zn_all_classify` [ RunTime:0.0056s ]
SQL: SELECT * FROM `zn_all_classify` WHERE `nav_id` = 11 LIMIT 1   [ RunTime:0.0013s ]
SQL: SHOW COLUMNS FROM `zn_little_classify` [ RunTime:0.0071s ]
SQL: SELECT * FROM `zn_little_classify` WHERE `ac_id` = null ORDER BY lc_sort desc  [ RunTime:0.0011s ]
NOTIC: [8] Undefined offset: 0 E:\sunzemin\zhinengjiaju\Application\Home\Controller\IndexController.class.php 第 185 行.
SQL: SHOW COLUMNS FROM `zn_classify_article` [ RunTime:0.0050s ]
NOTIC: [8] Undefined offset: 1 E:\sunzemin\zhinengjiaju\Application\Home\Controller\IndexController.class.php 第 189 行.
SQL: SELECT * FROM `zn_classify_article` WHERE `lc_id` = null  [ RunTime:0.0009s ]
INFO: [ view_parse ] --START--
INFO: [ template_filter ] --START--
INFO: Run Behavior\ContentReplaceBehavior [ RunTime:0.000080s ]
INFO: [ template_filter ] --END-- [ RunTime:0.000141s ]
NOTIC: [8] Undefined offset: 0 E:\sunzemin\zhinengjiaju\Application\Runtime\Cache\Home\8595531bbf7fd6170abadd884c814e3b.php 第 68 行.
INFO: Run Behavior\ParseTemplateBehavior [ RunTime:0.009867s ]
INFO: [ view_parse ] --END-- [ RunTime:0.009908s ]
INFO: [ view_filter ] --START--
INFO: Run Behavior\WriteHtmlCacheBehavior [ RunTime:0.000321s ]
INFO: [ view_filter ] --END-- [ RunTime:0.000360s ]
INFO: [ app_end ] --START--
INFO: Run Behavior\ShowPageTraceBehavior [ RunTime:0.001038s ]
INFO: [ app_end ] --END-- [ RunTime:0.001090s ]

[ 2018-11-23T17:32:11+08:00 ] 127.0.0.1 /index.php/Home/Index/pinpairongyu/nav_id/12
INFO: [ app_init ] --START--
INFO: Run Behavior\BuildLiteBehavior [ RunTime:0.000018s ]
INFO: [ app_init ] --END-- [ RunTime:0.000643s ]
INFO: [ app_begin ] --START--
INFO: Run Behavior\ReadHtmlCacheBehavior [ RunTime:0.000826s ]
INFO: [ app_begin ] --END-- [ RunTime:0.000900s ]
SQL: SHOW COLUMNS FROM `zn_nav` [ RunTime:0.0062s ]
SQL: SELECT * FROM `zn_nav` WHERE `nav_id` = 12 LIMIT 1   [ RunTime:0.0011s ]
SQL: SELECT * FROM `zn_nav` WHERE `nav_id` = 2 LIMIT 1   [ RunTime:0.0017s ]
SQL: SELECT * FROM `zn_nav` ORDER BY nav_sort desc  [ RunTime:0.0012s ]
SQL: SHOW COLUMNS FROM `zn_lunbo` [ RunTime:0.0066s ]
SQL: SELECT * FROM `zn_lunbo` WHERE `nav_id` = 12 ORDER BY lb_sort desc  [ RunTime:0.0011s ]
SQL: SHOW COLUMNS FROM `zn_footer` [ RunTime:0.0056s ]
SQL: SELECT * FROM `zn_footer` LIMIT 1   [ RunTime:0.0009s ]
SQL: SHOW COLUMNS FROM `zn_company_introduce` [ RunTime:0.0062s ]
SQL: SELECT * FROM `zn_company_introduce` LIMIT 1   [ RunTime:0.0017s ]
SQL: SHOW COLUMNS FROM `zn_background_image` [ RunTime:0.0052s ]
SQL: SELECT * FROM `zn_background_image` WHERE `nav_id` = 12 ORDER BY bi_sort desc  [ RunTime:0.0009s ]
SQL: SHOW COLUMNS FROM `zn_all_classify` [ RunTime:0.0058s ]
SQL: SELECT * FROM `zn_all_classify` WHERE `nav_id` = 12 LIMIT 1   [ RunTime:0.0008s ]
SQL: SHOW COLUMNS FROM `zn_little_classify` [ RunTime:0.0054s ]
SQL: SELECT * FROM `zn_little_classify` WHERE `ac_id` = null ORDER BY lc_sort desc  [ RunTime:0.0009s ]
SQL: SELECT * FROM `zn_little_classify` WHERE `lc_id` = 0 LIMIT 1   [ RunTime:0.0007s ]
INFO: [ view_parse ] --START--
INFO: [ template_filter ] --START--
INFO: Run Behavior\ContentReplaceBehavior [ RunTime:0.000065s ]
INFO: [ template_filter ] --END-- [ RunTime:0.000113s ]
NOTIC: [8] Undefined offset: 0 E:\sunzemin\zhinengjiaju\Application\Runtime\Cache\Home\7cf9c3c4c0eceffebaebd60e2e752f3a.php 第 73 行.
INFO: Run Behavior\ParseTemplateBehavior [ RunTime:0.019307s ]
INFO: [ view_parse ] --END-- [ RunTime:0.019349s ]
INFO: [ view_filter ] --START--
INFO: Run Behavior\WriteHtmlCacheBehavior [ RunTime:0.000241s ]
INFO: [ view_filter ] --END-- [ RunTime:0.000271s ]
INFO: [ app_end ] --START--
INFO: Run Behavior\ShowPageTraceBehavior [ RunTime:0.000574s ]
INFO: [ app_end ] --END-- [ RunTime:0.000613s ]

[ 2018-11-23T17:32:13+08:00 ] 127.0.0.1 /index.php/Home/Index/index/nav_id/1
INFO: [ app_init ] --START--
INFO: Run Behavior\BuildLiteBehavior [ RunTime:0.000012s ]
INFO: [ app_init ] --END-- [ RunTime:0.000425s ]
INFO: [ app_begin ] --START--
INFO: Run Behavior\ReadHtmlCacheBehavior [ RunTime:0.000656s ]
INFO: [ app_begin ] --END-- [ RunTime:0.000714s ]
SQL: SHOW COLUMNS FROM `zn_nav` [ RunTime:0.0053s ]
SQL: SELECT * FROM `zn_nav` ORDER BY nav_sort desc  [ RunTime:0.0009s ]
SQL: SHOW COLUMNS FROM `zn_lunbo` [ RunTime:0.0051s ]
SQL: SELECT * FROM `zn_lunbo` WHERE `nav_id` = 1 ORDER BY lb_sort desc  [ RunTime:0.0009s ]
SQL: SHOW COLUMNS FROM `zn_footer` [ RunTime:0.0048s ]
SQL: SELECT * FROM `zn_footer` LIMIT 1   [ RunTime:0.0009s ]
SQL: SHOW COLUMNS FROM `zn_company_introduce` [ RunTime:0.0044s ]
SQL: SELECT * FROM `zn_company_introduce` LIMIT 1   [ RunTime:0.0007s ]
SQL: SHOW COLUMNS FROM `zn_all_classify` [ RunTime:0.0045s ]
SQL: SELECT * FROM `zn_all_classify` WHERE `ac_flag` = 1  [ RunTime:0.0009s ]
SQL: SHOW COLUMNS FROM `zn_little_classify` [ RunTime:0.0053s ]
SQL: SHOW COLUMNS FROM `zn_classify_article` [ RunTime:0.0047s ]
SQL: SELECT * FROM `zn_little_classify` WHERE `ac_id` = 5  [ RunTime:0.0007s ]
SQL: SELECT * FROM `zn_classify_article` WHERE `lc_id` = 8  [ RunTime:0.0006s ]
SQL: SELECT * FROM `zn_classify_article` WHERE `lc_id` = 9  [ RunTime:0.0008s ]
SQL: SHOW COLUMNS FROM `zn_scene` [ RunTime:0.0057s ]
SQL: SELECT * FROM `zn_scene` ORDER BY sort desc  [ RunTime:0.0007s ]
SQL: SHOW COLUMNS FROM `zn_case` [ RunTime:0.0045s ]
SQL: SELECT * FROM `zn_case` ORDER BY sort desc LIMIT 0,5   [ RunTime:0.0007s ]
SQL: SHOW COLUMNS FROM `zn_home_decorate_title` [ RunTime:0.0052s ]
SQL: SELECT * FROM `zn_home_decorate_title` ORDER BY hdt_sort desc LIMIT 0,6   [ RunTime:0.0008s ]
SQL: SELECT * FROM `zn_all_classify` WHERE `nav_id` = 1 LIMIT 1   [ RunTime:0.0007s ]
SQL: SELECT * FROM `zn_little_classify` WHERE `ac_id` = 7 LIMIT 0,3   [ RunTime:0.0009s ]
SQL: SELECT * FROM `zn_classify_article` WHERE `lc_id` = 16 LIMIT 0,3   [ RunTime:0.0008s ]
SQL: SELECT * FROM `zn_classify_article` WHERE `lc_id` = 17 LIMIT 0,3   [ RunTime:0.0007s ]
SQL: SELECT * FROM `zn_classify_article` WHERE `lc_id` = 18 LIMIT 0,3   [ RunTime:0.0009s ]
SQL: SHOW COLUMNS FROM `zn_all_head` [ RunTime:0.0052s ]
SQL: SELECT * FROM `zn_all_head` WHERE `nav_id` = 1 LIMIT 1   [ RunTime:0.0009s ]
INFO: [ view_parse ] --START--
INFO: [ template_filter ] --START--
INFO: Run Behavior\ContentReplaceBehavior [ RunTime:0.000117s ]
INFO: [ template_filter ] --END-- [ RunTime:0.000156s ]
NOTIC: [8] Undefined index: nav_url E:\sunzemin\zhinengjiaju\Application\Runtime\Cache\Home\2a94b8bda04ff446dcedd42276fc99ee.php 第 64 行.
NOTIC: [8] Undefined offset: 1 E:\sunzemin\zhinengjiaju\Application\Runtime\Cache\Home\2a94b8bda04ff446dcedd42276fc99ee.php 第 256 行.
NOTIC: [8] Undefined offset: 1 E:\sunzemin\zhinengjiaju\Application\Runtime\Cache\Home\2a94b8bda04ff446dcedd42276fc99ee.php 第 259 行.
INFO: Run Behavior\ParseTemplateBehavior [ RunTime:0.013085s ]
INFO: [ view_parse ] --END-- [ RunTime:0.013130s ]
INFO: [ view_filter ] --START--
INFO: Run Behavior\WriteHtmlCacheBehavior [ RunTime:0.000260s ]
INFO: [ view_filter ] --END-- [ RunTime:0.000283s ]
INFO: [ app_end ] --START--
INFO: Run Behavior\ShowPageTraceBehavior [ RunTime:0.000646s ]
INFO: [ app_end ] --END-- [ RunTime:0.000762s ]

