[ 2018-12-04T17:18:17+08:00 ] 127.0.0.1 /index.php/Mobile/Index/index
INFO: [ app_init ] --START--
INFO: Run Behavior\BuildLiteBehavior [ RunTime:0.000011s ]
INFO: [ app_init ] --END-- [ RunTime:0.000464s ]
INFO: [ app_begin ] --START--
INFO: Run Behavior\ReadHtmlCacheBehavior [ RunTime:0.000551s ]
INFO: [ app_begin ] --END-- [ RunTime:0.000594s ]
SQL: SHOW COLUMNS FROM `hy_nav` [ RunTime:0.0069s ]
SQL: SELECT * FROM `hy_nav` ORDER BY nav_sort desc  [ RunTime:0.0009s ]
NOTIC: [8] Undefined offset: 0 E:\sunzemin\hongyu\Application\Mobile\Controller\IndexController.class.php 第 16 行.
SQL: SHOW COLUMNS FROM `hy_lunbo` [ RunTime:0.0069s ]
SQL: SELECT * FROM `hy_lunbo` WHERE `nav_id` = null ORDER BY lb_sort desc  [ RunTime:0.0009s ]
SQL: SHOW COLUMNS FROM `hy_footer` [ RunTime:0.0061s ]
SQL: SELECT * FROM `hy_footer` LIMIT 1   [ RunTime:0.0009s ]
SQL: SHOW COLUMNS FROM `hy_company_introduce` [ RunTime:0.0068s ]
SQL: SELECT * FROM `hy_company_introduce` LIMIT 1   [ RunTime:0.0007s ]
SQL: SHOW COLUMNS FROM `hy_home_classify` [ RunTime:0.0066s ]
SQL: SELECT * FROM `hy_home_classify` ORDER BY hc_sort desc  [ RunTime:0.0011s ]
SQL: SHOW COLUMNS FROM `hy_home_little_classify` [ RunTime:0.0062s ]
SQL: SELECT * FROM `hy_home_little_classify` WHERE `hc_id` = 1 ORDER BY hlc_sort desc  [ RunTime:0.0008s ]
SQL: SELECT * FROM `hy_home_little_classify` WHERE `hc_id` = 2 ORDER BY hlc_sort desc  [ RunTime:0.0007s ]
SQL: SELECT * FROM `hy_home_little_classify` WHERE `hc_id` = 3 ORDER BY hlc_sort desc  [ RunTime:0.0007s ]
SQL: SELECT * FROM `hy_home_little_classify` WHERE `hc_id` = 4 ORDER BY hlc_sort desc  [ RunTime:0.0007s ]
SQL: SELECT * FROM `hy_home_little_classify` WHERE `hc_id` = 5 ORDER BY hlc_sort desc  [ RunTime:0.0007s ]
SQL: SELECT * FROM `hy_home_little_classify` WHERE `hc_id` = 6 ORDER BY hlc_sort desc  [ RunTime:0.0008s ]
SQL: SELECT * FROM `hy_home_little_classify` WHERE `hc_id` = 7 ORDER BY hlc_sort desc  [ RunTime:0.0006s ]
SQL: SHOW COLUMNS FROM `hy_all_classify` [ RunTime:0.0067s ]
SQL: SELECT * FROM `hy_all_classify` WHERE `ac_flag` = 1  [ RunTime:0.0008s ]
SQL: SHOW COLUMNS FROM `hy_little_classify` [ RunTime:0.0053s ]
SQL: SHOW COLUMNS FROM `hy_classify_article` [ RunTime:0.0054s ]
SQL: SELECT * FROM `hy_little_classify` WHERE `ac_id` = 1 LIMIT 0,12   [ RunTime:0.0008s ]
SQL: SELECT * FROM `hy_classify_article` WHERE `lc_id` = 1 LIMIT 1   [ RunTime:0.0008s ]
SQL: SELECT * FROM `hy_classify_article` WHERE `lc_id` = 2 LIMIT 1   [ RunTime:0.0007s ]
SQL: SELECT * FROM `hy_classify_article` WHERE `lc_id` = 3 LIMIT 1   [ RunTime:0.0009s ]
SQL: SELECT * FROM `hy_classify_article` WHERE `lc_id` = 4 LIMIT 1   [ RunTime:0.0007s ]
SQL: SELECT * FROM `hy_classify_article` WHERE `lc_id` = 5 LIMIT 1   [ RunTime:0.0008s ]
SQL: SELECT * FROM `hy_classify_article` WHERE `lc_id` = 6 LIMIT 1   [ RunTime:0.0007s ]
SQL: SELECT * FROM `hy_little_classify` WHERE `ac_id` = 2 LIMIT 0,12   [ RunTime:0.0008s ]
SQL: SELECT * FROM `hy_classify_article` WHERE `lc_id` = 7 LIMIT 1   [ RunTime:0.0007s ]
SQL: SELECT * FROM `hy_classify_article` WHERE `lc_id` = 8 LIMIT 1   [ RunTime:0.0007s ]
SQL: SELECT * FROM `hy_classify_article` WHERE `lc_id` = 9 LIMIT 1   [ RunTime:0.0007s ]
SQL: SELECT * FROM `hy_classify_article` WHERE `lc_id` = 10 LIMIT 1   [ RunTime:0.0008s ]
SQL: SELECT * FROM `hy_classify_article` WHERE `lc_id` = 11 LIMIT 1   [ RunTime:0.0008s ]
SQL: SELECT * FROM `hy_classify_article` WHERE `lc_id` = 12 LIMIT 1   [ RunTime:0.0009s ]
SQL: SELECT * FROM `hy_classify_article` WHERE `lc_id` = 13 LIMIT 1   [ RunTime:0.0009s ]
SQL: SELECT * FROM `hy_classify_article` WHERE `lc_id` = 14 LIMIT 1   [ RunTime:0.0008s ]
SQL: SELECT * FROM `hy_classify_article` WHERE `lc_id` = 15 LIMIT 1   [ RunTime:0.0008s ]
SQL: SELECT * FROM `hy_classify_article` WHERE `lc_id` = 16 LIMIT 1   [ RunTime:0.0008s ]
SQL: SELECT * FROM `hy_classify_article` WHERE `lc_id` = 17 LIMIT 1   [ RunTime:0.0008s ]
SQL: SELECT * FROM `hy_classify_article` WHERE `lc_id` = 18 LIMIT 1   [ RunTime:0.0008s ]
SQL: SELECT * FROM `hy_little_classify` WHERE `ac_id` = 3 LIMIT 0,12   [ RunTime:0.0008s ]
SQL: SELECT * FROM `hy_classify_article` WHERE `lc_id` = 19 LIMIT 1   [ RunTime:0.0007s ]
SQL: SELECT * FROM `hy_classify_article` WHERE `lc_id` = 20 LIMIT 1   [ RunTime:0.0007s ]
SQL: SELECT * FROM `hy_classify_article` WHERE `lc_id` = 21 LIMIT 1   [ RunTime:0.0007s ]
SQL: SELECT * FROM `hy_classify_article` WHERE `lc_id` = 22 LIMIT 1   [ RunTime:0.0006s ]
SQL: SELECT * FROM `hy_classify_article` WHERE `lc_id` = 23 LIMIT 1   [ RunTime:0.0007s ]
SQL: SELECT * FROM `hy_classify_article` WHERE `lc_id` = 24 LIMIT 1   [ RunTime:0.0007s ]
SQL: SELECT * FROM `hy_classify_article` WHERE `lc_id` = 25 LIMIT 1   [ RunTime:0.0006s ]
SQL: SELECT * FROM `hy_classify_article` WHERE `lc_id` = 26 LIMIT 1   [ RunTime:0.0007s ]
SQL: SELECT * FROM `hy_classify_article` WHERE `lc_id` = 27 LIMIT 1   [ RunTime:0.0007s ]
SQL: SELECT * FROM `hy_classify_article` WHERE `lc_id` = 28 LIMIT 1   [ RunTime:0.0008s ]
SQL: SELECT * FROM `hy_classify_article` WHERE `lc_id` = 29 LIMIT 1   [ RunTime:0.0010s ]
SQL: SELECT * FROM `hy_classify_article` WHERE `lc_id` = 30 LIMIT 1   [ RunTime:0.0007s ]
SQL: SHOW COLUMNS FROM `hy_all_head` [ RunTime:0.0065s ]
SQL: SELECT * FROM `hy_all_head` ORDER BY ah_sort desc LIMIT 0,3   [ RunTime:0.0009s ]
SQL: SELECT * FROM `hy_classify_article` WHERE `lc_id` = 1 ORDER BY ca_sort desc LIMIT 0,3   [ RunTime:0.0008s ]
INFO: [ view_parse ] --START--
INFO: [ template_filter ] --START--
INFO: Run Behavior\ContentReplaceBehavior [ RunTime:0.000221s ]
INFO: [ template_filter ] --END-- [ RunTime:0.000286s ]
INFO: Run Behavior\ParseTemplateBehavior [ RunTime:0.018016s ]
INFO: [ view_parse ] --END-- [ RunTime:0.018051s ]
INFO: [ view_filter ] --START--
INFO: Run Behavior\WriteHtmlCacheBehavior [ RunTime:0.000238s ]
INFO: [ view_filter ] --END-- [ RunTime:0.000261s ]
INFO: [ app_end ] --START--
INFO: Run Behavior\ShowPageTraceBehavior [ RunTime:0.000596s ]
INFO: [ app_end ] --END-- [ RunTime:0.000650s ]

[ 2018-12-04T17:22:19+08:00 ] 127.0.0.1 /index.php/Mobile/Index/index
INFO: [ app_init ] --START--
INFO: Run Behavior\BuildLiteBehavior [ RunTime:0.000016s ]
INFO: [ app_init ] --END-- [ RunTime:0.000445s ]
INFO: [ app_begin ] --START--
INFO: Run Behavior\ReadHtmlCacheBehavior [ RunTime:0.000500s ]
INFO: [ app_begin ] --END-- [ RunTime:0.000546s ]
SQL: SHOW COLUMNS FROM `hy_nav` [ RunTime:0.0133s ]
SQL: SELECT * FROM `hy_nav` ORDER BY nav_sort desc  [ RunTime:0.0009s ]
NOTIC: [8] Undefined offset: 0 E:\sunzemin\hongyu\Application\Mobile\Controller\IndexController.class.php 第 16 行.
SQL: SHOW COLUMNS FROM `hy_lunbo` [ RunTime:0.0063s ]
SQL: SELECT * FROM `hy_lunbo` WHERE `nav_id` = null ORDER BY lb_sort desc  [ RunTime:0.0008s ]
SQL: SHOW COLUMNS FROM `hy_footer` [ RunTime:0.0064s ]
SQL: SELECT * FROM `hy_footer` LIMIT 1   [ RunTime:0.0008s ]
SQL: SHOW COLUMNS FROM `hy_company_introduce` [ RunTime:0.0065s ]
SQL: SELECT * FROM `hy_company_introduce` LIMIT 1   [ RunTime:0.0008s ]
SQL: SHOW COLUMNS FROM `hy_home_classify` [ RunTime:0.0051s ]
SQL: SELECT * FROM `hy_home_classify` ORDER BY hc_sort desc  [ RunTime:0.0009s ]
SQL: SHOW COLUMNS FROM `hy_home_little_classify` [ RunTime:0.0064s ]
SQL: SELECT * FROM `hy_home_little_classify` WHERE `hc_id` = 1 ORDER BY hlc_sort desc  [ RunTime:0.0011s ]
SQL: SELECT * FROM `hy_home_little_classify` WHERE `hc_id` = 2 ORDER BY hlc_sort desc  [ RunTime:0.0009s ]
SQL: SELECT * FROM `hy_home_little_classify` WHERE `hc_id` = 3 ORDER BY hlc_sort desc  [ RunTime:0.0007s ]
SQL: SELECT * FROM `hy_home_little_classify` WHERE `hc_id` = 4 ORDER BY hlc_sort desc  [ RunTime:0.0007s ]
SQL: SELECT * FROM `hy_home_little_classify` WHERE `hc_id` = 5 ORDER BY hlc_sort desc  [ RunTime:0.0008s ]
SQL: SELECT * FROM `hy_home_little_classify` WHERE `hc_id` = 6 ORDER BY hlc_sort desc  [ RunTime:0.0007s ]
SQL: SELECT * FROM `hy_home_little_classify` WHERE `hc_id` = 7 ORDER BY hlc_sort desc  [ RunTime:0.0007s ]
SQL: SHOW COLUMNS FROM `hy_all_classify` [ RunTime:0.0064s ]
SQL: SELECT * FROM `hy_all_classify` WHERE `ac_flag` = 1  [ RunTime:0.0007s ]
SQL: SHOW COLUMNS FROM `hy_little_classify` [ RunTime:0.0059s ]
SQL: SHOW COLUMNS FROM `hy_classify_article` [ RunTime:0.0059s ]
SQL: SELECT * FROM `hy_little_classify` WHERE `ac_id` = 1 LIMIT 0,12   [ RunTime:0.0007s ]
SQL: SELECT * FROM `hy_classify_article` WHERE `lc_id` = 1 LIMIT 1   [ RunTime:0.0008s ]
SQL: SELECT * FROM `hy_classify_article` WHERE `lc_id` = 2 LIMIT 1   [ RunTime:0.0007s ]
SQL: SELECT * FROM `hy_classify_article` WHERE `lc_id` = 3 LIMIT 1   [ RunTime:0.0007s ]
SQL: SELECT * FROM `hy_classify_article` WHERE `lc_id` = 4 LIMIT 1   [ RunTime:0.0008s ]
SQL: SELECT * FROM `hy_classify_article` WHERE `lc_id` = 5 LIMIT 1   [ RunTime:0.0008s ]
SQL: SELECT * FROM `hy_classify_article` WHERE `lc_id` = 6 LIMIT 1   [ RunTime:0.0009s ]
SQL: SELECT * FROM `hy_little_classify` WHERE `ac_id` = 2 LIMIT 0,12   [ RunTime:0.0007s ]
SQL: SELECT * FROM `hy_classify_article` WHERE `lc_id` = 7 LIMIT 1   [ RunTime:0.0007s ]
SQL: SELECT * FROM `hy_classify_article` WHERE `lc_id` = 8 LIMIT 1   [ RunTime:0.0007s ]
SQL: SELECT * FROM `hy_classify_article` WHERE `lc_id` = 9 LIMIT 1   [ RunTime:0.0007s ]
SQL: SELECT * FROM `hy_classify_article` WHERE `lc_id` = 10 LIMIT 1   [ RunTime:0.0007s ]
SQL: SELECT * FROM `hy_classify_article` WHERE `lc_id` = 11 LIMIT 1   [ RunTime:0.0007s ]
SQL: SELECT * FROM `hy_classify_article` WHERE `lc_id` = 12 LIMIT 1   [ RunTime:0.0007s ]
SQL: SELECT * FROM `hy_classify_article` WHERE `lc_id` = 13 LIMIT 1   [ RunTime:0.0007s ]
SQL: SELECT * FROM `hy_classify_article` WHERE `lc_id` = 14 LIMIT 1   [ RunTime:0.0007s ]
SQL: SELECT * FROM `hy_classify_article` WHERE `lc_id` = 15 LIMIT 1   [ RunTime:0.0009s ]
SQL: SELECT * FROM `hy_classify_article` WHERE `lc_id` = 16 LIMIT 1   [ RunTime:0.0008s ]
SQL: SELECT * FROM `hy_classify_article` WHERE `lc_id` = 17 LIMIT 1   [ RunTime:0.0008s ]
SQL: SELECT * FROM `hy_classify_article` WHERE `lc_id` = 18 LIMIT 1   [ RunTime:0.0007s ]
SQL: SELECT * FROM `hy_little_classify` WHERE `ac_id` = 3 LIMIT 0,12   [ RunTime:0.0008s ]
SQL: SELECT * FROM `hy_classify_article` WHERE `lc_id` = 19 LIMIT 1   [ RunTime:0.0007s ]
SQL: SELECT * FROM `hy_classify_article` WHERE `lc_id` = 20 LIMIT 1   [ RunTime:0.0007s ]
SQL: SELECT * FROM `hy_classify_article` WHERE `lc_id` = 21 LIMIT 1   [ RunTime:0.0007s ]
SQL: SELECT * FROM `hy_classify_article` WHERE `lc_id` = 22 LIMIT 1   [ RunTime:0.0008s ]
SQL: SELECT * FROM `hy_classify_article` WHERE `lc_id` = 23 LIMIT 1   [ RunTime:0.0007s ]
SQL: SELECT * FROM `hy_classify_article` WHERE `lc_id` = 24 LIMIT 1   [ RunTime:0.0007s ]
SQL: SELECT * FROM `hy_classify_article` WHERE `lc_id` = 25 LIMIT 1   [ RunTime:0.0007s ]
SQL: SELECT * FROM `hy_classify_article` WHERE `lc_id` = 26 LIMIT 1   [ RunTime:0.0007s ]
SQL: SELECT * FROM `hy_classify_article` WHERE `lc_id` = 27 LIMIT 1   [ RunTime:0.0008s ]
SQL: SELECT * FROM `hy_classify_article` WHERE `lc_id` = 28 LIMIT 1   [ RunTime:0.0007s ]
SQL: SELECT * FROM `hy_classify_article` WHERE `lc_id` = 29 LIMIT 1   [ RunTime:0.0007s ]
SQL: SELECT * FROM `hy_classify_article` WHERE `lc_id` = 30 LIMIT 1   [ RunTime:0.0009s ]
SQL: SHOW COLUMNS FROM `hy_all_head` [ RunTime:0.0057s ]
SQL: SELECT * FROM `hy_all_head` ORDER BY ah_sort desc LIMIT 0,3   [ RunTime:0.0009s ]
SQL: SELECT * FROM `hy_classify_article` WHERE `lc_id` = 1 ORDER BY ca_sort desc LIMIT 0,3   [ RunTime:0.0009s ]
INFO: [ view_parse ] --START--
INFO: [ template_filter ] --START--
INFO: Run Behavior\ContentReplaceBehavior [ RunTime:0.000118s ]
INFO: [ template_filter ] --END-- [ RunTime:0.000161s ]
INFO: Run Behavior\ParseTemplateBehavior [ RunTime:0.013318s ]
INFO: [ view_parse ] --END-- [ RunTime:0.013367s ]
INFO: [ view_filter ] --START--
INFO: Run Behavior\WriteHtmlCacheBehavior [ RunTime:0.000369s ]
INFO: [ view_filter ] --END-- [ RunTime:0.000413s ]
INFO: [ app_end ] --START--
INFO: Run Behavior\ShowPageTraceBehavior [ RunTime:0.000630s ]
INFO: [ app_end ] --END-- [ RunTime:0.000676s ]

[ 2018-12-04T17:22:24+08:00 ] 127.0.0.1 /index.php/Mobile/Index/index
INFO: [ app_init ] --START--
INFO: Run Behavior\BuildLiteBehavior [ RunTime:0.000009s ]
INFO: [ app_init ] --END-- [ RunTime:0.000393s ]
INFO: [ app_begin ] --START--
INFO: Run Behavior\ReadHtmlCacheBehavior [ RunTime:0.000296s ]
INFO: [ app_begin ] --END-- [ RunTime:0.000325s ]
SQL: SHOW COLUMNS FROM `hy_nav` [ RunTime:0.0133s ]
SQL: SELECT * FROM `hy_nav` ORDER BY nav_sort desc  [ RunTime:0.0010s ]
NOTIC: [8] Undefined offset: 0 E:\sunzemin\hongyu\Application\Mobile\Controller\IndexController.class.php 第 16 行.
SQL: SHOW COLUMNS FROM `hy_lunbo` [ RunTime:0.0068s ]
SQL: SELECT * FROM `hy_lunbo` WHERE `nav_id` = null ORDER BY lb_sort desc  [ RunTime:0.0011s ]
SQL: SHOW COLUMNS FROM `hy_footer` [ RunTime:0.0068s ]
SQL: SELECT * FROM `hy_footer` LIMIT 1   [ RunTime:0.0008s ]
SQL: SHOW COLUMNS FROM `hy_company_introduce` [ RunTime:0.0065s ]
SQL: SELECT * FROM `hy_company_introduce` LIMIT 1   [ RunTime:0.0008s ]
SQL: SHOW COLUMNS FROM `hy_home_classify` [ RunTime:0.0070s ]
SQL: SELECT * FROM `hy_home_classify` ORDER BY hc_sort desc  [ RunTime:0.0015s ]
SQL: SHOW COLUMNS FROM `hy_home_little_classify` [ RunTime:0.0055s ]
SQL: SELECT * FROM `hy_home_little_classify` WHERE `hc_id` = 1 ORDER BY hlc_sort desc  [ RunTime:0.0008s ]
SQL: SELECT * FROM `hy_home_little_classify` WHERE `hc_id` = 2 ORDER BY hlc_sort desc  [ RunTime:0.0008s ]
SQL: SELECT * FROM `hy_home_little_classify` WHERE `hc_id` = 3 ORDER BY hlc_sort desc  [ RunTime:0.0008s ]
SQL: SELECT * FROM `hy_home_little_classify` WHERE `hc_id` = 4 ORDER BY hlc_sort desc  [ RunTime:0.0007s ]
SQL: SELECT * FROM `hy_home_little_classify` WHERE `hc_id` = 5 ORDER BY hlc_sort desc  [ RunTime:0.0008s ]
SQL: SELECT * FROM `hy_home_little_classify` WHERE `hc_id` = 6 ORDER BY hlc_sort desc  [ RunTime:0.0007s ]
SQL: SELECT * FROM `hy_home_little_classify` WHERE `hc_id` = 7 ORDER BY hlc_sort desc  [ RunTime:0.0007s ]
SQL: SHOW COLUMNS FROM `hy_all_classify` [ RunTime:0.0085s ]
SQL: SELECT * FROM `hy_all_classify` WHERE `ac_flag` = 1  [ RunTime:0.0008s ]
SQL: SHOW COLUMNS FROM `hy_little_classify` [ RunTime:0.0066s ]
SQL: SHOW COLUMNS FROM `hy_classify_article` [ RunTime:0.0054s ]
SQL: SELECT * FROM `hy_little_classify` WHERE `ac_id` = 1 LIMIT 0,12   [ RunTime:0.0008s ]
SQL: SELECT * FROM `hy_classify_article` WHERE `lc_id` = 1 LIMIT 1   [ RunTime:0.0007s ]
SQL: SELECT * FROM `hy_classify_article` WHERE `lc_id` = 2 LIMIT 1   [ RunTime:0.0008s ]
SQL: SELECT * FROM `hy_classify_article` WHERE `lc_id` = 3 LIMIT 1   [ RunTime:0.0007s ]
SQL: SELECT * FROM `hy_classify_article` WHERE `lc_id` = 4 LIMIT 1   [ RunTime:0.0006s ]
SQL: SELECT * FROM `hy_classify_article` WHERE `lc_id` = 5 LIMIT 1   [ RunTime:0.0007s ]
SQL: SELECT * FROM `hy_classify_article` WHERE `lc_id` = 6 LIMIT 1   [ RunTime:0.0007s ]
SQL: SELECT * FROM `hy_little_classify` WHERE `ac_id` = 2 LIMIT 0,12   [ RunTime:0.0007s ]
SQL: SELECT * FROM `hy_classify_article` WHERE `lc_id` = 7 LIMIT 1   [ RunTime:0.0007s ]
SQL: SELECT * FROM `hy_classify_article` WHERE `lc_id` = 8 LIMIT 1   [ RunTime:0.0008s ]
SQL: SELECT * FROM `hy_classify_article` WHERE `lc_id` = 9 LIMIT 1   [ RunTime:0.0008s ]
SQL: SELECT * FROM `hy_classify_article` WHERE `lc_id` = 10 LIMIT 1   [ RunTime:0.0008s ]
SQL: SELECT * FROM `hy_classify_article` WHERE `lc_id` = 11 LIMIT 1   [ RunTime:0.0008s ]
SQL: SELECT * FROM `hy_classify_article` WHERE `lc_id` = 12 LIMIT 1   [ RunTime:0.0011s ]
SQL: SELECT * FROM `hy_classify_article` WHERE `lc_id` = 13 LIMIT 1   [ RunTime:0.0010s ]
SQL: SELECT * FROM `hy_classify_article` WHERE `lc_id` = 14 LIMIT 1   [ RunTime:0.0007s ]
SQL: SELECT * FROM `hy_classify_article` WHERE `lc_id` = 15 LIMIT 1   [ RunTime:0.0006s ]
SQL: SELECT * FROM `hy_classify_article` WHERE `lc_id` = 16 LIMIT 1   [ RunTime:0.0006s ]
SQL: SELECT * FROM `hy_classify_article` WHERE `lc_id` = 17 LIMIT 1   [ RunTime:0.0007s ]
SQL: SELECT * FROM `hy_classify_article` WHERE `lc_id` = 18 LIMIT 1   [ RunTime:0.0007s ]
SQL: SELECT * FROM `hy_little_classify` WHERE `ac_id` = 3 LIMIT 0,12   [ RunTime:0.0007s ]
SQL: SELECT * FROM `hy_classify_article` WHERE `lc_id` = 19 LIMIT 1   [ RunTime:0.0007s ]
SQL: SELECT * FROM `hy_classify_article` WHERE `lc_id` = 20 LIMIT 1   [ RunTime:0.0007s ]
SQL: SELECT * FROM `hy_classify_article` WHERE `lc_id` = 21 LIMIT 1   [ RunTime:0.0007s ]
SQL: SELECT * FROM `hy_classify_article` WHERE `lc_id` = 22 LIMIT 1   [ RunTime:0.0008s ]
SQL: SELECT * FROM `hy_classify_article` WHERE `lc_id` = 23 LIMIT 1   [ RunTime:0.0007s ]
SQL: SELECT * FROM `hy_classify_article` WHERE `lc_id` = 24 LIMIT 1   [ RunTime:0.0007s ]
SQL: SELECT * FROM `hy_classify_article` WHERE `lc_id` = 25 LIMIT 1   [ RunTime:0.0006s ]
SQL: SELECT * FROM `hy_classify_article` WHERE `lc_id` = 26 LIMIT 1   [ RunTime:0.0007s ]
SQL: SELECT * FROM `hy_classify_article` WHERE `lc_id` = 27 LIMIT 1   [ RunTime:0.0006s ]
SQL: SELECT * FROM `hy_classify_article` WHERE `lc_id` = 28 LIMIT 1   [ RunTime:0.0007s ]
SQL: SELECT * FROM `hy_classify_article` WHERE `lc_id` = 29 LIMIT 1   [ RunTime:0.0007s ]
SQL: SELECT * FROM `hy_classify_article` WHERE `lc_id` = 30 LIMIT 1   [ RunTime:0.0007s ]
SQL: SHOW COLUMNS FROM `hy_all_head` [ RunTime:0.0061s ]
SQL: SELECT * FROM `hy_all_head` ORDER BY ah_sort desc LIMIT 0,3   [ RunTime:0.0008s ]
SQL: SELECT * FROM `hy_classify_article` WHERE `lc_id` = 1 ORDER BY ca_sort desc LIMIT 0,3   [ RunTime:0.0010s ]
INFO: [ view_parse ] --START--
INFO: [ template_filter ] --START--
INFO: Run Behavior\ContentReplaceBehavior [ RunTime:0.000174s ]
INFO: [ template_filter ] --END-- [ RunTime:0.000229s ]
INFO: Run Behavior\ParseTemplateBehavior [ RunTime:0.010172s ]
INFO: [ view_parse ] --END-- [ RunTime:0.010218s ]
INFO: [ view_filter ] --START--
INFO: Run Behavior\WriteHtmlCacheBehavior [ RunTime:0.000263s ]
INFO: [ view_filter ] --END-- [ RunTime:0.000301s ]
INFO: [ app_end ] --START--
INFO: Run Behavior\ShowPageTraceBehavior [ RunTime:0.000498s ]
INFO: [ app_end ] --END-- [ RunTime:0.000546s ]

[ 2018-12-04T17:22:55+08:00 ] 127.0.0.1 /index.php/Mobile/Index/index
INFO: [ app_init ] --START--
INFO: Run Behavior\BuildLiteBehavior [ RunTime:0.000009s ]
INFO: [ app_init ] --END-- [ RunTime:0.000281s ]
INFO: [ app_begin ] --START--
INFO: Run Behavior\ReadHtmlCacheBehavior [ RunTime:0.000315s ]
INFO: [ app_begin ] --END-- [ RunTime:0.000345s ]
SQL: SHOW COLUMNS FROM `hy_nav` [ RunTime:0.0130s ]
SQL: SELECT * FROM `hy_nav` ORDER BY nav_sort desc  [ RunTime:0.0011s ]
NOTIC: [8] Undefined offset: 0 E:\sunzemin\hongyu\Application\Mobile\Controller\IndexController.class.php 第 16 行.
SQL: SHOW COLUMNS FROM `hy_lunbo` [ RunTime:0.0058s ]
SQL: SELECT * FROM `hy_lunbo` WHERE `nav_id` = null ORDER BY lb_sort desc  [ RunTime:0.0009s ]
SQL: SHOW COLUMNS FROM `hy_footer` [ RunTime:0.0059s ]
SQL: SELECT * FROM `hy_footer` LIMIT 1   [ RunTime:0.0010s ]
SQL: SHOW COLUMNS FROM `hy_company_introduce` [ RunTime:0.0065s ]
SQL: SELECT * FROM `hy_company_introduce` LIMIT 1   [ RunTime:0.0008s ]
SQL: SHOW COLUMNS FROM `hy_home_classify` [ RunTime:0.0064s ]
SQL: SELECT * FROM `hy_home_classify` ORDER BY hc_sort desc  [ RunTime:0.0009s ]
SQL: SHOW COLUMNS FROM `hy_home_little_classify` [ RunTime:0.0059s ]
SQL: SELECT * FROM `hy_home_little_classify` WHERE `hc_id` = 1 ORDER BY hlc_sort desc  [ RunTime:0.0009s ]
SQL: SELECT * FROM `hy_home_little_classify` WHERE `hc_id` = 2 ORDER BY hlc_sort desc  [ RunTime:0.0008s ]
SQL: SELECT * FROM `hy_home_little_classify` WHERE `hc_id` = 3 ORDER BY hlc_sort desc  [ RunTime:0.0008s ]
SQL: SELECT * FROM `hy_home_little_classify` WHERE `hc_id` = 4 ORDER BY hlc_sort desc  [ RunTime:0.0008s ]
SQL: SELECT * FROM `hy_home_little_classify` WHERE `hc_id` = 5 ORDER BY hlc_sort desc  [ RunTime:0.0008s ]
SQL: SELECT * FROM `hy_home_little_classify` WHERE `hc_id` = 6 ORDER BY hlc_sort desc  [ RunTime:0.0007s ]
SQL: SELECT * FROM `hy_home_little_classify` WHERE `hc_id` = 7 ORDER BY hlc_sort desc  [ RunTime:0.0008s ]
SQL: SHOW COLUMNS FROM `hy_all_classify` [ RunTime:0.0065s ]
SQL: SELECT * FROM `hy_all_classify` WHERE `ac_flag` = 1  [ RunTime:0.0008s ]
SQL: SHOW COLUMNS FROM `hy_little_classify` [ RunTime:0.0057s ]
SQL: SHOW COLUMNS FROM `hy_classify_article` [ RunTime:0.0058s ]
SQL: SELECT * FROM `hy_little_classify` WHERE `ac_id` = 1 LIMIT 0,12   [ RunTime:0.0008s ]
SQL: SELECT * FROM `hy_classify_article` WHERE `lc_id` = 1 LIMIT 1   [ RunTime:0.0009s ]
SQL: SELECT * FROM `hy_classify_article` WHERE `lc_id` = 2 LIMIT 1   [ RunTime:0.0008s ]
SQL: SELECT * FROM `hy_classify_article` WHERE `lc_id` = 3 LIMIT 1   [ RunTime:0.0008s ]
SQL: SELECT * FROM `hy_classify_article` WHERE `lc_id` = 4 LIMIT 1   [ RunTime:0.0007s ]
SQL: SELECT * FROM `hy_classify_article` WHERE `lc_id` = 5 LIMIT 1   [ RunTime:0.0007s ]
SQL: SELECT * FROM `hy_classify_article` WHERE `lc_id` = 6 LIMIT 1   [ RunTime:0.0007s ]
SQL: SELECT * FROM `hy_little_classify` WHERE `ac_id` = 2 LIMIT 0,12   [ RunTime:0.0010s ]
SQL: SELECT * FROM `hy_classify_article` WHERE `lc_id` = 7 LIMIT 1   [ RunTime:0.0009s ]
SQL: SELECT * FROM `hy_classify_article` WHERE `lc_id` = 8 LIMIT 1   [ RunTime:0.0010s ]
SQL: SELECT * FROM `hy_classify_article` WHERE `lc_id` = 9 LIMIT 1   [ RunTime:0.0008s ]
SQL: SELECT * FROM `hy_classify_article` WHERE `lc_id` = 10 LIMIT 1   [ RunTime:0.0013s ]
SQL: SELECT * FROM `hy_classify_article` WHERE `lc_id` = 11 LIMIT 1   [ RunTime:0.0008s ]
SQL: SELECT * FROM `hy_classify_article` WHERE `lc_id` = 12 LIMIT 1   [ RunTime:0.0009s ]
SQL: SELECT * FROM `hy_classify_article` WHERE `lc_id` = 13 LIMIT 1   [ RunTime:0.0007s ]
SQL: SELECT * FROM `hy_classify_article` WHERE `lc_id` = 14 LIMIT 1   [ RunTime:0.0007s ]
SQL: SELECT * FROM `hy_classify_article` WHERE `lc_id` = 15 LIMIT 1   [ RunTime:0.0007s ]
SQL: SELECT * FROM `hy_classify_article` WHERE `lc_id` = 16 LIMIT 1   [ RunTime:0.0007s ]
SQL: SELECT * FROM `hy_classify_article` WHERE `lc_id` = 17 LIMIT 1   [ RunTime:0.0007s ]
SQL: SELECT * FROM `hy_classify_article` WHERE `lc_id` = 18 LIMIT 1   [ RunTime:0.0007s ]
SQL: SELECT * FROM `hy_little_classify` WHERE `ac_id` = 3 LIMIT 0,12   [ RunTime:0.0007s ]
SQL: SELECT * FROM `hy_classify_article` WHERE `lc_id` = 19 LIMIT 1   [ RunTime:0.0008s ]
SQL: SELECT * FROM `hy_classify_article` WHERE `lc_id` = 20 LIMIT 1   [ RunTime:0.0009s ]
SQL: SELECT * FROM `hy_classify_article` WHERE `lc_id` = 21 LIMIT 1   [ RunTime:0.0007s ]
SQL: SELECT * FROM `hy_classify_article` WHERE `lc_id` = 22 LIMIT 1   [ RunTime:0.0007s ]
SQL: SELECT * FROM `hy_classify_article` WHERE `lc_id` = 23 LIMIT 1   [ RunTime:0.0008s ]
SQL: SELECT * FROM `hy_classify_article` WHERE `lc_id` = 24 LIMIT 1   [ RunTime:0.0007s ]
SQL: SELECT * FROM `hy_classify_article` WHERE `lc_id` = 25 LIMIT 1   [ RunTime:0.0008s ]
SQL: SELECT * FROM `hy_classify_article` WHERE `lc_id` = 26 LIMIT 1   [ RunTime:0.0007s ]
SQL: SELECT * FROM `hy_classify_article` WHERE `lc_id` = 27 LIMIT 1   [ RunTime:0.0007s ]
SQL: SELECT * FROM `hy_classify_article` WHERE `lc_id` = 28 LIMIT 1   [ RunTime:0.0007s ]
SQL: SELECT * FROM `hy_classify_article` WHERE `lc_id` = 29 LIMIT 1   [ RunTime:0.0009s ]
SQL: SELECT * FROM `hy_classify_article` WHERE `lc_id` = 30 LIMIT 1   [ RunTime:0.0008s ]
SQL: SHOW COLUMNS FROM `hy_all_head` [ RunTime:0.0062s ]
SQL: SELECT * FROM `hy_all_head` ORDER BY ah_sort desc LIMIT 0,3   [ RunTime:0.0008s ]
SQL: SELECT * FROM `hy_classify_article` WHERE `lc_id` = 1 ORDER BY ca_sort desc LIMIT 0,3   [ RunTime:0.0009s ]
INFO: [ view_parse ] --START--
INFO: [ template_filter ] --START--
INFO: Run Behavior\ContentReplaceBehavior [ RunTime:0.000121s ]
INFO: [ template_filter ] --END-- [ RunTime:0.000157s ]
INFO: Run Behavior\ParseTemplateBehavior [ RunTime:0.009150s ]
INFO: [ view_parse ] --END-- [ RunTime:0.009203s ]
INFO: [ view_filter ] --START--
INFO: Run Behavior\WriteHtmlCacheBehavior [ RunTime:0.000262s ]
INFO: [ view_filter ] --END-- [ RunTime:0.000301s ]
INFO: [ app_end ] --START--
INFO: Run Behavior\ShowPageTraceBehavior [ RunTime:0.000490s ]
INFO: [ app_end ] --END-- [ RunTime:0.000538s ]

[ 2018-12-04T17:23:34+08:00 ] 127.0.0.1 /index.php/Mobile/Index/index
INFO: [ app_init ] --START--
INFO: Run Behavior\BuildLiteBehavior [ RunTime:0.000009s ]
INFO: [ app_init ] --END-- [ RunTime:0.000259s ]
INFO: [ app_begin ] --START--
INFO: Run Behavior\ReadHtmlCacheBehavior [ RunTime:0.000314s ]
INFO: [ app_begin ] --END-- [ RunTime:0.000344s ]
SQL: SHOW COLUMNS FROM `hy_nav` [ RunTime:0.0139s ]
SQL: SELECT * FROM `hy_nav` ORDER BY nav_sort desc  [ RunTime:0.0009s ]
NOTIC: [8] Undefined offset: 0 E:\sunzemin\hongyu\Application\Mobile\Controller\IndexController.class.php 第 16 行.
SQL: SHOW COLUMNS FROM `hy_lunbo` [ RunTime:0.0061s ]
SQL: SELECT * FROM `hy_lunbo` WHERE `nav_id` = null ORDER BY lb_sort desc  [ RunTime:0.0008s ]
SQL: SHOW COLUMNS FROM `hy_footer` [ RunTime:0.0061s ]
SQL: SELECT * FROM `hy_footer` LIMIT 1   [ RunTime:0.0011s ]
SQL: SHOW COLUMNS FROM `hy_company_introduce` [ RunTime:0.0065s ]
SQL: SELECT * FROM `hy_company_introduce` LIMIT 1   [ RunTime:0.0008s ]
SQL: SHOW COLUMNS FROM `hy_home_classify` [ RunTime:0.0057s ]
SQL: SELECT * FROM `hy_home_classify` ORDER BY hc_sort desc  [ RunTime:0.0009s ]
SQL: SHOW COLUMNS FROM `hy_home_little_classify` [ RunTime:0.0061s ]
SQL: SELECT * FROM `hy_home_little_classify` WHERE `hc_id` = 1 ORDER BY hlc_sort desc  [ RunTime:0.0007s ]
SQL: SELECT * FROM `hy_home_little_classify` WHERE `hc_id` = 2 ORDER BY hlc_sort desc  [ RunTime:0.0008s ]
SQL: SELECT * FROM `hy_home_little_classify` WHERE `hc_id` = 3 ORDER BY hlc_sort desc  [ RunTime:0.0007s ]
SQL: SELECT * FROM `hy_home_little_classify` WHERE `hc_id` = 4 ORDER BY hlc_sort desc  [ RunTime:0.0008s ]
SQL: SELECT * FROM `hy_home_little_classify` WHERE `hc_id` = 5 ORDER BY hlc_sort desc  [ RunTime:0.0010s ]
SQL: SELECT * FROM `hy_home_little_classify` WHERE `hc_id` = 6 ORDER BY hlc_sort desc  [ RunTime:0.0007s ]
SQL: SELECT * FROM `hy_home_little_classify` WHERE `hc_id` = 7 ORDER BY hlc_sort desc  [ RunTime:0.0009s ]
SQL: SHOW COLUMNS FROM `hy_all_classify` [ RunTime:0.0052s ]
SQL: SELECT * FROM `hy_all_classify` WHERE `ac_flag` = 1  [ RunTime:0.0010s ]
SQL: SHOW COLUMNS FROM `hy_little_classify` [ RunTime:0.0064s ]
SQL: SHOW COLUMNS FROM `hy_classify_article` [ RunTime:0.0058s ]
SQL: SELECT * FROM `hy_little_classify` WHERE `ac_id` = 1 LIMIT 0,12   [ RunTime:0.0008s ]
SQL: SELECT * FROM `hy_classify_article` WHERE `lc_id` = 1 LIMIT 1   [ RunTime:0.0009s ]
SQL: SELECT * FROM `hy_classify_article` WHERE `lc_id` = 2 LIMIT 1   [ RunTime:0.0007s ]
SQL: SELECT * FROM `hy_classify_article` WHERE `lc_id` = 3 LIMIT 1   [ RunTime:0.0008s ]
SQL: SELECT * FROM `hy_classify_article` WHERE `lc_id` = 4 LIMIT 1   [ RunTime:0.0008s ]
SQL: SELECT * FROM `hy_classify_article` WHERE `lc_id` = 5 LIMIT 1   [ RunTime:0.0008s ]
SQL: SELECT * FROM `hy_classify_article` WHERE `lc_id` = 6 LIMIT 1   [ RunTime:0.0008s ]
SQL: SELECT * FROM `hy_little_classify` WHERE `ac_id` = 2 LIMIT 0,12   [ RunTime:0.0008s ]
SQL: SELECT * FROM `hy_classify_article` WHERE `lc_id` = 7 LIMIT 1   [ RunTime:0.0007s ]
SQL: SELECT * FROM `hy_classify_article` WHERE `lc_id` = 8 LIMIT 1   [ RunTime:0.0007s ]
SQL: SELECT * FROM `hy_classify_article` WHERE `lc_id` = 9 LIMIT 1   [ RunTime:0.0007s ]
SQL: SELECT * FROM `hy_classify_article` WHERE `lc_id` = 10 LIMIT 1   [ RunTime:0.0007s ]
SQL: SELECT * FROM `hy_classify_article` WHERE `lc_id` = 11 LIMIT 1   [ RunTime:0.0006s ]
SQL: SELECT * FROM `hy_classify_article` WHERE `lc_id` = 12 LIMIT 1   [ RunTime:0.0007s ]
SQL: SELECT * FROM `hy_classify_article` WHERE `lc_id` = 13 LIMIT 1   [ RunTime:0.0006s ]
SQL: SELECT * FROM `hy_classify_article` WHERE `lc_id` = 14 LIMIT 1   [ RunTime:0.0007s ]
SQL: SELECT * FROM `hy_classify_article` WHERE `lc_id` = 15 LIMIT 1   [ RunTime:0.0007s ]
SQL: SELECT * FROM `hy_classify_article` WHERE `lc_id` = 16 LIMIT 1   [ RunTime:0.0011s ]
SQL: SELECT * FROM `hy_classify_article` WHERE `lc_id` = 17 LIMIT 1   [ RunTime:0.0010s ]
SQL: SELECT * FROM `hy_classify_article` WHERE `lc_id` = 18 LIMIT 1   [ RunTime:0.0007s ]
SQL: SELECT * FROM `hy_little_classify` WHERE `ac_id` = 3 LIMIT 0,12   [ RunTime:0.0007s ]
SQL: SELECT * FROM `hy_classify_article` WHERE `lc_id` = 19 LIMIT 1   [ RunTime:0.0006s ]
SQL: SELECT * FROM `hy_classify_article` WHERE `lc_id` = 20 LIMIT 1   [ RunTime:0.0007s ]
SQL: SELECT * FROM `hy_classify_article` WHERE `lc_id` = 21 LIMIT 1   [ RunTime:0.0006s ]
SQL: SELECT * FROM `hy_classify_article` WHERE `lc_id` = 22 LIMIT 1   [ RunTime:0.0007s ]
SQL: SELECT * FROM `hy_classify_article` WHERE `lc_id` = 23 LIMIT 1   [ RunTime:0.0006s ]
SQL: SELECT * FROM `hy_classify_article` WHERE `lc_id` = 24 LIMIT 1   [ RunTime:0.0007s ]
SQL: SELECT * FROM `hy_classify_article` WHERE `lc_id` = 25 LIMIT 1   [ RunTime:0.0006s ]
SQL: SELECT * FROM `hy_classify_article` WHERE `lc_id` = 26 LIMIT 1   [ RunTime:0.0008s ]
SQL: SELECT * FROM `hy_classify_article` WHERE `lc_id` = 27 LIMIT 1   [ RunTime:0.0007s ]
SQL: SELECT * FROM `hy_classify_article` WHERE `lc_id` = 28 LIMIT 1   [ RunTime:0.0007s ]
SQL: SELECT * FROM `hy_classify_article` WHERE `lc_id` = 29 LIMIT 1   [ RunTime:0.0006s ]
SQL: SELECT * FROM `hy_classify_article` WHERE `lc_id` = 30 LIMIT 1   [ RunTime:0.0007s ]
SQL: SHOW COLUMNS FROM `hy_all_head` [ RunTime:0.0063s ]
SQL: SELECT * FROM `hy_all_head` ORDER BY ah_sort desc LIMIT 0,3   [ RunTime:0.0009s ]
SQL: SELECT * FROM `hy_classify_article` WHERE `lc_id` = 1 ORDER BY ca_sort desc LIMIT 0,3   [ RunTime:0.0009s ]
INFO: [ view_parse ] --START--
INFO: [ template_filter ] --START--
INFO: Run Behavior\ContentReplaceBehavior [ RunTime:0.000212s ]
INFO: [ template_filter ] --END-- [ RunTime:0.000297s ]
INFO: Run Behavior\ParseTemplateBehavior [ RunTime:0.011903s ]
INFO: [ view_parse ] --END-- [ RunTime:0.011952s ]
INFO: [ view_filter ] --START--
INFO: Run Behavior\WriteHtmlCacheBehavior [ RunTime:0.000267s ]
INFO: [ view_filter ] --END-- [ RunTime:0.000299s ]
INFO: [ app_end ] --START--
INFO: Run Behavior\ShowPageTraceBehavior [ RunTime:0.000486s ]
INFO: [ app_end ] --END-- [ RunTime:0.000538s ]

[ 2018-12-04T17:24:28+08:00 ] 127.0.0.1 /index.php/Mobile/Index/index
INFO: [ app_init ] --START--
INFO: Run Behavior\BuildLiteBehavior [ RunTime:0.000013s ]
INFO: [ app_init ] --END-- [ RunTime:0.000425s ]
INFO: [ app_begin ] --START--
INFO: Run Behavior\ReadHtmlCacheBehavior [ RunTime:0.000531s ]
INFO: [ app_begin ] --END-- [ RunTime:0.000581s ]
SQL: SHOW COLUMNS FROM `hy_nav` [ RunTime:0.0142s ]
SQL: SELECT * FROM `hy_nav` WHERE `nav_fid` = 0 ORDER BY nav_sort desc  [ RunTime:0.0011s ]
SQL: SELECT * FROM `hy_nav` WHERE `nav_fid` = 1 ORDER BY nav_sort desc  [ RunTime:0.0009s ]
SQL: SELECT * FROM `hy_nav` WHERE `nav_fid` = 2 ORDER BY nav_sort desc  [ RunTime:0.0008s ]
SQL: SELECT * FROM `hy_nav` WHERE `nav_fid` = 3 ORDER BY nav_sort desc  [ RunTime:0.0007s ]
SQL: SELECT * FROM `hy_nav` WHERE `nav_fid` = 4 ORDER BY nav_sort desc  [ RunTime:0.0008s ]
SQL: SELECT * FROM `hy_nav` WHERE `nav_fid` = 5 ORDER BY nav_sort desc  [ RunTime:0.0007s ]
SQL: SELECT * FROM `hy_nav` WHERE `nav_fid` = 6 ORDER BY nav_sort desc  [ RunTime:0.0007s ]
SQL: SHOW COLUMNS FROM `hy_lunbo` [ RunTime:0.0056s ]
SQL: SELECT * FROM `hy_lunbo` WHERE `nav_id` = 1 ORDER BY lb_sort desc  [ RunTime:0.0009s ]
SQL: SHOW COLUMNS FROM `hy_footer` [ RunTime:0.0048s ]
SQL: SELECT * FROM `hy_footer` LIMIT 1   [ RunTime:0.0007s ]
SQL: SHOW COLUMNS FROM `hy_company_introduce` [ RunTime:0.0047s ]
SQL: SELECT * FROM `hy_company_introduce` LIMIT 1   [ RunTime:0.0007s ]
SQL: SHOW COLUMNS FROM `hy_home_classify` [ RunTime:0.0059s ]
SQL: SELECT * FROM `hy_home_classify` ORDER BY hc_sort desc  [ RunTime:0.0008s ]
SQL: SHOW COLUMNS FROM `hy_home_little_classify` [ RunTime:0.0050s ]
SQL: SELECT * FROM `hy_home_little_classify` WHERE `hc_id` = 1 ORDER BY hlc_sort desc  [ RunTime:0.0011s ]
SQL: SELECT * FROM `hy_home_little_classify` WHERE `hc_id` = 2 ORDER BY hlc_sort desc  [ RunTime:0.0007s ]
SQL: SELECT * FROM `hy_home_little_classify` WHERE `hc_id` = 3 ORDER BY hlc_sort desc  [ RunTime:0.0008s ]
SQL: SELECT * FROM `hy_home_little_classify` WHERE `hc_id` = 4 ORDER BY hlc_sort desc  [ RunTime:0.0008s ]
SQL: SELECT * FROM `hy_home_little_classify` WHERE `hc_id` = 5 ORDER BY hlc_sort desc  [ RunTime:0.0007s ]
SQL: SELECT * FROM `hy_home_little_classify` WHERE `hc_id` = 6 ORDER BY hlc_sort desc  [ RunTime:0.0007s ]
SQL: SELECT * FROM `hy_home_little_classify` WHERE `hc_id` = 7 ORDER BY hlc_sort desc  [ RunTime:0.0008s ]
SQL: SHOW COLUMNS FROM `hy_all_classify` [ RunTime:0.0057s ]
SQL: SELECT * FROM `hy_all_classify` WHERE `ac_flag` = 1  [ RunTime:0.0009s ]
SQL: SHOW COLUMNS FROM `hy_little_classify` [ RunTime:0.0050s ]
SQL: SHOW COLUMNS FROM `hy_classify_article` [ RunTime:0.0060s ]
SQL: SELECT * FROM `hy_little_classify` WHERE `ac_id` = 1 LIMIT 0,12   [ RunTime:0.0008s ]
SQL: SELECT * FROM `hy_classify_article` WHERE `lc_id` = 1 LIMIT 1   [ RunTime:0.0007s ]
SQL: SELECT * FROM `hy_classify_article` WHERE `lc_id` = 2 LIMIT 1   [ RunTime:0.0009s ]
SQL: SELECT * FROM `hy_classify_article` WHERE `lc_id` = 3 LIMIT 1   [ RunTime:0.0010s ]
SQL: SELECT * FROM `hy_classify_article` WHERE `lc_id` = 4 LIMIT 1   [ RunTime:0.0008s ]
SQL: SELECT * FROM `hy_classify_article` WHERE `lc_id` = 5 LIMIT 1   [ RunTime:0.0007s ]
SQL: SELECT * FROM `hy_classify_article` WHERE `lc_id` = 6 LIMIT 1   [ RunTime:0.0009s ]
SQL: SELECT * FROM `hy_little_classify` WHERE `ac_id` = 2 LIMIT 0,12   [ RunTime:0.0009s ]
SQL: SELECT * FROM `hy_classify_article` WHERE `lc_id` = 7 LIMIT 1   [ RunTime:0.0008s ]
SQL: SELECT * FROM `hy_classify_article` WHERE `lc_id` = 8 LIMIT 1   [ RunTime:0.0008s ]
SQL: SELECT * FROM `hy_classify_article` WHERE `lc_id` = 9 LIMIT 1   [ RunTime:0.0008s ]
SQL: SELECT * FROM `hy_classify_article` WHERE `lc_id` = 10 LIMIT 1   [ RunTime:0.0008s ]
SQL: SELECT * FROM `hy_classify_article` WHERE `lc_id` = 11 LIMIT 1   [ RunTime:0.0009s ]
SQL: SELECT * FROM `hy_classify_article` WHERE `lc_id` = 12 LIMIT 1   [ RunTime:0.0007s ]
SQL: SELECT * FROM `hy_classify_article` WHERE `lc_id` = 13 LIMIT 1   [ RunTime:0.0008s ]
SQL: SELECT * FROM `hy_classify_article` WHERE `lc_id` = 14 LIMIT 1   [ RunTime:0.0008s ]
SQL: SELECT * FROM `hy_classify_article` WHERE `lc_id` = 15 LIMIT 1   [ RunTime:0.0009s ]
SQL: SELECT * FROM `hy_classify_article` WHERE `lc_id` = 16 LIMIT 1   [ RunTime:0.0010s ]
SQL: SELECT * FROM `hy_classify_article` WHERE `lc_id` = 17 LIMIT 1   [ RunTime:0.0009s ]
SQL: SELECT * FROM `hy_classify_article` WHERE `lc_id` = 18 LIMIT 1   [ RunTime:0.0009s ]
SQL: SELECT * FROM `hy_little_classify` WHERE `ac_id` = 3 LIMIT 0,12   [ RunTime:0.0008s ]
SQL: SELECT * FROM `hy_classify_article` WHERE `lc_id` = 19 LIMIT 1   [ RunTime:0.0008s ]
SQL: SELECT * FROM `hy_classify_article` WHERE `lc_id` = 20 LIMIT 1   [ RunTime:0.0008s ]
SQL: SELECT * FROM `hy_classify_article` WHERE `lc_id` = 21 LIMIT 1   [ RunTime:0.0009s ]
SQL: SELECT * FROM `hy_classify_article` WHERE `lc_id` = 22 LIMIT 1   [ RunTime:0.0008s ]
SQL: SELECT * FROM `hy_classify_article` WHERE `lc_id` = 23 LIMIT 1   [ RunTime:0.0008s ]
SQL: SELECT * FROM `hy_classify_article` WHERE `lc_id` = 24 LIMIT 1   [ RunTime:0.0007s ]
SQL: SELECT * FROM `hy_classify_article` WHERE `lc_id` = 25 LIMIT 1   [ RunTime:0.0008s ]
SQL: SELECT * FROM `hy_classify_article` WHERE `lc_id` = 26 LIMIT 1   [ RunTime:0.0007s ]
SQL: SELECT * FROM `hy_classify_article` WHERE `lc_id` = 27 LIMIT 1   [ RunTime:0.0007s ]
SQL: SELECT * FROM `hy_classify_article` WHERE `lc_id` = 28 LIMIT 1   [ RunTime:0.0007s ]
SQL: SELECT * FROM `hy_classify_article` WHERE `lc_id` = 29 LIMIT 1   [ RunTime:0.0008s ]
SQL: SELECT * FROM `hy_classify_article` WHERE `lc_id` = 30 LIMIT 1   [ RunTime:0.0009s ]
SQL: SHOW COLUMNS FROM `hy_all_head` [ RunTime:0.0058s ]
SQL: SELECT * FROM `hy_all_head` ORDER BY ah_sort desc LIMIT 0,3   [ RunTime:0.0008s ]
SQL: SELECT * FROM `hy_classify_article` WHERE `lc_id` = 1 ORDER BY ca_sort desc LIMIT 0,3   [ RunTime:0.0009s ]
INFO: [ view_parse ] --START--
INFO: [ template_filter ] --START--
INFO: Run Behavior\ContentReplaceBehavior [ RunTime:0.000159s ]
INFO: [ template_filter ] --END-- [ RunTime:0.000210s ]
INFO: Run Behavior\ParseTemplateBehavior [ RunTime:0.013236s ]
INFO: [ view_parse ] --END-- [ RunTime:0.013289s ]
INFO: [ view_filter ] --START--
INFO: Run Behavior\WriteHtmlCacheBehavior [ RunTime:0.000324s ]
INFO: [ view_filter ] --END-- [ RunTime:0.000364s ]
INFO: [ app_end ] --START--
INFO: Run Behavior\ShowPageTraceBehavior [ RunTime:0.000619s ]
INFO: [ app_end ] --END-- [ RunTime:0.000662s ]

[ 2018-12-04T17:24:52+08:00 ] 127.0.0.1 /index.php/Mobile/Index/index
INFO: [ app_init ] --START--
INFO: Run Behavior\BuildLiteBehavior [ RunTime:0.000007s ]
INFO: [ app_init ] --END-- [ RunTime:0.000246s ]
INFO: [ app_begin ] --START--
INFO: Run Behavior\ReadHtmlCacheBehavior [ RunTime:0.000301s ]
INFO: [ app_begin ] --END-- [ RunTime:0.000331s ]
SQL: SHOW COLUMNS FROM `hy_nav` [ RunTime:0.0063s ]
SQL: SELECT * FROM `hy_nav` WHERE `nav_fid` = 0 ORDER BY nav_sort desc  [ RunTime:0.0020s ]
SQL: SELECT * FROM `hy_nav` WHERE `nav_fid` = 1 ORDER BY nav_sort desc  [ RunTime:0.0009s ]
SQL: SELECT * FROM `hy_nav` WHERE `nav_fid` = 2 ORDER BY nav_sort desc  [ RunTime:0.0010s ]
SQL: SELECT * FROM `hy_nav` WHERE `nav_fid` = 3 ORDER BY nav_sort desc  [ RunTime:0.0008s ]
SQL: SELECT * FROM `hy_nav` WHERE `nav_fid` = 4 ORDER BY nav_sort desc  [ RunTime:0.0009s ]
SQL: SELECT * FROM `hy_nav` WHERE `nav_fid` = 5 ORDER BY nav_sort desc  [ RunTime:0.0008s ]
SQL: SELECT * FROM `hy_nav` WHERE `nav_fid` = 6 ORDER BY nav_sort desc  [ RunTime:0.0009s ]
SQL: SHOW COLUMNS FROM `hy_lunbo` [ RunTime:0.0063s ]
SQL: SELECT * FROM `hy_lunbo` WHERE `nav_id` = 1 ORDER BY lb_sort desc  [ RunTime:0.0010s ]
SQL: SHOW COLUMNS FROM `hy_footer` [ RunTime:0.0064s ]
SQL: SELECT * FROM `hy_footer` LIMIT 1   [ RunTime:0.0008s ]
SQL: SHOW COLUMNS FROM `hy_company_introduce` [ RunTime:0.0067s ]
SQL: SELECT * FROM `hy_company_introduce` LIMIT 1   [ RunTime:0.0008s ]
SQL: SHOW COLUMNS FROM `hy_home_classify` [ RunTime:0.0068s ]
SQL: SELECT * FROM `hy_home_classify` ORDER BY hc_sort desc  [ RunTime:0.0008s ]
SQL: SHOW COLUMNS FROM `hy_home_little_classify` [ RunTime:0.0051s ]
SQL: SELECT * FROM `hy_home_little_classify` WHERE `hc_id` = 1 ORDER BY hlc_sort desc  [ RunTime:0.0009s ]
SQL: SELECT * FROM `hy_home_little_classify` WHERE `hc_id` = 2 ORDER BY hlc_sort desc  [ RunTime:0.0008s ]
SQL: SELECT * FROM `hy_home_little_classify` WHERE `hc_id` = 3 ORDER BY hlc_sort desc  [ RunTime:0.0008s ]
SQL: SELECT * FROM `hy_home_little_classify` WHERE `hc_id` = 4 ORDER BY hlc_sort desc  [ RunTime:0.0010s ]
SQL: SELECT * FROM `hy_home_little_classify` WHERE `hc_id` = 5 ORDER BY hlc_sort desc  [ RunTime:0.0010s ]
SQL: SELECT * FROM `hy_home_little_classify` WHERE `hc_id` = 6 ORDER BY hlc_sort desc  [ RunTime:0.0012s ]
SQL: SELECT * FROM `hy_home_little_classify` WHERE `hc_id` = 7 ORDER BY hlc_sort desc  [ RunTime:0.0008s ]
SQL: SHOW COLUMNS FROM `hy_all_classify` [ RunTime:0.0062s ]
SQL: SELECT * FROM `hy_all_classify` WHERE `ac_flag` = 1  [ RunTime:0.0007s ]
SQL: SHOW COLUMNS FROM `hy_little_classify` [ RunTime:0.0062s ]
SQL: SHOW COLUMNS FROM `hy_classify_article` [ RunTime:0.0057s ]
SQL: SELECT * FROM `hy_little_classify` WHERE `ac_id` = 1 LIMIT 0,12   [ RunTime:0.0008s ]
SQL: SELECT * FROM `hy_classify_article` WHERE `lc_id` = 1 LIMIT 1   [ RunTime:0.0007s ]
SQL: SELECT * FROM `hy_classify_article` WHERE `lc_id` = 2 LIMIT 1   [ RunTime:0.0007s ]
SQL: SELECT * FROM `hy_classify_article` WHERE `lc_id` = 3 LIMIT 1   [ RunTime:0.0007s ]
SQL: SELECT * FROM `hy_classify_article` WHERE `lc_id` = 4 LIMIT 1   [ RunTime:0.0007s ]
SQL: SELECT * FROM `hy_classify_article` WHERE `lc_id` = 5 LIMIT 1   [ RunTime:0.0007s ]
SQL: SELECT * FROM `hy_classify_article` WHERE `lc_id` = 6 LIMIT 1   [ RunTime:0.0007s ]
SQL: SELECT * FROM `hy_little_classify` WHERE `ac_id` = 2 LIMIT 0,12   [ RunTime:0.0006s ]
SQL: SELECT * FROM `hy_classify_article` WHERE `lc_id` = 7 LIMIT 1   [ RunTime:0.0007s ]
SQL: SELECT * FROM `hy_classify_article` WHERE `lc_id` = 8 LIMIT 1   [ RunTime:0.0008s ]
SQL: SELECT * FROM `hy_classify_article` WHERE `lc_id` = 9 LIMIT 1   [ RunTime:0.0008s ]
SQL: SELECT * FROM `hy_classify_article` WHERE `lc_id` = 10 LIMIT 1   [ RunTime:0.0008s ]
SQL: SELECT * FROM `hy_classify_article` WHERE `lc_id` = 11 LIMIT 1   [ RunTime:0.0008s ]
SQL: SELECT * FROM `hy_classify_article` WHERE `lc_id` = 12 LIMIT 1   [ RunTime:0.0007s ]
SQL: SELECT * FROM `hy_classify_article` WHERE `lc_id` = 13 LIMIT 1   [ RunTime:0.0007s ]
SQL: SELECT * FROM `hy_classify_article` WHERE `lc_id` = 14 LIMIT 1   [ RunTime:0.0007s ]
SQL: SELECT * FROM `hy_classify_article` WHERE `lc_id` = 15 LIMIT 1   [ RunTime:0.0007s ]
SQL: SELECT * FROM `hy_classify_article` WHERE `lc_id` = 16 LIMIT 1   [ RunTime:0.0011s ]
SQL: SELECT * FROM `hy_classify_article` WHERE `lc_id` = 17 LIMIT 1   [ RunTime:0.0010s ]
SQL: SELECT * FROM `hy_classify_article` WHERE `lc_id` = 18 LIMIT 1   [ RunTime:0.0007s ]
SQL: SELECT * FROM `hy_little_classify` WHERE `ac_id` = 3 LIMIT 0,12   [ RunTime:0.0008s ]
SQL: SELECT * FROM `hy_classify_article` WHERE `lc_id` = 19 LIMIT 1   [ RunTime:0.0006s ]
SQL: SELECT * FROM `hy_classify_article` WHERE `lc_id` = 20 LIMIT 1   [ RunTime:0.0007s ]
SQL: SELECT * FROM `hy_classify_article` WHERE `lc_id` = 21 LIMIT 1   [ RunTime:0.0007s ]
SQL: SELECT * FROM `hy_classify_article` WHERE `lc_id` = 22 LIMIT 1   [ RunTime:0.0007s ]
SQL: SELECT * FROM `hy_classify_article` WHERE `lc_id` = 23 LIMIT 1   [ RunTime:0.0007s ]
SQL: SELECT * FROM `hy_classify_article` WHERE `lc_id` = 24 LIMIT 1   [ RunTime:0.0007s ]
SQL: SELECT * FROM `hy_classify_article` WHERE `lc_id` = 25 LIMIT 1   [ RunTime:0.0008s ]
SQL: SELECT * FROM `hy_classify_article` WHERE `lc_id` = 26 LIMIT 1   [ RunTime:0.0011s ]
SQL: SELECT * FROM `hy_classify_article` WHERE `lc_id` = 27 LIMIT 1   [ RunTime:0.0008s ]
SQL: SELECT * FROM `hy_classify_article` WHERE `lc_id` = 28 LIMIT 1   [ RunTime:0.0007s ]
SQL: SELECT * FROM `hy_classify_article` WHERE `lc_id` = 29 LIMIT 1   [ RunTime:0.0007s ]
SQL: SELECT * FROM `hy_classify_article` WHERE `lc_id` = 30 LIMIT 1   [ RunTime:0.0006s ]
SQL: SHOW COLUMNS FROM `hy_all_head` [ RunTime:0.0048s ]
SQL: SELECT * FROM `hy_all_head` ORDER BY ah_sort desc LIMIT 0,3   [ RunTime:0.0007s ]
SQL: SELECT * FROM `hy_classify_article` WHERE `lc_id` = 1 ORDER BY ca_sort desc LIMIT 0,3   [ RunTime:0.0008s ]
INFO: [ view_parse ] --START--
INFO: [ template_filter ] --START--
INFO: Run Behavior\ContentReplaceBehavior [ RunTime:0.000120s ]
INFO: [ template_filter ] --END-- [ RunTime:0.000153s ]
INFO: Run Behavior\ParseTemplateBehavior [ RunTime:0.009380s ]
INFO: [ view_parse ] --END-- [ RunTime:0.009432s ]
INFO: [ view_filter ] --START--
INFO: Run Behavior\WriteHtmlCacheBehavior [ RunTime:0.000255s ]
INFO: [ view_filter ] --END-- [ RunTime:0.000291s ]
INFO: [ app_end ] --START--
INFO: Run Behavior\ShowPageTraceBehavior [ RunTime:0.000484s ]
INFO: [ app_end ] --END-- [ RunTime:0.000535s ]

[ 2018-12-04T17:27:33+08:00 ] 127.0.0.1 /index.php/Mobile/Index/index
INFO: [ app_init ] --START--
INFO: Run Behavior\BuildLiteBehavior [ RunTime:0.000008s ]
INFO: [ app_init ] --END-- [ RunTime:0.000553s ]
INFO: [ app_begin ] --START--
INFO: Run Behavior\ReadHtmlCacheBehavior [ RunTime:0.000381s ]
INFO: [ app_begin ] --END-- [ RunTime:0.000418s ]
SQL: SHOW COLUMNS FROM `hy_nav` [ RunTime:0.0142s ]
SQL: SELECT * FROM `hy_nav` WHERE `nav_fid` = 0 ORDER BY nav_sort desc  [ RunTime:0.0010s ]
SQL: SELECT * FROM `hy_nav` WHERE `nav_fid` = 1 ORDER BY nav_sort desc  [ RunTime:0.0008s ]
SQL: SELECT * FROM `hy_nav` WHERE `nav_fid` = 2 ORDER BY nav_sort desc  [ RunTime:0.0012s ]
SQL: SELECT * FROM `hy_nav` WHERE `nav_fid` = 3 ORDER BY nav_sort desc  [ RunTime:0.0012s ]
SQL: SELECT * FROM `hy_nav` WHERE `nav_fid` = 4 ORDER BY nav_sort desc  [ RunTime:0.0009s ]
SQL: SELECT * FROM `hy_nav` WHERE `nav_fid` = 5 ORDER BY nav_sort desc  [ RunTime:0.0011s ]
SQL: SELECT * FROM `hy_nav` WHERE `nav_fid` = 6 ORDER BY nav_sort desc  [ RunTime:0.0007s ]
SQL: SHOW COLUMNS FROM `hy_lunbo` [ RunTime:0.0057s ]
SQL: SELECT * FROM `hy_lunbo` WHERE `nav_id` = 1 ORDER BY lb_sort desc  [ RunTime:0.0013s ]
SQL: SHOW COLUMNS FROM `hy_footer` [ RunTime:0.0049s ]
SQL: SELECT * FROM `hy_footer` LIMIT 1   [ RunTime:0.0008s ]
SQL: SHOW COLUMNS FROM `hy_company_introduce` [ RunTime:0.0052s ]
SQL: SELECT * FROM `hy_company_introduce` LIMIT 1   [ RunTime:0.0008s ]
SQL: SHOW COLUMNS FROM `hy_home_classify` [ RunTime:0.0062s ]
SQL: SELECT * FROM `hy_home_classify` ORDER BY hc_sort desc  [ RunTime:0.0009s ]
SQL: SHOW COLUMNS FROM `hy_home_little_classify` [ RunTime:0.0063s ]
SQL: SELECT * FROM `hy_home_little_classify` WHERE `hc_id` = 1 ORDER BY hlc_sort desc  [ RunTime:0.0008s ]
SQL: SELECT * FROM `hy_home_little_classify` WHERE `hc_id` = 2 ORDER BY hlc_sort desc  [ RunTime:0.0007s ]
SQL: SELECT * FROM `hy_home_little_classify` WHERE `hc_id` = 3 ORDER BY hlc_sort desc  [ RunTime:0.0010s ]
SQL: SELECT * FROM `hy_home_little_classify` WHERE `hc_id` = 4 ORDER BY hlc_sort desc  [ RunTime:0.0008s ]
SQL: SELECT * FROM `hy_home_little_classify` WHERE `hc_id` = 5 ORDER BY hlc_sort desc  [ RunTime:0.0009s ]
SQL: SELECT * FROM `hy_home_little_classify` WHERE `hc_id` = 6 ORDER BY hlc_sort desc  [ RunTime:0.0009s ]
SQL: SELECT * FROM `hy_home_little_classify` WHERE `hc_id` = 7 ORDER BY hlc_sort desc  [ RunTime:0.0008s ]
SQL: SHOW COLUMNS FROM `hy_all_classify` [ RunTime:0.0054s ]
SQL: SELECT * FROM `hy_all_classify` WHERE `ac_flag` = 1  [ RunTime:0.0007s ]
SQL: SHOW COLUMNS FROM `hy_little_classify` [ RunTime:0.0060s ]
SQL: SHOW COLUMNS FROM `hy_classify_article` [ RunTime:0.0071s ]
SQL: SELECT * FROM `hy_little_classify` WHERE `ac_id` = 1 LIMIT 0,12   [ RunTime:0.0016s ]
SQL: SELECT * FROM `hy_classify_article` WHERE `lc_id` = 1 LIMIT 1   [ RunTime:0.0007s ]
SQL: SELECT * FROM `hy_classify_article` WHERE `lc_id` = 2 LIMIT 1   [ RunTime:0.0008s ]
SQL: SELECT * FROM `hy_classify_article` WHERE `lc_id` = 3 LIMIT 1   [ RunTime:0.0007s ]
SQL: SELECT * FROM `hy_classify_article` WHERE `lc_id` = 4 LIMIT 1   [ RunTime:0.0007s ]
SQL: SELECT * FROM `hy_classify_article` WHERE `lc_id` = 5 LIMIT 1   [ RunTime:0.0007s ]
SQL: SELECT * FROM `hy_classify_article` WHERE `lc_id` = 6 LIMIT 1   [ RunTime:0.0007s ]
SQL: SELECT * FROM `hy_little_classify` WHERE `ac_id` = 2 LIMIT 0,12   [ RunTime:0.0008s ]
SQL: SELECT * FROM `hy_classify_article` WHERE `lc_id` = 7 LIMIT 1   [ RunTime:0.0007s ]
SQL: SELECT * FROM `hy_classify_article` WHERE `lc_id` = 8 LIMIT 1   [ RunTime:0.0012s ]
SQL: SELECT * FROM `hy_classify_article` WHERE `lc_id` = 9 LIMIT 1   [ RunTime:0.0007s ]
SQL: SELECT * FROM `hy_classify_article` WHERE `lc_id` = 10 LIMIT 1   [ RunTime:0.0007s ]
SQL: SELECT * FROM `hy_classify_article` WHERE `lc_id` = 11 LIMIT 1   [ RunTime:0.0008s ]
SQL: SELECT * FROM `hy_classify_article` WHERE `lc_id` = 12 LIMIT 1   [ RunTime:0.0008s ]
SQL: SELECT * FROM `hy_classify_article` WHERE `lc_id` = 13 LIMIT 1   [ RunTime:0.0008s ]
SQL: SELECT * FROM `hy_classify_article` WHERE `lc_id` = 14 LIMIT 1   [ RunTime:0.0008s ]
SQL: SELECT * FROM `hy_classify_article` WHERE `lc_id` = 15 LIMIT 1   [ RunTime:0.0011s ]
SQL: SELECT * FROM `hy_classify_article` WHERE `lc_id` = 16 LIMIT 1   [ RunTime:0.0008s ]
SQL: SELECT * FROM `hy_classify_article` WHERE `lc_id` = 17 LIMIT 1   [ RunTime:0.0008s ]
SQL: SELECT * FROM `hy_classify_article` WHERE `lc_id` = 18 LIMIT 1   [ RunTime:0.0008s ]
SQL: SELECT * FROM `hy_little_classify` WHERE `ac_id` = 3 LIMIT 0,12   [ RunTime:0.0008s ]
SQL: SELECT * FROM `hy_classify_article` WHERE `lc_id` = 19 LIMIT 1   [ RunTime:0.0008s ]
SQL: SELECT * FROM `hy_classify_article` WHERE `lc_id` = 20 LIMIT 1   [ RunTime:0.0008s ]
SQL: SELECT * FROM `hy_classify_article` WHERE `lc_id` = 21 LIMIT 1   [ RunTime:0.0009s ]
SQL: SELECT * FROM `hy_classify_article` WHERE `lc_id` = 22 LIMIT 1   [ RunTime:0.0008s ]
SQL: SELECT * FROM `hy_classify_article` WHERE `lc_id` = 23 LIMIT 1   [ RunTime:0.0009s ]
SQL: SELECT * FROM `hy_classify_article` WHERE `lc_id` = 24 LIMIT 1   [ RunTime:0.0009s ]
SQL: SELECT * FROM `hy_classify_article` WHERE `lc_id` = 25 LIMIT 1   [ RunTime:0.0007s ]
SQL: SELECT * FROM `hy_classify_article` WHERE `lc_id` = 26 LIMIT 1   [ RunTime:0.0007s ]
SQL: SELECT * FROM `hy_classify_article` WHERE `lc_id` = 27 LIMIT 1   [ RunTime:0.0007s ]
SQL: SELECT * FROM `hy_classify_article` WHERE `lc_id` = 28 LIMIT 1   [ RunTime:0.0008s ]
SQL: SELECT * FROM `hy_classify_article` WHERE `lc_id` = 29 LIMIT 1   [ RunTime:0.0009s ]
SQL: SELECT * FROM `hy_classify_article` WHERE `lc_id` = 30 LIMIT 1   [ RunTime:0.0007s ]
SQL: SHOW COLUMNS FROM `hy_all_head` [ RunTime:0.0063s ]
SQL: SELECT * FROM `hy_all_head` ORDER BY ah_sort desc LIMIT 0,3   [ RunTime:0.0010s ]
SQL: SELECT * FROM `hy_classify_article` WHERE `lc_id` = 1 ORDER BY ca_sort desc LIMIT 0,3   [ RunTime:0.0010s ]
INFO: [ view_parse ] --START--
INFO: [ template_filter ] --START--
INFO: Run Behavior\ContentReplaceBehavior [ RunTime:0.000179s ]
INFO: [ template_filter ] --END-- [ RunTime:0.000252s ]
INFO: Run Behavior\ParseTemplateBehavior [ RunTime:0.026037s ]
INFO: [ view_parse ] --END-- [ RunTime:0.026091s ]
INFO: [ view_filter ] --START--
INFO: Run Behavior\WriteHtmlCacheBehavior [ RunTime:0.000402s ]
INFO: [ view_filter ] --END-- [ RunTime:0.000442s ]
INFO: [ app_end ] --START--
INFO: Run Behavior\ShowPageTraceBehavior [ RunTime:0.000751s ]
INFO: [ app_end ] --END-- [ RunTime:0.000813s ]

[ 2018-12-04T17:29:06+08:00 ] 127.0.0.1 /index.php/Mobile/Index/index
INFO: [ app_init ] --START--
INFO: Run Behavior\BuildLiteBehavior [ RunTime:0.000010s ]
INFO: [ app_init ] --END-- [ RunTime:0.000320s ]
INFO: [ app_begin ] --START--
INFO: Run Behavior\ReadHtmlCacheBehavior [ RunTime:0.000368s ]
INFO: [ app_begin ] --END-- [ RunTime:0.000399s ]
SQL: SHOW COLUMNS FROM `hy_nav` [ RunTime:0.0058s ]
SQL: SELECT * FROM `hy_nav` WHERE `nav_fid` = 0 ORDER BY nav_sort desc  [ RunTime:0.0010s ]
SQL: SELECT * FROM `hy_nav` WHERE `nav_fid` = 1 ORDER BY nav_sort desc  [ RunTime:0.0009s ]
SQL: SELECT * FROM `hy_nav` WHERE `nav_fid` = 2 ORDER BY nav_sort desc  [ RunTime:0.0010s ]
SQL: SELECT * FROM `hy_nav` WHERE `nav_fid` = 3 ORDER BY nav_sort desc  [ RunTime:0.0010s ]
SQL: SELECT * FROM `hy_nav` WHERE `nav_fid` = 4 ORDER BY nav_sort desc  [ RunTime:0.0008s ]
SQL: SELECT * FROM `hy_nav` WHERE `nav_fid` = 5 ORDER BY nav_sort desc  [ RunTime:0.0008s ]
SQL: SELECT * FROM `hy_nav` WHERE `nav_fid` = 6 ORDER BY nav_sort desc  [ RunTime:0.0008s ]
SQL: SHOW COLUMNS FROM `hy_lunbo` [ RunTime:0.0069s ]
SQL: SELECT * FROM `hy_lunbo` WHERE `nav_id` = 1 ORDER BY lb_sort desc  [ RunTime:0.0009s ]
SQL: SHOW COLUMNS FROM `hy_footer` [ RunTime:0.0054s ]
SQL: SELECT * FROM `hy_footer` LIMIT 1   [ RunTime:0.0009s ]
SQL: SHOW COLUMNS FROM `hy_company_introduce` [ RunTime:0.0069s ]
SQL: SELECT * FROM `hy_company_introduce` LIMIT 1   [ RunTime:0.0008s ]
SQL: SHOW COLUMNS FROM `hy_home_classify` [ RunTime:0.0065s ]
SQL: SELECT * FROM `hy_home_classify` ORDER BY hc_sort desc  [ RunTime:0.0009s ]
SQL: SHOW COLUMNS FROM `hy_home_little_classify` [ RunTime:0.0059s ]
SQL: SELECT * FROM `hy_home_little_classify` WHERE `hc_id` = 1 ORDER BY hlc_sort desc  [ RunTime:0.0008s ]
SQL: SELECT * FROM `hy_home_little_classify` WHERE `hc_id` = 2 ORDER BY hlc_sort desc  [ RunTime:0.0008s ]
SQL: SELECT * FROM `hy_home_little_classify` WHERE `hc_id` = 3 ORDER BY hlc_sort desc  [ RunTime:0.0007s ]
SQL: SELECT * FROM `hy_home_little_classify` WHERE `hc_id` = 4 ORDER BY hlc_sort desc  [ RunTime:0.0009s ]
SQL: SELECT * FROM `hy_home_little_classify` WHERE `hc_id` = 5 ORDER BY hlc_sort desc  [ RunTime:0.0007s ]
SQL: SELECT * FROM `hy_home_little_classify` WHERE `hc_id` = 6 ORDER BY hlc_sort desc  [ RunTime:0.0006s ]
SQL: SELECT * FROM `hy_home_little_classify` WHERE `hc_id` = 7 ORDER BY hlc_sort desc  [ RunTime:0.0008s ]
SQL: SHOW COLUMNS FROM `hy_all_classify` [ RunTime:0.0057s ]
SQL: SELECT * FROM `hy_all_classify` WHERE `ac_flag` = 1  [ RunTime:0.0009s ]
SQL: SHOW COLUMNS FROM `hy_little_classify` [ RunTime:0.0047s ]
SQL: SHOW COLUMNS FROM `hy_classify_article` [ RunTime:0.0054s ]
SQL: SELECT * FROM `hy_little_classify` WHERE `ac_id` = 1 LIMIT 0,12   [ RunTime:0.0007s ]
SQL: SELECT * FROM `hy_classify_article` WHERE `lc_id` = 1 LIMIT 1   [ RunTime:0.0006s ]
SQL: SELECT * FROM `hy_classify_article` WHERE `lc_id` = 2 LIMIT 1   [ RunTime:0.0008s ]
SQL: SELECT * FROM `hy_classify_article` WHERE `lc_id` = 3 LIMIT 1   [ RunTime:0.0007s ]
SQL: SELECT * FROM `hy_classify_article` WHERE `lc_id` = 4 LIMIT 1   [ RunTime:0.0009s ]
SQL: SELECT * FROM `hy_classify_article` WHERE `lc_id` = 5 LIMIT 1   [ RunTime:0.0007s ]
SQL: SELECT * FROM `hy_classify_article` WHERE `lc_id` = 6 LIMIT 1   [ RunTime:0.0007s ]
SQL: SELECT * FROM `hy_little_classify` WHERE `ac_id` = 2 LIMIT 0,12   [ RunTime:0.0007s ]
SQL: SELECT * FROM `hy_classify_article` WHERE `lc_id` = 7 LIMIT 1   [ RunTime:0.0007s ]
SQL: SELECT * FROM `hy_classify_article` WHERE `lc_id` = 8 LIMIT 1   [ RunTime:0.0007s ]
SQL: SELECT * FROM `hy_classify_article` WHERE `lc_id` = 9 LIMIT 1   [ RunTime:0.0007s ]
SQL: SELECT * FROM `hy_classify_article` WHERE `lc_id` = 10 LIMIT 1   [ RunTime:0.0006s ]
SQL: SELECT * FROM `hy_classify_article` WHERE `lc_id` = 11 LIMIT 1   [ RunTime:0.0007s ]
SQL: SELECT * FROM `hy_classify_article` WHERE `lc_id` = 12 LIMIT 1   [ RunTime:0.0006s ]
SQL: SELECT * FROM `hy_classify_article` WHERE `lc_id` = 13 LIMIT 1   [ RunTime:0.0007s ]
SQL: SELECT * FROM `hy_classify_article` WHERE `lc_id` = 14 LIMIT 1   [ RunTime:0.0007s ]
SQL: SELECT * FROM `hy_classify_article` WHERE `lc_id` = 15 LIMIT 1   [ RunTime:0.0010s ]
SQL: SELECT * FROM `hy_classify_article` WHERE `lc_id` = 16 LIMIT 1   [ RunTime:0.0008s ]
SQL: SELECT * FROM `hy_classify_article` WHERE `lc_id` = 17 LIMIT 1   [ RunTime:0.0007s ]
SQL: SELECT * FROM `hy_classify_article` WHERE `lc_id` = 18 LIMIT 1   [ RunTime:0.0007s ]
SQL: SELECT * FROM `hy_little_classify` WHERE `ac_id` = 3 LIMIT 0,12   [ RunTime:0.0007s ]
SQL: SELECT * FROM `hy_classify_article` WHERE `lc_id` = 19 LIMIT 1   [ RunTime:0.0007s ]
SQL: SELECT * FROM `hy_classify_article` WHERE `lc_id` = 20 LIMIT 1   [ RunTime:0.0011s ]
SQL: SELECT * FROM `hy_classify_article` WHERE `lc_id` = 21 LIMIT 1   [ RunTime:0.0007s ]
SQL: SELECT * FROM `hy_classify_article` WHERE `lc_id` = 22 LIMIT 1   [ RunTime:0.0006s ]
SQL: SELECT * FROM `hy_classify_article` WHERE `lc_id` = 23 LIMIT 1   [ RunTime:0.0006s ]
SQL: SELECT * FROM `hy_classify_article` WHERE `lc_id` = 24 LIMIT 1   [ RunTime:0.0006s ]
SQL: SELECT * FROM `hy_classify_article` WHERE `lc_id` = 25 LIMIT 1   [ RunTime:0.0007s ]
SQL: SELECT * FROM `hy_classify_article` WHERE `lc_id` = 26 LIMIT 1   [ RunTime:0.0007s ]
SQL: SELECT * FROM `hy_classify_article` WHERE `lc_id` = 27 LIMIT 1   [ RunTime:0.0007s ]
SQL: SELECT * FROM `hy_classify_article` WHERE `lc_id` = 28 LIMIT 1   [ RunTime:0.0006s ]
SQL: SELECT * FROM `hy_classify_article` WHERE `lc_id` = 29 LIMIT 1   [ RunTime:0.0007s ]
SQL: SELECT * FROM `hy_classify_article` WHERE `lc_id` = 30 LIMIT 1   [ RunTime:0.0007s ]
SQL: SHOW COLUMNS FROM `hy_all_head` [ RunTime:0.0047s ]
SQL: SELECT * FROM `hy_all_head` ORDER BY ah_sort desc LIMIT 0,3   [ RunTime:0.0007s ]
SQL: SELECT * FROM `hy_classify_article` WHERE `lc_id` = 1 ORDER BY ca_sort desc LIMIT 0,3   [ RunTime:0.0009s ]
INFO: [ view_parse ] --START--
INFO: [ template_filter ] --START--
INFO: Run Behavior\ContentReplaceBehavior [ RunTime:0.000089s ]
INFO: [ template_filter ] --END-- [ RunTime:0.000122s ]
INFO: Run Behavior\ParseTemplateBehavior [ RunTime:0.009887s ]
INFO: [ view_parse ] --END-- [ RunTime:0.009935s ]
INFO: [ view_filter ] --START--
INFO: Run Behavior\WriteHtmlCacheBehavior [ RunTime:0.000206s ]
INFO: [ view_filter ] --END-- [ RunTime:0.000230s ]
INFO: [ app_end ] --START--
INFO: Run Behavior\ShowPageTraceBehavior [ RunTime:0.000508s ]
INFO: [ app_end ] --END-- [ RunTime:0.000569s ]

[ 2018-12-04T17:33:09+08:00 ] 127.0.0.1 /index.php/Mobile/Index/index
INFO: [ app_init ] --START--
INFO: Run Behavior\BuildLiteBehavior [ RunTime:0.000012s ]
INFO: [ app_init ] --END-- [ RunTime:0.000567s ]
INFO: [ app_begin ] --START--
INFO: Run Behavior\ReadHtmlCacheBehavior [ RunTime:0.000506s ]
INFO: [ app_begin ] --END-- [ RunTime:0.000546s ]
SQL: SHOW COLUMNS FROM `hy_nav` [ RunTime:0.0059s ]
SQL: SELECT * FROM `hy_nav` WHERE `nav_fid` = 0 ORDER BY nav_sort desc  [ RunTime:0.0010s ]
SQL: SELECT * FROM `hy_nav` WHERE `nav_fid` = 1 ORDER BY nav_sort desc  [ RunTime:0.0010s ]
SQL: SELECT * FROM `hy_nav` WHERE `nav_fid` = 2 ORDER BY nav_sort desc  [ RunTime:0.0009s ]
SQL: SELECT * FROM `hy_nav` WHERE `nav_fid` = 3 ORDER BY nav_sort desc  [ RunTime:0.0008s ]
SQL: SELECT * FROM `hy_nav` WHERE `nav_fid` = 4 ORDER BY nav_sort desc  [ RunTime:0.0008s ]
SQL: SELECT * FROM `hy_nav` WHERE `nav_fid` = 5 ORDER BY nav_sort desc  [ RunTime:0.0010s ]
SQL: SELECT * FROM `hy_nav` WHERE `nav_fid` = 6 ORDER BY nav_sort desc  [ RunTime:0.0008s ]
SQL: SHOW COLUMNS FROM `hy_lunbo` [ RunTime:0.0063s ]
SQL: SELECT * FROM `hy_lunbo` WHERE `nav_id` = 1 ORDER BY lb_sort desc  [ RunTime:0.0010s ]
SQL: SHOW COLUMNS FROM `hy_footer` [ RunTime:0.0064s ]
SQL: SELECT * FROM `hy_footer` LIMIT 1   [ RunTime:0.0009s ]
SQL: SHOW COLUMNS FROM `hy_company_introduce` [ RunTime:0.0053s ]
SQL: SELECT * FROM `hy_company_introduce` LIMIT 1   [ RunTime:0.0009s ]
SQL: SHOW COLUMNS FROM `hy_home_classify` [ RunTime:0.0068s ]
SQL: SELECT * FROM `hy_home_classify` ORDER BY hc_sort desc  [ RunTime:0.0008s ]
SQL: SHOW COLUMNS FROM `hy_home_little_classify` [ RunTime:0.0060s ]
SQL: SELECT * FROM `hy_home_little_classify` WHERE `hc_id` = 1 ORDER BY hlc_sort desc  [ RunTime:0.0009s ]
SQL: SELECT * FROM `hy_home_little_classify` WHERE `hc_id` = 2 ORDER BY hlc_sort desc  [ RunTime:0.0009s ]
SQL: SELECT * FROM `hy_home_little_classify` WHERE `hc_id` = 3 ORDER BY hlc_sort desc  [ RunTime:0.0009s ]
SQL: SELECT * FROM `hy_home_little_classify` WHERE `hc_id` = 4 ORDER BY hlc_sort desc  [ RunTime:0.0011s ]
SQL: SELECT * FROM `hy_home_little_classify` WHERE `hc_id` = 5 ORDER BY hlc_sort desc  [ RunTime:0.0009s ]
SQL: SELECT * FROM `hy_home_little_classify` WHERE `hc_id` = 6 ORDER BY hlc_sort desc  [ RunTime:0.0009s ]
SQL: SELECT * FROM `hy_home_little_classify` WHERE `hc_id` = 7 ORDER BY hlc_sort desc  [ RunTime:0.0008s ]
SQL: SHOW COLUMNS FROM `hy_all_classify` [ RunTime:0.0050s ]
SQL: SELECT * FROM `hy_all_classify` WHERE `ac_flag` = 1  [ RunTime:0.0008s ]
SQL: SHOW COLUMNS FROM `hy_little_classify` [ RunTime:0.0076s ]
SQL: SHOW COLUMNS FROM `hy_classify_article` [ RunTime:0.0063s ]
SQL: SELECT * FROM `hy_little_classify` WHERE `ac_id` = 1 LIMIT 0,12   [ RunTime:0.0009s ]
SQL: SELECT * FROM `hy_classify_article` WHERE `lc_id` = 1 LIMIT 1   [ RunTime:0.0007s ]
SQL: SELECT * FROM `hy_classify_article` WHERE `lc_id` = 2 LIMIT 1   [ RunTime:0.0007s ]
SQL: SELECT * FROM `hy_classify_article` WHERE `lc_id` = 3 LIMIT 1   [ RunTime:0.0009s ]
SQL: SELECT * FROM `hy_classify_article` WHERE `lc_id` = 4 LIMIT 1   [ RunTime:0.0008s ]
SQL: SELECT * FROM `hy_classify_article` WHERE `lc_id` = 5 LIMIT 1   [ RunTime:0.0007s ]
SQL: SELECT * FROM `hy_classify_article` WHERE `lc_id` = 6 LIMIT 1   [ RunTime:0.0008s ]
SQL: SELECT * FROM `hy_little_classify` WHERE `ac_id` = 2 LIMIT 0,12   [ RunTime:0.0009s ]
SQL: SELECT * FROM `hy_classify_article` WHERE `lc_id` = 7 LIMIT 1   [ RunTime:0.0009s ]
SQL: SELECT * FROM `hy_classify_article` WHERE `lc_id` = 8 LIMIT 1   [ RunTime:0.0008s ]
SQL: SELECT * FROM `hy_classify_article` WHERE `lc_id` = 9 LIMIT 1   [ RunTime:0.0010s ]
SQL: SELECT * FROM `hy_classify_article` WHERE `lc_id` = 10 LIMIT 1   [ RunTime:0.0009s ]
SQL: SELECT * FROM `hy_classify_article` WHERE `lc_id` = 11 LIMIT 1   [ RunTime:0.0010s ]
SQL: SELECT * FROM `hy_classify_article` WHERE `lc_id` = 12 LIMIT 1   [ RunTime:0.0008s ]
SQL: SELECT * FROM `hy_classify_article` WHERE `lc_id` = 13 LIMIT 1   [ RunTime:0.0008s ]
SQL: SELECT * FROM `hy_classify_article` WHERE `lc_id` = 14 LIMIT 1   [ RunTime:0.0009s ]
SQL: SELECT * FROM `hy_classify_article` WHERE `lc_id` = 15 LIMIT 1   [ RunTime:0.0008s ]
SQL: SELECT * FROM `hy_classify_article` WHERE `lc_id` = 16 LIMIT 1   [ RunTime:0.0009s ]
SQL: SELECT * FROM `hy_classify_article` WHERE `lc_id` = 17 LIMIT 1   [ RunTime:0.0006s ]
SQL: SELECT * FROM `hy_classify_article` WHERE `lc_id` = 18 LIMIT 1   [ RunTime:0.0006s ]
SQL: SELECT * FROM `hy_little_classify` WHERE `ac_id` = 3 LIMIT 0,12   [ RunTime:0.0008s ]
SQL: SELECT * FROM `hy_classify_article` WHERE `lc_id` = 19 LIMIT 1   [ RunTime:0.0008s ]
SQL: SELECT * FROM `hy_classify_article` WHERE `lc_id` = 20 LIMIT 1   [ RunTime:0.0010s ]
SQL: SELECT * FROM `hy_classify_article` WHERE `lc_id` = 21 LIMIT 1   [ RunTime:0.0008s ]
SQL: SELECT * FROM `hy_classify_article` WHERE `lc_id` = 22 LIMIT 1   [ RunTime:0.0009s ]
SQL: SELECT * FROM `hy_classify_article` WHERE `lc_id` = 23 LIMIT 1   [ RunTime:0.0010s ]
SQL: SELECT * FROM `hy_classify_article` WHERE `lc_id` = 24 LIMIT 1   [ RunTime:0.0007s ]
SQL: SELECT * FROM `hy_classify_article` WHERE `lc_id` = 25 LIMIT 1   [ RunTime:0.0007s ]
SQL: SELECT * FROM `hy_classify_article` WHERE `lc_id` = 26 LIMIT 1   [ RunTime:0.0008s ]
SQL: SELECT * FROM `hy_classify_article` WHERE `lc_id` = 27 LIMIT 1   [ RunTime:0.0007s ]
SQL: SELECT * FROM `hy_classify_article` WHERE `lc_id` = 28 LIMIT 1   [ RunTime:0.0007s ]
SQL: SELECT * FROM `hy_classify_article` WHERE `lc_id` = 29 LIMIT 1   [ RunTime:0.0007s ]
SQL: SELECT * FROM `hy_classify_article` WHERE `lc_id` = 30 LIMIT 1   [ RunTime:0.0008s ]
SQL: SHOW COLUMNS FROM `hy_all_head` [ RunTime:0.0058s ]
SQL: SELECT * FROM `hy_all_head` ORDER BY ah_sort desc LIMIT 0,3   [ RunTime:0.0009s ]
SQL: SELECT * FROM `hy_classify_article` WHERE `lc_id` = 1 ORDER BY ca_sort desc LIMIT 0,3   [ RunTime:0.0008s ]
INFO: [ view_parse ] --START--
INFO: [ template_filter ] --START--
INFO: Run Behavior\ContentReplaceBehavior [ RunTime:0.000089s ]
INFO: [ template_filter ] --END-- [ RunTime:0.000145s ]
INFO: Run Behavior\ParseTemplateBehavior [ RunTime:0.014737s ]
INFO: [ view_parse ] --END-- [ RunTime:0.014788s ]
INFO: [ view_filter ] --START--
INFO: Run Behavior\WriteHtmlCacheBehavior [ RunTime:0.000352s ]
INFO: [ view_filter ] --END-- [ RunTime:0.000393s ]
INFO: [ app_end ] --START--
INFO: Run Behavior\ShowPageTraceBehavior [ RunTime:0.000627s ]
INFO: [ app_end ] --END-- [ RunTime:0.000677s ]

[ 2018-12-04T17:33:32+08:00 ] 127.0.0.1 /index.php/Mobile/Index/index
INFO: [ app_init ] --START--
INFO: Run Behavior\BuildLiteBehavior [ RunTime:0.000014s ]
INFO: [ app_init ] --END-- [ RunTime:0.000384s ]
INFO: [ app_begin ] --START--
INFO: Run Behavior\ReadHtmlCacheBehavior [ RunTime:0.000773s ]
INFO: [ app_begin ] --END-- [ RunTime:0.000866s ]
SQL: SHOW COLUMNS FROM `hy_nav` [ RunTime:0.0068s ]
SQL: SELECT * FROM `hy_nav` WHERE `nav_fid` = 0 ORDER BY nav_sort desc  [ RunTime:0.0009s ]
SQL: SELECT * FROM `hy_nav` WHERE `nav_fid` = 1 ORDER BY nav_sort desc  [ RunTime:0.0011s ]
SQL: SELECT * FROM `hy_nav` WHERE `nav_fid` = 2 ORDER BY nav_sort desc  [ RunTime:0.0008s ]
SQL: SELECT * FROM `hy_nav` WHERE `nav_fid` = 3 ORDER BY nav_sort desc  [ RunTime:0.0009s ]
SQL: SELECT * FROM `hy_nav` WHERE `nav_fid` = 4 ORDER BY nav_sort desc  [ RunTime:0.0009s ]
SQL: SELECT * FROM `hy_nav` WHERE `nav_fid` = 5 ORDER BY nav_sort desc  [ RunTime:0.0008s ]
SQL: SELECT * FROM `hy_nav` WHERE `nav_fid` = 6 ORDER BY nav_sort desc  [ RunTime:0.0009s ]
SQL: SHOW COLUMNS FROM `hy_lunbo` [ RunTime:0.0054s ]
SQL: SELECT * FROM `hy_lunbo` WHERE `nav_id` = 1 ORDER BY lb_sort desc  [ RunTime:0.0008s ]
SQL: SHOW COLUMNS FROM `hy_footer` [ RunTime:0.0053s ]
SQL: SELECT * FROM `hy_footer` LIMIT 1   [ RunTime:0.0010s ]
SQL: SHOW COLUMNS FROM `hy_company_introduce` [ RunTime:0.0058s ]
SQL: SELECT * FROM `hy_company_introduce` LIMIT 1   [ RunTime:0.0009s ]
SQL: SHOW COLUMNS FROM `hy_home_classify` [ RunTime:0.0058s ]
SQL: SELECT * FROM `hy_home_classify` ORDER BY hc_sort desc  [ RunTime:0.0010s ]
SQL: SHOW COLUMNS FROM `hy_home_little_classify` [ RunTime:0.0056s ]
SQL: SELECT * FROM `hy_home_little_classify` WHERE `hc_id` = 1 ORDER BY hlc_sort desc  [ RunTime:0.0009s ]
SQL: SELECT * FROM `hy_home_little_classify` WHERE `hc_id` = 2 ORDER BY hlc_sort desc  [ RunTime:0.0009s ]
SQL: SELECT * FROM `hy_home_little_classify` WHERE `hc_id` = 3 ORDER BY hlc_sort desc  [ RunTime:0.0010s ]
SQL: SELECT * FROM `hy_home_little_classify` WHERE `hc_id` = 4 ORDER BY hlc_sort desc  [ RunTime:0.0009s ]
SQL: SELECT * FROM `hy_home_little_classify` WHERE `hc_id` = 5 ORDER BY hlc_sort desc  [ RunTime:0.0008s ]
SQL: SELECT * FROM `hy_home_little_classify` WHERE `hc_id` = 6 ORDER BY hlc_sort desc  [ RunTime:0.0008s ]
SQL: SELECT * FROM `hy_home_little_classify` WHERE `hc_id` = 7 ORDER BY hlc_sort desc  [ RunTime:0.0009s ]
SQL: SHOW COLUMNS FROM `hy_all_classify` [ RunTime:0.0059s ]
SQL: SELECT * FROM `hy_all_classify` WHERE `ac_flag` = 1  [ RunTime:0.0009s ]
SQL: SHOW COLUMNS FROM `hy_little_classify` [ RunTime:0.0060s ]
SQL: SHOW COLUMNS FROM `hy_classify_article` [ RunTime:0.0054s ]
SQL: SELECT * FROM `hy_little_classify` WHERE `ac_id` = 1 LIMIT 0,12   [ RunTime:0.0008s ]
SQL: SELECT * FROM `hy_classify_article` WHERE `lc_id` = 1 LIMIT 1   [ RunTime:0.0008s ]
SQL: SELECT * FROM `hy_classify_article` WHERE `lc_id` = 2 LIMIT 1   [ RunTime:0.0008s ]
SQL: SELECT * FROM `hy_classify_article` WHERE `lc_id` = 3 LIMIT 1   [ RunTime:0.0009s ]
SQL: SELECT * FROM `hy_classify_article` WHERE `lc_id` = 4 LIMIT 1   [ RunTime:0.0008s ]
SQL: SELECT * FROM `hy_classify_article` WHERE `lc_id` = 5 LIMIT 1   [ RunTime:0.0011s ]
SQL: SELECT * FROM `hy_classify_article` WHERE `lc_id` = 6 LIMIT 1   [ RunTime:0.0010s ]
SQL: SELECT * FROM `hy_little_classify` WHERE `ac_id` = 2 LIMIT 0,12   [ RunTime:0.0009s ]
SQL: SELECT * FROM `hy_classify_article` WHERE `lc_id` = 7 LIMIT 1   [ RunTime:0.0008s ]
SQL: SELECT * FROM `hy_classify_article` WHERE `lc_id` = 8 LIMIT 1   [ RunTime:0.0009s ]
SQL: SELECT * FROM `hy_classify_article` WHERE `lc_id` = 9 LIMIT 1   [ RunTime:0.0008s ]
SQL: SELECT * FROM `hy_classify_article` WHERE `lc_id` = 10 LIMIT 1   [ RunTime:0.0008s ]
SQL: SELECT * FROM `hy_classify_article` WHERE `lc_id` = 11 LIMIT 1   [ RunTime:0.0008s ]
SQL: SELECT * FROM `hy_classify_article` WHERE `lc_id` = 12 LIMIT 1   [ RunTime:0.0007s ]
SQL: SELECT * FROM `hy_classify_article` WHERE `lc_id` = 13 LIMIT 1   [ RunTime:0.0007s ]
SQL: SELECT * FROM `hy_classify_article` WHERE `lc_id` = 14 LIMIT 1   [ RunTime:0.0007s ]
SQL: SELECT * FROM `hy_classify_article` WHERE `lc_id` = 15 LIMIT 1   [ RunTime:0.0007s ]
SQL: SELECT * FROM `hy_classify_article` WHERE `lc_id` = 16 LIMIT 1   [ RunTime:0.0007s ]
SQL: SELECT * FROM `hy_classify_article` WHERE `lc_id` = 17 LIMIT 1   [ RunTime:0.0006s ]
SQL: SELECT * FROM `hy_classify_article` WHERE `lc_id` = 18 LIMIT 1   [ RunTime:0.0007s ]
SQL: SELECT * FROM `hy_little_classify` WHERE `ac_id` = 3 LIMIT 0,12   [ RunTime:0.0008s ]
SQL: SELECT * FROM `hy_classify_article` WHERE `lc_id` = 19 LIMIT 1   [ RunTime:0.0008s ]
SQL: SELECT * FROM `hy_classify_article` WHERE `lc_id` = 20 LIMIT 1   [ RunTime:0.0009s ]
SQL: SELECT * FROM `hy_classify_article` WHERE `lc_id` = 21 LIMIT 1   [ RunTime:0.0009s ]
SQL: SELECT * FROM `hy_classify_article` WHERE `lc_id` = 22 LIMIT 1   [ RunTime:0.0008s ]
SQL: SELECT * FROM `hy_classify_article` WHERE `lc_id` = 23 LIMIT 1   [ RunTime:0.0008s ]
SQL: SELECT * FROM `hy_classify_article` WHERE `lc_id` = 24 LIMIT 1   [ RunTime:0.0007s ]
SQL: SELECT * FROM `hy_classify_article` WHERE `lc_id` = 25 LIMIT 1   [ RunTime:0.0011s ]
SQL: SELECT * FROM `hy_classify_article` WHERE `lc_id` = 26 LIMIT 1   [ RunTime:0.0007s ]
SQL: SELECT * FROM `hy_classify_article` WHERE `lc_id` = 27 LIMIT 1   [ RunTime:0.0008s ]
SQL: SELECT * FROM `hy_classify_article` WHERE `lc_id` = 28 LIMIT 1   [ RunTime:0.0008s ]
SQL: SELECT * FROM `hy_classify_article` WHERE `lc_id` = 29 LIMIT 1   [ RunTime:0.0008s ]
SQL: SELECT * FROM `hy_classify_article` WHERE `lc_id` = 30 LIMIT 1   [ RunTime:0.0008s ]
SQL: SHOW COLUMNS FROM `hy_all_head` [ RunTime:0.0052s ]
SQL: SELECT * FROM `hy_all_head` ORDER BY ah_sort desc LIMIT 0,3   [ RunTime:0.0008s ]
SQL: SELECT * FROM `hy_classify_article` WHERE `lc_id` = 1 ORDER BY ca_sort desc LIMIT 0,3   [ RunTime:0.0008s ]
INFO: [ view_parse ] --START--
INFO: [ template_filter ] --START--
INFO: Run Behavior\ContentReplaceBehavior [ RunTime:0.000087s ]
INFO: [ template_filter ] --END-- [ RunTime:0.000119s ]
INFO: Run Behavior\ParseTemplateBehavior [ RunTime:0.011314s ]
INFO: [ view_parse ] --END-- [ RunTime:0.011385s ]
INFO: [ view_filter ] --START--
INFO: Run Behavior\WriteHtmlCacheBehavior [ RunTime:0.000234s ]
INFO: [ view_filter ] --END-- [ RunTime:0.000284s ]
INFO: [ app_end ] --START--
INFO: Run Behavior\ShowPageTraceBehavior [ RunTime:0.000506s ]
INFO: [ app_end ] --END-- [ RunTime:0.000573s ]

[ 2018-12-04T17:51:32+08:00 ] 127.0.0.1 /index.php/Mobile/Index/index
INFO: [ app_init ] --START--
INFO: Run Behavior\BuildLiteBehavior [ RunTime:0.000012s ]
INFO: [ app_init ] --END-- [ RunTime:0.000547s ]
INFO: [ app_begin ] --START--
INFO: Run Behavior\ReadHtmlCacheBehavior [ RunTime:0.000599s ]
INFO: [ app_begin ] --END-- [ RunTime:0.000654s ]
SQL: SHOW COLUMNS FROM `hy_nav` [ RunTime:0.0129s ]
SQL: SELECT * FROM `hy_nav` WHERE `nav_fid` = 0 ORDER BY nav_sort desc  [ RunTime:0.0009s ]
SQL: SELECT * FROM `hy_nav` WHERE `nav_fid` = 1 ORDER BY nav_sort desc  [ RunTime:0.0007s ]
SQL: SELECT * FROM `hy_nav` WHERE `nav_fid` = 2 ORDER BY nav_sort desc  [ RunTime:0.0009s ]
SQL: SELECT * FROM `hy_nav` WHERE `nav_fid` = 3 ORDER BY nav_sort desc  [ RunTime:0.0008s ]
SQL: SELECT * FROM `hy_nav` WHERE `nav_fid` = 4 ORDER BY nav_sort desc  [ RunTime:0.0007s ]
SQL: SELECT * FROM `hy_nav` WHERE `nav_fid` = 5 ORDER BY nav_sort desc  [ RunTime:0.0007s ]
SQL: SELECT * FROM `hy_nav` WHERE `nav_fid` = 6 ORDER BY nav_sort desc  [ RunTime:0.0009s ]
SQL: SHOW COLUMNS FROM `hy_lunbo` [ RunTime:0.0064s ]
SQL: SELECT * FROM `hy_lunbo` WHERE `nav_id` = 1 ORDER BY lb_sort desc  [ RunTime:0.0009s ]
SQL: SHOW COLUMNS FROM `hy_footer` [ RunTime:0.0057s ]
SQL: SELECT * FROM `hy_footer` LIMIT 1   [ RunTime:0.0009s ]
SQL: SHOW COLUMNS FROM `hy_company_introduce` [ RunTime:0.0060s ]
SQL: SELECT * FROM `hy_company_introduce` LIMIT 1   [ RunTime:0.0008s ]
SQL: SHOW COLUMNS FROM `hy_home_classify` [ RunTime:0.0052s ]
SQL: SELECT * FROM `hy_home_classify` ORDER BY hc_sort desc  [ RunTime:0.0008s ]
SQL: SHOW COLUMNS FROM `hy_home_little_classify` [ RunTime:0.0069s ]
SQL: SELECT * FROM `hy_home_little_classify` WHERE `hc_id` = 1 ORDER BY hlc_sort desc  [ RunTime:0.0008s ]
SQL: SELECT * FROM `hy_home_little_classify` WHERE `hc_id` = 2 ORDER BY hlc_sort desc  [ RunTime:0.0007s ]
SQL: SELECT * FROM `hy_home_little_classify` WHERE `hc_id` = 3 ORDER BY hlc_sort desc  [ RunTime:0.0007s ]
SQL: SELECT * FROM `hy_home_little_classify` WHERE `hc_id` = 4 ORDER BY hlc_sort desc  [ RunTime:0.0009s ]
SQL: SELECT * FROM `hy_home_little_classify` WHERE `hc_id` = 5 ORDER BY hlc_sort desc  [ RunTime:0.0007s ]
SQL: SELECT * FROM `hy_home_little_classify` WHERE `hc_id` = 6 ORDER BY hlc_sort desc  [ RunTime:0.0006s ]
SQL: SELECT * FROM `hy_home_little_classify` WHERE `hc_id` = 7 ORDER BY hlc_sort desc  [ RunTime:0.0007s ]
SQL: SHOW COLUMNS FROM `hy_all_classify` [ RunTime:0.0063s ]
SQL: SELECT * FROM `hy_all_classify` WHERE `ac_flag` = 1  [ RunTime:0.0012s ]
SQL: SHOW COLUMNS FROM `hy_little_classify` [ RunTime:0.0071s ]
SQL: SHOW COLUMNS FROM `hy_classify_article` [ RunTime:0.0080s ]
SQL: SELECT * FROM `hy_little_classify` WHERE `ac_id` = 1 LIMIT 0,12   [ RunTime:0.0008s ]
SQL: SELECT * FROM `hy_classify_article` WHERE `lc_id` = 1 LIMIT 1   [ RunTime:0.0007s ]
SQL: SELECT * FROM `hy_classify_article` WHERE `lc_id` = 2 LIMIT 1   [ RunTime:0.0008s ]
SQL: SELECT * FROM `hy_classify_article` WHERE `lc_id` = 3 LIMIT 1   [ RunTime:0.0007s ]
SQL: SELECT * FROM `hy_classify_article` WHERE `lc_id` = 4 LIMIT 1   [ RunTime:0.0006s ]
SQL: SELECT * FROM `hy_classify_article` WHERE `lc_id` = 5 LIMIT 1   [ RunTime:0.0007s ]
SQL: SELECT * FROM `hy_classify_article` WHERE `lc_id` = 6 LIMIT 1   [ RunTime:0.0006s ]
SQL: SELECT * FROM `hy_little_classify` WHERE `ac_id` = 2 LIMIT 0,12   [ RunTime:0.0007s ]
SQL: SELECT * FROM `hy_classify_article` WHERE `lc_id` = 7 LIMIT 1   [ RunTime:0.0006s ]
SQL: SELECT * FROM `hy_classify_article` WHERE `lc_id` = 8 LIMIT 1   [ RunTime:0.0006s ]
SQL: SELECT * FROM `hy_classify_article` WHERE `lc_id` = 9 LIMIT 1   [ RunTime:0.0006s ]
SQL: SELECT * FROM `hy_classify_article` WHERE `lc_id` = 10 LIMIT 1   [ RunTime:0.0007s ]
SQL: SELECT * FROM `hy_classify_article` WHERE `lc_id` = 11 LIMIT 1   [ RunTime:0.0008s ]
SQL: SELECT * FROM `hy_classify_article` WHERE `lc_id` = 12 LIMIT 1   [ RunTime:0.0007s ]
SQL: SELECT * FROM `hy_classify_article` WHERE `lc_id` = 13 LIMIT 1   [ RunTime:0.0007s ]
SQL: SELECT * FROM `hy_classify_article` WHERE `lc_id` = 14 LIMIT 1   [ RunTime:0.0007s ]
SQL: SELECT * FROM `hy_classify_article` WHERE `lc_id` = 15 LIMIT 1   [ RunTime:0.0007s ]
SQL: SELECT * FROM `hy_classify_article` WHERE `lc_id` = 16 LIMIT 1   [ RunTime:0.0007s ]
SQL: SELECT * FROM `hy_classify_article` WHERE `lc_id` = 17 LIMIT 1   [ RunTime:0.0007s ]
SQL: SELECT * FROM `hy_classify_article` WHERE `lc_id` = 18 LIMIT 1   [ RunTime:0.0007s ]
SQL: SELECT * FROM `hy_little_classify` WHERE `ac_id` = 3 LIMIT 0,12   [ RunTime:0.0007s ]
SQL: SELECT * FROM `hy_classify_article` WHERE `lc_id` = 19 LIMIT 1   [ RunTime:0.0007s ]
SQL: SELECT * FROM `hy_classify_article` WHERE `lc_id` = 20 LIMIT 1   [ RunTime:0.0007s ]
SQL: SELECT * FROM `hy_classify_article` WHERE `lc_id` = 21 LIMIT 1   [ RunTime:0.0007s ]
SQL: SELECT * FROM `hy_classify_article` WHERE `lc_id` = 22 LIMIT 1   [ RunTime:0.0008s ]
SQL: SELECT * FROM `hy_classify_article` WHERE `lc_id` = 23 LIMIT 1   [ RunTime:0.0007s ]
SQL: SELECT * FROM `hy_classify_article` WHERE `lc_id` = 24 LIMIT 1   [ RunTime:0.0007s ]
SQL: SELECT * FROM `hy_classify_article` WHERE `lc_id` = 25 LIMIT 1   [ RunTime:0.0007s ]
SQL: SELECT * FROM `hy_classify_article` WHERE `lc_id` = 26 LIMIT 1   [ RunTime:0.0007s ]
SQL: SELECT * FROM `hy_classify_article` WHERE `lc_id` = 27 LIMIT 1   [ RunTime:0.0007s ]
SQL: SELECT * FROM `hy_classify_article` WHERE `lc_id` = 28 LIMIT 1   [ RunTime:0.0007s ]
SQL: SELECT * FROM `hy_classify_article` WHERE `lc_id` = 29 LIMIT 1   [ RunTime:0.0007s ]
SQL: SELECT * FROM `hy_classify_article` WHERE `lc_id` = 30 LIMIT 1   [ RunTime:0.0006s ]
SQL: SHOW COLUMNS FROM `hy_all_head` [ RunTime:0.0064s ]
SQL: SELECT * FROM `hy_all_head` ORDER BY ah_sort desc LIMIT 0,3   [ RunTime:0.0008s ]
SQL: SELECT * FROM `hy_classify_article` WHERE `lc_id` = 1 ORDER BY ca_sort desc LIMIT 0,3   [ RunTime:0.0008s ]
SQL: SHOW COLUMNS FROM `hy_map` [ RunTime:0.0051s ]
SQL: SELECT * FROM `hy_map` WHERE `id` = 1 LIMIT 1   [ RunTime:0.0008s ]
INFO: [ view_parse ] --START--
INFO: [ template_filter ] --START--
INFO: Run Behavior\ContentReplaceBehavior [ RunTime:0.000154s ]
INFO: [ template_filter ] --END-- [ RunTime:0.000203s ]
INFO: Run Behavior\ParseTemplateBehavior [ RunTime:0.020748s ]
INFO: [ view_parse ] --END-- [ RunTime:0.020801s ]
INFO: [ view_filter ] --START--
INFO: Run Behavior\WriteHtmlCacheBehavior [ RunTime:0.000366s ]
INFO: [ view_filter ] --END-- [ RunTime:0.000406s ]
INFO: [ app_end ] --START--
INFO: Run Behavior\ShowPageTraceBehavior [ RunTime:0.000621s ]
INFO: [ app_end ] --END-- [ RunTime:0.000685s ]

[ 2018-12-04T17:58:52+08:00 ] 127.0.0.1 /index.php/Mobile/Index/index
INFO: [ app_init ] --START--
INFO: Run Behavior\BuildLiteBehavior [ RunTime:0.000010s ]
INFO: [ app_init ] --END-- [ RunTime:0.000667s ]
INFO: [ app_begin ] --START--
INFO: Run Behavior\ReadHtmlCacheBehavior [ RunTime:0.000379s ]
INFO: [ app_begin ] --END-- [ RunTime:0.000412s ]
SQL: SHOW COLUMNS FROM `hy_nav` [ RunTime:0.0076s ]
SQL: SELECT * FROM `hy_nav` WHERE `nav_fid` = 0 ORDER BY nav_sort desc  [ RunTime:0.0020s ]
SQL: SELECT * FROM `hy_nav` WHERE `nav_fid` = 1 ORDER BY nav_sort desc  [ RunTime:0.0014s ]
SQL: SELECT * FROM `hy_nav` WHERE `nav_fid` = 2 ORDER BY nav_sort desc  [ RunTime:0.0010s ]
SQL: SELECT * FROM `hy_nav` WHERE `nav_fid` = 3 ORDER BY nav_sort desc  [ RunTime:0.0007s ]
SQL: SELECT * FROM `hy_nav` WHERE `nav_fid` = 4 ORDER BY nav_sort desc  [ RunTime:0.0007s ]
SQL: SELECT * FROM `hy_nav` WHERE `nav_fid` = 5 ORDER BY nav_sort desc  [ RunTime:0.0008s ]
SQL: SELECT * FROM `hy_nav` WHERE `nav_fid` = 6 ORDER BY nav_sort desc  [ RunTime:0.0007s ]
SQL: SHOW COLUMNS FROM `hy_lunbo` [ RunTime:0.0056s ]
SQL: SELECT * FROM `hy_lunbo` WHERE `nav_id` = 1 ORDER BY lb_sort desc  [ RunTime:0.0009s ]
SQL: SHOW COLUMNS FROM `hy_footer` [ RunTime:0.0060s ]
SQL: SELECT * FROM `hy_footer` LIMIT 1   [ RunTime:0.0008s ]
SQL: SHOW COLUMNS FROM `hy_company_introduce` [ RunTime:0.0049s ]
SQL: SELECT * FROM `hy_company_introduce` LIMIT 1   [ RunTime:0.0008s ]
SQL: SHOW COLUMNS FROM `hy_home_classify` [ RunTime:0.0053s ]
SQL: SELECT * FROM `hy_home_classify` ORDER BY hc_sort desc  [ RunTime:0.0008s ]
SQL: SHOW COLUMNS FROM `hy_home_little_classify` [ RunTime:0.0056s ]
SQL: SELECT * FROM `hy_home_little_classify` WHERE `hc_id` = 1 ORDER BY hlc_sort desc  [ RunTime:0.0008s ]
SQL: SELECT * FROM `hy_home_little_classify` WHERE `hc_id` = 2 ORDER BY hlc_sort desc  [ RunTime:0.0007s ]
SQL: SELECT * FROM `hy_home_little_classify` WHERE `hc_id` = 3 ORDER BY hlc_sort desc  [ RunTime:0.0007s ]
SQL: SELECT * FROM `hy_home_little_classify` WHERE `hc_id` = 4 ORDER BY hlc_sort desc  [ RunTime:0.0007s ]
SQL: SELECT * FROM `hy_home_little_classify` WHERE `hc_id` = 5 ORDER BY hlc_sort desc  [ RunTime:0.0007s ]
SQL: SELECT * FROM `hy_home_little_classify` WHERE `hc_id` = 6 ORDER BY hlc_sort desc  [ RunTime:0.0007s ]
SQL: SELECT * FROM `hy_home_little_classify` WHERE `hc_id` = 7 ORDER BY hlc_sort desc  [ RunTime:0.0009s ]
SQL: SHOW COLUMNS FROM `hy_all_classify` [ RunTime:0.0053s ]
SQL: SELECT * FROM `hy_all_classify` WHERE `ac_flag` = 1  [ RunTime:0.0007s ]
SQL: SHOW COLUMNS FROM `hy_little_classify` [ RunTime:0.0054s ]
SQL: SHOW COLUMNS FROM `hy_classify_article` [ RunTime:0.0055s ]
SQL: SELECT * FROM `hy_little_classify` WHERE `ac_id` = 1 LIMIT 0,12   [ RunTime:0.0008s ]
SQL: SELECT * FROM `hy_classify_article` WHERE `lc_id` = 1 LIMIT 1   [ RunTime:0.0007s ]
SQL: SELECT * FROM `hy_classify_article` WHERE `lc_id` = 2 LIMIT 1   [ RunTime:0.0007s ]
SQL: SELECT * FROM `hy_classify_article` WHERE `lc_id` = 3 LIMIT 1   [ RunTime:0.0006s ]
SQL: SELECT * FROM `hy_classify_article` WHERE `lc_id` = 4 LIMIT 1   [ RunTime:0.0007s ]
SQL: SELECT * FROM `hy_classify_article` WHERE `lc_id` = 5 LIMIT 1   [ RunTime:0.0007s ]
SQL: SELECT * FROM `hy_classify_article` WHERE `lc_id` = 6 LIMIT 1   [ RunTime:0.0007s ]
SQL: SELECT * FROM `hy_little_classify` WHERE `ac_id` = 2 LIMIT 0,12   [ RunTime:0.0007s ]
SQL: SELECT * FROM `hy_classify_article` WHERE `lc_id` = 7 LIMIT 1   [ RunTime:0.0007s ]
SQL: SELECT * FROM `hy_classify_article` WHERE `lc_id` = 8 LIMIT 1   [ RunTime:0.0007s ]
SQL: SELECT * FROM `hy_classify_article` WHERE `lc_id` = 9 LIMIT 1   [ RunTime:0.0007s ]
SQL: SELECT * FROM `hy_classify_article` WHERE `lc_id` = 10 LIMIT 1   [ RunTime:0.0006s ]
SQL: SELECT * FROM `hy_classify_article` WHERE `lc_id` = 11 LIMIT 1   [ RunTime:0.0007s ]
SQL: SELECT * FROM `hy_classify_article` WHERE `lc_id` = 12 LIMIT 1   [ RunTime:0.0007s ]
SQL: SELECT * FROM `hy_classify_article` WHERE `lc_id` = 13 LIMIT 1   [ RunTime:0.0007s ]
SQL: SELECT * FROM `hy_classify_article` WHERE `lc_id` = 14 LIMIT 1   [ RunTime:0.0007s ]
SQL: SELECT * FROM `hy_classify_article` WHERE `lc_id` = 15 LIMIT 1   [ RunTime:0.0007s ]
SQL: SELECT * FROM `hy_classify_article` WHERE `lc_id` = 16 LIMIT 1   [ RunTime:0.0006s ]
SQL: SELECT * FROM `hy_classify_article` WHERE `lc_id` = 17 LIMIT 1   [ RunTime:0.0006s ]
SQL: SELECT * FROM `hy_classify_article` WHERE `lc_id` = 18 LIMIT 1   [ RunTime:0.0007s ]
SQL: SELECT * FROM `hy_little_classify` WHERE `ac_id` = 3 LIMIT 0,12   [ RunTime:0.0007s ]
SQL: SELECT * FROM `hy_classify_article` WHERE `lc_id` = 19 LIMIT 1   [ RunTime:0.0008s ]
SQL: SELECT * FROM `hy_classify_article` WHERE `lc_id` = 20 LIMIT 1   [ RunTime:0.0007s ]
SQL: SELECT * FROM `hy_classify_article` WHERE `lc_id` = 21 LIMIT 1   [ RunTime:0.0007s ]
SQL: SELECT * FROM `hy_classify_article` WHERE `lc_id` = 22 LIMIT 1   [ RunTime:0.0006s ]
SQL: SELECT * FROM `hy_classify_article` WHERE `lc_id` = 23 LIMIT 1   [ RunTime:0.0007s ]
SQL: SELECT * FROM `hy_classify_article` WHERE `lc_id` = 24 LIMIT 1   [ RunTime:0.0006s ]
SQL: SELECT * FROM `hy_classify_article` WHERE `lc_id` = 25 LIMIT 1   [ RunTime:0.0007s ]
SQL: SELECT * FROM `hy_classify_article` WHERE `lc_id` = 26 LIMIT 1   [ RunTime:0.0007s ]
SQL: SELECT * FROM `hy_classify_article` WHERE `lc_id` = 27 LIMIT 1   [ RunTime:0.0007s ]
SQL: SELECT * FROM `hy_classify_article` WHERE `lc_id` = 28 LIMIT 1   [ RunTime:0.0006s ]
SQL: SELECT * FROM `hy_classify_article` WHERE `lc_id` = 29 LIMIT 1   [ RunTime:0.0006s ]
SQL: SELECT * FROM `hy_classify_article` WHERE `lc_id` = 30 LIMIT 1   [ RunTime:0.0006s ]
SQL: SHOW COLUMNS FROM `hy_all_head` [ RunTime:0.0056s ]
SQL: SELECT * FROM `hy_all_head` ORDER BY ah_sort desc LIMIT 0,3   [ RunTime:0.0009s ]
SQL: SELECT * FROM `hy_classify_article` WHERE `lc_id` = 1 ORDER BY ca_sort desc LIMIT 0,3   [ RunTime:0.0009s ]
SQL: SHOW COLUMNS FROM `hy_map` [ RunTime:0.0051s ]
SQL: SELECT * FROM `hy_map` WHERE `id` = 1 LIMIT 1   [ RunTime:0.0007s ]
INFO: [ view_parse ] --START--
INFO: [ template_filter ] --START--
INFO: Run Behavior\ContentReplaceBehavior [ RunTime:0.000107s ]
INFO: [ template_filter ] --END-- [ RunTime:0.000159s ]
INFO: Run Behavior\ParseTemplateBehavior [ RunTime:0.024329s ]
INFO: [ view_parse ] --END-- [ RunTime:0.024372s ]
INFO: [ view_filter ] --START--
INFO: Run Behavior\WriteHtmlCacheBehavior [ RunTime:0.000310s ]
INFO: [ view_filter ] --END-- [ RunTime:0.000333s ]
INFO: [ app_end ] --START--
INFO: Run Behavior\ShowPageTraceBehavior [ RunTime:0.000561s ]
INFO: [ app_end ] --END-- [ RunTime:0.000601s ]

