[ 2018-11-05T09:22:11+08:00 ] 127.0.0.1 /index.php/Mobile/Index/erjifenlei
INFO: [ app_init ] --START--
INFO: Run Behavior\BuildLiteBehavior [ RunTime:0.000008s ]
INFO: [ app_init ] --END-- [ RunTime:0.000337s ]
INFO: [ app_begin ] --START--
INFO: Run Behavior\ReadHtmlCacheBehavior [ RunTime:0.000437s ]
INFO: [ app_begin ] --END-- [ RunTime:0.000469s ]
SQL: SHOW COLUMNS FROM `wl_nav` [ RunTime:0.0295s ]
SQL: SELECT * FROM `wl_nav` ORDER BY nav_sort desc  [ RunTime:0.0013s ]
SQL: SHOW COLUMNS FROM `wl_lunbo` [ RunTime:0.0386s ]
SQL: SELECT * FROM `wl_lunbo` WHERE `nav_id` = 0 ORDER BY lb_sort desc  [ RunTime:0.0145s ]
SQL: SHOW COLUMNS FROM `wl_footer` [ RunTime:0.0112s ]
SQL: SELECT * FROM `wl_footer` LIMIT 1   [ RunTime:0.0013s ]
SQL: SHOW COLUMNS FROM `wl_footer_nav` [ RunTime:0.0173s ]
SQL: SELECT * FROM `wl_footer_nav` WHERE `fn_fid` = 0  [ RunTime:0.0011s ]
SQL: SELECT * FROM `wl_footer_nav` WHERE `fn_fid` = 1  [ RunTime:0.0009s ]
SQL: SELECT * FROM `wl_footer_nav` WHERE `fn_fid` = 6  [ RunTime:0.0006s ]
SQL: SELECT * FROM `wl_footer_nav` WHERE `fn_fid` = 9  [ RunTime:0.0006s ]
SQL: SHOW COLUMNS FROM `wl_company_introduce` [ RunTime:0.0061s ]
SQL: SELECT * FROM `wl_company_introduce` LIMIT 1   [ RunTime:0.0015s ]
SQL: SHOW COLUMNS FROM `wl_room_scenery_classify` [ RunTime:0.0334s ]
SQL: SELECT * FROM `wl_room_scenery_classify` ORDER BY rsc_sort desc  [ RunTime:0.0015s ]
SQL: SHOW COLUMNS FROM `wl_room_scenery` [ RunTime:0.0237s ]
SQL: SELECT * FROM `wl_room_scenery` WHERE `rsc_id` = 0 ORDER BY rs_sort desc LIMIT 0,10   [ RunTime:0.0013s ]
SQL: SELECT * FROM `wl_room_scenery` WHERE `rsc_id` = 0 ORDER BY rs_sort desc  [ RunTime:0.0008s ]
INFO: [ view_parse ] --START--
INFO: [ template_filter ] --START--
INFO: Run Behavior\ContentReplaceBehavior [ RunTime:0.000084s ]
INFO: [ template_filter ] --END-- [ RunTime:0.000118s ]
INFO: Run Behavior\ParseTemplateBehavior [ RunTime:0.027826s ]
INFO: [ view_parse ] --END-- [ RunTime:0.027876s ]
INFO: [ view_filter ] --START--
INFO: Run Behavior\WriteHtmlCacheBehavior [ RunTime:0.000459s ]
INFO: [ view_filter ] --END-- [ RunTime:0.000500s ]
INFO: [ app_end ] --START--
INFO: Run Behavior\ShowPageTraceBehavior [ RunTime:0.000735s ]
INFO: [ app_end ] --END-- [ RunTime:0.000761s ]

[ 2018-11-05T09:22:21+08:00 ] 127.0.0.1 /index.php/Mobile/Index/index
INFO: [ app_init ] --START--
INFO: Run Behavior\BuildLiteBehavior [ RunTime:0.000008s ]
INFO: [ app_init ] --END-- [ RunTime:0.000239s ]
INFO: [ app_begin ] --START--
INFO: Run Behavior\ReadHtmlCacheBehavior [ RunTime:0.000296s ]
INFO: [ app_begin ] --END-- [ RunTime:0.000325s ]
SQL: SHOW COLUMNS FROM `wl_nav` [ RunTime:0.0052s ]
SQL: SELECT * FROM `wl_nav` ORDER BY nav_sort desc  [ RunTime:0.0013s ]
SQL: SHOW COLUMNS FROM `wl_lunbo` [ RunTime:0.0068s ]
SQL: SELECT * FROM `wl_lunbo` WHERE `nav_id` = 0 ORDER BY lb_sort desc  [ RunTime:0.0016s ]
SQL: SHOW COLUMNS FROM `wl_case` [ RunTime:0.0450s ]
SQL: SELECT * FROM `wl_case` ORDER BY sort desc LIMIT 0,10   [ RunTime:0.0018s ]
SQL: SELECT * FROM `wl_case` ORDER BY sort desc  [ RunTime:0.0011s ]
SQL: SHOW COLUMNS FROM `wl_company_introduce` [ RunTime:0.0053s ]
SQL: SELECT * FROM `wl_company_introduce` LIMIT 1   [ RunTime:0.0019s ]
SQL: SHOW COLUMNS FROM `wl_footer` [ RunTime:0.0084s ]
SQL: SELECT * FROM `wl_footer` LIMIT 1   [ RunTime:0.0012s ]
SQL: SHOW COLUMNS FROM `wl_background_image` [ RunTime:0.0915s ]
SQL: SELECT * FROM `wl_background_image` WHERE `nav_id` = 0 ORDER BY bi_sort desc  [ RunTime:0.0009s ]
SQL: SHOW COLUMNS FROM `wl_footer_nav` [ RunTime:0.0058s ]
SQL: SELECT * FROM `wl_footer_nav` WHERE `fn_fid` = 0  [ RunTime:0.0011s ]
SQL: SELECT * FROM `wl_footer_nav` WHERE `fn_fid` = 1  [ RunTime:0.0007s ]
SQL: SELECT * FROM `wl_footer_nav` WHERE `fn_fid` = 6  [ RunTime:0.0006s ]
SQL: SELECT * FROM `wl_footer_nav` WHERE `fn_fid` = 9  [ RunTime:0.0005s ]
SQL: SHOW COLUMNS FROM `wl_view` [ RunTime:0.0416s ]
SQL: SELECT * FROM `wl_view` ORDER BY sort desc  [ RunTime:0.0015s ]
SQL: SHOW COLUMNS FROM `wl_room_scenery_classify` [ RunTime:0.0059s ]
SQL: SELECT * FROM `wl_room_scenery_classify` ORDER BY rsc_sort desc  [ RunTime:0.0012s ]
SQL: SHOW COLUMNS FROM `wl_room_scenery` [ RunTime:0.0053s ]
SQL: SELECT * FROM `wl_room_scenery` ORDER BY rs_sort desc  [ RunTime:0.0013s ]
SQL: SELECT * FROM `wl_room_scenery_classify` WHERE `rsc_id` = 1 LIMIT 1   [ RunTime:0.0010s ]
SQL: SELECT * FROM `wl_room_scenery_classify` WHERE `rsc_id` = 1 LIMIT 1   [ RunTime:0.0007s ]
SQL: SHOW COLUMNS FROM `wl_home_news` [ RunTime:0.0527s ]
SQL: SELECT * FROM `wl_home_news` ORDER BY hn_sort desc  [ RunTime:0.0017s ]
SQL: SHOW COLUMNS FROM `wl_user` [ RunTime:0.0652s ]
SQL: SELECT * FROM `wl_user` ORDER BY sort desc  [ RunTime:0.0028s ]
SQL: SHOW COLUMNS FROM `wl_custom_word_classify` [ RunTime:0.0386s ]
SQL: SELECT * FROM `wl_custom_word_classify` ORDER BY cwc_sort desc  [ RunTime:0.0024s ]
SQL: SHOW COLUMNS FROM `wl_custom_word` [ RunTime:0.0195s ]
SQL: SHOW COLUMNS FROM `wl_custom_image` [ RunTime:0.0309s ]
SQL: SELECT * FROM `wl_custom_word` WHERE `cwc_id` = 2 ORDER BY cw_sort desc  [ RunTime:0.0031s ]
SQL: SELECT * FROM `wl_custom_image` WHERE `cw_id` = 1 ORDER BY ci_sort desc  [ RunTime:0.0026s ]
SQL: SELECT * FROM `wl_custom_word` WHERE `cwc_id` = 3 ORDER BY cw_sort desc  [ RunTime:0.0012s ]
SQL: SELECT * FROM `wl_custom_image` WHERE `cw_id` = 2 ORDER BY ci_sort desc  [ RunTime:0.0006s ]
SQL: SELECT * FROM `wl_custom_word` WHERE `cwc_id` = 4 ORDER BY cw_sort desc  [ RunTime:0.0005s ]
SQL: SELECT * FROM `wl_custom_image` WHERE `cw_id` = 3 ORDER BY ci_sort desc  [ RunTime:0.0005s ]
SQL: SHOW COLUMNS FROM `wl_home_base` [ RunTime:0.0244s ]
SQL: SELECT * FROM `wl_home_base` ORDER BY sort desc  [ RunTime:0.0013s ]
SQL: SHOW COLUMNS FROM `wl_short_video` [ RunTime:0.0166s ]
SQL: SELECT * FROM `wl_short_video` ORDER BY sv_sort desc LIMIT 1   [ RunTime:0.0018s ]
SQL: SELECT * FROM `wl_room_scenery_classify` ORDER BY rsc_sort desc LIMIT 1   [ RunTime:0.0012s ]
SQL: SELECT * FROM `wl_room_scenery` WHERE `rsc_id` = 1 ORDER BY rs_sort desc LIMIT 0,4   [ RunTime:0.0007s ]
INFO: [ view_parse ] --START--
INFO: [ template_filter ] --START--
INFO: Run Behavior\ContentReplaceBehavior [ RunTime:0.000086s ]
INFO: [ template_filter ] --END-- [ RunTime:0.000119s ]
INFO: Run Behavior\ParseTemplateBehavior [ RunTime:0.048856s ]
INFO: [ view_parse ] --END-- [ RunTime:0.048897s ]
INFO: [ view_filter ] --START--
INFO: Run Behavior\WriteHtmlCacheBehavior [ RunTime:0.000183s ]
INFO: [ view_filter ] --END-- [ RunTime:0.000205s ]
INFO: [ app_end ] --START--
INFO: Run Behavior\ShowPageTraceBehavior [ RunTime:0.000370s ]
INFO: [ app_end ] --END-- [ RunTime:0.000403s ]

[ 2018-11-05T09:22:35+08:00 ] 127.0.0.1 /index.php/Mobile/Index/index
INFO: [ app_init ] --START--
INFO: Run Behavior\BuildLiteBehavior [ RunTime:0.000012s ]
INFO: [ app_init ] --END-- [ RunTime:0.001101s ]
INFO: [ app_begin ] --START--
INFO: Run Behavior\ReadHtmlCacheBehavior [ RunTime:0.000683s ]
INFO: [ app_begin ] --END-- [ RunTime:0.000764s ]
SQL: SHOW COLUMNS FROM `wl_nav` [ RunTime:0.0160s ]
SQL: SELECT * FROM `wl_nav` ORDER BY nav_sort desc  [ RunTime:0.0014s ]
SQL: SHOW COLUMNS FROM `wl_lunbo` [ RunTime:0.0068s ]
SQL: SELECT * FROM `wl_lunbo` WHERE `nav_id` = 0 ORDER BY lb_sort desc  [ RunTime:0.0016s ]
SQL: SHOW COLUMNS FROM `wl_case` [ RunTime:0.0060s ]
SQL: SELECT * FROM `wl_case` ORDER BY sort desc LIMIT 0,10   [ RunTime:0.0013s ]
SQL: SELECT * FROM `wl_case` ORDER BY sort desc  [ RunTime:0.0010s ]
SQL: SHOW COLUMNS FROM `wl_company_introduce` [ RunTime:0.0060s ]
SQL: SELECT * FROM `wl_company_introduce` LIMIT 1   [ RunTime:0.0012s ]
SQL: SHOW COLUMNS FROM `wl_footer` [ RunTime:0.0050s ]
SQL: SELECT * FROM `wl_footer` LIMIT 1   [ RunTime:0.0009s ]
SQL: SHOW COLUMNS FROM `wl_background_image` [ RunTime:0.0058s ]
SQL: SELECT * FROM `wl_background_image` WHERE `nav_id` = 0 ORDER BY bi_sort desc  [ RunTime:0.0009s ]
SQL: SHOW COLUMNS FROM `wl_footer_nav` [ RunTime:0.0052s ]
SQL: SELECT * FROM `wl_footer_nav` WHERE `fn_fid` = 0  [ RunTime:0.0011s ]
SQL: SELECT * FROM `wl_footer_nav` WHERE `fn_fid` = 1  [ RunTime:0.0005s ]
SQL: SELECT * FROM `wl_footer_nav` WHERE `fn_fid` = 6  [ RunTime:0.0005s ]
SQL: SELECT * FROM `wl_footer_nav` WHERE `fn_fid` = 9  [ RunTime:0.0005s ]
SQL: SHOW COLUMNS FROM `wl_view` [ RunTime:0.0050s ]
SQL: SELECT * FROM `wl_view` ORDER BY sort desc  [ RunTime:0.0009s ]
SQL: SHOW COLUMNS FROM `wl_room_scenery_classify` [ RunTime:0.0050s ]
SQL: SELECT * FROM `wl_room_scenery_classify` ORDER BY rsc_sort desc  [ RunTime:0.0011s ]
SQL: SHOW COLUMNS FROM `wl_room_scenery` [ RunTime:0.0052s ]
SQL: SELECT * FROM `wl_room_scenery` ORDER BY rs_sort desc  [ RunTime:0.0012s ]
SQL: SELECT * FROM `wl_room_scenery_classify` WHERE `rsc_id` = 1 LIMIT 1   [ RunTime:0.0010s ]
SQL: SELECT * FROM `wl_room_scenery_classify` WHERE `rsc_id` = 1 LIMIT 1   [ RunTime:0.0008s ]
SQL: SHOW COLUMNS FROM `wl_home_news` [ RunTime:0.0049s ]
SQL: SELECT * FROM `wl_home_news` ORDER BY hn_sort desc  [ RunTime:0.0011s ]
SQL: SHOW COLUMNS FROM `wl_user` [ RunTime:0.0049s ]
SQL: SELECT * FROM `wl_user` ORDER BY sort desc  [ RunTime:0.0011s ]
SQL: SHOW COLUMNS FROM `wl_custom_word_classify` [ RunTime:0.0055s ]
SQL: SELECT * FROM `wl_custom_word_classify` ORDER BY cwc_sort desc  [ RunTime:0.0009s ]
SQL: SHOW COLUMNS FROM `wl_custom_word` [ RunTime:0.0052s ]
SQL: SHOW COLUMNS FROM `wl_custom_image` [ RunTime:0.0058s ]
SQL: SELECT * FROM `wl_custom_word` WHERE `cwc_id` = 2 ORDER BY cw_sort desc  [ RunTime:0.0013s ]
SQL: SELECT * FROM `wl_custom_image` WHERE `cw_id` = 1 ORDER BY ci_sort desc  [ RunTime:0.0010s ]
SQL: SELECT * FROM `wl_custom_word` WHERE `cwc_id` = 3 ORDER BY cw_sort desc  [ RunTime:0.0007s ]
SQL: SELECT * FROM `wl_custom_image` WHERE `cw_id` = 2 ORDER BY ci_sort desc  [ RunTime:0.0005s ]
SQL: SELECT * FROM `wl_custom_word` WHERE `cwc_id` = 4 ORDER BY cw_sort desc  [ RunTime:0.0005s ]
SQL: SELECT * FROM `wl_custom_image` WHERE `cw_id` = 3 ORDER BY ci_sort desc  [ RunTime:0.0005s ]
SQL: SHOW COLUMNS FROM `wl_home_base` [ RunTime:0.0050s ]
SQL: SELECT * FROM `wl_home_base` ORDER BY sort desc  [ RunTime:0.0012s ]
SQL: SHOW COLUMNS FROM `wl_short_video` [ RunTime:0.0054s ]
SQL: SELECT * FROM `wl_short_video` ORDER BY sv_sort desc LIMIT 1   [ RunTime:0.0011s ]
SQL: SELECT * FROM `wl_room_scenery_classify` ORDER BY rsc_sort desc LIMIT 1   [ RunTime:0.0006s ]
SQL: SELECT * FROM `wl_room_scenery` WHERE `rsc_id` = 1 ORDER BY rs_sort desc LIMIT 0,4   [ RunTime:0.0006s ]
INFO: [ view_parse ] --START--
INFO: [ template_filter ] --START--
INFO: Run Behavior\ContentReplaceBehavior [ RunTime:0.000085s ]
INFO: [ template_filter ] --END-- [ RunTime:0.000113s ]
INFO: Run Behavior\ParseTemplateBehavior [ RunTime:0.010375s ]
INFO: [ view_parse ] --END-- [ RunTime:0.010409s ]
INFO: [ view_filter ] --START--
INFO: Run Behavior\WriteHtmlCacheBehavior [ RunTime:0.000162s ]
INFO: [ view_filter ] --END-- [ RunTime:0.000184s ]
INFO: [ app_end ] --START--
INFO: Run Behavior\ShowPageTraceBehavior [ RunTime:0.000506s ]
INFO: [ app_end ] --END-- [ RunTime:0.000556s ]

[ 2018-11-05T09:22:47+08:00 ] 127.0.0.1 /index.php/Mobile/Index/zuixintehui/nav_id/
INFO: [ app_init ] --START--
INFO: Run Behavior\BuildLiteBehavior [ RunTime:0.000013s ]
INFO: [ app_init ] --END-- [ RunTime:0.000437s ]
INFO: [ app_begin ] --START--
INFO: Run Behavior\ReadHtmlCacheBehavior [ RunTime:0.000535s ]
INFO: [ app_begin ] --END-- [ RunTime:0.000589s ]
SQL: SHOW COLUMNS FROM `wl_nav` [ RunTime:0.3286s ]
SQL: SELECT * FROM `wl_nav` ORDER BY nav_sort desc  [ RunTime:0.0017s ]
SQL: SHOW COLUMNS FROM `wl_lunbo` [ RunTime:0.0070s ]
SQL: SELECT * FROM `wl_lunbo` WHERE `nav_id` = 0 ORDER BY lb_sort desc  [ RunTime:0.0012s ]
SQL: SHOW COLUMNS FROM `wl_footer` [ RunTime:0.0055s ]
SQL: SELECT * FROM `wl_footer` LIMIT 1   [ RunTime:0.0009s ]
SQL: SHOW COLUMNS FROM `wl_active` [ RunTime:0.0052s ]
SQL: SELECT * FROM `wl_active` ORDER BY asort desc  [ RunTime:0.0012s ]
SQL: SHOW COLUMNS FROM `wl_footer_nav` [ RunTime:0.0059s ]
SQL: SELECT * FROM `wl_footer_nav` WHERE `fn_fid` = 0  [ RunTime:0.0011s ]
SQL: SELECT * FROM `wl_footer_nav` WHERE `fn_fid` = 1  [ RunTime:0.0009s ]
SQL: SELECT * FROM `wl_footer_nav` WHERE `fn_fid` = 6  [ RunTime:0.0006s ]
SQL: SELECT * FROM `wl_footer_nav` WHERE `fn_fid` = 9  [ RunTime:0.0009s ]
SQL: SHOW COLUMNS FROM `wl_company_introduce` [ RunTime:0.0060s ]
SQL: SELECT * FROM `wl_company_introduce` LIMIT 1   [ RunTime:0.0011s ]
INFO: [ view_parse ] --START--
INFO: [ template_filter ] --START--
INFO: Run Behavior\ContentReplaceBehavior [ RunTime:0.000055s ]
INFO: [ template_filter ] --END-- [ RunTime:0.000085s ]
INFO: Run Behavior\ParseTemplateBehavior [ RunTime:0.027219s ]
INFO: [ view_parse ] --END-- [ RunTime:0.027252s ]
INFO: [ view_filter ] --START--
INFO: Run Behavior\WriteHtmlCacheBehavior [ RunTime:0.000209s ]
INFO: [ view_filter ] --END-- [ RunTime:0.000231s ]
INFO: [ app_end ] --START--
INFO: Run Behavior\ShowPageTraceBehavior [ RunTime:0.000442s ]
INFO: [ app_end ] --END-- [ RunTime:0.000486s ]

[ 2018-11-05T09:23:08+08:00 ] 127.0.0.1 /index.php/Mobile/Index/Information/rs_id/1
INFO: [ app_init ] --START--
INFO: Run Behavior\BuildLiteBehavior [ RunTime:0.000008s ]
INFO: [ app_init ] --END-- [ RunTime:0.000246s ]
INFO: [ app_begin ] --START--
INFO: Run Behavior\ReadHtmlCacheBehavior [ RunTime:0.000305s ]
INFO: [ app_begin ] --END-- [ RunTime:0.000336s ]
SQL: SHOW COLUMNS FROM `wl_nav` [ RunTime:0.0132s ]
SQL: SELECT * FROM `wl_nav` ORDER BY nav_sort desc  [ RunTime:0.0030s ]
SQL: SHOW COLUMNS FROM `wl_lunbo` [ RunTime:0.0067s ]
SQL: SELECT * FROM `wl_lunbo` WHERE `nav_id` = 0 ORDER BY lb_sort desc  [ RunTime:0.0015s ]
SQL: SHOW COLUMNS FROM `wl_case` [ RunTime:0.0062s ]
SQL: SELECT * FROM `wl_case` WHERE `id` = 0 LIMIT 1   [ RunTime:0.0010s ]
NOTIC: [8] Undefined variable: caseData E:\sunzemin\weila\Application\Mobile\Controller\IndexController.class.php 第 361 行.
SQL: SHOW COLUMNS FROM `wl_company_introduce` [ RunTime:0.0054s ]
SQL: SELECT * FROM `wl_company_introduce` LIMIT 1   [ RunTime:0.0012s ]
SQL: SHOW COLUMNS FROM `wl_footer` [ RunTime:0.0070s ]
SQL: SELECT * FROM `wl_footer` LIMIT 1   [ RunTime:0.0011s ]
SQL: SHOW COLUMNS FROM `wl_background_image` [ RunTime:0.0051s ]
SQL: SELECT * FROM `wl_background_image` WHERE `nav_id` = 0 ORDER BY bi_sort desc  [ RunTime:0.0012s ]
SQL: SHOW COLUMNS FROM `wl_footer_nav` [ RunTime:0.0048s ]
SQL: SELECT * FROM `wl_footer_nav` WHERE `fn_fid` = 0  [ RunTime:0.0012s ]
SQL: SELECT * FROM `wl_footer_nav` WHERE `fn_fid` = 1  [ RunTime:0.0009s ]
SQL: SELECT * FROM `wl_footer_nav` WHERE `fn_fid` = 6  [ RunTime:0.0007s ]
SQL: SELECT * FROM `wl_footer_nav` WHERE `fn_fid` = 9  [ RunTime:0.0005s ]
SQL: SHOW COLUMNS FROM `wl_room_scenery` [ RunTime:0.0051s ]
SQL: SELECT * FROM `wl_room_scenery` WHERE `rs_id` = 1 LIMIT 1   [ RunTime:0.0012s ]
INFO: [ view_parse ] --START--
INFO: [ template_filter ] --START--
INFO: Run Behavior\ContentReplaceBehavior [ RunTime:0.000049s ]
INFO: [ template_filter ] --END-- [ RunTime:0.000082s ]
INFO: Run Behavior\ParseTemplateBehavior [ RunTime:0.054570s ]
INFO: [ view_parse ] --END-- [ RunTime:0.054605s ]
INFO: [ view_filter ] --START--
INFO: Run Behavior\WriteHtmlCacheBehavior [ RunTime:0.000171s ]
INFO: [ view_filter ] --END-- [ RunTime:0.000195s ]
INFO: [ app_end ] --START--
INFO: Run Behavior\ShowPageTraceBehavior [ RunTime:0.000344s ]
INFO: [ app_end ] --END-- [ RunTime:0.000369s ]

[ 2018-11-05T09:23:29+08:00 ] 127.0.0.1 /index.php/Mobile/Index/Information/id/1
INFO: [ app_init ] --START--
INFO: Run Behavior\BuildLiteBehavior [ RunTime:0.000015s ]
INFO: [ app_init ] --END-- [ RunTime:0.000539s ]
INFO: [ app_begin ] --START--
INFO: Run Behavior\ReadHtmlCacheBehavior [ RunTime:0.000685s ]
INFO: [ app_begin ] --END-- [ RunTime:0.000758s ]
SQL: SHOW COLUMNS FROM `wl_nav` [ RunTime:0.0152s ]
SQL: SELECT * FROM `wl_nav` ORDER BY nav_sort desc  [ RunTime:0.0017s ]
SQL: SHOW COLUMNS FROM `wl_lunbo` [ RunTime:0.0090s ]
SQL: SELECT * FROM `wl_lunbo` WHERE `nav_id` = 0 ORDER BY lb_sort desc  [ RunTime:0.0018s ]
SQL: SHOW COLUMNS FROM `wl_case` [ RunTime:0.0072s ]
SQL: SELECT * FROM `wl_case` WHERE `id` = 1 LIMIT 1   [ RunTime:0.0013s ]
NOTIC: [8] Undefined variable: caseData E:\sunzemin\weila\Application\Mobile\Controller\IndexController.class.php 第 361 行.
SQL: SHOW COLUMNS FROM `wl_company_introduce` [ RunTime:0.0091s ]
SQL: SELECT * FROM `wl_company_introduce` LIMIT 1   [ RunTime:0.0024s ]
SQL: SHOW COLUMNS FROM `wl_footer` [ RunTime:0.0092s ]
SQL: SELECT * FROM `wl_footer` LIMIT 1   [ RunTime:0.0009s ]
SQL: SHOW COLUMNS FROM `wl_background_image` [ RunTime:0.0051s ]
SQL: SELECT * FROM `wl_background_image` WHERE `nav_id` = 0 ORDER BY bi_sort desc  [ RunTime:0.0007s ]
SQL: SHOW COLUMNS FROM `wl_footer_nav` [ RunTime:0.0059s ]
SQL: SELECT * FROM `wl_footer_nav` WHERE `fn_fid` = 0  [ RunTime:0.0008s ]
SQL: SELECT * FROM `wl_footer_nav` WHERE `fn_fid` = 1  [ RunTime:0.0005s ]
SQL: SELECT * FROM `wl_footer_nav` WHERE `fn_fid` = 6  [ RunTime:0.0005s ]
SQL: SELECT * FROM `wl_footer_nav` WHERE `fn_fid` = 9  [ RunTime:0.0005s ]
SQL: SHOW COLUMNS FROM `wl_room_scenery` [ RunTime:0.0055s ]
SQL: SELECT * FROM `wl_room_scenery` WHERE `rs_id` = 0 LIMIT 1   [ RunTime:0.0005s ]
INFO: [ view_parse ] --START--
INFO: [ template_filter ] --START--
INFO: Run Behavior\ContentReplaceBehavior [ RunTime:0.000046s ]
INFO: [ template_filter ] --END-- [ RunTime:0.000074s ]
INFO: Run Behavior\ParseTemplateBehavior [ RunTime:0.006386s ]
INFO: [ view_parse ] --END-- [ RunTime:0.006420s ]
INFO: [ view_filter ] --START--
INFO: Run Behavior\WriteHtmlCacheBehavior [ RunTime:0.000159s ]
INFO: [ view_filter ] --END-- [ RunTime:0.000182s ]
INFO: [ app_end ] --START--
INFO: Run Behavior\ShowPageTraceBehavior [ RunTime:0.000291s ]
INFO: [ app_end ] --END-- [ RunTime:0.000315s ]

[ 2018-11-05T09:23:57+08:00 ] 127.0.0.1 /index.php/Mobile/Index/keyangxinshang
INFO: [ app_init ] --START--
INFO: Run Behavior\BuildLiteBehavior [ RunTime:0.000029s ]
INFO: [ app_init ] --END-- [ RunTime:0.000341s ]
INFO: [ app_begin ] --START--
INFO: Run Behavior\ReadHtmlCacheBehavior [ RunTime:0.000619s ]
INFO: [ app_begin ] --END-- [ RunTime:0.000649s ]
SQL: SHOW COLUMNS FROM `wl_nav` [ RunTime:0.0126s ]
SQL: SELECT * FROM `wl_nav` ORDER BY nav_sort desc  [ RunTime:0.0016s ]
SQL: SHOW COLUMNS FROM `wl_lunbo` [ RunTime:0.0044s ]
SQL: SELECT * FROM `wl_lunbo` WHERE `nav_id` = 0 ORDER BY lb_sort desc  [ RunTime:0.0013s ]
SQL: SHOW COLUMNS FROM `wl_case` [ RunTime:0.0054s ]
SQL: SELECT * FROM `wl_case` ORDER BY sort desc  [ RunTime:0.0010s ]
SQL: SHOW COLUMNS FROM `wl_company_introduce` [ RunTime:0.0041s ]
SQL: SELECT * FROM `wl_company_introduce` LIMIT 1   [ RunTime:0.0010s ]
SQL: SHOW COLUMNS FROM `wl_footer` [ RunTime:0.0044s ]
SQL: SELECT * FROM `wl_footer` LIMIT 1   [ RunTime:0.0014s ]
SQL: SHOW COLUMNS FROM `wl_footer_nav` [ RunTime:0.0047s ]
SQL: SELECT * FROM `wl_footer_nav` WHERE `fn_fid` = 0  [ RunTime:0.0009s ]
SQL: SELECT * FROM `wl_footer_nav` WHERE `fn_fid` = 1  [ RunTime:0.0009s ]
SQL: SELECT * FROM `wl_footer_nav` WHERE `fn_fid` = 6  [ RunTime:0.0006s ]
SQL: SELECT * FROM `wl_footer_nav` WHERE `fn_fid` = 9  [ RunTime:0.0005s ]
INFO: [ view_parse ] --START--
INFO: [ template_filter ] --START--
INFO: Run Behavior\ContentReplaceBehavior [ RunTime:0.000057s ]
INFO: [ template_filter ] --END-- [ RunTime:0.000088s ]
INFO: Run Behavior\ParseTemplateBehavior [ RunTime:0.034511s ]
INFO: [ view_parse ] --END-- [ RunTime:0.034551s ]
INFO: [ view_filter ] --START--
INFO: Run Behavior\WriteHtmlCacheBehavior [ RunTime:0.000184s ]
INFO: [ view_filter ] --END-- [ RunTime:0.000207s ]
INFO: [ app_end ] --START--
INFO: Run Behavior\ShowPageTraceBehavior [ RunTime:0.000529s ]
INFO: [ app_end ] --END-- [ RunTime:0.000573s ]

[ 2018-11-05T09:24:02+08:00 ] 127.0.0.1 /index.php/Mobile/Index/index
INFO: [ app_init ] --START--
INFO: Run Behavior\BuildLiteBehavior [ RunTime:0.000012s ]
INFO: [ app_init ] --END-- [ RunTime:0.000504s ]
INFO: [ app_begin ] --START--
INFO: Run Behavior\ReadHtmlCacheBehavior [ RunTime:0.000404s ]
INFO: [ app_begin ] --END-- [ RunTime:0.000458s ]
SQL: SHOW COLUMNS FROM `wl_nav` [ RunTime:0.0124s ]
SQL: SELECT * FROM `wl_nav` ORDER BY nav_sort desc  [ RunTime:0.0015s ]
SQL: SHOW COLUMNS FROM `wl_lunbo` [ RunTime:0.0046s ]
SQL: SELECT * FROM `wl_lunbo` WHERE `nav_id` = 0 ORDER BY lb_sort desc  [ RunTime:0.0008s ]
SQL: SHOW COLUMNS FROM `wl_case` [ RunTime:0.0045s ]
SQL: SELECT * FROM `wl_case` ORDER BY sort desc LIMIT 0,10   [ RunTime:0.0012s ]
SQL: SELECT * FROM `wl_case` ORDER BY sort desc  [ RunTime:0.0010s ]
SQL: SHOW COLUMNS FROM `wl_company_introduce` [ RunTime:0.0042s ]
SQL: SELECT * FROM `wl_company_introduce` LIMIT 1   [ RunTime:0.0011s ]
SQL: SHOW COLUMNS FROM `wl_footer` [ RunTime:0.0050s ]
SQL: SELECT * FROM `wl_footer` LIMIT 1   [ RunTime:0.0009s ]
SQL: SHOW COLUMNS FROM `wl_background_image` [ RunTime:0.0048s ]
SQL: SELECT * FROM `wl_background_image` WHERE `nav_id` = 0 ORDER BY bi_sort desc  [ RunTime:0.0011s ]
SQL: SHOW COLUMNS FROM `wl_footer_nav` [ RunTime:0.0042s ]
SQL: SELECT * FROM `wl_footer_nav` WHERE `fn_fid` = 0  [ RunTime:0.0010s ]
SQL: SELECT * FROM `wl_footer_nav` WHERE `fn_fid` = 1  [ RunTime:0.0008s ]
SQL: SELECT * FROM `wl_footer_nav` WHERE `fn_fid` = 6  [ RunTime:0.0006s ]
SQL: SELECT * FROM `wl_footer_nav` WHERE `fn_fid` = 9  [ RunTime:0.0005s ]
SQL: SHOW COLUMNS FROM `wl_view` [ RunTime:0.0039s ]
SQL: SELECT * FROM `wl_view` ORDER BY sort desc  [ RunTime:0.0008s ]
SQL: SHOW COLUMNS FROM `wl_room_scenery_classify` [ RunTime:0.0039s ]
SQL: SELECT * FROM `wl_room_scenery_classify` ORDER BY rsc_sort desc  [ RunTime:0.0012s ]
SQL: SHOW COLUMNS FROM `wl_room_scenery` [ RunTime:0.0046s ]
SQL: SELECT * FROM `wl_room_scenery` ORDER BY rs_sort desc  [ RunTime:0.0012s ]
SQL: SELECT * FROM `wl_room_scenery_classify` WHERE `rsc_id` = 1 LIMIT 1   [ RunTime:0.0008s ]
SQL: SELECT * FROM `wl_room_scenery_classify` WHERE `rsc_id` = 1 LIMIT 1   [ RunTime:0.0005s ]
SQL: SHOW COLUMNS FROM `wl_home_news` [ RunTime:0.0039s ]
SQL: SELECT * FROM `wl_home_news` ORDER BY hn_sort desc  [ RunTime:0.0012s ]
SQL: SHOW COLUMNS FROM `wl_user` [ RunTime:0.0042s ]
SQL: SELECT * FROM `wl_user` ORDER BY sort desc  [ RunTime:0.0010s ]
SQL: SHOW COLUMNS FROM `wl_custom_word_classify` [ RunTime:0.0041s ]
SQL: SELECT * FROM `wl_custom_word_classify` ORDER BY cwc_sort desc  [ RunTime:0.0011s ]
SQL: SHOW COLUMNS FROM `wl_custom_word` [ RunTime:0.0048s ]
SQL: SHOW COLUMNS FROM `wl_custom_image` [ RunTime:0.0043s ]
SQL: SELECT * FROM `wl_custom_word` WHERE `cwc_id` = 2 ORDER BY cw_sort desc  [ RunTime:0.0009s ]
SQL: SELECT * FROM `wl_custom_image` WHERE `cw_id` = 1 ORDER BY ci_sort desc  [ RunTime:0.0007s ]
SQL: SELECT * FROM `wl_custom_word` WHERE `cwc_id` = 3 ORDER BY cw_sort desc  [ RunTime:0.0005s ]
SQL: SELECT * FROM `wl_custom_image` WHERE `cw_id` = 2 ORDER BY ci_sort desc  [ RunTime:0.0005s ]
SQL: SELECT * FROM `wl_custom_word` WHERE `cwc_id` = 4 ORDER BY cw_sort desc  [ RunTime:0.0005s ]
SQL: SELECT * FROM `wl_custom_image` WHERE `cw_id` = 3 ORDER BY ci_sort desc  [ RunTime:0.0006s ]
SQL: SHOW COLUMNS FROM `wl_home_base` [ RunTime:0.0044s ]
SQL: SELECT * FROM `wl_home_base` ORDER BY sort desc  [ RunTime:0.0013s ]
SQL: SHOW COLUMNS FROM `wl_short_video` [ RunTime:0.0045s ]
SQL: SELECT * FROM `wl_short_video` ORDER BY sv_sort desc LIMIT 1   [ RunTime:0.0010s ]
SQL: SELECT * FROM `wl_room_scenery_classify` ORDER BY rsc_sort desc LIMIT 1   [ RunTime:0.0006s ]
SQL: SELECT * FROM `wl_room_scenery` WHERE `rsc_id` = 1 ORDER BY rs_sort desc LIMIT 0,4   [ RunTime:0.0006s ]
INFO: [ view_parse ] --START--
INFO: [ template_filter ] --START--
INFO: Run Behavior\ContentReplaceBehavior [ RunTime:0.000096s ]
INFO: [ template_filter ] --END-- [ RunTime:0.000124s ]
INFO: Run Behavior\ParseTemplateBehavior [ RunTime:0.010453s ]
INFO: [ view_parse ] --END-- [ RunTime:0.010486s ]
INFO: [ view_filter ] --START--
INFO: Run Behavior\WriteHtmlCacheBehavior [ RunTime:0.000166s ]
INFO: [ view_filter ] --END-- [ RunTime:0.000187s ]
INFO: [ app_end ] --START--
INFO: Run Behavior\ShowPageTraceBehavior [ RunTime:0.000537s ]
INFO: [ app_end ] --END-- [ RunTime:0.000576s ]

[ 2018-11-05T09:24:10+08:00 ] 127.0.0.1 /index.php/Mobile/Index/erjifenlei/rsc_id/2
INFO: [ app_init ] --START--
INFO: Run Behavior\BuildLiteBehavior [ RunTime:0.000008s ]
INFO: [ app_init ] --END-- [ RunTime:0.000246s ]
INFO: [ app_begin ] --START--
INFO: Run Behavior\ReadHtmlCacheBehavior [ RunTime:0.000290s ]
INFO: [ app_begin ] --END-- [ RunTime:0.000322s ]
SQL: SHOW COLUMNS FROM `wl_nav` [ RunTime:0.0123s ]
SQL: SELECT * FROM `wl_nav` ORDER BY nav_sort desc  [ RunTime:0.0016s ]
SQL: SHOW COLUMNS FROM `wl_lunbo` [ RunTime:0.0069s ]
SQL: SELECT * FROM `wl_lunbo` WHERE `nav_id` = 0 ORDER BY lb_sort desc  [ RunTime:0.0014s ]
SQL: SHOW COLUMNS FROM `wl_footer` [ RunTime:0.0049s ]
SQL: SELECT * FROM `wl_footer` LIMIT 1   [ RunTime:0.0008s ]
SQL: SHOW COLUMNS FROM `wl_footer_nav` [ RunTime:0.0056s ]
SQL: SELECT * FROM `wl_footer_nav` WHERE `fn_fid` = 0  [ RunTime:0.0014s ]
SQL: SELECT * FROM `wl_footer_nav` WHERE `fn_fid` = 1  [ RunTime:0.0009s ]
SQL: SELECT * FROM `wl_footer_nav` WHERE `fn_fid` = 6  [ RunTime:0.0005s ]
SQL: SELECT * FROM `wl_footer_nav` WHERE `fn_fid` = 9  [ RunTime:0.0005s ]
SQL: SHOW COLUMNS FROM `wl_company_introduce` [ RunTime:0.0043s ]
SQL: SELECT * FROM `wl_company_introduce` LIMIT 1   [ RunTime:0.0010s ]
SQL: SHOW COLUMNS FROM `wl_room_scenery_classify` [ RunTime:0.0040s ]
SQL: SELECT * FROM `wl_room_scenery_classify` ORDER BY rsc_sort desc  [ RunTime:0.0007s ]
SQL: SHOW COLUMNS FROM `wl_room_scenery` [ RunTime:0.0040s ]
SQL: SELECT * FROM `wl_room_scenery` WHERE `rsc_id` = 2 ORDER BY rs_sort desc LIMIT 0,10   [ RunTime:0.0009s ]
SQL: SELECT * FROM `wl_room_scenery` WHERE `rsc_id` = 2 ORDER BY rs_sort desc  [ RunTime:0.0007s ]
INFO: [ view_parse ] --START--
INFO: [ template_filter ] --START--
INFO: Run Behavior\ContentReplaceBehavior [ RunTime:0.000065s ]
INFO: [ template_filter ] --END-- [ RunTime:0.000093s ]
INFO: Run Behavior\ParseTemplateBehavior [ RunTime:0.008108s ]
INFO: [ view_parse ] --END-- [ RunTime:0.008140s ]
INFO: [ view_filter ] --START--
INFO: Run Behavior\WriteHtmlCacheBehavior [ RunTime:0.000164s ]
INFO: [ view_filter ] --END-- [ RunTime:0.000184s ]
INFO: [ app_end ] --START--
INFO: Run Behavior\ShowPageTraceBehavior [ RunTime:0.000438s ]
INFO: [ app_end ] --END-- [ RunTime:0.000496s ]

[ 2018-11-05T09:24:21+08:00 ] 127.0.0.1 /index.php/Mobile/Index/index
INFO: [ app_init ] --START--
INFO: Run Behavior\BuildLiteBehavior [ RunTime:0.000012s ]
INFO: [ app_init ] --END-- [ RunTime:0.000462s ]
INFO: [ app_begin ] --START--
INFO: Run Behavior\ReadHtmlCacheBehavior [ RunTime:0.000383s ]
INFO: [ app_begin ] --END-- [ RunTime:0.000412s ]
SQL: SHOW COLUMNS FROM `wl_nav` [ RunTime:0.0142s ]
SQL: SELECT * FROM `wl_nav` ORDER BY nav_sort desc  [ RunTime:0.0019s ]
SQL: SHOW COLUMNS FROM `wl_lunbo` [ RunTime:0.0050s ]
SQL: SELECT * FROM `wl_lunbo` WHERE `nav_id` = 0 ORDER BY lb_sort desc  [ RunTime:0.0013s ]
SQL: SHOW COLUMNS FROM `wl_case` [ RunTime:0.0064s ]
SQL: SELECT * FROM `wl_case` ORDER BY sort desc LIMIT 0,10   [ RunTime:0.0018s ]
SQL: SELECT * FROM `wl_case` ORDER BY sort desc  [ RunTime:0.0011s ]
SQL: SHOW COLUMNS FROM `wl_company_introduce` [ RunTime:0.0044s ]
SQL: SELECT * FROM `wl_company_introduce` LIMIT 1   [ RunTime:0.0012s ]
SQL: SHOW COLUMNS FROM `wl_footer` [ RunTime:0.0055s ]
SQL: SELECT * FROM `wl_footer` LIMIT 1   [ RunTime:0.0013s ]
SQL: SHOW COLUMNS FROM `wl_background_image` [ RunTime:0.0045s ]
SQL: SELECT * FROM `wl_background_image` WHERE `nav_id` = 0 ORDER BY bi_sort desc  [ RunTime:0.0009s ]
SQL: SHOW COLUMNS FROM `wl_footer_nav` [ RunTime:0.0042s ]
SQL: SELECT * FROM `wl_footer_nav` WHERE `fn_fid` = 0  [ RunTime:0.0008s ]
SQL: SELECT * FROM `wl_footer_nav` WHERE `fn_fid` = 1  [ RunTime:0.0005s ]
SQL: SELECT * FROM `wl_footer_nav` WHERE `fn_fid` = 6  [ RunTime:0.0005s ]
SQL: SELECT * FROM `wl_footer_nav` WHERE `fn_fid` = 9  [ RunTime:0.0007s ]
SQL: SHOW COLUMNS FROM `wl_view` [ RunTime:0.0048s ]
SQL: SELECT * FROM `wl_view` ORDER BY sort desc  [ RunTime:0.0016s ]
SQL: SHOW COLUMNS FROM `wl_room_scenery_classify` [ RunTime:0.0043s ]
SQL: SELECT * FROM `wl_room_scenery_classify` ORDER BY rsc_sort desc  [ RunTime:0.0012s ]
SQL: SHOW COLUMNS FROM `wl_room_scenery` [ RunTime:0.0052s ]
SQL: SELECT * FROM `wl_room_scenery` ORDER BY rs_sort desc  [ RunTime:0.0014s ]
SQL: SELECT * FROM `wl_room_scenery_classify` WHERE `rsc_id` = 1 LIMIT 1   [ RunTime:0.0008s ]
SQL: SELECT * FROM `wl_room_scenery_classify` WHERE `rsc_id` = 1 LIMIT 1   [ RunTime:0.0005s ]
SQL: SHOW COLUMNS FROM `wl_home_news` [ RunTime:0.0041s ]
SQL: SELECT * FROM `wl_home_news` ORDER BY hn_sort desc  [ RunTime:0.0010s ]
SQL: SHOW COLUMNS FROM `wl_user` [ RunTime:0.0042s ]
SQL: SELECT * FROM `wl_user` ORDER BY sort desc  [ RunTime:0.0009s ]
SQL: SHOW COLUMNS FROM `wl_custom_word_classify` [ RunTime:0.0053s ]
SQL: SELECT * FROM `wl_custom_word_classify` ORDER BY cwc_sort desc  [ RunTime:0.0012s ]
SQL: SHOW COLUMNS FROM `wl_custom_word` [ RunTime:0.0049s ]
SQL: SHOW COLUMNS FROM `wl_custom_image` [ RunTime:0.0047s ]
SQL: SELECT * FROM `wl_custom_word` WHERE `cwc_id` = 2 ORDER BY cw_sort desc  [ RunTime:0.0016s ]
SQL: SELECT * FROM `wl_custom_image` WHERE `cw_id` = 1 ORDER BY ci_sort desc  [ RunTime:0.0012s ]
SQL: SELECT * FROM `wl_custom_word` WHERE `cwc_id` = 3 ORDER BY cw_sort desc  [ RunTime:0.0011s ]
SQL: SELECT * FROM `wl_custom_image` WHERE `cw_id` = 2 ORDER BY ci_sort desc  [ RunTime:0.0006s ]
SQL: SELECT * FROM `wl_custom_word` WHERE `cwc_id` = 4 ORDER BY cw_sort desc  [ RunTime:0.0006s ]
SQL: SELECT * FROM `wl_custom_image` WHERE `cw_id` = 3 ORDER BY ci_sort desc  [ RunTime:0.0005s ]
SQL: SHOW COLUMNS FROM `wl_home_base` [ RunTime:0.0039s ]
SQL: SELECT * FROM `wl_home_base` ORDER BY sort desc  [ RunTime:0.0006s ]
SQL: SHOW COLUMNS FROM `wl_short_video` [ RunTime:0.0047s ]
SQL: SELECT * FROM `wl_short_video` ORDER BY sv_sort desc LIMIT 1   [ RunTime:0.0014s ]
SQL: SELECT * FROM `wl_room_scenery_classify` ORDER BY rsc_sort desc LIMIT 1   [ RunTime:0.0010s ]
SQL: SELECT * FROM `wl_room_scenery` WHERE `rsc_id` = 1 ORDER BY rs_sort desc LIMIT 0,4   [ RunTime:0.0011s ]
INFO: [ view_parse ] --START--
INFO: [ template_filter ] --START--
INFO: Run Behavior\ContentReplaceBehavior [ RunTime:0.000086s ]
INFO: [ template_filter ] --END-- [ RunTime:0.000116s ]
INFO: Run Behavior\ParseTemplateBehavior [ RunTime:0.011295s ]
INFO: [ view_parse ] --END-- [ RunTime:0.011332s ]
INFO: [ view_filter ] --START--
INFO: Run Behavior\WriteHtmlCacheBehavior [ RunTime:0.000221s ]
INFO: [ view_filter ] --END-- [ RunTime:0.000243s ]
INFO: [ app_end ] --START--
INFO: Run Behavior\ShowPageTraceBehavior [ RunTime:0.000700s ]
INFO: [ app_end ] --END-- [ RunTime:0.000744s ]

[ 2018-11-05T09:24:25+08:00 ] 127.0.0.1 /index.php/Mobile/Index/kehupingjia/nav_id/6
INFO: [ app_init ] --START--
INFO: Run Behavior\BuildLiteBehavior [ RunTime:0.000011s ]
INFO: [ app_init ] --END-- [ RunTime:0.000366s ]
INFO: [ app_begin ] --START--
INFO: Run Behavior\ReadHtmlCacheBehavior [ RunTime:0.000442s ]
INFO: [ app_begin ] --END-- [ RunTime:0.000486s ]
SQL: SHOW COLUMNS FROM `wl_nav` [ RunTime:0.0158s ]
SQL: SELECT * FROM `wl_nav` ORDER BY nav_sort desc  [ RunTime:0.0018s ]
SQL: SHOW COLUMNS FROM `wl_lunbo` [ RunTime:0.0053s ]
SQL: SELECT * FROM `wl_lunbo` WHERE `nav_id` = 6 ORDER BY lb_sort desc  [ RunTime:0.0020s ]
SQL: SHOW COLUMNS FROM `wl_footer` [ RunTime:0.0070s ]
SQL: SELECT * FROM `wl_footer` LIMIT 1   [ RunTime:0.0014s ]
SQL: SHOW COLUMNS FROM `wl_custom_word_classify` [ RunTime:0.0061s ]
SQL: SELECT * FROM `wl_custom_word_classify` ORDER BY cwc_sort desc  [ RunTime:0.0014s ]
SQL: SHOW COLUMNS FROM `wl_footer_nav` [ RunTime:0.0052s ]
SQL: SELECT * FROM `wl_footer_nav` WHERE `fn_fid` = 0  [ RunTime:0.0010s ]
SQL: SELECT * FROM `wl_footer_nav` WHERE `fn_fid` = 1  [ RunTime:0.0007s ]
SQL: SELECT * FROM `wl_footer_nav` WHERE `fn_fid` = 6  [ RunTime:0.0005s ]
SQL: SELECT * FROM `wl_footer_nav` WHERE `fn_fid` = 9  [ RunTime:0.0005s ]
SQL: SHOW COLUMNS FROM `wl_company_introduce` [ RunTime:0.0040s ]
SQL: SELECT * FROM `wl_company_introduce` LIMIT 1   [ RunTime:0.0012s ]
INFO: [ view_parse ] --START--
INFO: [ template_filter ] --START--
INFO: Run Behavior\ContentReplaceBehavior [ RunTime:0.000119s ]
INFO: [ template_filter ] --END-- [ RunTime:0.000170s ]
INFO: Run Behavior\ParseTemplateBehavior [ RunTime:0.027588s ]
INFO: [ view_parse ] --END-- [ RunTime:0.027635s ]
INFO: [ view_filter ] --START--
INFO: Run Behavior\WriteHtmlCacheBehavior [ RunTime:0.000273s ]
INFO: [ view_filter ] --END-- [ RunTime:0.000306s ]
INFO: [ app_end ] --START--
INFO: Run Behavior\ShowPageTraceBehavior [ RunTime:0.000424s ]
INFO: [ app_end ] --END-- [ RunTime:0.000458s ]

[ 2018-11-05T09:24:33+08:00 ] 127.0.0.1 /index.php/Mobile/Index/kehupingjia/nav_id/6
INFO: [ app_init ] --START--
INFO: Run Behavior\BuildLiteBehavior [ RunTime:0.000013s ]
INFO: [ app_init ] --END-- [ RunTime:0.000410s ]
INFO: [ app_begin ] --START--
INFO: Run Behavior\ReadHtmlCacheBehavior [ RunTime:0.000504s ]
INFO: [ app_begin ] --END-- [ RunTime:0.000556s ]
SQL: SHOW COLUMNS FROM `wl_nav` [ RunTime:0.0118s ]
SQL: SELECT * FROM `wl_nav` ORDER BY nav_sort desc  [ RunTime:0.0017s ]
SQL: SHOW COLUMNS FROM `wl_lunbo` [ RunTime:0.0047s ]
SQL: SELECT * FROM `wl_lunbo` WHERE `nav_id` = 6 ORDER BY lb_sort desc  [ RunTime:0.0011s ]
SQL: SHOW COLUMNS FROM `wl_footer` [ RunTime:0.0044s ]
SQL: SELECT * FROM `wl_footer` LIMIT 1   [ RunTime:0.0009s ]
SQL: SHOW COLUMNS FROM `wl_custom_word_classify` [ RunTime:0.0037s ]
SQL: SELECT * FROM `wl_custom_word_classify` ORDER BY cwc_sort desc  [ RunTime:0.0008s ]
SQL: SHOW COLUMNS FROM `wl_footer_nav` [ RunTime:0.0040s ]
SQL: SELECT * FROM `wl_footer_nav` WHERE `fn_fid` = 0  [ RunTime:0.0009s ]
SQL: SELECT * FROM `wl_footer_nav` WHERE `fn_fid` = 1  [ RunTime:0.0005s ]
SQL: SELECT * FROM `wl_footer_nav` WHERE `fn_fid` = 6  [ RunTime:0.0005s ]
SQL: SELECT * FROM `wl_footer_nav` WHERE `fn_fid` = 9  [ RunTime:0.0005s ]
SQL: SHOW COLUMNS FROM `wl_company_introduce` [ RunTime:0.0048s ]
SQL: SELECT * FROM `wl_company_introduce` LIMIT 1   [ RunTime:0.0011s ]
INFO: [ view_parse ] --START--
INFO: [ template_filter ] --START--
INFO: Run Behavior\ContentReplaceBehavior [ RunTime:0.000066s ]
INFO: [ template_filter ] --END-- [ RunTime:0.000091s ]
INFO: Run Behavior\ParseTemplateBehavior [ RunTime:0.007971s ]
INFO: [ view_parse ] --END-- [ RunTime:0.008005s ]
INFO: [ view_filter ] --START--
INFO: Run Behavior\WriteHtmlCacheBehavior [ RunTime:0.000214s ]
INFO: [ view_filter ] --END-- [ RunTime:0.000234s ]
INFO: [ app_end ] --START--
INFO: Run Behavior\ShowPageTraceBehavior [ RunTime:0.000354s ]
INFO: [ app_end ] --END-- [ RunTime:0.000398s ]

[ 2018-11-05T09:24:40+08:00 ] 127.0.0.1 /index.php/Mobile/Index/zuixintehui/nav_id/5
INFO: [ app_init ] --START--
INFO: Run Behavior\BuildLiteBehavior [ RunTime:0.000007s ]
INFO: [ app_init ] --END-- [ RunTime:0.000306s ]
INFO: [ app_begin ] --START--
INFO: Run Behavior\ReadHtmlCacheBehavior [ RunTime:0.000277s ]
INFO: [ app_begin ] --END-- [ RunTime:0.000306s ]
SQL: SHOW COLUMNS FROM `wl_nav` [ RunTime:0.0123s ]
SQL: SELECT * FROM `wl_nav` ORDER BY nav_sort desc  [ RunTime:0.0018s ]
SQL: SHOW COLUMNS FROM `wl_lunbo` [ RunTime:0.0053s ]
SQL: SELECT * FROM `wl_lunbo` WHERE `nav_id` = 5 ORDER BY lb_sort desc  [ RunTime:0.0014s ]
SQL: SHOW COLUMNS FROM `wl_footer` [ RunTime:0.0056s ]
SQL: SELECT * FROM `wl_footer` LIMIT 1   [ RunTime:0.0011s ]
SQL: SHOW COLUMNS FROM `wl_active` [ RunTime:0.0058s ]
SQL: SELECT * FROM `wl_active` ORDER BY asort desc  [ RunTime:0.0016s ]
SQL: SHOW COLUMNS FROM `wl_footer_nav` [ RunTime:0.0049s ]
SQL: SELECT * FROM `wl_footer_nav` WHERE `fn_fid` = 0  [ RunTime:0.0011s ]
SQL: SELECT * FROM `wl_footer_nav` WHERE `fn_fid` = 1  [ RunTime:0.0005s ]
SQL: SELECT * FROM `wl_footer_nav` WHERE `fn_fid` = 6  [ RunTime:0.0005s ]
SQL: SELECT * FROM `wl_footer_nav` WHERE `fn_fid` = 9  [ RunTime:0.0005s ]
SQL: SHOW COLUMNS FROM `wl_company_introduce` [ RunTime:0.0048s ]
SQL: SELECT * FROM `wl_company_introduce` LIMIT 1   [ RunTime:0.0009s ]
INFO: [ view_parse ] --START--
INFO: [ template_filter ] --START--
INFO: Run Behavior\ContentReplaceBehavior [ RunTime:0.000065s ]
INFO: [ template_filter ] --END-- [ RunTime:0.000108s ]
INFO: Run Behavior\ParseTemplateBehavior [ RunTime:0.010752s ]
INFO: [ view_parse ] --END-- [ RunTime:0.010791s ]
INFO: [ view_filter ] --START--
INFO: Run Behavior\WriteHtmlCacheBehavior [ RunTime:0.000169s ]
INFO: [ view_filter ] --END-- [ RunTime:0.000190s ]
INFO: [ app_end ] --START--
INFO: Run Behavior\ShowPageTraceBehavior [ RunTime:0.000327s ]
INFO: [ app_end ] --END-- [ RunTime:0.000350s ]

[ 2018-11-05T09:24:47+08:00 ] 127.0.0.1 /index.php/Mobile/Index/jingcaihuaxu/nav_id/4
INFO: [ app_init ] --START--
INFO: Run Behavior\BuildLiteBehavior [ RunTime:0.000007s ]
INFO: [ app_init ] --END-- [ RunTime:0.000225s ]
INFO: [ app_begin ] --START--
INFO: Run Behavior\ReadHtmlCacheBehavior [ RunTime:0.000277s ]
INFO: [ app_begin ] --END-- [ RunTime:0.000306s ]
SQL: SHOW COLUMNS FROM `wl_nav` [ RunTime:0.0120s ]
SQL: SELECT * FROM `wl_nav` ORDER BY nav_sort desc  [ RunTime:0.0017s ]
SQL: SHOW COLUMNS FROM `wl_lunbo` [ RunTime:0.0045s ]
SQL: SELECT * FROM `wl_lunbo` WHERE `nav_id` = 4 ORDER BY lb_sort desc  [ RunTime:0.0011s ]
SQL: SHOW COLUMNS FROM `wl_footer` [ RunTime:0.0050s ]
SQL: SELECT * FROM `wl_footer` LIMIT 1   [ RunTime:0.0010s ]
SQL: SHOW COLUMNS FROM `wl_footer_nav` [ RunTime:0.0040s ]
SQL: SELECT * FROM `wl_footer_nav` WHERE `fn_fid` = 0  [ RunTime:0.0010s ]
SQL: SELECT * FROM `wl_footer_nav` WHERE `fn_fid` = 1  [ RunTime:0.0008s ]
SQL: SELECT * FROM `wl_footer_nav` WHERE `fn_fid` = 6  [ RunTime:0.0006s ]
SQL: SELECT * FROM `wl_footer_nav` WHERE `fn_fid` = 9  [ RunTime:0.0008s ]
SQL: SHOW COLUMNS FROM `wl_company_introduce` [ RunTime:0.0043s ]
SQL: SELECT * FROM `wl_company_introduce` LIMIT 1   [ RunTime:0.0008s ]
SQL: SHOW COLUMNS FROM `wl_short_video` [ RunTime:0.0070s ]
SQL: SELECT * FROM `wl_short_video` ORDER BY sv_sort desc  [ RunTime:0.0012s ]
INFO: [ view_parse ] --START--
INFO: [ template_filter ] --START--
INFO: Run Behavior\ContentReplaceBehavior [ RunTime:0.000057s ]
INFO: [ template_filter ] --END-- [ RunTime:0.000088s ]
INFO: Run Behavior\ParseTemplateBehavior [ RunTime:0.022265s ]
INFO: [ view_parse ] --END-- [ RunTime:0.022300s ]
INFO: [ view_filter ] --START--
INFO: Run Behavior\WriteHtmlCacheBehavior [ RunTime:0.000161s ]
INFO: [ view_filter ] --END-- [ RunTime:0.000182s ]
INFO: [ app_end ] --START--
INFO: Run Behavior\ShowPageTraceBehavior [ RunTime:0.000299s ]
INFO: [ app_end ] --END-- [ RunTime:0.000322s ]

[ 2018-11-05T09:25:02+08:00 ] 127.0.0.1 /index.php/Mobile/Index/keyangxinshang/nav_id/3
INFO: [ app_init ] --START--
INFO: Run Behavior\BuildLiteBehavior [ RunTime:0.000014s ]
INFO: [ app_init ] --END-- [ RunTime:0.000444s ]
INFO: [ app_begin ] --START--
INFO: Run Behavior\ReadHtmlCacheBehavior [ RunTime:0.000550s ]
INFO: [ app_begin ] --END-- [ RunTime:0.000604s ]
SQL: SHOW COLUMNS FROM `wl_nav` [ RunTime:0.0044s ]
SQL: SELECT * FROM `wl_nav` ORDER BY nav_sort desc  [ RunTime:0.0012s ]
SQL: SHOW COLUMNS FROM `wl_lunbo` [ RunTime:0.0051s ]
SQL: SELECT * FROM `wl_lunbo` WHERE `nav_id` = 3 ORDER BY lb_sort desc  [ RunTime:0.0011s ]
SQL: SHOW COLUMNS FROM `wl_case` [ RunTime:0.0045s ]
SQL: SELECT * FROM `wl_case` ORDER BY sort desc  [ RunTime:0.0008s ]
SQL: SHOW COLUMNS FROM `wl_company_introduce` [ RunTime:0.0059s ]
SQL: SELECT * FROM `wl_company_introduce` LIMIT 1   [ RunTime:0.0015s ]
SQL: SHOW COLUMNS FROM `wl_footer` [ RunTime:0.0056s ]
SQL: SELECT * FROM `wl_footer` LIMIT 1   [ RunTime:0.0010s ]
SQL: SHOW COLUMNS FROM `wl_footer_nav` [ RunTime:0.0054s ]
SQL: SELECT * FROM `wl_footer_nav` WHERE `fn_fid` = 0  [ RunTime:0.0011s ]
SQL: SELECT * FROM `wl_footer_nav` WHERE `fn_fid` = 1  [ RunTime:0.0008s ]
SQL: SELECT * FROM `wl_footer_nav` WHERE `fn_fid` = 6  [ RunTime:0.0005s ]
SQL: SELECT * FROM `wl_footer_nav` WHERE `fn_fid` = 9  [ RunTime:0.0005s ]
INFO: [ view_parse ] --START--
INFO: [ template_filter ] --START--
INFO: Run Behavior\ContentReplaceBehavior [ RunTime:0.000054s ]
INFO: [ template_filter ] --END-- [ RunTime:0.000082s ]
INFO: Run Behavior\ParseTemplateBehavior [ RunTime:0.007306s ]
INFO: [ view_parse ] --END-- [ RunTime:0.007343s ]
INFO: [ view_filter ] --START--
INFO: Run Behavior\WriteHtmlCacheBehavior [ RunTime:0.000160s ]
INFO: [ view_filter ] --END-- [ RunTime:0.000181s ]
INFO: [ app_end ] --START--
INFO: Run Behavior\ShowPageTraceBehavior [ RunTime:0.000373s ]
INFO: [ app_end ] --END-- [ RunTime:0.000397s ]

[ 2018-11-05T09:25:07+08:00 ] 127.0.0.1 /index.php/Mobile/Index/zuixintehui/nav_id/5
INFO: [ app_init ] --START--
INFO: Run Behavior\BuildLiteBehavior [ RunTime:0.000007s ]
INFO: [ app_init ] --END-- [ RunTime:0.000228s ]
INFO: [ app_begin ] --START--
INFO: Run Behavior\ReadHtmlCacheBehavior [ RunTime:0.000283s ]
INFO: [ app_begin ] --END-- [ RunTime:0.000343s ]
SQL: SHOW COLUMNS FROM `wl_nav` [ RunTime:0.0116s ]
SQL: SELECT * FROM `wl_nav` ORDER BY nav_sort desc  [ RunTime:0.0014s ]
SQL: SHOW COLUMNS FROM `wl_lunbo` [ RunTime:0.0044s ]
SQL: SELECT * FROM `wl_lunbo` WHERE `nav_id` = 5 ORDER BY lb_sort desc  [ RunTime:0.0010s ]
SQL: SHOW COLUMNS FROM `wl_footer` [ RunTime:0.0041s ]
SQL: SELECT * FROM `wl_footer` LIMIT 1   [ RunTime:0.0010s ]
SQL: SHOW COLUMNS FROM `wl_active` [ RunTime:0.0050s ]
SQL: SELECT * FROM `wl_active` ORDER BY asort desc  [ RunTime:0.0010s ]
SQL: SHOW COLUMNS FROM `wl_footer_nav` [ RunTime:0.0045s ]
SQL: SELECT * FROM `wl_footer_nav` WHERE `fn_fid` = 0  [ RunTime:0.0010s ]
SQL: SELECT * FROM `wl_footer_nav` WHERE `fn_fid` = 1  [ RunTime:0.0009s ]
SQL: SELECT * FROM `wl_footer_nav` WHERE `fn_fid` = 6  [ RunTime:0.0009s ]
SQL: SELECT * FROM `wl_footer_nav` WHERE `fn_fid` = 9  [ RunTime:0.0006s ]
SQL: SHOW COLUMNS FROM `wl_company_introduce` [ RunTime:0.0039s ]
SQL: SELECT * FROM `wl_company_introduce` LIMIT 1   [ RunTime:0.0010s ]
INFO: [ view_parse ] --START--
INFO: [ template_filter ] --START--
INFO: Run Behavior\ContentReplaceBehavior [ RunTime:0.000052s ]
INFO: [ template_filter ] --END-- [ RunTime:0.000081s ]
INFO: Run Behavior\ParseTemplateBehavior [ RunTime:0.007264s ]
INFO: [ view_parse ] --END-- [ RunTime:0.007296s ]
INFO: [ view_filter ] --START--
INFO: Run Behavior\WriteHtmlCacheBehavior [ RunTime:0.000158s ]
INFO: [ view_filter ] --END-- [ RunTime:0.000181s ]
INFO: [ app_end ] --START--
INFO: Run Behavior\ShowPageTraceBehavior [ RunTime:0.000283s ]
INFO: [ app_end ] --END-- [ RunTime:0.000307s ]

[ 2018-11-05T09:35:41+08:00 ] 127.0.0.1 /index.php/Mobile/Index/zuixintehui/nav_id/5
INFO: [ app_init ] --START--
INFO: Run Behavior\BuildLiteBehavior [ RunTime:0.000009s ]
INFO: [ app_init ] --END-- [ RunTime:0.000301s ]
INFO: [ app_begin ] --START--
INFO: Run Behavior\ReadHtmlCacheBehavior [ RunTime:0.000313s ]
INFO: [ app_begin ] --END-- [ RunTime:0.000342s ]
SQL: SHOW COLUMNS FROM `wl_nav` [ RunTime:0.0044s ]
SQL: SELECT * FROM `wl_nav` ORDER BY nav_sort desc  [ RunTime:0.0010s ]
SQL: SHOW COLUMNS FROM `wl_lunbo` [ RunTime:0.0040s ]
SQL: SELECT * FROM `wl_lunbo` WHERE `nav_id` = 5 ORDER BY lb_sort desc  [ RunTime:0.0012s ]
SQL: SHOW COLUMNS FROM `wl_footer` [ RunTime:0.0052s ]
SQL: SELECT * FROM `wl_footer` LIMIT 1   [ RunTime:0.0008s ]
SQL: SHOW COLUMNS FROM `wl_active` [ RunTime:0.0038s ]
SQL: SELECT * FROM `wl_active` ORDER BY asort desc  [ RunTime:0.0011s ]
SQL: SHOW COLUMNS FROM `wl_footer_nav` [ RunTime:0.0050s ]
SQL: SELECT * FROM `wl_footer_nav` WHERE `fn_fid` = 0  [ RunTime:0.0016s ]
SQL: SELECT * FROM `wl_footer_nav` WHERE `fn_fid` = 1  [ RunTime:0.0012s ]
SQL: SELECT * FROM `wl_footer_nav` WHERE `fn_fid` = 6  [ RunTime:0.0008s ]
SQL: SELECT * FROM `wl_footer_nav` WHERE `fn_fid` = 9  [ RunTime:0.0008s ]
SQL: SHOW COLUMNS FROM `wl_company_introduce` [ RunTime:0.0046s ]
SQL: SELECT * FROM `wl_company_introduce` LIMIT 1   [ RunTime:0.0010s ]
INFO: [ view_parse ] --START--
INFO: [ template_filter ] --START--
INFO: Run Behavior\ContentReplaceBehavior [ RunTime:0.000053s ]
INFO: [ template_filter ] --END-- [ RunTime:0.000084s ]
INFO: Run Behavior\ParseTemplateBehavior [ RunTime:0.009071s ]
INFO: [ view_parse ] --END-- [ RunTime:0.009104s ]
INFO: [ view_filter ] --START--
INFO: Run Behavior\WriteHtmlCacheBehavior [ RunTime:0.000163s ]
INFO: [ view_filter ] --END-- [ RunTime:0.000185s ]
INFO: [ app_end ] --START--
INFO: Run Behavior\ShowPageTraceBehavior [ RunTime:0.000303s ]
INFO: [ app_end ] --END-- [ RunTime:0.000324s ]

[ 2018-11-05T09:36:23+08:00 ] 127.0.0.1 /index.php/Mobile/Index/zuixintehui/nav_id/5
INFO: [ app_init ] --START--
INFO: Run Behavior\BuildLiteBehavior [ RunTime:0.000226s ]
INFO: [ app_init ] --END-- [ RunTime:0.001940s ]
INFO: [ app_begin ] --START--
INFO: Run Behavior\ReadHtmlCacheBehavior [ RunTime:0.000560s ]
INFO: [ app_begin ] --END-- [ RunTime:0.000622s ]
SQL: SHOW COLUMNS FROM `wl_nav` [ RunTime:0.0046s ]
SQL: SELECT * FROM `wl_nav` ORDER BY nav_sort desc  [ RunTime:0.0009s ]
SQL: SHOW COLUMNS FROM `wl_lunbo` [ RunTime:0.0045s ]
SQL: SELECT * FROM `wl_lunbo` WHERE `nav_id` = 5 ORDER BY lb_sort desc  [ RunTime:0.0018s ]
SQL: SHOW COLUMNS FROM `wl_footer` [ RunTime:0.0044s ]
SQL: SELECT * FROM `wl_footer` LIMIT 1   [ RunTime:0.0008s ]
SQL: SHOW COLUMNS FROM `wl_active` [ RunTime:0.0041s ]
SQL: SELECT * FROM `wl_active` ORDER BY asort desc  [ RunTime:0.0008s ]
SQL: SHOW COLUMNS FROM `wl_footer_nav` [ RunTime:0.0050s ]
SQL: SELECT * FROM `wl_footer_nav` WHERE `fn_fid` = 0  [ RunTime:0.0011s ]
SQL: SELECT * FROM `wl_footer_nav` WHERE `fn_fid` = 1  [ RunTime:0.0011s ]
SQL: SELECT * FROM `wl_footer_nav` WHERE `fn_fid` = 6  [ RunTime:0.0015s ]
SQL: SELECT * FROM `wl_footer_nav` WHERE `fn_fid` = 9  [ RunTime:0.0011s ]
SQL: SHOW COLUMNS FROM `wl_company_introduce` [ RunTime:0.0069s ]
SQL: SELECT * FROM `wl_company_introduce` LIMIT 1   [ RunTime:0.0011s ]
INFO: [ view_parse ] --START--
INFO: [ template_filter ] --START--
INFO: Run Behavior\ContentReplaceBehavior [ RunTime:0.000121s ]
INFO: [ template_filter ] --END-- [ RunTime:0.000177s ]
INFO: Run Behavior\ParseTemplateBehavior [ RunTime:0.010728s ]
INFO: [ view_parse ] --END-- [ RunTime:0.010774s ]
INFO: [ view_filter ] --START--
INFO: Run Behavior\WriteHtmlCacheBehavior [ RunTime:0.000358s ]
INFO: [ view_filter ] --END-- [ RunTime:0.000389s ]
INFO: [ app_end ] --START--
INFO: Run Behavior\ShowPageTraceBehavior [ RunTime:0.000608s ]
INFO: [ app_end ] --END-- [ RunTime:0.000638s ]

[ 2018-11-05T09:36:26+08:00 ] 127.0.0.1 /index.php/Mobile/Index/jingcaihuaxu/nav_id/4
INFO: [ app_init ] --START--
INFO: Run Behavior\BuildLiteBehavior [ RunTime:0.000008s ]
INFO: [ app_init ] --END-- [ RunTime:0.000241s ]
INFO: [ app_begin ] --START--
INFO: Run Behavior\ReadHtmlCacheBehavior [ RunTime:0.000293s ]
INFO: [ app_begin ] --END-- [ RunTime:0.000322s ]
SQL: SHOW COLUMNS FROM `wl_nav` [ RunTime:0.0124s ]
SQL: SELECT * FROM `wl_nav` ORDER BY nav_sort desc  [ RunTime:0.0013s ]
SQL: SHOW COLUMNS FROM `wl_lunbo` [ RunTime:0.0044s ]
SQL: SELECT * FROM `wl_lunbo` WHERE `nav_id` = 4 ORDER BY lb_sort desc  [ RunTime:0.0009s ]
SQL: SHOW COLUMNS FROM `wl_footer` [ RunTime:0.0046s ]
SQL: SELECT * FROM `wl_footer` LIMIT 1   [ RunTime:0.0014s ]
SQL: SHOW COLUMNS FROM `wl_footer_nav` [ RunTime:0.0047s ]
SQL: SELECT * FROM `wl_footer_nav` WHERE `fn_fid` = 0  [ RunTime:0.0013s ]
SQL: SELECT * FROM `wl_footer_nav` WHERE `fn_fid` = 1  [ RunTime:0.0010s ]
SQL: SELECT * FROM `wl_footer_nav` WHERE `fn_fid` = 6  [ RunTime:0.0007s ]
SQL: SELECT * FROM `wl_footer_nav` WHERE `fn_fid` = 9  [ RunTime:0.0006s ]
SQL: SHOW COLUMNS FROM `wl_company_introduce` [ RunTime:0.0045s ]
SQL: SELECT * FROM `wl_company_introduce` LIMIT 1   [ RunTime:0.0011s ]
SQL: SHOW COLUMNS FROM `wl_short_video` [ RunTime:0.0048s ]
SQL: SELECT * FROM `wl_short_video` ORDER BY sv_sort desc  [ RunTime:0.0010s ]
INFO: [ view_parse ] --START--
INFO: [ template_filter ] --START--
INFO: Run Behavior\ContentReplaceBehavior [ RunTime:0.000093s ]
INFO: [ template_filter ] --END-- [ RunTime:0.000145s ]
INFO: Run Behavior\ParseTemplateBehavior [ RunTime:0.015696s ]
INFO: [ view_parse ] --END-- [ RunTime:0.015742s ]
INFO: [ view_filter ] --START--
INFO: Run Behavior\WriteHtmlCacheBehavior [ RunTime:0.000173s ]
INFO: [ view_filter ] --END-- [ RunTime:0.000194s ]
INFO: [ app_end ] --START--
INFO: Run Behavior\ShowPageTraceBehavior [ RunTime:0.000340s ]
INFO: [ app_end ] --END-- [ RunTime:0.000363s ]

[ 2018-11-05T09:36:36+08:00 ] 127.0.0.1 /index.php/Mobile/Index/jingcaihuaxu/nav_id/4
INFO: [ app_init ] --START--
INFO: Run Behavior\BuildLiteBehavior [ RunTime:0.000007s ]
INFO: [ app_init ] --END-- [ RunTime:0.000216s ]
INFO: [ app_begin ] --START--
INFO: Run Behavior\ReadHtmlCacheBehavior [ RunTime:0.000267s ]
INFO: [ app_begin ] --END-- [ RunTime:0.000293s ]
SQL: SHOW COLUMNS FROM `wl_nav` [ RunTime:0.0118s ]
SQL: SELECT * FROM `wl_nav` ORDER BY nav_sort desc  [ RunTime:0.0016s ]
SQL: SHOW COLUMNS FROM `wl_lunbo` [ RunTime:0.0045s ]
SQL: SELECT * FROM `wl_lunbo` WHERE `nav_id` = 4 ORDER BY lb_sort desc  [ RunTime:0.0012s ]
SQL: SHOW COLUMNS FROM `wl_footer` [ RunTime:0.0044s ]
SQL: SELECT * FROM `wl_footer` LIMIT 1   [ RunTime:0.0011s ]
SQL: SHOW COLUMNS FROM `wl_footer_nav` [ RunTime:0.0042s ]
SQL: SELECT * FROM `wl_footer_nav` WHERE `fn_fid` = 0  [ RunTime:0.0008s ]
SQL: SELECT * FROM `wl_footer_nav` WHERE `fn_fid` = 1  [ RunTime:0.0005s ]
SQL: SELECT * FROM `wl_footer_nav` WHERE `fn_fid` = 6  [ RunTime:0.0005s ]
SQL: SELECT * FROM `wl_footer_nav` WHERE `fn_fid` = 9  [ RunTime:0.0005s ]
SQL: SHOW COLUMNS FROM `wl_company_introduce` [ RunTime:0.0042s ]
SQL: SELECT * FROM `wl_company_introduce` LIMIT 1   [ RunTime:0.0012s ]
SQL: SHOW COLUMNS FROM `wl_short_video` [ RunTime:0.0049s ]
SQL: SELECT * FROM `wl_short_video` ORDER BY sv_sort desc  [ RunTime:0.0008s ]
INFO: [ view_parse ] --START--
INFO: [ template_filter ] --START--
INFO: Run Behavior\ContentReplaceBehavior [ RunTime:0.000057s ]
INFO: [ template_filter ] --END-- [ RunTime:0.000089s ]
INFO: Run Behavior\ParseTemplateBehavior [ RunTime:0.007814s ]
INFO: [ view_parse ] --END-- [ RunTime:0.007846s ]
INFO: [ view_filter ] --START--
INFO: Run Behavior\WriteHtmlCacheBehavior [ RunTime:0.000167s ]
INFO: [ view_filter ] --END-- [ RunTime:0.000188s ]
INFO: [ app_end ] --START--
INFO: Run Behavior\ShowPageTraceBehavior [ RunTime:0.000358s ]
INFO: [ app_end ] --END-- [ RunTime:0.000381s ]

[ 2018-11-05T09:36:40+08:00 ] 127.0.0.1 /index.php/Mobile/Index/keyangxinshang/nav_id/3
INFO: [ app_init ] --START--
INFO: Run Behavior\BuildLiteBehavior [ RunTime:0.000007s ]
INFO: [ app_init ] --END-- [ RunTime:0.000233s ]
INFO: [ app_begin ] --START--
INFO: Run Behavior\ReadHtmlCacheBehavior [ RunTime:0.000335s ]
INFO: [ app_begin ] --END-- [ RunTime:0.000364s ]
SQL: SHOW COLUMNS FROM `wl_nav` [ RunTime:0.0115s ]
SQL: SELECT * FROM `wl_nav` ORDER BY nav_sort desc  [ RunTime:0.0014s ]
SQL: SHOW COLUMNS FROM `wl_lunbo` [ RunTime:0.0046s ]
SQL: SELECT * FROM `wl_lunbo` WHERE `nav_id` = 3 ORDER BY lb_sort desc  [ RunTime:0.0011s ]
SQL: SHOW COLUMNS FROM `wl_case` [ RunTime:0.0048s ]
SQL: SELECT * FROM `wl_case` ORDER BY sort desc  [ RunTime:0.0015s ]
SQL: SHOW COLUMNS FROM `wl_company_introduce` [ RunTime:0.0045s ]
SQL: SELECT * FROM `wl_company_introduce` LIMIT 1   [ RunTime:0.0010s ]
SQL: SHOW COLUMNS FROM `wl_footer` [ RunTime:0.0047s ]
SQL: SELECT * FROM `wl_footer` LIMIT 1   [ RunTime:0.0010s ]
SQL: SHOW COLUMNS FROM `wl_footer_nav` [ RunTime:0.0044s ]
SQL: SELECT * FROM `wl_footer_nav` WHERE `fn_fid` = 0  [ RunTime:0.0014s ]
SQL: SELECT * FROM `wl_footer_nav` WHERE `fn_fid` = 1  [ RunTime:0.0019s ]
SQL: SELECT * FROM `wl_footer_nav` WHERE `fn_fid` = 6  [ RunTime:0.0019s ]
SQL: SELECT * FROM `wl_footer_nav` WHERE `fn_fid` = 9  [ RunTime:0.0012s ]
INFO: [ view_parse ] --START--
INFO: [ template_filter ] --START--
INFO: Run Behavior\ContentReplaceBehavior [ RunTime:0.000098s ]
INFO: [ template_filter ] --END-- [ RunTime:0.000155s ]
INFO: Run Behavior\ParseTemplateBehavior [ RunTime:0.009096s ]
INFO: [ view_parse ] --END-- [ RunTime:0.009155s ]
INFO: [ view_filter ] --START--
INFO: Run Behavior\WriteHtmlCacheBehavior [ RunTime:0.000259s ]
INFO: [ view_filter ] --END-- [ RunTime:0.000302s ]
INFO: [ app_end ] --START--
INFO: Run Behavior\ShowPageTraceBehavior [ RunTime:0.000476s ]
INFO: [ app_end ] --END-- [ RunTime:0.000519s ]

[ 2018-11-05T09:37:08+08:00 ] 127.0.0.1 /index.php/Mobile/Index/aboutUs/nav_id/2
INFO: [ app_init ] --START--
INFO: Run Behavior\BuildLiteBehavior [ RunTime:0.000007s ]
INFO: [ app_init ] --END-- [ RunTime:0.000226s ]
INFO: [ app_begin ] --START--
INFO: Run Behavior\ReadHtmlCacheBehavior [ RunTime:0.000284s ]
INFO: [ app_begin ] --END-- [ RunTime:0.000310s ]
SQL: SHOW COLUMNS FROM `wl_nav` [ RunTime:0.0162s ]
SQL: SELECT * FROM `wl_nav` ORDER BY nav_sort desc  [ RunTime:0.0010s ]
SQL: SHOW COLUMNS FROM `wl_lunbo` [ RunTime:0.0054s ]
SQL: SELECT * FROM `wl_lunbo` WHERE `nav_id` = 2 ORDER BY lb_sort desc  [ RunTime:0.0011s ]
SQL: SHOW COLUMNS FROM `wl_footer` [ RunTime:0.0046s ]
SQL: SELECT * FROM `wl_footer` LIMIT 1   [ RunTime:0.0012s ]
SQL: SHOW COLUMNS FROM `wl_company_introduce` [ RunTime:0.0060s ]
SQL: SELECT * FROM `wl_company_introduce` LIMIT 1   [ RunTime:0.0009s ]
SQL: SHOW COLUMNS FROM `wl_background_image` [ RunTime:0.0051s ]
SQL: SELECT * FROM `wl_background_image` WHERE `nav_id` = 2 ORDER BY bi_sort desc  [ RunTime:0.0010s ]
SQL: SHOW COLUMNS FROM `wl_basedata` [ RunTime:0.0050s ]
SQL: SELECT * FROM `wl_basedata` ORDER BY sort desc LIMIT 1   [ RunTime:0.0012s ]
SQL: SHOW COLUMNS FROM `wl_footer_nav` [ RunTime:0.0046s ]
SQL: SELECT * FROM `wl_footer_nav` WHERE `fn_fid` = 0  [ RunTime:0.0009s ]
SQL: SELECT * FROM `wl_footer_nav` WHERE `fn_fid` = 1  [ RunTime:0.0005s ]
SQL: SELECT * FROM `wl_footer_nav` WHERE `fn_fid` = 6  [ RunTime:0.0005s ]
SQL: SELECT * FROM `wl_footer_nav` WHERE `fn_fid` = 9  [ RunTime:0.0007s ]
INFO: [ view_parse ] --START--
INFO: [ template_filter ] --START--
INFO: Run Behavior\ContentReplaceBehavior [ RunTime:0.000158s ]
INFO: [ template_filter ] --END-- [ RunTime:0.000284s ]
INFO: Run Behavior\ParseTemplateBehavior [ RunTime:0.047290s ]
INFO: [ view_parse ] --END-- [ RunTime:0.047373s ]
INFO: [ view_filter ] --START--
INFO: Run Behavior\WriteHtmlCacheBehavior [ RunTime:0.000582s ]
INFO: [ view_filter ] --END-- [ RunTime:0.000657s ]
INFO: [ app_end ] --START--
INFO: Run Behavior\ShowPageTraceBehavior [ RunTime:0.001009s ]
INFO: [ app_end ] --END-- [ RunTime:0.001092s ]

[ 2018-11-05T09:43:14+08:00 ] 127.0.0.1 /index.php/Mobile/Index/aboutUs/nav_id/2
INFO: [ app_init ] --START--
INFO: Run Behavior\BuildLiteBehavior [ RunTime:0.000027s ]
INFO: [ app_init ] --END-- [ RunTime:0.000884s ]
INFO: [ app_begin ] --START--
INFO: Run Behavior\ReadHtmlCacheBehavior [ RunTime:0.000392s ]
INFO: [ app_begin ] --END-- [ RunTime:0.000422s ]
SQL: SHOW COLUMNS FROM `wl_nav` [ RunTime:0.0129s ]
SQL: SELECT * FROM `wl_nav` ORDER BY nav_sort desc  [ RunTime:0.0018s ]
SQL: SHOW COLUMNS FROM `wl_lunbo` [ RunTime:0.0046s ]
SQL: SELECT * FROM `wl_lunbo` WHERE `nav_id` = 2 ORDER BY lb_sort desc  [ RunTime:0.0010s ]
SQL: SHOW COLUMNS FROM `wl_footer` [ RunTime:0.0039s ]
SQL: SELECT * FROM `wl_footer` LIMIT 1   [ RunTime:0.0006s ]
SQL: SHOW COLUMNS FROM `wl_company_introduce` [ RunTime:0.0043s ]
SQL: SELECT * FROM `wl_company_introduce` LIMIT 1   [ RunTime:0.0013s ]
SQL: SHOW COLUMNS FROM `wl_background_image` [ RunTime:0.0044s ]
SQL: SELECT * FROM `wl_background_image` WHERE `nav_id` = 2 ORDER BY bi_sort desc  [ RunTime:0.0010s ]
SQL: SHOW COLUMNS FROM `wl_basedata` [ RunTime:0.0043s ]
SQL: SELECT * FROM `wl_basedata` ORDER BY sort desc LIMIT 1   [ RunTime:0.0010s ]
SQL: SHOW COLUMNS FROM `wl_footer_nav` [ RunTime:0.0049s ]
SQL: SELECT * FROM `wl_footer_nav` WHERE `fn_fid` = 0  [ RunTime:0.0011s ]
SQL: SELECT * FROM `wl_footer_nav` WHERE `fn_fid` = 1  [ RunTime:0.0007s ]
SQL: SELECT * FROM `wl_footer_nav` WHERE `fn_fid` = 6  [ RunTime:0.0006s ]
SQL: SELECT * FROM `wl_footer_nav` WHERE `fn_fid` = 9  [ RunTime:0.0007s ]
INFO: [ view_parse ] --START--
INFO: [ template_filter ] --START--
INFO: Run Behavior\ContentReplaceBehavior [ RunTime:0.000056s ]
INFO: [ template_filter ] --END-- [ RunTime:0.000084s ]
INFO: Run Behavior\ParseTemplateBehavior [ RunTime:0.013781s ]
INFO: [ view_parse ] --END-- [ RunTime:0.013816s ]
INFO: [ view_filter ] --START--
INFO: Run Behavior\WriteHtmlCacheBehavior [ RunTime:0.000219s ]
INFO: [ view_filter ] --END-- [ RunTime:0.000240s ]
INFO: [ app_end ] --START--
INFO: Run Behavior\ShowPageTraceBehavior [ RunTime:0.000331s ]
INFO: [ app_end ] --END-- [ RunTime:0.000355s ]

[ 2018-11-05T09:43:19+08:00 ] 127.0.0.1 /index.php/Mobile/Index/aboutUs/nav_id/2
INFO: [ app_init ] --START--
INFO: Run Behavior\BuildLiteBehavior [ RunTime:0.000007s ]
INFO: [ app_init ] --END-- [ RunTime:0.000227s ]
INFO: [ app_begin ] --START--
INFO: Run Behavior\ReadHtmlCacheBehavior [ RunTime:0.000285s ]
INFO: [ app_begin ] --END-- [ RunTime:0.000312s ]
SQL: SHOW COLUMNS FROM `wl_nav` [ RunTime:0.0152s ]
SQL: SELECT * FROM `wl_nav` ORDER BY nav_sort desc  [ RunTime:0.0011s ]
SQL: SHOW COLUMNS FROM `wl_lunbo` [ RunTime:0.0043s ]
SQL: SELECT * FROM `wl_lunbo` WHERE `nav_id` = 2 ORDER BY lb_sort desc  [ RunTime:0.0016s ]
SQL: SHOW COLUMNS FROM `wl_footer` [ RunTime:0.0047s ]
SQL: SELECT * FROM `wl_footer` LIMIT 1   [ RunTime:0.0011s ]
SQL: SHOW COLUMNS FROM `wl_company_introduce` [ RunTime:0.0049s ]
SQL: SELECT * FROM `wl_company_introduce` LIMIT 1   [ RunTime:0.0011s ]
SQL: SHOW COLUMNS FROM `wl_background_image` [ RunTime:0.0045s ]
SQL: SELECT * FROM `wl_background_image` WHERE `nav_id` = 2 ORDER BY bi_sort desc  [ RunTime:0.0009s ]
SQL: SHOW COLUMNS FROM `wl_basedata` [ RunTime:0.0044s ]
SQL: SELECT * FROM `wl_basedata` ORDER BY sort desc LIMIT 1   [ RunTime:0.0009s ]
SQL: SHOW COLUMNS FROM `wl_footer_nav` [ RunTime:0.0043s ]
SQL: SELECT * FROM `wl_footer_nav` WHERE `fn_fid` = 0  [ RunTime:0.0010s ]
SQL: SELECT * FROM `wl_footer_nav` WHERE `fn_fid` = 1  [ RunTime:0.0008s ]
SQL: SELECT * FROM `wl_footer_nav` WHERE `fn_fid` = 6  [ RunTime:0.0009s ]
SQL: SELECT * FROM `wl_footer_nav` WHERE `fn_fid` = 9  [ RunTime:0.0007s ]
INFO: [ view_parse ] --START--
INFO: [ template_filter ] --START--
INFO: Run Behavior\ContentReplaceBehavior [ RunTime:0.000046s ]
INFO: [ template_filter ] --END-- [ RunTime:0.000076s ]
INFO: Run Behavior\ParseTemplateBehavior [ RunTime:0.006776s ]
INFO: [ view_parse ] --END-- [ RunTime:0.006812s ]
INFO: [ view_filter ] --START--
INFO: Run Behavior\WriteHtmlCacheBehavior [ RunTime:0.000165s ]
INFO: [ view_filter ] --END-- [ RunTime:0.000186s ]
INFO: [ app_end ] --START--
INFO: Run Behavior\ShowPageTraceBehavior [ RunTime:0.000328s ]
INFO: [ app_end ] --END-- [ RunTime:0.000351s ]

[ 2018-11-05T09:43:25+08:00 ] 127.0.0.1 /index.php/Mobile/Index/keyangxinshang/nav_id/3
INFO: [ app_init ] --START--
INFO: Run Behavior\BuildLiteBehavior [ RunTime:0.000007s ]
INFO: [ app_init ] --END-- [ RunTime:0.000228s ]
INFO: [ app_begin ] --START--
INFO: Run Behavior\ReadHtmlCacheBehavior [ RunTime:0.000283s ]
INFO: [ app_begin ] --END-- [ RunTime:0.000311s ]
SQL: SHOW COLUMNS FROM `wl_nav` [ RunTime:0.0126s ]
SQL: SELECT * FROM `wl_nav` ORDER BY nav_sort desc  [ RunTime:0.0015s ]
SQL: SHOW COLUMNS FROM `wl_lunbo` [ RunTime:0.0045s ]
SQL: SELECT * FROM `wl_lunbo` WHERE `nav_id` = 3 ORDER BY lb_sort desc  [ RunTime:0.0016s ]
SQL: SHOW COLUMNS FROM `wl_case` [ RunTime:0.0051s ]
SQL: SELECT * FROM `wl_case` ORDER BY sort desc  [ RunTime:0.0010s ]
SQL: SHOW COLUMNS FROM `wl_company_introduce` [ RunTime:0.0049s ]
SQL: SELECT * FROM `wl_company_introduce` LIMIT 1   [ RunTime:0.0009s ]
SQL: SHOW COLUMNS FROM `wl_footer` [ RunTime:0.0047s ]
SQL: SELECT * FROM `wl_footer` LIMIT 1   [ RunTime:0.0008s ]
SQL: SHOW COLUMNS FROM `wl_footer_nav` [ RunTime:0.0052s ]
SQL: SELECT * FROM `wl_footer_nav` WHERE `fn_fid` = 0  [ RunTime:0.0009s ]
SQL: SELECT * FROM `wl_footer_nav` WHERE `fn_fid` = 1  [ RunTime:0.0007s ]
SQL: SELECT * FROM `wl_footer_nav` WHERE `fn_fid` = 6  [ RunTime:0.0008s ]
SQL: SELECT * FROM `wl_footer_nav` WHERE `fn_fid` = 9  [ RunTime:0.0007s ]
INFO: [ view_parse ] --START--
INFO: [ template_filter ] --START--
INFO: Run Behavior\ContentReplaceBehavior [ RunTime:0.000059s ]
INFO: [ template_filter ] --END-- [ RunTime:0.000136s ]
INFO: Run Behavior\ParseTemplateBehavior [ RunTime:0.014368s ]
INFO: [ view_parse ] --END-- [ RunTime:0.014408s ]
INFO: [ view_filter ] --START--
INFO: Run Behavior\WriteHtmlCacheBehavior [ RunTime:0.000173s ]
INFO: [ view_filter ] --END-- [ RunTime:0.000195s ]
INFO: [ app_end ] --START--
INFO: Run Behavior\ShowPageTraceBehavior [ RunTime:0.000483s ]
INFO: [ app_end ] --END-- [ RunTime:0.000510s ]

[ 2018-11-05T09:43:37+08:00 ] 127.0.0.1 /index.php/Mobile/Index/aboutUs/nav_id/2
INFO: [ app_init ] --START--
INFO: Run Behavior\BuildLiteBehavior [ RunTime:0.000017s ]
INFO: [ app_init ] --END-- [ RunTime:0.000577s ]
INFO: [ app_begin ] --START--
INFO: Run Behavior\ReadHtmlCacheBehavior [ RunTime:0.000541s ]
INFO: [ app_begin ] --END-- [ RunTime:0.000595s ]
SQL: SHOW COLUMNS FROM `wl_nav` [ RunTime:0.0124s ]
SQL: SELECT * FROM `wl_nav` ORDER BY nav_sort desc  [ RunTime:0.0014s ]
SQL: SHOW COLUMNS FROM `wl_lunbo` [ RunTime:0.0047s ]
SQL: SELECT * FROM `wl_lunbo` WHERE `nav_id` = 2 ORDER BY lb_sort desc  [ RunTime:0.0013s ]
SQL: SHOW COLUMNS FROM `wl_footer` [ RunTime:0.0046s ]
SQL: SELECT * FROM `wl_footer` LIMIT 1   [ RunTime:0.0011s ]
SQL: SHOW COLUMNS FROM `wl_company_introduce` [ RunTime:0.0067s ]
SQL: SELECT * FROM `wl_company_introduce` LIMIT 1   [ RunTime:0.0010s ]
SQL: SHOW COLUMNS FROM `wl_background_image` [ RunTime:0.0051s ]
SQL: SELECT * FROM `wl_background_image` WHERE `nav_id` = 2 ORDER BY bi_sort desc  [ RunTime:0.0013s ]
SQL: SHOW COLUMNS FROM `wl_basedata` [ RunTime:0.0050s ]
SQL: SELECT * FROM `wl_basedata` ORDER BY sort desc LIMIT 1   [ RunTime:0.0013s ]
SQL: SHOW COLUMNS FROM `wl_footer_nav` [ RunTime:0.0049s ]
SQL: SELECT * FROM `wl_footer_nav` WHERE `fn_fid` = 0  [ RunTime:0.0012s ]
SQL: SELECT * FROM `wl_footer_nav` WHERE `fn_fid` = 1  [ RunTime:0.0007s ]
SQL: SELECT * FROM `wl_footer_nav` WHERE `fn_fid` = 6  [ RunTime:0.0005s ]
SQL: SELECT * FROM `wl_footer_nav` WHERE `fn_fid` = 9  [ RunTime:0.0006s ]
INFO: [ view_parse ] --START--
INFO: [ template_filter ] --START--
INFO: Run Behavior\ContentReplaceBehavior [ RunTime:0.000046s ]
INFO: [ template_filter ] --END-- [ RunTime:0.000075s ]
INFO: Run Behavior\ParseTemplateBehavior [ RunTime:0.006442s ]
INFO: [ view_parse ] --END-- [ RunTime:0.006477s ]
INFO: [ view_filter ] --START--
INFO: Run Behavior\WriteHtmlCacheBehavior [ RunTime:0.000159s ]
INFO: [ view_filter ] --END-- [ RunTime:0.000180s ]
INFO: [ app_end ] --START--
INFO: Run Behavior\ShowPageTraceBehavior [ RunTime:0.000292s ]
INFO: [ app_end ] --END-- [ RunTime:0.000315s ]

[ 2018-11-05T09:44:53+08:00 ] 127.0.0.1 /index.php/Mobile/Index/index
INFO: [ app_init ] --START--
INFO: Run Behavior\BuildLiteBehavior [ RunTime:0.000034s ]
INFO: [ app_init ] --END-- [ RunTime:0.000702s ]
INFO: [ app_begin ] --START--
INFO: Run Behavior\ReadHtmlCacheBehavior [ RunTime:0.000613s ]
INFO: [ app_begin ] --END-- [ RunTime:0.000651s ]
SQL: SHOW COLUMNS FROM `wl_nav` [ RunTime:0.0125s ]
SQL: SELECT * FROM `wl_nav` ORDER BY nav_sort desc  [ RunTime:0.0013s ]
SQL: SHOW COLUMNS FROM `wl_lunbo` [ RunTime:0.0047s ]
SQL: SELECT * FROM `wl_lunbo` WHERE `nav_id` = 0 ORDER BY lb_sort desc  [ RunTime:0.0012s ]
SQL: SHOW COLUMNS FROM `wl_case` [ RunTime:0.0048s ]
SQL: SELECT * FROM `wl_case` ORDER BY sort desc LIMIT 0,10   [ RunTime:0.0009s ]
SQL: SELECT * FROM `wl_case` ORDER BY sort desc  [ RunTime:0.0006s ]
SQL: SHOW COLUMNS FROM `wl_company_introduce` [ RunTime:0.0039s ]
SQL: SELECT * FROM `wl_company_introduce` LIMIT 1   [ RunTime:0.0010s ]
SQL: SHOW COLUMNS FROM `wl_footer` [ RunTime:0.0048s ]
SQL: SELECT * FROM `wl_footer` LIMIT 1   [ RunTime:0.0009s ]
SQL: SHOW COLUMNS FROM `wl_background_image` [ RunTime:0.0039s ]
SQL: SELECT * FROM `wl_background_image` WHERE `nav_id` = 0 ORDER BY bi_sort desc  [ RunTime:0.0011s ]
SQL: SHOW COLUMNS FROM `wl_footer_nav` [ RunTime:0.0047s ]
SQL: SELECT * FROM `wl_footer_nav` WHERE `fn_fid` = 0  [ RunTime:0.0013s ]
SQL: SELECT * FROM `wl_footer_nav` WHERE `fn_fid` = 1  [ RunTime:0.0010s ]
SQL: SELECT * FROM `wl_footer_nav` WHERE `fn_fid` = 6  [ RunTime:0.0007s ]
SQL: SELECT * FROM `wl_footer_nav` WHERE `fn_fid` = 9  [ RunTime:0.0008s ]
SQL: SHOW COLUMNS FROM `wl_view` [ RunTime:0.0048s ]
SQL: SELECT * FROM `wl_view` ORDER BY sort desc  [ RunTime:0.0011s ]
SQL: SHOW COLUMNS FROM `wl_room_scenery_classify` [ RunTime:0.0040s ]
SQL: SELECT * FROM `wl_room_scenery_classify` ORDER BY rsc_sort desc  [ RunTime:0.0008s ]
SQL: SHOW COLUMNS FROM `wl_room_scenery` [ RunTime:0.0042s ]
SQL: SELECT * FROM `wl_room_scenery` ORDER BY rs_sort desc  [ RunTime:0.0009s ]
SQL: SELECT * FROM `wl_room_scenery_classify` WHERE `rsc_id` = 1 LIMIT 1   [ RunTime:0.0005s ]
SQL: SELECT * FROM `wl_room_scenery_classify` WHERE `rsc_id` = 1 LIMIT 1   [ RunTime:0.0005s ]
SQL: SHOW COLUMNS FROM `wl_home_news` [ RunTime:0.0039s ]
SQL: SELECT * FROM `wl_home_news` ORDER BY hn_sort desc  [ RunTime:0.0012s ]
SQL: SHOW COLUMNS FROM `wl_user` [ RunTime:0.0043s ]
SQL: SELECT * FROM `wl_user` ORDER BY sort desc  [ RunTime:0.0010s ]
SQL: SHOW COLUMNS FROM `wl_custom_word_classify` [ RunTime:0.0039s ]
SQL: SELECT * FROM `wl_custom_word_classify` ORDER BY cwc_sort desc  [ RunTime:0.0011s ]
SQL: SHOW COLUMNS FROM `wl_custom_word` [ RunTime:0.0050s ]
SQL: SHOW COLUMNS FROM `wl_custom_image` [ RunTime:0.0044s ]
SQL: SELECT * FROM `wl_custom_word` WHERE `cwc_id` = 2 ORDER BY cw_sort desc  [ RunTime:0.0011s ]
SQL: SELECT * FROM `wl_custom_image` WHERE `cw_id` = 1 ORDER BY ci_sort desc  [ RunTime:0.0009s ]
SQL: SELECT * FROM `wl_custom_word` WHERE `cwc_id` = 3 ORDER BY cw_sort desc  [ RunTime:0.0008s ]
SQL: SELECT * FROM `wl_custom_image` WHERE `cw_id` = 2 ORDER BY ci_sort desc  [ RunTime:0.0006s ]
SQL: SELECT * FROM `wl_custom_word` WHERE `cwc_id` = 4 ORDER BY cw_sort desc  [ RunTime:0.0005s ]
SQL: SELECT * FROM `wl_custom_image` WHERE `cw_id` = 3 ORDER BY ci_sort desc  [ RunTime:0.0005s ]
SQL: SHOW COLUMNS FROM `wl_home_base` [ RunTime:0.0040s ]
SQL: SELECT * FROM `wl_home_base` ORDER BY sort desc  [ RunTime:0.0012s ]
SQL: SHOW COLUMNS FROM `wl_short_video` [ RunTime:0.0045s ]
SQL: SELECT * FROM `wl_short_video` ORDER BY sv_sort desc LIMIT 1   [ RunTime:0.0012s ]
SQL: SELECT * FROM `wl_room_scenery_classify` ORDER BY rsc_sort desc LIMIT 1   [ RunTime:0.0008s ]
SQL: SELECT * FROM `wl_room_scenery` WHERE `rsc_id` = 1 ORDER BY rs_sort desc LIMIT 0,4   [ RunTime:0.0006s ]
INFO: [ view_parse ] --START--
INFO: [ template_filter ] --START--
INFO: Run Behavior\ContentReplaceBehavior [ RunTime:0.000084s ]
INFO: [ template_filter ] --END-- [ RunTime:0.000111s ]
INFO: Run Behavior\ParseTemplateBehavior [ RunTime:0.011170s ]
INFO: [ view_parse ] --END-- [ RunTime:0.011203s ]
INFO: [ view_filter ] --START--
INFO: Run Behavior\WriteHtmlCacheBehavior [ RunTime:0.000158s ]
INFO: [ view_filter ] --END-- [ RunTime:0.000178s ]
INFO: [ app_end ] --START--
INFO: Run Behavior\ShowPageTraceBehavior [ RunTime:0.000731s ]
INFO: [ app_end ] --END-- [ RunTime:0.000821s ]

[ 2018-11-05T09:46:34+08:00 ] 127.0.0.1 /index.php/Mobile/Index/aboutUs/nav_id/2
INFO: [ app_init ] --START--
INFO: Run Behavior\BuildLiteBehavior [ RunTime:0.000011s ]
INFO: [ app_init ] --END-- [ RunTime:0.000442s ]
INFO: [ app_begin ] --START--
INFO: Run Behavior\ReadHtmlCacheBehavior [ RunTime:0.000614s ]
INFO: [ app_begin ] --END-- [ RunTime:0.000708s ]
SQL: SHOW COLUMNS FROM `wl_nav` [ RunTime:0.0050s ]
SQL: SELECT * FROM `wl_nav` ORDER BY nav_sort desc  [ RunTime:0.0009s ]
SQL: SHOW COLUMNS FROM `wl_lunbo` [ RunTime:0.0044s ]
SQL: SELECT * FROM `wl_lunbo` WHERE `nav_id` = 2 ORDER BY lb_sort desc  [ RunTime:0.0010s ]
SQL: SHOW COLUMNS FROM `wl_footer` [ RunTime:0.0044s ]
SQL: SELECT * FROM `wl_footer` LIMIT 1   [ RunTime:0.0009s ]
SQL: SHOW COLUMNS FROM `wl_company_introduce` [ RunTime:0.0048s ]
SQL: SELECT * FROM `wl_company_introduce` LIMIT 1   [ RunTime:0.0007s ]
SQL: SHOW COLUMNS FROM `wl_background_image` [ RunTime:0.0043s ]
SQL: SELECT * FROM `wl_background_image` WHERE `nav_id` = 2 ORDER BY bi_sort desc  [ RunTime:0.0008s ]
SQL: SHOW COLUMNS FROM `wl_basedata` [ RunTime:0.0056s ]
SQL: SELECT * FROM `wl_basedata` ORDER BY sort desc LIMIT 1   [ RunTime:0.0013s ]
SQL: SHOW COLUMNS FROM `wl_footer_nav` [ RunTime:0.0051s ]
SQL: SELECT * FROM `wl_footer_nav` WHERE `fn_fid` = 0  [ RunTime:0.0008s ]
SQL: SELECT * FROM `wl_footer_nav` WHERE `fn_fid` = 1  [ RunTime:0.0006s ]
SQL: SELECT * FROM `wl_footer_nav` WHERE `fn_fid` = 6  [ RunTime:0.0007s ]
SQL: SELECT * FROM `wl_footer_nav` WHERE `fn_fid` = 9  [ RunTime:0.0006s ]
INFO: [ view_parse ] --START--
INFO: [ template_filter ] --START--
INFO: Run Behavior\ContentReplaceBehavior [ RunTime:0.000047s ]
INFO: [ template_filter ] --END-- [ RunTime:0.000078s ]
INFO: Run Behavior\ParseTemplateBehavior [ RunTime:0.009146s ]
INFO: [ view_parse ] --END-- [ RunTime:0.009212s ]
INFO: [ view_filter ] --START--
INFO: Run Behavior\WriteHtmlCacheBehavior [ RunTime:0.000335s ]
INFO: [ view_filter ] --END-- [ RunTime:0.000360s ]
INFO: [ app_end ] --START--
INFO: Run Behavior\ShowPageTraceBehavior [ RunTime:0.000541s ]
INFO: [ app_end ] --END-- [ RunTime:0.000584s ]

[ 2018-11-05T09:46:44+08:00 ] 127.0.0.1 /index.php/Mobile/Index/keyangxinshang/nav_id/3
INFO: [ app_init ] --START--
INFO: Run Behavior\BuildLiteBehavior [ RunTime:0.000027s ]
INFO: [ app_init ] --END-- [ RunTime:0.000286s ]
INFO: [ app_begin ] --START--
INFO: Run Behavior\ReadHtmlCacheBehavior [ RunTime:0.000578s ]
INFO: [ app_begin ] --END-- [ RunTime:0.000617s ]
SQL: SHOW COLUMNS FROM `wl_nav` [ RunTime:0.0074s ]
SQL: SELECT * FROM `wl_nav` ORDER BY nav_sort desc  [ RunTime:0.0011s ]
SQL: SHOW COLUMNS FROM `wl_lunbo` [ RunTime:0.0066s ]
SQL: SELECT * FROM `wl_lunbo` WHERE `nav_id` = 3 ORDER BY lb_sort desc  [ RunTime:0.0009s ]
SQL: SHOW COLUMNS FROM `wl_case` [ RunTime:0.0043s ]
SQL: SELECT * FROM `wl_case` ORDER BY sort desc  [ RunTime:0.0009s ]
SQL: SHOW COLUMNS FROM `wl_company_introduce` [ RunTime:0.0044s ]
SQL: SELECT * FROM `wl_company_introduce` LIMIT 1   [ RunTime:0.0011s ]
SQL: SHOW COLUMNS FROM `wl_footer` [ RunTime:0.0063s ]
SQL: SELECT * FROM `wl_footer` LIMIT 1   [ RunTime:0.0010s ]
SQL: SHOW COLUMNS FROM `wl_footer_nav` [ RunTime:0.0053s ]
SQL: SELECT * FROM `wl_footer_nav` WHERE `fn_fid` = 0  [ RunTime:0.0008s ]
SQL: SELECT * FROM `wl_footer_nav` WHERE `fn_fid` = 1  [ RunTime:0.0006s ]
SQL: SELECT * FROM `wl_footer_nav` WHERE `fn_fid` = 6  [ RunTime:0.0006s ]
SQL: SELECT * FROM `wl_footer_nav` WHERE `fn_fid` = 9  [ RunTime:0.0007s ]
INFO: [ view_parse ] --START--
INFO: [ template_filter ] --START--
INFO: Run Behavior\ContentReplaceBehavior [ RunTime:0.000054s ]
INFO: [ template_filter ] --END-- [ RunTime:0.000082s ]
INFO: Run Behavior\ParseTemplateBehavior [ RunTime:0.016372s ]
INFO: [ view_parse ] --END-- [ RunTime:0.016412s ]
INFO: [ view_filter ] --START--
INFO: Run Behavior\WriteHtmlCacheBehavior [ RunTime:0.000223s ]
INFO: [ view_filter ] --END-- [ RunTime:0.000266s ]
INFO: [ app_end ] --START--
INFO: Run Behavior\ShowPageTraceBehavior [ RunTime:0.000590s ]
INFO: [ app_end ] --END-- [ RunTime:0.000621s ]

[ 2018-11-05T09:46:49+08:00 ] 127.0.0.1 /index.php/Mobile/Index/jingcaihuaxu/nav_id/4
INFO: [ app_init ] --START--
INFO: Run Behavior\BuildLiteBehavior [ RunTime:0.000012s ]
INFO: [ app_init ] --END-- [ RunTime:0.000403s ]
INFO: [ app_begin ] --START--
INFO: Run Behavior\ReadHtmlCacheBehavior [ RunTime:0.000442s ]
INFO: [ app_begin ] --END-- [ RunTime:0.000493s ]
SQL: SHOW COLUMNS FROM `wl_nav` [ RunTime:0.0061s ]
SQL: SELECT * FROM `wl_nav` ORDER BY nav_sort desc  [ RunTime:0.0016s ]
SQL: SHOW COLUMNS FROM `wl_lunbo` [ RunTime:0.0067s ]
SQL: SELECT * FROM `wl_lunbo` WHERE `nav_id` = 4 ORDER BY lb_sort desc  [ RunTime:0.0008s ]
SQL: SHOW COLUMNS FROM `wl_footer` [ RunTime:0.0045s ]
SQL: SELECT * FROM `wl_footer` LIMIT 1   [ RunTime:0.0010s ]
SQL: SHOW COLUMNS FROM `wl_footer_nav` [ RunTime:0.0059s ]
SQL: SELECT * FROM `wl_footer_nav` WHERE `fn_fid` = 0  [ RunTime:0.0009s ]
SQL: SELECT * FROM `wl_footer_nav` WHERE `fn_fid` = 1  [ RunTime:0.0013s ]
SQL: SELECT * FROM `wl_footer_nav` WHERE `fn_fid` = 6  [ RunTime:0.0008s ]
SQL: SELECT * FROM `wl_footer_nav` WHERE `fn_fid` = 9  [ RunTime:0.0007s ]
SQL: SHOW COLUMNS FROM `wl_company_introduce` [ RunTime:0.0050s ]
SQL: SELECT * FROM `wl_company_introduce` LIMIT 1   [ RunTime:0.0013s ]
SQL: SHOW COLUMNS FROM `wl_short_video` [ RunTime:0.0050s ]
SQL: SELECT * FROM `wl_short_video` ORDER BY sv_sort desc  [ RunTime:0.0009s ]
INFO: [ view_parse ] --START--
INFO: [ template_filter ] --START--
INFO: Run Behavior\ContentReplaceBehavior [ RunTime:0.000095s ]
INFO: [ template_filter ] --END-- [ RunTime:0.000145s ]
INFO: Run Behavior\ParseTemplateBehavior [ RunTime:0.011997s ]
INFO: [ view_parse ] --END-- [ RunTime:0.012046s ]
INFO: [ view_filter ] --START--
INFO: Run Behavior\WriteHtmlCacheBehavior [ RunTime:0.000238s ]
INFO: [ view_filter ] --END-- [ RunTime:0.000282s ]
INFO: [ app_end ] --START--
INFO: Run Behavior\ShowPageTraceBehavior [ RunTime:0.000496s ]
INFO: [ app_end ] --END-- [ RunTime:0.000542s ]

[ 2018-11-05T09:46:55+08:00 ] 127.0.0.1 /index.php/Mobile/Index/zuixintehui/nav_id/5
INFO: [ app_init ] --START--
INFO: Run Behavior\BuildLiteBehavior [ RunTime:0.000010s ]
INFO: [ app_init ] --END-- [ RunTime:0.000269s ]
INFO: [ app_begin ] --START--
INFO: Run Behavior\ReadHtmlCacheBehavior [ RunTime:0.000403s ]
INFO: [ app_begin ] --END-- [ RunTime:0.000447s ]
SQL: SHOW COLUMNS FROM `wl_nav` [ RunTime:0.0050s ]
SQL: SELECT * FROM `wl_nav` ORDER BY nav_sort desc  [ RunTime:0.0008s ]
SQL: SHOW COLUMNS FROM `wl_lunbo` [ RunTime:0.0059s ]
SQL: SELECT * FROM `wl_lunbo` WHERE `nav_id` = 5 ORDER BY lb_sort desc  [ RunTime:0.0008s ]
SQL: SHOW COLUMNS FROM `wl_footer` [ RunTime:0.0061s ]
SQL: SELECT * FROM `wl_footer` LIMIT 1   [ RunTime:0.0009s ]
SQL: SHOW COLUMNS FROM `wl_active` [ RunTime:0.0051s ]
SQL: SELECT * FROM `wl_active` ORDER BY asort desc  [ RunTime:0.0008s ]
SQL: SHOW COLUMNS FROM `wl_footer_nav` [ RunTime:0.0058s ]
SQL: SELECT * FROM `wl_footer_nav` WHERE `fn_fid` = 0  [ RunTime:0.0012s ]
SQL: SELECT * FROM `wl_footer_nav` WHERE `fn_fid` = 1  [ RunTime:0.0011s ]
SQL: SELECT * FROM `wl_footer_nav` WHERE `fn_fid` = 6  [ RunTime:0.0010s ]
SQL: SELECT * FROM `wl_footer_nav` WHERE `fn_fid` = 9  [ RunTime:0.0010s ]
SQL: SHOW COLUMNS FROM `wl_company_introduce` [ RunTime:0.0063s ]
SQL: SELECT * FROM `wl_company_introduce` LIMIT 1   [ RunTime:0.0013s ]
INFO: [ view_parse ] --START--
INFO: [ template_filter ] --START--
INFO: Run Behavior\ContentReplaceBehavior [ RunTime:0.000056s ]
INFO: [ template_filter ] --END-- [ RunTime:0.000087s ]
INFO: Run Behavior\ParseTemplateBehavior [ RunTime:0.009559s ]
INFO: [ view_parse ] --END-- [ RunTime:0.009596s ]
INFO: [ view_filter ] --START--
INFO: Run Behavior\WriteHtmlCacheBehavior [ RunTime:0.000181s ]
INFO: [ view_filter ] --END-- [ RunTime:0.000204s ]
INFO: [ app_end ] --START--
INFO: Run Behavior\ShowPageTraceBehavior [ RunTime:0.008996s ]
INFO: [ app_end ] --END-- [ RunTime:0.009033s ]

[ 2018-11-05T09:47:07+08:00 ] 127.0.0.1 /index.php/Mobile/Index/kehupingjia/nav_id/6
INFO: [ app_init ] --START--
INFO: Run Behavior\BuildLiteBehavior [ RunTime:0.000009s ]
INFO: [ app_init ] --END-- [ RunTime:0.000325s ]
INFO: [ app_begin ] --START--
INFO: Run Behavior\ReadHtmlCacheBehavior [ RunTime:0.000539s ]
INFO: [ app_begin ] --END-- [ RunTime:0.000576s ]
SQL: SHOW COLUMNS FROM `wl_nav` [ RunTime:0.0046s ]
SQL: SELECT * FROM `wl_nav` ORDER BY nav_sort desc  [ RunTime:0.0022s ]
SQL: SHOW COLUMNS FROM `wl_lunbo` [ RunTime:0.0049s ]
SQL: SELECT * FROM `wl_lunbo` WHERE `nav_id` = 6 ORDER BY lb_sort desc  [ RunTime:0.0012s ]
SQL: SHOW COLUMNS FROM `wl_footer` [ RunTime:0.0048s ]
SQL: SELECT * FROM `wl_footer` LIMIT 1   [ RunTime:0.0008s ]
SQL: SHOW COLUMNS FROM `wl_custom_word_classify` [ RunTime:0.0045s ]
SQL: SELECT * FROM `wl_custom_word_classify` ORDER BY cwc_sort desc  [ RunTime:0.0007s ]
SQL: SHOW COLUMNS FROM `wl_footer_nav` [ RunTime:0.0056s ]
SQL: SELECT * FROM `wl_footer_nav` WHERE `fn_fid` = 0  [ RunTime:0.0010s ]
SQL: SELECT * FROM `wl_footer_nav` WHERE `fn_fid` = 1  [ RunTime:0.0008s ]
SQL: SELECT * FROM `wl_footer_nav` WHERE `fn_fid` = 6  [ RunTime:0.0006s ]
SQL: SELECT * FROM `wl_footer_nav` WHERE `fn_fid` = 9  [ RunTime:0.0006s ]
SQL: SHOW COLUMNS FROM `wl_company_introduce` [ RunTime:0.0053s ]
SQL: SELECT * FROM `wl_company_introduce` LIMIT 1   [ RunTime:0.0009s ]
INFO: [ view_parse ] --START--
INFO: [ template_filter ] --START--
INFO: Run Behavior\ContentReplaceBehavior [ RunTime:0.000067s ]
INFO: [ template_filter ] --END-- [ RunTime:0.000097s ]
INFO: Run Behavior\ParseTemplateBehavior [ RunTime:0.009479s ]
INFO: [ view_parse ] --END-- [ RunTime:0.009515s ]
INFO: [ view_filter ] --START--
INFO: Run Behavior\WriteHtmlCacheBehavior [ RunTime:0.000169s ]
INFO: [ view_filter ] --END-- [ RunTime:0.000190s ]
INFO: [ app_end ] --START--
INFO: Run Behavior\ShowPageTraceBehavior [ RunTime:0.000432s ]
INFO: [ app_end ] --END-- [ RunTime:0.000471s ]

[ 2018-11-05T12:01:23+08:00 ] 127.0.0.1 /index.php/Mobile/Index/index
INFO: [ app_init ] --START--
INFO: Run Behavior\BuildLiteBehavior [ RunTime:0.000008s ]
INFO: [ app_init ] --END-- [ RunTime:0.000282s ]
INFO: [ app_begin ] --START--
INFO: Run Behavior\ReadHtmlCacheBehavior [ RunTime:0.000326s ]
INFO: [ app_begin ] --END-- [ RunTime:0.000356s ]
SQL: SHOW COLUMNS FROM `wl_nav` [ RunTime:0.0129s ]
SQL: SELECT * FROM `wl_nav` ORDER BY nav_sort desc  [ RunTime:0.0013s ]
SQL: SHOW COLUMNS FROM `wl_lunbo` [ RunTime:0.0045s ]
SQL: SELECT * FROM `wl_lunbo` WHERE `nav_id` = 0 ORDER BY lb_sort desc  [ RunTime:0.0011s ]
SQL: SHOW COLUMNS FROM `wl_case` [ RunTime:0.0042s ]
SQL: SELECT * FROM `wl_case` ORDER BY sort desc LIMIT 0,10   [ RunTime:0.0009s ]
SQL: SELECT * FROM `wl_case` ORDER BY sort desc  [ RunTime:0.0007s ]
SQL: SHOW COLUMNS FROM `wl_company_introduce` [ RunTime:0.0041s ]
SQL: SELECT * FROM `wl_company_introduce` LIMIT 1   [ RunTime:0.0011s ]
SQL: SHOW COLUMNS FROM `wl_footer` [ RunTime:0.0044s ]
SQL: SELECT * FROM `wl_footer` LIMIT 1   [ RunTime:0.0006s ]
SQL: SHOW COLUMNS FROM `wl_background_image` [ RunTime:0.0038s ]
SQL: SELECT * FROM `wl_background_image` WHERE `nav_id` = 0 ORDER BY bi_sort desc  [ RunTime:0.0008s ]
SQL: SHOW COLUMNS FROM `wl_footer_nav` [ RunTime:0.0040s ]
SQL: SELECT * FROM `wl_footer_nav` WHERE `fn_fid` = 0  [ RunTime:0.0009s ]
SQL: SELECT * FROM `wl_footer_nav` WHERE `fn_fid` = 1  [ RunTime:0.0009s ]
SQL: SELECT * FROM `wl_footer_nav` WHERE `fn_fid` = 6  [ RunTime:0.0009s ]
SQL: SELECT * FROM `wl_footer_nav` WHERE `fn_fid` = 9  [ RunTime:0.0009s ]
SQL: SHOW COLUMNS FROM `wl_view` [ RunTime:0.0045s ]
SQL: SELECT * FROM `wl_view` ORDER BY sort desc  [ RunTime:0.0015s ]
SQL: SHOW COLUMNS FROM `wl_room_scenery_classify` [ RunTime:0.0044s ]
SQL: SELECT * FROM `wl_room_scenery_classify` ORDER BY rsc_sort desc  [ RunTime:0.0008s ]
SQL: SHOW COLUMNS FROM `wl_room_scenery` [ RunTime:0.0049s ]
SQL: SELECT * FROM `wl_room_scenery` ORDER BY rs_sort desc  [ RunTime:0.0017s ]
SQL: SELECT * FROM `wl_room_scenery_classify` WHERE `rsc_id` = 1 LIMIT 1   [ RunTime:0.0012s ]
SQL: SELECT * FROM `wl_room_scenery_classify` WHERE `rsc_id` = 1 LIMIT 1   [ RunTime:0.0011s ]
SQL: SHOW COLUMNS FROM `wl_home_news` [ RunTime:0.0086s ]
SQL: SELECT * FROM `wl_home_news` ORDER BY hn_sort desc  [ RunTime:0.0017s ]
SQL: SHOW COLUMNS FROM `wl_user` [ RunTime:0.0049s ]
SQL: SELECT * FROM `wl_user` ORDER BY sort desc  [ RunTime:0.0010s ]
SQL: SHOW COLUMNS FROM `wl_custom_word_classify` [ RunTime:0.0039s ]
SQL: SELECT * FROM `wl_custom_word_classify` ORDER BY cwc_sort desc  [ RunTime:0.0010s ]
SQL: SHOW COLUMNS FROM `wl_custom_word` [ RunTime:0.0049s ]
SQL: SHOW COLUMNS FROM `wl_custom_image` [ RunTime:0.0048s ]
SQL: SELECT * FROM `wl_custom_word` WHERE `cwc_id` = 2 ORDER BY cw_sort desc  [ RunTime:0.0010s ]
SQL: SELECT * FROM `wl_custom_image` WHERE `cw_id` = 1 ORDER BY ci_sort desc  [ RunTime:0.0006s ]
SQL: SELECT * FROM `wl_custom_word` WHERE `cwc_id` = 3 ORDER BY cw_sort desc  [ RunTime:0.0005s ]
SQL: SELECT * FROM `wl_custom_image` WHERE `cw_id` = 2 ORDER BY ci_sort desc  [ RunTime:0.0007s ]
SQL: SELECT * FROM `wl_custom_word` WHERE `cwc_id` = 4 ORDER BY cw_sort desc  [ RunTime:0.0006s ]
SQL: SELECT * FROM `wl_custom_image` WHERE `cw_id` = 3 ORDER BY ci_sort desc  [ RunTime:0.0005s ]
SQL: SHOW COLUMNS FROM `wl_home_base` [ RunTime:0.0043s ]
SQL: SELECT * FROM `wl_home_base` ORDER BY sort desc  [ RunTime:0.0011s ]
SQL: SHOW COLUMNS FROM `wl_short_video` [ RunTime:0.0052s ]
SQL: SELECT * FROM `wl_short_video` ORDER BY sv_sort desc LIMIT 1   [ RunTime:0.0010s ]
SQL: SELECT * FROM `wl_room_scenery_classify` ORDER BY rsc_sort desc LIMIT 1   [ RunTime:0.0007s ]
SQL: SELECT * FROM `wl_room_scenery` WHERE `rsc_id` = 1 ORDER BY rs_sort desc LIMIT 0,4   [ RunTime:0.0007s ]
INFO: [ view_parse ] --START--
INFO: [ template_filter ] --START--
INFO: Run Behavior\ContentReplaceBehavior [ RunTime:0.000088s ]
INFO: [ template_filter ] --END-- [ RunTime:0.000118s ]
INFO: Run Behavior\ParseTemplateBehavior [ RunTime:0.014856s ]
INFO: [ view_parse ] --END-- [ RunTime:0.014900s ]
INFO: [ view_filter ] --START--
INFO: Run Behavior\WriteHtmlCacheBehavior [ RunTime:0.000268s ]
INFO: [ view_filter ] --END-- [ RunTime:0.000290s ]
INFO: [ app_end ] --START--
INFO: Run Behavior\ShowPageTraceBehavior [ RunTime:0.000550s ]
INFO: [ app_end ] --END-- [ RunTime:0.000581s ]

