[ 2018-10-30T09:20:49+08:00 ] 127.0.0.1 /index.php/Admin/Login/login
INFO: [ app_init ] --START--
INFO: Run Behavior\BuildLiteBehavior [ RunTime:0.000020s ]
INFO: [ app_init ] --END-- [ RunTime:0.000827s ]
INFO: [ app_begin ] --START--
INFO: Run Behavior\ReadHtmlCacheBehavior [ RunTime:0.000511s ]
INFO: [ app_begin ] --END-- [ RunTime:0.000562s ]
INFO: [ view_parse ] --START--
INFO: [ template_filter ] --START--
INFO: Run Behavior\ContentReplaceBehavior [ RunTime:0.000037s ]
INFO: [ template_filter ] --END-- [ RunTime:0.000075s ]
INFO: Run Behavior\ParseTemplateBehavior [ RunTime:0.006867s ]
INFO: [ view_parse ] --END-- [ RunTime:0.006909s ]
INFO: [ view_filter ] --START--
INFO: Run Behavior\WriteHtmlCacheBehavior [ RunTime:0.000235s ]
INFO: [ view_filter ] --END-- [ RunTime:0.000258s ]
INFO: [ app_end ] --START--
INFO: Run Behavior\ShowPageTraceBehavior [ RunTime:0.000355s ]
INFO: [ app_end ] --END-- [ RunTime:0.000378s ]

[ 2018-10-30T09:20:59+08:00 ] 127.0.0.1 /index.php/Admin/Login/login
INFO: [ app_init ] --START--
INFO: Run Behavior\BuildLiteBehavior [ RunTime:0.000009s ]
INFO: [ app_init ] --END-- [ RunTime:0.000304s ]
INFO: [ app_begin ] --START--
INFO: Run Behavior\ReadHtmlCacheBehavior [ RunTime:0.000364s ]
INFO: [ app_begin ] --END-- [ RunTime:0.000400s ]
SQL: SHOW COLUMNS FROM `zs_admin` [ RunTime:0.0381s ]
SQL: SELECT * FROM `zs_admin` LIMIT 1   [ RunTime:0.0030s ]
SQL: UPDATE `zs_admin` SET `aip`='127.0.0.1' [ RunTime:0.0174s ]
SQL: SHOW COLUMNS FROM `zs_admin_config` [ RunTime:0.0187s ]
SQL: INSERT INTO `zs_admin_config` (`ac_aid`,`ac_name`,`ac_ip`,`ac_time`) VALUES ('1','admin','127.0.0.1','1540862459') [ RunTime:0.0183s ]
INFO: [ view_parse ] --START--
INFO: [ template_filter ] --START--
INFO: Run Behavior\ContentReplaceBehavior [ RunTime:0.000027s ]
INFO: [ template_filter ] --END-- [ RunTime:0.000064s ]
INFO: Run Behavior\ParseTemplateBehavior [ RunTime:0.024534s ]
INFO: [ view_parse ] --END-- [ RunTime:0.024569s ]
INFO: [ view_filter ] --START--
INFO: Run Behavior\WriteHtmlCacheBehavior [ RunTime:0.000178s ]
INFO: [ view_filter ] --END-- [ RunTime:0.000201s ]

[ 2018-10-30T09:21:00+08:00 ] 127.0.0.1 /index.php/Admin/Index/index.html
INFO: [ app_init ] --START--
INFO: Run Behavior\BuildLiteBehavior [ RunTime:0.000009s ]
INFO: [ app_init ] --END-- [ RunTime:0.000269s ]
INFO: [ app_begin ] --START--
INFO: Run Behavior\ReadHtmlCacheBehavior [ RunTime:0.000350s ]
INFO: [ app_begin ] --END-- [ RunTime:0.000387s ]
SQL: SHOW COLUMNS FROM `zs_admin_config` [ RunTime:0.0113s ]
SQL: SELECT * FROM `zs_admin_config` WHERE `ac_aid` = 1 ORDER BY ac_id desc LIMIT 1   [ RunTime:0.0009s ]
INFO: [ view_parse ] --START--
INFO: [ template_filter ] --START--
INFO: Run Behavior\ContentReplaceBehavior [ RunTime:0.000029s ]
INFO: [ template_filter ] --END-- [ RunTime:0.000066s ]
INFO: Run Behavior\ParseTemplateBehavior [ RunTime:0.021019s ]
INFO: [ view_parse ] --END-- [ RunTime:0.021071s ]
INFO: [ view_filter ] --START--
INFO: Run Behavior\WriteHtmlCacheBehavior [ RunTime:0.000165s ]
INFO: [ view_filter ] --END-- [ RunTime:0.000187s ]
INFO: [ app_end ] --START--
INFO: Run Behavior\ShowPageTraceBehavior [ RunTime:0.000312s ]
INFO: [ app_end ] --END-- [ RunTime:0.000335s ]

[ 2018-10-30T09:21:00+08:00 ] 127.0.0.1 /index.php/Admin/index/left
INFO: [ app_init ] --START--
INFO: Run Behavior\BuildLiteBehavior [ RunTime:0.000018s ]
INFO: [ app_init ] --END-- [ RunTime:0.000769s ]
INFO: [ app_begin ] --START--
INFO: Run Behavior\ReadHtmlCacheBehavior [ RunTime:0.007160s ]
INFO: [ app_begin ] --END-- [ RunTime:0.007200s ]
SQL: SHOW COLUMNS FROM `zs_admin_config` [ RunTime:0.0068s ]
SQL: SELECT * FROM `zs_admin_config` WHERE `ac_aid` = 1 ORDER BY ac_id desc LIMIT 1   [ RunTime:0.0012s ]
INFO: [ view_parse ] --START--
INFO: [ template_filter ] --START--
INFO: Run Behavior\ContentReplaceBehavior [ RunTime:0.000041s ]
INFO: [ template_filter ] --END-- [ RunTime:0.000106s ]
INFO: Run Behavior\ParseTemplateBehavior [ RunTime:0.022686s ]
INFO: [ view_parse ] --END-- [ RunTime:0.022788s ]
INFO: [ view_filter ] --START--
INFO: Run Behavior\WriteHtmlCacheBehavior [ RunTime:0.000286s ]
INFO: [ view_filter ] --END-- [ RunTime:0.000320s ]
INFO: [ app_end ] --START--
INFO: Run Behavior\ShowPageTraceBehavior [ RunTime:0.000799s ]
INFO: [ app_end ] --END-- [ RunTime:0.000859s ]

[ 2018-10-30T09:21:01+08:00 ] 127.0.0.1 /index.php/Admin/index/top
INFO: [ app_init ] --START--
INFO: Run Behavior\BuildLiteBehavior [ RunTime:0.000009s ]
INFO: [ app_init ] --END-- [ RunTime:0.000265s ]
INFO: [ app_begin ] --START--
INFO: Run Behavior\ReadHtmlCacheBehavior [ RunTime:0.000307s ]
INFO: [ app_begin ] --END-- [ RunTime:0.000338s ]
SQL: SHOW COLUMNS FROM `zs_admin_config` [ RunTime:0.0115s ]
SQL: SELECT * FROM `zs_admin_config` WHERE `ac_aid` = 1 ORDER BY ac_id desc LIMIT 1   [ RunTime:0.0016s ]
SQL: SHOW COLUMNS FROM `zs_admin` [ RunTime:0.0058s ]
SQL: SELECT * FROM `zs_admin` WHERE `aid` = 1 LIMIT 1   [ RunTime:0.0013s ]
INFO: [ view_parse ] --START--
INFO: [ template_filter ] --START--
INFO: Run Behavior\ContentReplaceBehavior [ RunTime:0.000038s ]
INFO: [ template_filter ] --END-- [ RunTime:0.000074s ]
INFO: Run Behavior\ParseTemplateBehavior [ RunTime:0.008762s ]
INFO: [ view_parse ] --END-- [ RunTime:0.008833s ]
INFO: [ view_filter ] --START--
INFO: Run Behavior\WriteHtmlCacheBehavior [ RunTime:0.000312s ]
INFO: [ view_filter ] --END-- [ RunTime:0.000355s ]
INFO: [ app_end ] --START--
INFO: Run Behavior\ShowPageTraceBehavior [ RunTime:0.000392s ]
INFO: [ app_end ] --END-- [ RunTime:0.000435s ]

[ 2018-10-30T09:21:01+08:00 ] 127.0.0.1 /index.php/Admin/index/footer
INFO: [ app_init ] --START--
INFO: Run Behavior\BuildLiteBehavior [ RunTime:0.000011s ]
INFO: [ app_init ] --END-- [ RunTime:0.000543s ]
INFO: [ app_begin ] --START--
INFO: Run Behavior\ReadHtmlCacheBehavior [ RunTime:0.001046s ]
INFO: [ app_begin ] --END-- [ RunTime:0.001192s ]
SQL: SHOW COLUMNS FROM `zs_admin_config` [ RunTime:0.0084s ]
SQL: SELECT * FROM `zs_admin_config` WHERE `ac_aid` = 1 ORDER BY ac_id desc LIMIT 1   [ RunTime:0.0019s ]
INFO: [ view_parse ] --START--
INFO: [ template_filter ] --START--
INFO: Run Behavior\ContentReplaceBehavior [ RunTime:0.000035s ]
INFO: [ template_filter ] --END-- [ RunTime:0.000072s ]
INFO: Run Behavior\ParseTemplateBehavior [ RunTime:0.011697s ]
INFO: [ view_parse ] --END-- [ RunTime:0.011750s ]
INFO: [ view_filter ] --START--
INFO: Run Behavior\WriteHtmlCacheBehavior [ RunTime:0.000212s ]
INFO: [ view_filter ] --END-- [ RunTime:0.000233s ]
INFO: [ app_end ] --START--
INFO: Run Behavior\ShowPageTraceBehavior [ RunTime:0.000370s ]
INFO: [ app_end ] --END-- [ RunTime:0.000396s ]

[ 2018-10-30T09:21:01+08:00 ] 127.0.0.1 /index.php/Admin/index/right
INFO: [ app_init ] --START--
INFO: Run Behavior\BuildLiteBehavior [ RunTime:0.000013s ]
INFO: [ app_init ] --END-- [ RunTime:0.000615s ]
INFO: [ app_begin ] --START--
INFO: Run Behavior\ReadHtmlCacheBehavior [ RunTime:0.000588s ]
INFO: [ app_begin ] --END-- [ RunTime:0.000688s ]
SQL: SHOW COLUMNS FROM `zs_admin_config` [ RunTime:0.0090s ]
SQL: SELECT * FROM `zs_admin_config` WHERE `ac_aid` = 1 ORDER BY ac_id desc LIMIT 1   [ RunTime:0.0011s ]
INFO: [ view_parse ] --START--
INFO: [ template_filter ] --START--
INFO: Run Behavior\ContentReplaceBehavior [ RunTime:0.000059s ]
INFO: [ template_filter ] --END-- [ RunTime:0.000161s ]
INFO: Run Behavior\ParseTemplateBehavior [ RunTime:0.005060s ]
INFO: [ view_parse ] --END-- [ RunTime:0.005163s ]
INFO: [ view_filter ] --START--
INFO: Run Behavior\WriteHtmlCacheBehavior [ RunTime:0.000405s ]
INFO: [ view_filter ] --END-- [ RunTime:0.000439s ]
INFO: [ app_end ] --START--
INFO: Run Behavior\ShowPageTraceBehavior [ RunTime:0.000694s ]
INFO: [ app_end ] --END-- [ RunTime:0.000754s ]

[ 2018-10-30T09:21:03+08:00 ] 127.0.0.1 /index.php/Admin/PrimaryWork/left
INFO: [ app_init ] --START--
INFO: Run Behavior\BuildLiteBehavior [ RunTime:0.000009s ]
INFO: [ app_init ] --END-- [ RunTime:0.000251s ]
INFO: [ app_begin ] --START--
INFO: Run Behavior\ReadHtmlCacheBehavior [ RunTime:0.000314s ]
INFO: [ app_begin ] --END-- [ RunTime:0.000346s ]
SQL: SHOW COLUMNS FROM `zs_admin_config` [ RunTime:0.0091s ]
SQL: SELECT * FROM `zs_admin_config` WHERE `ac_aid` = 1 ORDER BY ac_id desc LIMIT 1   [ RunTime:0.0017s ]
INFO: [ view_parse ] --START--
INFO: [ template_filter ] --START--
INFO: Run Behavior\ContentReplaceBehavior [ RunTime:0.000044s ]
INFO: [ template_filter ] --END-- [ RunTime:0.000128s ]
INFO: Run Behavior\ParseTemplateBehavior [ RunTime:0.014050s ]
INFO: [ view_parse ] --END-- [ RunTime:0.014140s ]
INFO: [ view_filter ] --START--
INFO: Run Behavior\WriteHtmlCacheBehavior [ RunTime:0.000276s ]
INFO: [ view_filter ] --END-- [ RunTime:0.000335s ]
INFO: [ app_end ] --START--
INFO: Run Behavior\ShowPageTraceBehavior [ RunTime:0.000415s ]
INFO: [ app_end ] --END-- [ RunTime:0.000510s ]

[ 2018-10-30T09:21:04+08:00 ] 127.0.0.1 /index.php/Admin/PrimaryWork/primary_work_classify/p/1
INFO: [ app_init ] --START--
INFO: Run Behavior\BuildLiteBehavior [ RunTime:0.000015s ]
INFO: [ app_init ] --END-- [ RunTime:0.000487s ]
INFO: [ app_begin ] --START--
INFO: Run Behavior\ReadHtmlCacheBehavior [ RunTime:0.000551s ]
INFO: [ app_begin ] --END-- [ RunTime:0.000633s ]
SQL: SHOW COLUMNS FROM `zs_admin_config` [ RunTime:0.0125s ]
SQL: SELECT * FROM `zs_admin_config` WHERE `ac_aid` = 1 ORDER BY ac_id desc LIMIT 1   [ RunTime:0.0012s ]
SQL: SHOW COLUMNS FROM `zs_primary_work_classify` [ RunTime:0.0053s ]
SQL: SELECT * FROM `zs_primary_work_classify` ORDER BY pwc_sort desc LIMIT 0,10   [ RunTime:0.0014s ]
SQL: SELECT * FROM `zs_primary_work_classify`  [ RunTime:0.0012s ]
SQL: SHOW COLUMNS FROM `zs_nav` [ RunTime:0.0055s ]
SQL: SELECT * FROM `zs_nav` WHERE `nav_id` = 18 LIMIT 1   [ RunTime:0.0007s ]
SQL: SELECT * FROM `zs_nav` WHERE `nav_id` = 19 LIMIT 1   [ RunTime:0.0008s ]
SQL: SELECT * FROM `zs_nav` WHERE `nav_id` = 20 LIMIT 1   [ RunTime:0.0011s ]
SQL: SELECT * FROM `zs_nav` WHERE `nav_id` = 21 LIMIT 1   [ RunTime:0.0012s ]
INFO: [ view_parse ] --START--
INFO: [ template_filter ] --START--
INFO: Run Behavior\ContentReplaceBehavior [ RunTime:0.000053s ]
INFO: [ template_filter ] --END-- [ RunTime:0.000090s ]
INFO: Run Behavior\ParseTemplateBehavior [ RunTime:0.052966s ]
INFO: [ view_parse ] --END-- [ RunTime:0.053009s ]
INFO: [ view_filter ] --START--
INFO: Run Behavior\WriteHtmlCacheBehavior [ RunTime:0.000217s ]
INFO: [ view_filter ] --END-- [ RunTime:0.000247s ]
INFO: [ app_end ] --START--
INFO: Run Behavior\ShowPageTraceBehavior [ RunTime:0.000484s ]
INFO: [ app_end ] --END-- [ RunTime:0.000532s ]

[ 2018-10-30T09:21:06+08:00 ] 127.0.0.1 /index.php/Admin/PrimaryWork/primary_work/p/1
INFO: [ app_init ] --START--
INFO: Run Behavior\BuildLiteBehavior [ RunTime:0.000012s ]
INFO: [ app_init ] --END-- [ RunTime:0.000375s ]
INFO: [ app_begin ] --START--
INFO: Run Behavior\ReadHtmlCacheBehavior [ RunTime:0.000765s ]
INFO: [ app_begin ] --END-- [ RunTime:0.000812s ]
SQL: SHOW COLUMNS FROM `zs_admin_config` [ RunTime:0.0048s ]
SQL: SELECT * FROM `zs_admin_config` WHERE `ac_aid` = 1 ORDER BY ac_id desc LIMIT 1   [ RunTime:0.0008s ]
SQL: SHOW COLUMNS FROM `zs_primary_work` [ RunTime:0.0056s ]
SQL: SELECT * FROM `zs_primary_work` ORDER BY pw_sort desc LIMIT 0,10   [ RunTime:0.0010s ]
SQL: SHOW COLUMNS FROM `zs_primary_work_classify` [ RunTime:0.0047s ]
SQL: SELECT * FROM `zs_primary_work_classify` WHERE `pwc_id` = 1 LIMIT 1   [ RunTime:0.0008s ]
SQL: SELECT * FROM `zs_primary_work_classify` WHERE `pwc_id` = 2 LIMIT 1   [ RunTime:0.0007s ]
SQL: SELECT * FROM `zs_primary_work_classify` WHERE `pwc_id` = 2 LIMIT 1   [ RunTime:0.0007s ]
SQL: SELECT * FROM `zs_primary_work_classify` WHERE `pwc_id` = 2 LIMIT 1   [ RunTime:0.0007s ]
SQL: SELECT * FROM `zs_primary_work_classify` WHERE `pwc_id` = 1 LIMIT 1   [ RunTime:0.0008s ]
SQL: SELECT * FROM `zs_primary_work_classify` WHERE `pwc_id` = 3 LIMIT 1   [ RunTime:0.0008s ]
SQL: SELECT * FROM `zs_primary_work_classify` WHERE `pwc_id` = 3 LIMIT 1   [ RunTime:0.0007s ]
SQL: SELECT * FROM `zs_primary_work_classify` WHERE `pwc_id` = 4 LIMIT 1   [ RunTime:0.0007s ]
SQL: SELECT * FROM `zs_primary_work_classify` WHERE `pwc_id` = 4 LIMIT 1   [ RunTime:0.0008s ]
SQL: SELECT * FROM `zs_primary_work_classify` WHERE `pwc_id` = 1 LIMIT 1   [ RunTime:0.0007s ]
SQL: SELECT * FROM `zs_primary_work`  [ RunTime:0.0007s ]
INFO: [ view_parse ] --START--
INFO: [ template_filter ] --START--
INFO: Run Behavior\ContentReplaceBehavior [ RunTime:0.000072s ]
INFO: [ template_filter ] --END-- [ RunTime:0.000145s ]
INFO: Run Behavior\ParseTemplateBehavior [ RunTime:0.039883s ]
INFO: [ view_parse ] --END-- [ RunTime:0.039938s ]
INFO: [ view_filter ] --START--
INFO: Run Behavior\WriteHtmlCacheBehavior [ RunTime:0.000232s ]
INFO: [ view_filter ] --END-- [ RunTime:0.000265s ]
INFO: [ app_end ] --START--
INFO: Run Behavior\ShowPageTraceBehavior [ RunTime:0.000433s ]
INFO: [ app_end ] --END-- [ RunTime:0.000475s ]

[ 2018-10-30T09:21:22+08:00 ] 127.0.0.1 /index.php/Admin/PrimaryWork/primary_work/p/2
INFO: [ app_init ] --START--
INFO: Run Behavior\BuildLiteBehavior [ RunTime:0.000007s ]
INFO: [ app_init ] --END-- [ RunTime:0.000224s ]
INFO: [ app_begin ] --START--
INFO: Run Behavior\ReadHtmlCacheBehavior [ RunTime:0.000279s ]
INFO: [ app_begin ] --END-- [ RunTime:0.000308s ]
SQL: SHOW COLUMNS FROM `zs_admin_config` [ RunTime:0.0124s ]
SQL: SELECT * FROM `zs_admin_config` WHERE `ac_aid` = 1 ORDER BY ac_id desc LIMIT 1   [ RunTime:0.0011s ]
SQL: SHOW COLUMNS FROM `zs_primary_work` [ RunTime:0.0048s ]
SQL: SELECT * FROM `zs_primary_work` ORDER BY pw_sort desc LIMIT 10,10   [ RunTime:0.0012s ]
SQL: SHOW COLUMNS FROM `zs_primary_work_classify` [ RunTime:0.0048s ]
SQL: SELECT * FROM `zs_primary_work_classify` WHERE `pwc_id` = 1 LIMIT 1   [ RunTime:0.0011s ]
SQL: SELECT * FROM `zs_primary_work`  [ RunTime:0.0006s ]
INFO: [ view_parse ] --START--
INFO: [ template_filter ] --START--
INFO: Run Behavior\ContentReplaceBehavior [ RunTime:0.000043s ]
INFO: [ template_filter ] --END-- [ RunTime:0.000072s ]
INFO: Run Behavior\ParseTemplateBehavior [ RunTime:0.005163s ]
INFO: [ view_parse ] --END-- [ RunTime:0.005194s ]
INFO: [ view_filter ] --START--
INFO: Run Behavior\WriteHtmlCacheBehavior [ RunTime:0.000159s ]
INFO: [ view_filter ] --END-- [ RunTime:0.000181s ]
INFO: [ app_end ] --START--
INFO: Run Behavior\ShowPageTraceBehavior [ RunTime:0.000289s ]
INFO: [ app_end ] --END-- [ RunTime:0.000318s ]

[ 2018-10-30T09:21:24+08:00 ] 127.0.0.1 /index.php/Admin/PrimaryWork/primary_article/pw_id/11/p/1
INFO: [ app_init ] --START--
INFO: Run Behavior\BuildLiteBehavior [ RunTime:0.000012s ]
INFO: [ app_init ] --END-- [ RunTime:0.000249s ]
INFO: [ app_begin ] --START--
INFO: Run Behavior\ReadHtmlCacheBehavior [ RunTime:0.000287s ]
INFO: [ app_begin ] --END-- [ RunTime:0.000317s ]
SQL: SHOW COLUMNS FROM `zs_admin_config` [ RunTime:0.0119s ]
SQL: SELECT * FROM `zs_admin_config` WHERE `ac_aid` = 1 ORDER BY ac_id desc LIMIT 1   [ RunTime:0.0012s ]
SQL: SHOW COLUMNS FROM `zs_primary_article` [ RunTime:0.0047s ]
SQL: SELECT * FROM `zs_primary_article` WHERE `pw_id` = 11 ORDER BY pa_sort desc LIMIT 0,10   [ RunTime:0.0008s ]
SQL: SHOW COLUMNS FROM `zs_primary_work` [ RunTime:0.0047s ]
SQL: SELECT * FROM `zs_primary_article`  [ RunTime:0.0010s ]
INFO: [ view_parse ] --START--
INFO: [ template_filter ] --START--
INFO: Run Behavior\ContentReplaceBehavior [ RunTime:0.000041s ]
INFO: [ template_filter ] --END-- [ RunTime:0.000073s ]
INFO: Run Behavior\ParseTemplateBehavior [ RunTime:0.036784s ]
INFO: [ view_parse ] --END-- [ RunTime:0.036835s ]
INFO: [ view_filter ] --START--
INFO: Run Behavior\WriteHtmlCacheBehavior [ RunTime:0.000170s ]
INFO: [ view_filter ] --END-- [ RunTime:0.000192s ]
INFO: [ app_end ] --START--
INFO: Run Behavior\ShowPageTraceBehavior [ RunTime:0.000279s ]
INFO: [ app_end ] --END-- [ RunTime:0.000304s ]

[ 2018-10-30T09:36:45+08:00 ] 127.0.0.1 /index.php/Admin/PrimaryWork/primary_article_add/pw_id/11/p/1
INFO: [ app_init ] --START--
INFO: Run Behavior\BuildLiteBehavior [ RunTime:0.000007s ]
INFO: [ app_init ] --END-- [ RunTime:0.000352s ]
INFO: [ app_begin ] --START--
INFO: Run Behavior\ReadHtmlCacheBehavior [ RunTime:0.000325s ]
INFO: [ app_begin ] --END-- [ RunTime:0.000355s ]
SQL: SHOW COLUMNS FROM `zs_admin_config` [ RunTime:0.0133s ]
SQL: SELECT * FROM `zs_admin_config` WHERE `ac_aid` = 1 ORDER BY ac_id desc LIMIT 1   [ RunTime:0.0015s ]
INFO: [ view_parse ] --START--
INFO: [ template_filter ] --START--
INFO: Run Behavior\ContentReplaceBehavior [ RunTime:0.000064s ]
INFO: [ template_filter ] --END-- [ RunTime:0.000121s ]
INFO: Run Behavior\ParseTemplateBehavior [ RunTime:0.049141s ]
INFO: [ view_parse ] --END-- [ RunTime:0.049185s ]
INFO: [ view_filter ] --START--
INFO: Run Behavior\WriteHtmlCacheBehavior [ RunTime:0.000356s ]
INFO: [ view_filter ] --END-- [ RunTime:0.000397s ]
INFO: [ app_end ] --START--
INFO: Run Behavior\ShowPageTraceBehavior [ RunTime:0.000562s ]
INFO: [ app_end ] --END-- [ RunTime:0.000596s ]

[ 2018-10-30T09:36:48+08:00 ] 127.0.0.1 /index.php/Admin/PrimaryWork/primary_article_add/pw_id/11/p/1
INFO: [ app_init ] --START--
INFO: Run Behavior\BuildLiteBehavior [ RunTime:0.000008s ]
INFO: [ app_init ] --END-- [ RunTime:0.000295s ]
INFO: [ app_begin ] --START--
INFO: Run Behavior\ReadHtmlCacheBehavior [ RunTime:0.000414s ]
INFO: [ app_begin ] --END-- [ RunTime:0.000465s ]
SQL: SHOW COLUMNS FROM `zs_admin_config` [ RunTime:0.0119s ]
SQL: SELECT * FROM `zs_admin_config` WHERE `ac_aid` = 1 ORDER BY ac_id desc LIMIT 1   [ RunTime:0.0016s ]
SQL: SHOW COLUMNS FROM `zs_primary_article` [ RunTime:0.0053s ]
SQL: INSERT INTO `zs_primary_article` (`pa_content`,`pa_sort`,`pw_id`) VALUES ('y4wa5eusr6ydtkuylfiu','0','11') [ RunTime:0.0012s ]
INFO: [ view_parse ] --START--
INFO: [ template_filter ] --START--
INFO: Run Behavior\ContentReplaceBehavior [ RunTime:0.000045s ]
INFO: [ template_filter ] --END-- [ RunTime:0.000098s ]
INFO: Run Behavior\ParseTemplateBehavior [ RunTime:0.024302s ]
INFO: [ view_parse ] --END-- [ RunTime:0.024335s ]
INFO: [ view_filter ] --START--
INFO: Run Behavior\WriteHtmlCacheBehavior [ RunTime:0.000212s ]
INFO: [ view_filter ] --END-- [ RunTime:0.000234s ]

[ 2018-10-30T09:36:49+08:00 ] 127.0.0.1 /index.php/Admin/PrimaryWork/primary_article/pw_id/11/p/1.html
INFO: [ app_init ] --START--
INFO: Run Behavior\BuildLiteBehavior [ RunTime:0.000008s ]
INFO: [ app_init ] --END-- [ RunTime:0.000303s ]
INFO: [ app_begin ] --START--
INFO: Run Behavior\ReadHtmlCacheBehavior [ RunTime:0.000392s ]
INFO: [ app_begin ] --END-- [ RunTime:0.000421s ]
SQL: SHOW COLUMNS FROM `zs_admin_config` [ RunTime:0.0054s ]
SQL: SELECT * FROM `zs_admin_config` WHERE `ac_aid` = 1 ORDER BY ac_id desc LIMIT 1   [ RunTime:0.0014s ]
SQL: SHOW COLUMNS FROM `zs_primary_article` [ RunTime:0.0051s ]
SQL: SELECT * FROM `zs_primary_article` WHERE `pw_id` = 11 ORDER BY pa_sort desc LIMIT 0,10   [ RunTime:0.0010s ]
SQL: SHOW COLUMNS FROM `zs_primary_work` [ RunTime:0.0048s ]
SQL: SELECT * FROM `zs_primary_work` WHERE `pw_id` = 11 LIMIT 1   [ RunTime:0.0011s ]
SQL: SELECT * FROM `zs_primary_article`  [ RunTime:0.0009s ]
INFO: [ view_parse ] --START--
INFO: [ template_filter ] --START--
INFO: Run Behavior\ContentReplaceBehavior [ RunTime:0.000064s ]
INFO: [ template_filter ] --END-- [ RunTime:0.000112s ]
INFO: Run Behavior\ParseTemplateBehavior [ RunTime:0.007675s ]
INFO: [ view_parse ] --END-- [ RunTime:0.007710s ]
INFO: [ view_filter ] --START--
INFO: Run Behavior\WriteHtmlCacheBehavior [ RunTime:0.000165s ]
INFO: [ view_filter ] --END-- [ RunTime:0.000186s ]
INFO: [ app_end ] --START--
INFO: Run Behavior\ShowPageTraceBehavior [ RunTime:0.000399s ]
INFO: [ app_end ] --END-- [ RunTime:0.000428s ]

[ 2018-10-30T09:37:39+08:00 ] 127.0.0.1 /index.php/Admin/PrimaryWork/primary_work_classify/p/1
INFO: [ app_init ] --START--
INFO: Run Behavior\BuildLiteBehavior [ RunTime:0.000007s ]
INFO: [ app_init ] --END-- [ RunTime:0.000235s ]
INFO: [ app_begin ] --START--
INFO: Run Behavior\ReadHtmlCacheBehavior [ RunTime:0.000333s ]
INFO: [ app_begin ] --END-- [ RunTime:0.000362s ]
SQL: SHOW COLUMNS FROM `zs_admin_config` [ RunTime:0.0126s ]
SQL: SELECT * FROM `zs_admin_config` WHERE `ac_aid` = 1 ORDER BY ac_id desc LIMIT 1   [ RunTime:0.0013s ]
SQL: SHOW COLUMNS FROM `zs_primary_work_classify` [ RunTime:0.0050s ]
SQL: SELECT * FROM `zs_primary_work_classify` ORDER BY pwc_sort desc LIMIT 0,10   [ RunTime:0.0015s ]
SQL: SELECT * FROM `zs_primary_work_classify`  [ RunTime:0.0009s ]
SQL: SHOW COLUMNS FROM `zs_nav` [ RunTime:0.0055s ]
SQL: SELECT * FROM `zs_nav` WHERE `nav_id` = 18 LIMIT 1   [ RunTime:0.0014s ]
SQL: SELECT * FROM `zs_nav` WHERE `nav_id` = 19 LIMIT 1   [ RunTime:0.0010s ]
SQL: SELECT * FROM `zs_nav` WHERE `nav_id` = 20 LIMIT 1   [ RunTime:0.0010s ]
SQL: SELECT * FROM `zs_nav` WHERE `nav_id` = 21 LIMIT 1   [ RunTime:0.0008s ]
INFO: [ view_parse ] --START--
INFO: [ template_filter ] --START--
INFO: Run Behavior\ContentReplaceBehavior [ RunTime:0.000046s ]
INFO: [ template_filter ] --END-- [ RunTime:0.000097s ]
INFO: Run Behavior\ParseTemplateBehavior [ RunTime:0.005598s ]
INFO: [ view_parse ] --END-- [ RunTime:0.005634s ]
INFO: [ view_filter ] --START--
INFO: Run Behavior\WriteHtmlCacheBehavior [ RunTime:0.000160s ]
INFO: [ view_filter ] --END-- [ RunTime:0.000182s ]
INFO: [ app_end ] --START--
INFO: Run Behavior\ShowPageTraceBehavior [ RunTime:0.000290s ]
INFO: [ app_end ] --END-- [ RunTime:0.000315s ]

[ 2018-10-30T09:37:39+08:00 ] 127.0.0.1 /index.php/Admin/PrimaryWork/primary_work/p/1
INFO: [ app_init ] --START--
INFO: Run Behavior\BuildLiteBehavior [ RunTime:0.000011s ]
INFO: [ app_init ] --END-- [ RunTime:0.000344s ]
INFO: [ app_begin ] --START--
INFO: Run Behavior\ReadHtmlCacheBehavior [ RunTime:0.000300s ]
INFO: [ app_begin ] --END-- [ RunTime:0.000331s ]
SQL: SHOW COLUMNS FROM `zs_admin_config` [ RunTime:0.0121s ]
SQL: SELECT * FROM `zs_admin_config` WHERE `ac_aid` = 1 ORDER BY ac_id desc LIMIT 1   [ RunTime:0.0016s ]
SQL: SHOW COLUMNS FROM `zs_primary_work` [ RunTime:0.0058s ]
SQL: SELECT * FROM `zs_primary_work` ORDER BY pw_sort desc LIMIT 0,10   [ RunTime:0.0016s ]
SQL: SHOW COLUMNS FROM `zs_primary_work_classify` [ RunTime:0.0051s ]
SQL: SELECT * FROM `zs_primary_work_classify` WHERE `pwc_id` = 1 LIMIT 1   [ RunTime:0.0010s ]
SQL: SELECT * FROM `zs_primary_work_classify` WHERE `pwc_id` = 2 LIMIT 1   [ RunTime:0.0007s ]
SQL: SELECT * FROM `zs_primary_work_classify` WHERE `pwc_id` = 2 LIMIT 1   [ RunTime:0.0006s ]
SQL: SELECT * FROM `zs_primary_work_classify` WHERE `pwc_id` = 2 LIMIT 1   [ RunTime:0.0006s ]
SQL: SELECT * FROM `zs_primary_work_classify` WHERE `pwc_id` = 1 LIMIT 1   [ RunTime:0.0007s ]
SQL: SELECT * FROM `zs_primary_work_classify` WHERE `pwc_id` = 3 LIMIT 1   [ RunTime:0.0010s ]
SQL: SELECT * FROM `zs_primary_work_classify` WHERE `pwc_id` = 3 LIMIT 1   [ RunTime:0.0006s ]
SQL: SELECT * FROM `zs_primary_work_classify` WHERE `pwc_id` = 4 LIMIT 1   [ RunTime:0.0007s ]
SQL: SELECT * FROM `zs_primary_work_classify` WHERE `pwc_id` = 4 LIMIT 1   [ RunTime:0.0006s ]
SQL: SELECT * FROM `zs_primary_work_classify` WHERE `pwc_id` = 1 LIMIT 1   [ RunTime:0.0010s ]
SQL: SELECT * FROM `zs_primary_work`  [ RunTime:0.0007s ]
INFO: [ view_parse ] --START--
INFO: [ template_filter ] --START--
INFO: Run Behavior\ContentReplaceBehavior [ RunTime:0.000046s ]
INFO: [ template_filter ] --END-- [ RunTime:0.000089s ]
INFO: Run Behavior\ParseTemplateBehavior [ RunTime:0.005562s ]
INFO: [ view_parse ] --END-- [ RunTime:0.005608s ]
INFO: [ view_filter ] --START--
INFO: Run Behavior\WriteHtmlCacheBehavior [ RunTime:0.000162s ]
INFO: [ view_filter ] --END-- [ RunTime:0.000184s ]
INFO: [ app_end ] --START--
INFO: Run Behavior\ShowPageTraceBehavior [ RunTime:0.000512s ]
INFO: [ app_end ] --END-- [ RunTime:0.000537s ]

[ 2018-10-30T09:37:45+08:00 ] 127.0.0.1 /index.php/Admin/PrimaryWork/primary_article/pw_id/10/p/1
INFO: [ app_init ] --START--
INFO: Run Behavior\BuildLiteBehavior [ RunTime:0.000008s ]
INFO: [ app_init ] --END-- [ RunTime:0.000256s ]
INFO: [ app_begin ] --START--
INFO: Run Behavior\ReadHtmlCacheBehavior [ RunTime:0.000427s ]
INFO: [ app_begin ] --END-- [ RunTime:0.000457s ]
SQL: SHOW COLUMNS FROM `zs_admin_config` [ RunTime:0.0130s ]
SQL: SELECT * FROM `zs_admin_config` WHERE `ac_aid` = 1 ORDER BY ac_id desc LIMIT 1   [ RunTime:0.0012s ]
SQL: SHOW COLUMNS FROM `zs_primary_article` [ RunTime:0.0047s ]
SQL: SELECT * FROM `zs_primary_article` WHERE `pw_id` = 10 ORDER BY pa_sort desc LIMIT 0,10   [ RunTime:0.0010s ]
SQL: SHOW COLUMNS FROM `zs_primary_work` [ RunTime:0.0047s ]
SQL: SELECT * FROM `zs_primary_article`  [ RunTime:0.0009s ]
INFO: [ view_parse ] --START--
INFO: [ template_filter ] --START--
INFO: Run Behavior\ContentReplaceBehavior [ RunTime:0.000041s ]
INFO: [ template_filter ] --END-- [ RunTime:0.000070s ]
INFO: Run Behavior\ParseTemplateBehavior [ RunTime:0.010918s ]
INFO: [ view_parse ] --END-- [ RunTime:0.010975s ]
INFO: [ view_filter ] --START--
INFO: Run Behavior\WriteHtmlCacheBehavior [ RunTime:0.000230s ]
INFO: [ view_filter ] --END-- [ RunTime:0.000253s ]
INFO: [ app_end ] --START--
INFO: Run Behavior\ShowPageTraceBehavior [ RunTime:0.000401s ]
INFO: [ app_end ] --END-- [ RunTime:0.000426s ]

[ 2018-10-30T09:37:46+08:00 ] 127.0.0.1 /index.php/Admin/PrimaryWork/primary_article_add/pw_id/10/p/1
INFO: [ app_init ] --START--
INFO: Run Behavior\BuildLiteBehavior [ RunTime:0.000015s ]
INFO: [ app_init ] --END-- [ RunTime:0.000401s ]
INFO: [ app_begin ] --START--
INFO: Run Behavior\ReadHtmlCacheBehavior [ RunTime:0.000643s ]
INFO: [ app_begin ] --END-- [ RunTime:0.000696s ]
SQL: SHOW COLUMNS FROM `zs_admin_config` [ RunTime:0.0129s ]
SQL: SELECT * FROM `zs_admin_config` WHERE `ac_aid` = 1 ORDER BY ac_id desc LIMIT 1   [ RunTime:0.0014s ]
INFO: [ view_parse ] --START--
INFO: [ template_filter ] --START--
INFO: Run Behavior\ContentReplaceBehavior [ RunTime:0.000047s ]
INFO: [ template_filter ] --END-- [ RunTime:0.000092s ]
INFO: Run Behavior\ParseTemplateBehavior [ RunTime:0.004550s ]
INFO: [ view_parse ] --END-- [ RunTime:0.004583s ]
INFO: [ view_filter ] --START--
INFO: Run Behavior\WriteHtmlCacheBehavior [ RunTime:0.000166s ]
INFO: [ view_filter ] --END-- [ RunTime:0.000188s ]
INFO: [ app_end ] --START--
INFO: Run Behavior\ShowPageTraceBehavior [ RunTime:0.000296s ]
INFO: [ app_end ] --END-- [ RunTime:0.000322s ]

[ 2018-10-30T09:37:49+08:00 ] 127.0.0.1 /index.php/Admin/PrimaryWork/primary_article_add/pw_id/10/p/1
INFO: [ app_init ] --START--
INFO: Run Behavior\BuildLiteBehavior [ RunTime:0.000008s ]
INFO: [ app_init ] --END-- [ RunTime:0.000281s ]
INFO: [ app_begin ] --START--
INFO: Run Behavior\ReadHtmlCacheBehavior [ RunTime:0.000301s ]
INFO: [ app_begin ] --END-- [ RunTime:0.000328s ]
SQL: SHOW COLUMNS FROM `zs_admin_config` [ RunTime:0.0050s ]
SQL: SELECT * FROM `zs_admin_config` WHERE `ac_aid` = 1 ORDER BY ac_id desc LIMIT 1   [ RunTime:0.0012s ]
SQL: SHOW COLUMNS FROM `zs_primary_article` [ RunTime:0.0055s ]
SQL: INSERT INTO `zs_primary_article` (`pa_content`,`pa_sort`,`pw_id`) VALUES ('werezthrxyjyukhjlk','0','10') [ RunTime:0.0014s ]
INFO: [ view_parse ] --START--
INFO: [ template_filter ] --START--
INFO: Run Behavior\ContentReplaceBehavior [ RunTime:0.000024s ]
INFO: [ template_filter ] --END-- [ RunTime:0.000055s ]
INFO: Run Behavior\ParseTemplateBehavior [ RunTime:0.004841s ]
INFO: [ view_parse ] --END-- [ RunTime:0.004884s ]
INFO: [ view_filter ] --START--
INFO: Run Behavior\WriteHtmlCacheBehavior [ RunTime:0.000264s ]
INFO: [ view_filter ] --END-- [ RunTime:0.000304s ]

[ 2018-10-30T09:37:50+08:00 ] 127.0.0.1 /index.php/Admin/PrimaryWork/primary_article/pw_id/10/p/1.html
INFO: [ app_init ] --START--
INFO: Run Behavior\BuildLiteBehavior [ RunTime:0.000009s ]
INFO: [ app_init ] --END-- [ RunTime:0.000321s ]
INFO: [ app_begin ] --START--
INFO: Run Behavior\ReadHtmlCacheBehavior [ RunTime:0.000429s ]
INFO: [ app_begin ] --END-- [ RunTime:0.000467s ]
SQL: SHOW COLUMNS FROM `zs_admin_config` [ RunTime:0.0127s ]
SQL: SELECT * FROM `zs_admin_config` WHERE `ac_aid` = 1 ORDER BY ac_id desc LIMIT 1   [ RunTime:0.0012s ]
SQL: SHOW COLUMNS FROM `zs_primary_article` [ RunTime:0.0069s ]
SQL: SELECT * FROM `zs_primary_article` WHERE `pw_id` = 10 ORDER BY pa_sort desc LIMIT 0,10   [ RunTime:0.0010s ]
SQL: SHOW COLUMNS FROM `zs_primary_work` [ RunTime:0.0064s ]
SQL: SELECT * FROM `zs_primary_work` WHERE `pw_id` = 10 LIMIT 1   [ RunTime:0.0012s ]
SQL: SELECT * FROM `zs_primary_article`  [ RunTime:0.0010s ]
INFO: [ view_parse ] --START--
INFO: [ template_filter ] --START--
INFO: Run Behavior\ContentReplaceBehavior [ RunTime:0.000069s ]
INFO: [ template_filter ] --END-- [ RunTime:0.000122s ]
INFO: Run Behavior\ParseTemplateBehavior [ RunTime:0.009525s ]
INFO: [ view_parse ] --END-- [ RunTime:0.009586s ]
INFO: [ view_filter ] --START--
INFO: Run Behavior\WriteHtmlCacheBehavior [ RunTime:0.000168s ]
INFO: [ view_filter ] --END-- [ RunTime:0.000189s ]
INFO: [ app_end ] --START--
INFO: Run Behavior\ShowPageTraceBehavior [ RunTime:0.000297s ]
INFO: [ app_end ] --END-- [ RunTime:0.000323s ]

