[ 2018-10-16T14:28:22+08:00 ] 127.0.0.1 /index.php/NewsNewsInformation/news_article/nc_id/1/p/1.html
INFO: [ app_init ] --START--
INFO: Run Behavior\BuildLiteBehavior [ RunTime:0.000026s ]
INFO: [ app_init ] --END-- [ RunTime:0.000326s ]
ERR: 无法加载模块:NewsNewsInformation

[ 2018-10-16T14:32:14+08:00 ] 127.0.0.1 /index.php/NewsNewsInformation/news_article/nc_id/1/p/1.html
INFO: [ app_init ] --START--
INFO: Run Behavior\BuildLiteBehavior [ RunTime:0.000008s ]
INFO: [ app_init ] --END-- [ RunTime:0.000252s ]
ERR: 无法加载模块:NewsNewsInformation

[ 2018-10-16T14:37:15+08:00 ] 127.0.0.1 /index.php/NewsNewsInformation/news_article/nc_id/1/p/1.html
INFO: [ app_init ] --START--
INFO: Run Behavior\BuildLiteBehavior [ RunTime:0.000010s ]
INFO: [ app_init ] --END-- [ RunTime:0.007202s ]
ERR: 无法加载模块:NewsNewsInformation

[ 2018-10-16T14:38:22+08:00 ] 127.0.0.1 /index.php/NewsInformation/news_article/nc_id/1/p/1.html
INFO: [ app_init ] --START--
INFO: Run Behavior\BuildLiteBehavior [ RunTime:0.000008s ]
INFO: [ app_init ] --END-- [ RunTime:0.000259s ]
ERR: 无法加载模块:NewsInformation

[ 2018-10-16T14:38:59+08:00 ] 127.0.0.1 /index.php/NewsInformation/news_article/nc_id/1/p/1.html
INFO: [ app_init ] --START--
INFO: Run Behavior\BuildLiteBehavior [ RunTime:0.000007s ]
INFO: [ app_init ] --END-- [ RunTime:0.000229s ]
ERR: 无法加载模块:NewsInformation

