[ 2018-10-23T13:31:47+08:00 ] 127.0.0.1 /index.php/index.php/Home/Index/recruit1/jid/1.html
INFO: [ app_init ] --START--
INFO: Run Behavior\BuildLiteBehavior [ RunTime:0.000010s ]
INFO: [ app_init ] --END-- [ RunTime:0.000270s ]
ERR: 无法加载模块:Index.php

[ 2018-10-23T13:33:33+08:00 ] 127.0.0.1 /index.php/index.php/Home/Index/recruit1/jid/1.html
INFO: [ app_init ] --START--
INFO: Run Behavior\BuildLiteBehavior [ RunTime:0.000009s ]
INFO: [ app_init ] --END-- [ RunTime:0.000327s ]
ERR: 无法加载模块:Index.php

[ 2018-10-23T13:33:34+08:00 ] 127.0.0.1 /index.php/index.php/Home/Index/recruit1/jid/1.html
INFO: [ app_init ] --START--
INFO: Run Behavior\BuildLiteBehavior [ RunTime:0.000009s ]
INFO: [ app_init ] --END-- [ RunTime:0.000405s ]
ERR: 无法加载模块:Index.php

[ 2018-10-23T13:33:38+08:00 ] 127.0.0.1 /index.php/index.php/Home/Index/recruit1/jid/1.html
INFO: [ app_init ] --START--
INFO: Run Behavior\BuildLiteBehavior [ RunTime:0.000008s ]
INFO: [ app_init ] --END-- [ RunTime:0.000246s ]
ERR: 无法加载模块:Index.php

[ 2018-10-23T13:33:39+08:00 ] 127.0.0.1 /index.php/index.php/Home/Index/recruit1/jid/1.html
INFO: [ app_init ] --START--
INFO: Run Behavior\BuildLiteBehavior [ RunTime:0.000012s ]
INFO: [ app_init ] --END-- [ RunTime:0.000364s ]
ERR: 无法加载模块:Index.php

[ 2018-10-23T13:33:57+08:00 ] 127.0.0.1 /index.php/index.php/Home/Index/index
INFO: [ app_init ] --START--
INFO: Run Behavior\BuildLiteBehavior [ RunTime:0.000007s ]
INFO: [ app_init ] --END-- [ RunTime:0.000239s ]
ERR: 无法加载模块:Index.php

